[0.496s] Invoking command in '/home/chathura/Documents/Git Projects/Robotics-and-Automation-Labs/lab1/src/broadcaster_listener': PYTHONPATH=/home/chathura/Documents/Git Projects/Robotics-and-Automation-Labs/lab1/build/broadcaster_listener/prefix_override:/home/chathura/Documents/Git Projects/Robotics-and-Automation-Labs/lab1/install/broadcaster_listener/lib/python3.10/site-packages:${PYTHONPATH} /usr/bin/python3 setup.py egg_info --egg-base ../../build/broadcaster_listener build --build-base /home/chathura/Documents/Git Projects/Robotics-and-Automation-Labs/lab1/build/broadcaster_listener/build install --record /home/chathura/Documents/Git Projects/Robotics-and-Automation-Labs/lab1/build/broadcaster_listener/install.log --single-version-externally-managed
[0.663s] running egg_info
[0.664s] writing ../../build/broadcaster_listener/broadcaster_listener.egg-info/PKG-INFO
[0.664s] writing dependency_links to ../../build/broadcaster_listener/broadcaster_listener.egg-info/dependency_links.txt
[0.664s] writing entry points to ../../build/broadcaster_listener/broadcaster_listener.egg-info/entry_points.txt
[0.664s] writing requirements to ../../build/broadcaster_listener/broadcaster_listener.egg-info/requires.txt
[0.664s] writing top-level names to ../../build/broadcaster_listener/broadcaster_listener.egg-info/top_level.txt
[0.665s] reading manifest file '../../build/broadcaster_listener/broadcaster_listener.egg-info/SOURCES.txt'
[0.666s] adding license file 'LICENSE'
[0.666s] writing manifest file '../../build/broadcaster_listener/broadcaster_listener.egg-info/SOURCES.txt'
[0.666s] running build
[0.666s] running build_py
[0.666s] copying broadcaster_listener/fixed_frame_tf2_broadcaster.py -> /home/chathura/Documents/Git Projects/Robotics-and-Automation-Labs/lab1/build/broadcaster_listener/build/lib/broadcaster_listener
[0.667s] running install
[0.667s] /usr/lib/python3/dist-packages/setuptools/command/install.py:34: SetuptoolsDeprecationWarning: setup.py install is deprecated. Use build and pip and other standards-based tools.
[0.667s]   warnings.warn(
[0.667s] running install_lib
[0.667s] copying /home/chathura/Documents/Git Projects/Robotics-and-Automation-Labs/lab1/build/broadcaster_listener/build/lib/broadcaster_listener/fixed_frame_tf2_broadcaster.py -> /home/chathura/Documents/Git Projects/Robotics-and-Automation-Labs/lab1/install/broadcaster_listener/lib/python3.10/site-packages/broadcaster_listener
[0.668s] byte-compiling /home/chathura/Documents/Git Projects/Robotics-and-Automation-Labs/lab1/install/broadcaster_listener/lib/python3.10/site-packages/broadcaster_listener/fixed_frame_tf2_broadcaster.py to fixed_frame_tf2_broadcaster.cpython-310.pyc
[0.668s] running install_data
[0.669s] copying launch/turtle_tf2_fixed_frame_demo.launch.py -> /home/chathura/Documents/Git Projects/Robotics-and-Automation-Labs/lab1/install/broadcaster_listener/share/broadcaster_listener/launch
[0.669s] running install_egg_info
[0.670s] removing '/home/chathura/Documents/Git Projects/Robotics-and-Automation-Labs/lab1/install/broadcaster_listener/lib/python3.10/site-packages/broadcaster_listener-0.0.0-py3.10.egg-info' (and everything under it)
[0.670s] Copying ../../build/broadcaster_listener/broadcaster_listener.egg-info to /home/chathura/Documents/Git Projects/Robotics-and-Automation-Labs/lab1/install/broadcaster_listener/lib/python3.10/site-packages/broadcaster_listener-0.0.0-py3.10.egg-info
[0.671s] running install_scripts
[0.685s] Installing dynamic_frame_tf2_broadcaster script to /home/chathura/Documents/Git Projects/Robotics-and-Automation-Labs/lab1/install/broadcaster_listener/lib/broadcaster_listener
[0.685s] Installing fixed_frame_tf2_broadcaster script to /home/chathura/Documents/Git Projects/Robotics-and-Automation-Labs/lab1/install/broadcaster_listener/lib/broadcaster_listener
[0.685s] Installing turtle_tf2_broadcaster script to /home/chathura/Documents/Git Projects/Robotics-and-Automation-Labs/lab1/install/broadcaster_listener/lib/broadcaster_listener
[0.685s] Installing turtle_tf2_listener script to /home/chathura/Documents/Git Projects/Robotics-and-Automation-Labs/lab1/install/broadcaster_listener/lib/broadcaster_listener
[0.685s] writing list of installed files to '/home/chathura/Documents/Git Projects/Robotics-and-Automation-Labs/lab1/build/broadcaster_listener/install.log'
[0.701s] Invoked command in '/home/chathura/Documents/Git Projects/Robotics-and-Automation-Labs/lab1/src/broadcaster_listener' returned '0': PYTHONPATH=/home/chathura/Documents/Git Projects/Robotics-and-Automation-Labs/lab1/build/broadcaster_listener/prefix_override:/home/chathura/Documents/Git Projects/Robotics-and-Automation-Labs/lab1/install/broadcaster_listener/lib/python3.10/site-packages:${PYTHONPATH} /usr/bin/python3 setup.py egg_info --egg-base ../../build/broadcaster_listener build --build-base /home/chathura/Documents/Git Projects/Robotics-and-Automation-Labs/lab1/build/broadcaster_listener/build install --record /home/chathura/Documents/Git Projects/Robotics-and-Automation-Labs/lab1/build/broadcaster_listener/install.log --single-version-externally-managed
