[0.574s] Invoking command in '/home/chathura/Documents/git-projects/Robotics-and-Automation-Labs/lab5/src/moveit2/moveit_configs_utils': AMENT_PREFIX_PATH=/home/chathura/Documents/git-projects/Robotics-and-Automation-Labs/lab5/install/srdfdom:/home/chathura/Documents/git-projects/Robotics-and-Automation-Labs/lab5/install/launch_param_builder:${AMENT_PREFIX_PATH} CMAKE_PREFIX_PATH=/home/chathura/Documents/git-projects/Robotics-and-Automation-Labs/lab5/install/srdfdom LD_LIBRARY_PATH=/home/chathura/Documents/git-projects/Robotics-and-Automation-Labs/lab5/install/srdfdom/lib:${LD_LIBRARY_PATH} PYTHONPATH=/home/chathura/Documents/git-projects/Robotics-and-Automation-Labs/lab5/build/moveit_configs_utils/prefix_override:/home/chathura/Documents/git-projects/Robotics-and-Automation-Labs/lab5/install/moveit_configs_utils/lib/python3.10/site-packages:/home/chathura/Documents/git-projects/Robotics-and-Automation-Labs/lab5/install/srdfdom/local/lib/python3.10/dist-packages:/home/chathura/Documents/git-projects/Robotics-and-Automation-Labs/lab5/install/launch_param_builder/lib/python3.10/site-packages:${PYTHONPATH} /usr/bin/python3 setup.py egg_info --egg-base ../../../build/moveit_configs_utils build --build-base /home/chathura/Documents/git-projects/Robotics-and-Automation-Labs/lab5/build/moveit_configs_utils/build install --record /home/chathura/Documents/git-projects/Robotics-and-Automation-Labs/lab5/build/moveit_configs_utils/install.log --single-version-externally-managed
[0.754s] running egg_info
[0.755s] creating ../../../build/moveit_configs_utils/moveit_configs_utils.egg-info
[0.755s] writing ../../../build/moveit_configs_utils/moveit_configs_utils.egg-info/PKG-INFO
[0.755s] writing dependency_links to ../../../build/moveit_configs_utils/moveit_configs_utils.egg-info/dependency_links.txt
[0.755s] writing entry points to ../../../build/moveit_configs_utils/moveit_configs_utils.egg-info/entry_points.txt
[0.755s] writing requirements to ../../../build/moveit_configs_utils/moveit_configs_utils.egg-info/requires.txt
[0.755s] writing top-level names to ../../../build/moveit_configs_utils/moveit_configs_utils.egg-info/top_level.txt
[0.755s] writing manifest file '../../../build/moveit_configs_utils/moveit_configs_utils.egg-info/SOURCES.txt'
[0.756s] reading manifest file '../../../build/moveit_configs_utils/moveit_configs_utils.egg-info/SOURCES.txt'
[0.757s] writing manifest file '../../../build/moveit_configs_utils/moveit_configs_utils.egg-info/SOURCES.txt'
[0.757s] running build
[0.757s] running build_py
[0.757s] creating /home/chathura/Documents/git-projects/Robotics-and-Automation-Labs/lab5/build/moveit_configs_utils/build
[0.758s] creating /home/chathura/Documents/git-projects/Robotics-and-Automation-Labs/lab5/build/moveit_configs_utils/build/lib
[0.758s] creating /home/chathura/Documents/git-projects/Robotics-and-Automation-Labs/lab5/build/moveit_configs_utils/build/lib/moveit_configs_utils
[0.758s] copying moveit_configs_utils/launches.py -> /home/chathura/Documents/git-projects/Robotics-and-Automation-Labs/lab5/build/moveit_configs_utils/build/lib/moveit_configs_utils
[0.768s] copying moveit_configs_utils/launch_utils.py -> /home/chathura/Documents/git-projects/Robotics-and-Automation-Labs/lab5/build/moveit_configs_utils/build/lib/moveit_configs_utils
[0.769s] copying moveit_configs_utils/moveit_configs_builder.py -> /home/chathura/Documents/git-projects/Robotics-and-Automation-Labs/lab5/build/moveit_configs_utils/build/lib/moveit_configs_utils
[0.769s] copying moveit_configs_utils/__init__.py -> /home/chathura/Documents/git-projects/Robotics-and-Automation-Labs/lab5/build/moveit_configs_utils/build/lib/moveit_configs_utils
[0.770s] creating /home/chathura/Documents/git-projects/Robotics-and-Automation-Labs/lab5/build/moveit_configs_utils/build/lib/moveit_configs_utils/substitutions
[0.770s] copying moveit_configs_utils/substitutions/__init__.py -> /home/chathura/Documents/git-projects/Robotics-and-Automation-Labs/lab5/build/moveit_configs_utils/build/lib/moveit_configs_utils/substitutions
[0.770s] copying moveit_configs_utils/substitutions/xacro.py -> /home/chathura/Documents/git-projects/Robotics-and-Automation-Labs/lab5/build/moveit_configs_utils/build/lib/moveit_configs_utils/substitutions
[0.770s] running install
[0.770s] /usr/lib/python3/dist-packages/setuptools/command/install.py:34: SetuptoolsDeprecationWarning: setup.py install is deprecated. Use build and pip and other standards-based tools.
[0.770s]   warnings.warn(
[0.770s] running install_lib
[0.771s] creating /home/chathura/Documents/git-projects/Robotics-and-Automation-Labs/lab5/install/moveit_configs_utils/lib/python3.10/site-packages/moveit_configs_utils
[0.771s] copying /home/chathura/Documents/git-projects/Robotics-and-Automation-Labs/lab5/build/moveit_configs_utils/build/lib/moveit_configs_utils/launches.py -> /home/chathura/Documents/git-projects/Robotics-and-Automation-Labs/lab5/install/moveit_configs_utils/lib/python3.10/site-packages/moveit_configs_utils
[0.771s] copying /home/chathura/Documents/git-projects/Robotics-and-Automation-Labs/lab5/build/moveit_configs_utils/build/lib/moveit_configs_utils/launch_utils.py -> /home/chathura/Documents/git-projects/Robotics-and-Automation-Labs/lab5/install/moveit_configs_utils/lib/python3.10/site-packages/moveit_configs_utils
[0.771s] copying /home/chathura/Documents/git-projects/Robotics-and-Automation-Labs/lab5/build/moveit_configs_utils/build/lib/moveit_configs_utils/moveit_configs_builder.py -> /home/chathura/Documents/git-projects/Robotics-and-Automation-Labs/lab5/install/moveit_configs_utils/lib/python3.10/site-packages/moveit_configs_utils
[0.771s] copying /home/chathura/Documents/git-projects/Robotics-and-Automation-Labs/lab5/build/moveit_configs_utils/build/lib/moveit_configs_utils/__init__.py -> /home/chathura/Documents/git-projects/Robotics-and-Automation-Labs/lab5/install/moveit_configs_utils/lib/python3.10/site-packages/moveit_configs_utils
[0.772s] creating /home/chathura/Documents/git-projects/Robotics-and-Automation-Labs/lab5/install/moveit_configs_utils/lib/python3.10/site-packages/moveit_configs_utils/substitutions
[0.772s] copying /home/chathura/Documents/git-projects/Robotics-and-Automation-Labs/lab5/build/moveit_configs_utils/build/lib/moveit_configs_utils/substitutions/__init__.py -> /home/chathura/Documents/git-projects/Robotics-and-Automation-Labs/lab5/install/moveit_configs_utils/lib/python3.10/site-packages/moveit_configs_utils/substitutions
[0.772s] copying /home/chathura/Documents/git-projects/Robotics-and-Automation-Labs/lab5/build/moveit_configs_utils/build/lib/moveit_configs_utils/substitutions/xacro.py -> /home/chathura/Documents/git-projects/Robotics-and-Automation-Labs/lab5/install/moveit_configs_utils/lib/python3.10/site-packages/moveit_configs_utils/substitutions
[0.772s] byte-compiling /home/chathura/Documents/git-projects/Robotics-and-Automation-Labs/lab5/install/moveit_configs_utils/lib/python3.10/site-packages/moveit_configs_utils/launches.py to launches.cpython-310.pyc
[0.773s] byte-compiling /home/chathura/Documents/git-projects/Robotics-and-Automation-Labs/lab5/install/moveit_configs_utils/lib/python3.10/site-packages/moveit_configs_utils/launch_utils.py to launch_utils.cpython-310.pyc
[0.774s] byte-compiling /home/chathura/Documents/git-projects/Robotics-and-Automation-Labs/lab5/install/moveit_configs_utils/lib/python3.10/site-packages/moveit_configs_utils/moveit_configs_builder.py to moveit_configs_builder.cpython-310.pyc
[0.775s] byte-compiling /home/chathura/Documents/git-projects/Robotics-and-Automation-Labs/lab5/install/moveit_configs_utils/lib/python3.10/site-packages/moveit_configs_utils/__init__.py to __init__.cpython-310.pyc
[0.775s] byte-compiling /home/chathura/Documents/git-projects/Robotics-and-Automation-Labs/lab5/install/moveit_configs_utils/lib/python3.10/site-packages/moveit_configs_utils/substitutions/__init__.py to __init__.cpython-310.pyc
[0.775s] byte-compiling /home/chathura/Documents/git-projects/Robotics-and-Automation-Labs/lab5/install/moveit_configs_utils/lib/python3.10/site-packages/moveit_configs_utils/substitutions/xacro.py to xacro.cpython-310.pyc
[0.776s] running install_data
[0.776s] creating /home/chathura/Documents/git-projects/Robotics-and-Automation-Labs/lab5/install/moveit_configs_utils/share/ament_index
[0.776s] creating /home/chathura/Documents/git-projects/Robotics-and-Automation-Labs/lab5/install/moveit_configs_utils/share/ament_index/resource_index
[0.776s] creating /home/chathura/Documents/git-projects/Robotics-and-Automation-Labs/lab5/install/moveit_configs_utils/share/ament_index/resource_index/packages
[0.776s] copying resource/moveit_configs_utils -> /home/chathura/Documents/git-projects/Robotics-and-Automation-Labs/lab5/install/moveit_configs_utils/share/ament_index/resource_index/packages
[0.776s] copying package.xml -> /home/chathura/Documents/git-projects/Robotics-and-Automation-Labs/lab5/install/moveit_configs_utils/share/moveit_configs_utils
[0.776s] creating /home/chathura/Documents/git-projects/Robotics-and-Automation-Labs/lab5/install/moveit_configs_utils/share/moveit_configs_utils/default_configs
[0.776s] copying default_configs/ompl_planning.yaml -> /home/chathura/Documents/git-projects/Robotics-and-Automation-Labs/lab5/install/moveit_configs_utils/share/moveit_configs_utils/default_configs
[0.777s] copying default_configs/pilz_industrial_motion_planner_planning.yaml -> /home/chathura/Documents/git-projects/Robotics-and-Automation-Labs/lab5/install/moveit_configs_utils/share/moveit_configs_utils/default_configs
[0.777s] copying default_configs/ompl_defaults.yaml -> /home/chathura/Documents/git-projects/Robotics-and-Automation-Labs/lab5/install/moveit_configs_utils/share/moveit_configs_utils/default_configs
[0.777s] copying default_configs/chomp_planning.yaml -> /home/chathura/Documents/git-projects/Robotics-and-Automation-Labs/lab5/install/moveit_configs_utils/share/moveit_configs_utils/default_configs
[0.777s] running install_egg_info
[0.778s] Copying ../../../build/moveit_configs_utils/moveit_configs_utils.egg-info to /home/chathura/Documents/git-projects/Robotics-and-Automation-Labs/lab5/install/moveit_configs_utils/lib/python3.10/site-packages/moveit_configs_utils-2.5.5-py3.10.egg-info
[0.779s] running install_scripts
[0.793s] writing list of installed files to '/home/chathura/Documents/git-projects/Robotics-and-Automation-Labs/lab5/build/moveit_configs_utils/install.log'
[0.808s] Invoked command in '/home/chathura/Documents/git-projects/Robotics-and-Automation-Labs/lab5/src/moveit2/moveit_configs_utils' returned '0': AMENT_PREFIX_PATH=/home/chathura/Documents/git-projects/Robotics-and-Automation-Labs/lab5/install/srdfdom:/home/chathura/Documents/git-projects/Robotics-and-Automation-Labs/lab5/install/launch_param_builder:${AMENT_PREFIX_PATH} CMAKE_PREFIX_PATH=/home/chathura/Documents/git-projects/Robotics-and-Automation-Labs/lab5/install/srdfdom LD_LIBRARY_PATH=/home/chathura/Documents/git-projects/Robotics-and-Automation-Labs/lab5/install/srdfdom/lib:${LD_LIBRARY_PATH} PYTHONPATH=/home/chathura/Documents/git-projects/Robotics-and-Automation-Labs/lab5/build/moveit_configs_utils/prefix_override:/home/chathura/Documents/git-projects/Robotics-and-Automation-Labs/lab5/install/moveit_configs_utils/lib/python3.10/site-packages:/home/chathura/Documents/git-projects/Robotics-and-Automation-Labs/lab5/install/srdfdom/local/lib/python3.10/dist-packages:/home/chathura/Documents/git-projects/Robotics-and-Automation-Labs/lab5/install/launch_param_builder/lib/python3.10/site-packages:${PYTHONPATH} /usr/bin/python3 setup.py egg_info --egg-base ../../../build/moveit_configs_utils build --build-base /home/chathura/Documents/git-projects/Robotics-and-Automation-Labs/lab5/build/moveit_configs_utils/build install --record /home/chathura/Documents/git-projects/Robotics-and-Automation-Labs/lab5/build/moveit_configs_utils/install.log --single-version-externally-managed
