[0.891s] Invoking command in '/home/tharusha/Documents/Robotics/lab08/tiago_public_ws/build/play_motion2_msgs': CMAKE_PREFIX_PATH=${CMAKE_PREFIX_PATH}:/home/tharusha/robotics/install/launch_param_builder:/home/tharusha/robotics/install/broadcaster_listener:/home/tharusha/lab05/install/moveit_configs_utils:/home/tharusha/lab05/install/launch_param_builder:/opt/ros/humble /usr/bin/cmake /home/tharusha/Documents/Robotics/lab08/tiago_public_ws/src/play_motion2/play_motion2_msgs -DAMENT_CMAKE_SYMLINK_INSTALL=1 -DCMAKE_INSTALL_PREFIX=/home/tharusha/Documents/Robotics/lab08/tiago_public_ws/install/play_motion2_msgs
[1.244s] -- The C compiler identification is GNU 11.4.0
[1.534s] -- The CXX compiler identification is GNU 11.4.0
[1.566s] -- Detecting C compiler ABI info
[1.946s] -- Detecting C compiler ABI info - done
[1.973s] -- Check for working C compiler: /usr/bin/cc - skipped
[1.975s] -- Detecting C compile features
[1.975s] -- Detecting C compile features - done
[1.990s] -- Detecting CXX compiler ABI info
[2.404s] -- Detecting CXX compiler ABI info - done
[2.443s] -- Check for working CXX compiler: /usr/bin/c++ - skipped
[2.443s] -- Detecting CXX compile features
[2.443s] -- Detecting CXX compile features - done
[2.482s] -- Found ament_cmake: 1.3.8 (/opt/ros/humble/share/ament_cmake/cmake)
[3.258s] -- Found Python3: /usr/bin/python3 (found version "3.10.12") found components: Interpreter 
[3.508s] -- Override CMake install command with custom implementation using symlinks instead of copying resources
[4.012s] -- Found builtin_interfaces: 1.2.1 (/opt/ros/humble/share/builtin_interfaces/cmake)
[4.430s] -- Found rosidl_generator_c: 3.1.5 (/opt/ros/humble/share/rosidl_generator_c/cmake)
[4.511s] -- Found rosidl_adapter: 3.1.5 (/opt/ros/humble/share/rosidl_adapter/cmake)
[4.603s] -- Found rosidl_generator_cpp: 3.1.5 (/opt/ros/humble/share/rosidl_generator_cpp/cmake)
[4.722s] -- Using all available rosidl_typesupport_c: rosidl_typesupport_fastrtps_c;rosidl_typesupport_introspection_c
[4.890s] -- Using all available rosidl_typesupport_cpp: rosidl_typesupport_fastrtps_cpp;rosidl_typesupport_introspection_cpp
[5.078s] -- Found rosidl_default_generators: 1.2.0 (/opt/ros/humble/share/rosidl_default_generators/cmake)
[6.563s] -- Found ament_cmake_cppcheck: 0.12.10 (/opt/ros/humble/share/ament_cmake_cppcheck/cmake)
[6.598s] -- Found ament_cmake_cpplint: 0.12.10 (/opt/ros/humble/share/ament_cmake_cpplint/cmake)
[6.633s] -- Found ament_cmake_uncrustify: 0.12.10 (/opt/ros/humble/share/ament_cmake_uncrustify/cmake)
[6.675s] -- Found ament_cmake_ros: 0.10.0 (/opt/ros/humble/share/ament_cmake_ros/cmake)
[7.931s] -- Using all available rosidl_typesupport_c: rosidl_typesupport_fastrtps_c;rosidl_typesupport_introspection_c
[8.336s] -- Using all available rosidl_typesupport_cpp: rosidl_typesupport_fastrtps_cpp;rosidl_typesupport_introspection_cpp
[8.411s] -- Found PythonInterp: /usr/bin/python3 (found suitable version "3.10.12", minimum required is "3.6") 
[8.437s] -- Found python_cmake_module: 0.10.0 (/opt/ros/humble/share/python_cmake_module/cmake)
[8.525s] -- Found PythonLibs: /usr/lib/x86_64-linux-gnu/libpython3.10.so (found suitable version "3.10.12", minimum required is "3.5") 
[8.525s] -- Using PYTHON_EXECUTABLE: /usr/bin/python3
[8.525s] -- Using PYTHON_INCLUDE_DIRS: /usr/include/python3.10
[8.526s] -- Using PYTHON_LIBRARIES: /usr/lib/x86_64-linux-gnu/libpython3.10.so
[8.588s] -- Found PythonExtra: .so  
[8.804s] -- Found ament_cmake_flake8: 0.12.10 (/opt/ros/humble/share/ament_cmake_flake8/cmake)
[8.827s] -- Found ament_cmake_pep257: 0.12.10 (/opt/ros/humble/share/ament_cmake_pep257/cmake)
[8.858s] -- Configuring done
[8.953s] -- Generating done
[8.960s] -- Build files have been written to: /home/tharusha/Documents/Robotics/lab08/tiago_public_ws/build/play_motion2_msgs
[8.983s] Invoked command in '/home/tharusha/Documents/Robotics/lab08/tiago_public_ws/build/play_motion2_msgs' returned '0': CMAKE_PREFIX_PATH=${CMAKE_PREFIX_PATH}:/home/tharusha/robotics/install/launch_param_builder:/home/tharusha/robotics/install/broadcaster_listener:/home/tharusha/lab05/install/moveit_configs_utils:/home/tharusha/lab05/install/launch_param_builder:/opt/ros/humble /usr/bin/cmake /home/tharusha/Documents/Robotics/lab08/tiago_public_ws/src/play_motion2/play_motion2_msgs -DAMENT_CMAKE_SYMLINK_INSTALL=1 -DCMAKE_INSTALL_PREFIX=/home/tharusha/Documents/Robotics/lab08/tiago_public_ws/install/play_motion2_msgs
[8.985s] Invoking command in '/home/tharusha/Documents/Robotics/lab08/tiago_public_ws/build/play_motion2_msgs': CMAKE_PREFIX_PATH=${CMAKE_PREFIX_PATH}:/home/tharusha/robotics/install/launch_param_builder:/home/tharusha/robotics/install/broadcaster_listener:/home/tharusha/lab05/install/moveit_configs_utils:/home/tharusha/lab05/install/launch_param_builder:/opt/ros/humble /usr/bin/cmake --build /home/tharusha/Documents/Robotics/lab08/tiago_public_ws/build/play_motion2_msgs -- -j12 -l12
[9.198s] [  2%] [34m[1mGenerating C code for ROS interfaces[0m
[9.198s] [  4%] Built target ament_cmake_python_symlink_play_motion2_msgs
[9.198s] [  4%] [34m[1mGenerating C++ code for ROS interfaces[0m
[9.685s] running egg_info
[9.686s] creating play_motion2_msgs.egg-info
[9.686s] writing play_motion2_msgs.egg-info/PKG-INFO
[9.687s] writing dependency_links to play_motion2_msgs.egg-info/dependency_links.txt
[9.687s] writing top-level names to play_motion2_msgs.egg-info/top_level.txt
[9.688s] writing manifest file 'play_motion2_msgs.egg-info/SOURCES.txt'
[9.693s] reading manifest file 'play_motion2_msgs.egg-info/SOURCES.txt'
[9.693s] writing manifest file 'play_motion2_msgs.egg-info/SOURCES.txt'
[9.769s] [  4%] Built target ament_cmake_python_build_play_motion2_msgs_egg
[10.304s] [  4%] Built target play_motion2_msgs__cpp
[10.341s] [  6%] [34m[1mGenerating C++ type support dispatch for ROS interfaces[0m
[10.360s] [  8%] [34m[1mGenerating C++ introspection for ROS interfaces[0m
[10.366s] [ 10%] [34m[1mGenerating C++ type support for eProsima Fast-RTPS[0m
[10.440s] [ 12%] [32mBuilding C object CMakeFiles/play_motion2_msgs__rosidl_generator_c.dir/rosidl_generator_c/play_motion2_msgs/action/detail/play_motion2__functions.c.o[0m
[10.450s] [ 14%] [32mBuilding C object CMakeFiles/play_motion2_msgs__rosidl_generator_c.dir/rosidl_generator_c/play_motion2_msgs/srv/detail/is_motion_ready__functions.c.o[0m
[10.455s] [ 17%] [32mBuilding C object CMakeFiles/play_motion2_msgs__rosidl_generator_c.dir/rosidl_generator_c/play_motion2_msgs/srv/detail/list_motions__functions.c.o[0m
[10.816s] [ 19%] [32m[1mLinking C shared library libplay_motion2_msgs__rosidl_generator_c.so[0m
[10.946s] [ 19%] Built target play_motion2_msgs__rosidl_generator_c
[10.990s] [ 21%] [34m[1mGenerating C type support for eProsima Fast-RTPS[0m
[10.995s] [ 25%] [34m[1mGenerating C type support dispatch for ROS interfaces[0m
[10.995s] [ 25%] [34m[1mGenerating C introspection for ROS interfaces[0m
[11.203s] [ 27%] [32mBuilding CXX object CMakeFiles/play_motion2_msgs__rosidl_typesupport_cpp.dir/rosidl_typesupport_cpp/play_motion2_msgs/srv/is_motion_ready__type_support.cpp.o[0m
[11.214s] [ 29%] [32mBuilding CXX object CMakeFiles/play_motion2_msgs__rosidl_typesupport_cpp.dir/rosidl_typesupport_cpp/play_motion2_msgs/srv/list_motions__type_support.cpp.o[0m
[11.218s] [ 31%] [32mBuilding CXX object CMakeFiles/play_motion2_msgs__rosidl_typesupport_cpp.dir/rosidl_typesupport_cpp/play_motion2_msgs/action/play_motion2__type_support.cpp.o[0m
[11.413s] [ 34%] [32mBuilding CXX object CMakeFiles/play_motion2_msgs__rosidl_typesupport_introspection_cpp.dir/rosidl_typesupport_introspection_cpp/play_motion2_msgs/action/detail/play_motion2__type_support.cpp.o[0m
[11.455s] [ 36%] [32mBuilding CXX object CMakeFiles/play_motion2_msgs__rosidl_typesupport_introspection_cpp.dir/rosidl_typesupport_introspection_cpp/play_motion2_msgs/srv/detail/list_motions__type_support.cpp.o[0m
[11.455s] [ 38%] [32mBuilding CXX object CMakeFiles/play_motion2_msgs__rosidl_typesupport_introspection_cpp.dir/rosidl_typesupport_introspection_cpp/play_motion2_msgs/srv/detail/is_motion_ready__type_support.cpp.o[0m
[11.769s] [ 40%] [32mBuilding CXX object CMakeFiles/play_motion2_msgs__rosidl_typesupport_fastrtps_cpp.dir/rosidl_typesupport_fastrtps_cpp/play_motion2_msgs/srv/detail/dds_fastrtps/is_motion_ready__type_support.cpp.o[0m
[11.777s] [ 42%] [32mBuilding CXX object CMakeFiles/play_motion2_msgs__rosidl_typesupport_fastrtps_cpp.dir/rosidl_typesupport_fastrtps_cpp/play_motion2_msgs/action/detail/dds_fastrtps/play_motion2__type_support.cpp.o[0m
[11.801s] [ 44%] [32mBuilding CXX object CMakeFiles/play_motion2_msgs__rosidl_typesupport_fastrtps_cpp.dir/rosidl_typesupport_fastrtps_cpp/play_motion2_msgs/srv/detail/dds_fastrtps/list_motions__type_support.cpp.o[0m
[12.301s] [ 46%] [32mBuilding CXX object CMakeFiles/play_motion2_msgs__rosidl_typesupport_c.dir/rosidl_typesupport_c/play_motion2_msgs/action/play_motion2__type_support.cpp.o[0m
[12.350s] [ 48%] [32mBuilding CXX object CMakeFiles/play_motion2_msgs__rosidl_typesupport_c.dir/rosidl_typesupport_c/play_motion2_msgs/srv/is_motion_ready__type_support.cpp.o[0m
[12.371s] [ 51%] [32mBuilding CXX object CMakeFiles/play_motion2_msgs__rosidl_typesupport_c.dir/rosidl_typesupport_c/play_motion2_msgs/srv/list_motions__type_support.cpp.o[0m
[12.589s] [ 53%] [32m[1mLinking CXX shared library libplay_motion2_msgs__rosidl_typesupport_c.so[0m
[12.739s] [ 55%] [32mBuilding C object CMakeFiles/play_motion2_msgs__rosidl_typesupport_introspection_c.dir/rosidl_typesupport_introspection_c/play_motion2_msgs/action/detail/play_motion2__type_support.c.o[0m
[12.765s] [ 59%] [32mBuilding C object CMakeFiles/play_motion2_msgs__rosidl_typesupport_introspection_c.dir/rosidl_typesupport_introspection_c/play_motion2_msgs/srv/detail/is_motion_ready__type_support.c.o[0m
[12.780s] [ 59%] [32mBuilding C object CMakeFiles/play_motion2_msgs__rosidl_typesupport_introspection_c.dir/rosidl_typesupport_introspection_c/play_motion2_msgs/srv/detail/list_motions__type_support.c.o[0m
[12.857s] [ 61%] [32mBuilding CXX object CMakeFiles/play_motion2_msgs__rosidl_typesupport_fastrtps_c.dir/rosidl_typesupport_fastrtps_c/play_motion2_msgs/action/detail/play_motion2__type_support_c.cpp.o[0m
[12.919s] [ 61%] Built target play_motion2_msgs__rosidl_typesupport_c
[12.944s] [ 63%] [32mBuilding CXX object CMakeFiles/play_motion2_msgs__rosidl_typesupport_fastrtps_c.dir/rosidl_typesupport_fastrtps_c/play_motion2_msgs/srv/detail/is_motion_ready__type_support_c.cpp.o[0m
[12.979s] [ 65%] [32m[1mLinking CXX shared library libplay_motion2_msgs__rosidl_typesupport_cpp.so[0m
[12.993s] [ 68%] [32mBuilding CXX object CMakeFiles/play_motion2_msgs__rosidl_typesupport_fastrtps_c.dir/rosidl_typesupport_fastrtps_c/play_motion2_msgs/srv/detail/list_motions__type_support_c.cpp.o[0m
[13.039s] [ 70%] [32m[1mLinking C shared library libplay_motion2_msgs__rosidl_typesupport_introspection_c.so[0m
[13.161s] [ 72%] [32m[1mLinking CXX shared library libplay_motion2_msgs__rosidl_typesupport_introspection_cpp.so[0m
[13.228s] [ 72%] Built target play_motion2_msgs__rosidl_typesupport_cpp
[13.233s] [ 72%] Built target play_motion2_msgs__rosidl_typesupport_introspection_c
[13.303s] [ 74%] [32m[1mLinking CXX shared library libplay_motion2_msgs__rosidl_typesupport_fastrtps_cpp.so[0m
[13.505s] [ 74%] Built target play_motion2_msgs__rosidl_typesupport_introspection_cpp
[13.553s] [ 74%] Built target play_motion2_msgs__rosidl_typesupport_fastrtps_cpp
[13.789s] [ 76%] [32m[1mLinking CXX shared library libplay_motion2_msgs__rosidl_typesupport_fastrtps_c.so[0m
[14.008s] [ 76%] Built target play_motion2_msgs__rosidl_typesupport_fastrtps_c
[14.081s] [ 76%] Built target play_motion2_msgs
[14.142s] [ 78%] [34m[1mGenerating Python code for ROS interfaces[0m
[15.395s] [ 78%] Built target play_motion2_msgs__py
[15.449s] [ 82%] [32mBuilding C object CMakeFiles/play_motion2_msgs__rosidl_generator_py.dir/rosidl_generator_py/play_motion2_msgs/srv/_list_motions_s.c.o[0m
[15.449s] [ 82%] [32mBuilding C object CMakeFiles/play_motion2_msgs__rosidl_generator_py.dir/rosidl_generator_py/play_motion2_msgs/action/_play_motion2_s.c.o[0m
[15.450s] [ 85%] [32mBuilding C object CMakeFiles/play_motion2_msgs__rosidl_generator_py.dir/rosidl_generator_py/play_motion2_msgs/srv/_is_motion_ready_s.c.o[0m
[15.669s] [ 87%] [32m[1mLinking C shared library rosidl_generator_py/play_motion2_msgs/libplay_motion2_msgs__rosidl_generator_py.so[0m
[15.743s] [ 87%] Built target play_motion2_msgs__rosidl_generator_py
[15.792s] [ 91%] [32mBuilding C object CMakeFiles/play_motion2_msgs__rosidl_typesupport_fastrtps_c__pyext.dir/rosidl_generator_py/play_motion2_msgs/_play_motion2_msgs_s.ep.rosidl_typesupport_fastrtps_c.c.o[0m
[15.793s] [ 91%] [32mBuilding C object CMakeFiles/play_motion2_msgs__rosidl_typesupport_c__pyext.dir/rosidl_generator_py/play_motion2_msgs/_play_motion2_msgs_s.ep.rosidl_typesupport_c.c.o[0m
[15.793s] [ 93%] [32mBuilding C object CMakeFiles/play_motion2_msgs__rosidl_typesupport_introspection_c__pyext.dir/rosidl_generator_py/play_motion2_msgs/_play_motion2_msgs_s.ep.rosidl_typesupport_introspection_c.c.o[0m
[15.990s] [ 95%] [32m[1mLinking C shared library rosidl_generator_py/play_motion2_msgs/play_motion2_msgs_s__rosidl_typesupport_fastrtps_c.cpython-310-x86_64-linux-gnu.so[0m
[15.993s] [100%] [32m[1mLinking C shared library rosidl_generator_py/play_motion2_msgs/play_motion2_msgs_s__rosidl_typesupport_c.cpython-310-x86_64-linux-gnu.so[0m
[15.993s] [100%] [32m[1mLinking C shared library rosidl_generator_py/play_motion2_msgs/play_motion2_msgs_s__rosidl_typesupport_introspection_c.cpython-310-x86_64-linux-gnu.so[0m
[16.074s] [100%] Built target play_motion2_msgs__rosidl_typesupport_c__pyext
[16.074s] [100%] Built target play_motion2_msgs__rosidl_typesupport_fastrtps_c__pyext
[16.074s] [100%] Built target play_motion2_msgs__rosidl_typesupport_introspection_c__pyext
[16.099s] Invoked command in '/home/tharusha/Documents/Robotics/lab08/tiago_public_ws/build/play_motion2_msgs' returned '0': CMAKE_PREFIX_PATH=${CMAKE_PREFIX_PATH}:/home/tharusha/robotics/install/launch_param_builder:/home/tharusha/robotics/install/broadcaster_listener:/home/tharusha/lab05/install/moveit_configs_utils:/home/tharusha/lab05/install/launch_param_builder:/opt/ros/humble /usr/bin/cmake --build /home/tharusha/Documents/Robotics/lab08/tiago_public_ws/build/play_motion2_msgs -- -j12 -l12
[16.485s] Invoking command in '/home/tharusha/Documents/Robotics/lab08/tiago_public_ws/build/play_motion2_msgs': CMAKE_PREFIX_PATH=${CMAKE_PREFIX_PATH}:/home/tharusha/robotics/install/launch_param_builder:/home/tharusha/robotics/install/broadcaster_listener:/home/tharusha/lab05/install/moveit_configs_utils:/home/tharusha/lab05/install/launch_param_builder:/opt/ros/humble /usr/bin/cmake --install /home/tharusha/Documents/Robotics/lab08/tiago_public_ws/build/play_motion2_msgs
[16.501s] -- Install configuration: ""
[16.501s] -- Execute custom install script
[16.501s] -- Symlinking: /home/tharusha/Documents/Robotics/lab08/tiago_public_ws/install/play_motion2_msgs/share/ament_index/resource_index/rosidl_interfaces/play_motion2_msgs
[16.519s] -- Symlinking: /home/tharusha/Documents/Robotics/lab08/tiago_public_ws/install/play_motion2_msgs/include/play_motion2_msgs/play_motion2_msgs/action/detail/play_motion2__functions.h
[16.538s] -- Symlinking: /home/tharusha/Documents/Robotics/lab08/tiago_public_ws/install/play_motion2_msgs/include/play_motion2_msgs/play_motion2_msgs/action/detail/play_motion2__struct.h
[16.558s] -- Symlinking: /home/tharusha/Documents/Robotics/lab08/tiago_public_ws/install/play_motion2_msgs/include/play_motion2_msgs/play_motion2_msgs/action/detail/play_motion2__type_support.h
[16.579s] -- Symlinking: /home/tharusha/Documents/Robotics/lab08/tiago_public_ws/install/play_motion2_msgs/include/play_motion2_msgs/play_motion2_msgs/action/play_motion2.h
[16.598s] -- Symlinking: /home/tharusha/Documents/Robotics/lab08/tiago_public_ws/install/play_motion2_msgs/include/play_motion2_msgs/play_motion2_msgs/msg/rosidl_generator_c__visibility_control.h
[16.618s] -- Symlinking: /home/tharusha/Documents/Robotics/lab08/tiago_public_ws/install/play_motion2_msgs/include/play_motion2_msgs/play_motion2_msgs/srv/detail/is_motion_ready__functions.h
[16.638s] -- Symlinking: /home/tharusha/Documents/Robotics/lab08/tiago_public_ws/install/play_motion2_msgs/include/play_motion2_msgs/play_motion2_msgs/srv/detail/is_motion_ready__struct.h
[16.657s] -- Symlinking: /home/tharusha/Documents/Robotics/lab08/tiago_public_ws/install/play_motion2_msgs/include/play_motion2_msgs/play_motion2_msgs/srv/detail/is_motion_ready__type_support.h
[16.678s] -- Symlinking: /home/tharusha/Documents/Robotics/lab08/tiago_public_ws/install/play_motion2_msgs/include/play_motion2_msgs/play_motion2_msgs/srv/detail/list_motions__functions.h
[16.698s] -- Symlinking: /home/tharusha/Documents/Robotics/lab08/tiago_public_ws/install/play_motion2_msgs/include/play_motion2_msgs/play_motion2_msgs/srv/detail/list_motions__struct.h
[16.717s] -- Symlinking: /home/tharusha/Documents/Robotics/lab08/tiago_public_ws/install/play_motion2_msgs/include/play_motion2_msgs/play_motion2_msgs/srv/detail/list_motions__type_support.h
[16.737s] -- Symlinking: /home/tharusha/Documents/Robotics/lab08/tiago_public_ws/install/play_motion2_msgs/include/play_motion2_msgs/play_motion2_msgs/srv/is_motion_ready.h
[16.757s] -- Symlinking: /home/tharusha/Documents/Robotics/lab08/tiago_public_ws/install/play_motion2_msgs/include/play_motion2_msgs/play_motion2_msgs/srv/list_motions.h
[16.778s] -- Symlinking: /home/tharusha/Documents/Robotics/lab08/tiago_public_ws/install/play_motion2_msgs/share/play_motion2_msgs/environment/library_path.sh
[16.799s] -- Symlinking: /home/tharusha/Documents/Robotics/lab08/tiago_public_ws/install/play_motion2_msgs/share/play_motion2_msgs/environment/library_path.dsv
[16.819s] -- Symlinking: /home/tharusha/Documents/Robotics/lab08/tiago_public_ws/install/play_motion2_msgs/include/play_motion2_msgs/play_motion2_msgs/action/detail/play_motion2__rosidl_typesupport_fastrtps_c.h
[16.839s] -- Symlinking: /home/tharusha/Documents/Robotics/lab08/tiago_public_ws/install/play_motion2_msgs/include/play_motion2_msgs/play_motion2_msgs/msg/rosidl_typesupport_fastrtps_c__visibility_control.h
[16.858s] -- Symlinking: /home/tharusha/Documents/Robotics/lab08/tiago_public_ws/install/play_motion2_msgs/include/play_motion2_msgs/play_motion2_msgs/srv/detail/is_motion_ready__rosidl_typesupport_fastrtps_c.h
[16.878s] -- Symlinking: /home/tharusha/Documents/Robotics/lab08/tiago_public_ws/install/play_motion2_msgs/include/play_motion2_msgs/play_motion2_msgs/srv/detail/list_motions__rosidl_typesupport_fastrtps_c.h
[16.900s] -- Symlinking: /home/tharusha/Documents/Robotics/lab08/tiago_public_ws/install/play_motion2_msgs/include/play_motion2_msgs/play_motion2_msgs/action/detail/play_motion2__builder.hpp
[16.919s] -- Symlinking: /home/tharusha/Documents/Robotics/lab08/tiago_public_ws/install/play_motion2_msgs/include/play_motion2_msgs/play_motion2_msgs/action/detail/play_motion2__struct.hpp
[16.939s] -- Symlinking: /home/tharusha/Documents/Robotics/lab08/tiago_public_ws/install/play_motion2_msgs/include/play_motion2_msgs/play_motion2_msgs/action/detail/play_motion2__traits.hpp
[16.959s] -- Symlinking: /home/tharusha/Documents/Robotics/lab08/tiago_public_ws/install/play_motion2_msgs/include/play_motion2_msgs/play_motion2_msgs/action/play_motion2.hpp
[16.979s] -- Symlinking: /home/tharusha/Documents/Robotics/lab08/tiago_public_ws/install/play_motion2_msgs/include/play_motion2_msgs/play_motion2_msgs/srv/detail/is_motion_ready__builder.hpp
[16.999s] -- Symlinking: /home/tharusha/Documents/Robotics/lab08/tiago_public_ws/install/play_motion2_msgs/include/play_motion2_msgs/play_motion2_msgs/srv/detail/is_motion_ready__struct.hpp
[17.019s] -- Symlinking: /home/tharusha/Documents/Robotics/lab08/tiago_public_ws/install/play_motion2_msgs/include/play_motion2_msgs/play_motion2_msgs/srv/detail/is_motion_ready__traits.hpp
[17.040s] -- Symlinking: /home/tharusha/Documents/Robotics/lab08/tiago_public_ws/install/play_motion2_msgs/include/play_motion2_msgs/play_motion2_msgs/srv/detail/list_motions__builder.hpp
[17.061s] -- Symlinking: /home/tharusha/Documents/Robotics/lab08/tiago_public_ws/install/play_motion2_msgs/include/play_motion2_msgs/play_motion2_msgs/srv/detail/list_motions__struct.hpp
[17.081s] -- Symlinking: /home/tharusha/Documents/Robotics/lab08/tiago_public_ws/install/play_motion2_msgs/include/play_motion2_msgs/play_motion2_msgs/srv/detail/list_motions__traits.hpp
[17.103s] -- Symlinking: /home/tharusha/Documents/Robotics/lab08/tiago_public_ws/install/play_motion2_msgs/include/play_motion2_msgs/play_motion2_msgs/srv/is_motion_ready.hpp
[17.123s] -- Symlinking: /home/tharusha/Documents/Robotics/lab08/tiago_public_ws/install/play_motion2_msgs/include/play_motion2_msgs/play_motion2_msgs/srv/list_motions.hpp
[17.147s] -- Symlinking: /home/tharusha/Documents/Robotics/lab08/tiago_public_ws/install/play_motion2_msgs/include/play_motion2_msgs/play_motion2_msgs/action/detail/play_motion2__rosidl_typesupport_fastrtps_cpp.hpp
[17.170s] -- Symlinking: /home/tharusha/Documents/Robotics/lab08/tiago_public_ws/install/play_motion2_msgs/include/play_motion2_msgs/play_motion2_msgs/msg/rosidl_typesupport_fastrtps_cpp__visibility_control.h
[17.190s] -- Symlinking: /home/tharusha/Documents/Robotics/lab08/tiago_public_ws/install/play_motion2_msgs/include/play_motion2_msgs/play_motion2_msgs/srv/detail/is_motion_ready__rosidl_typesupport_fastrtps_cpp.hpp
[17.211s] -- Symlinking: /home/tharusha/Documents/Robotics/lab08/tiago_public_ws/install/play_motion2_msgs/include/play_motion2_msgs/play_motion2_msgs/srv/detail/list_motions__rosidl_typesupport_fastrtps_cpp.hpp
[17.233s] -- Symlinking: /home/tharusha/Documents/Robotics/lab08/tiago_public_ws/install/play_motion2_msgs/include/play_motion2_msgs/play_motion2_msgs/action/detail/play_motion2__rosidl_typesupport_introspection_c.h
[17.254s] -- Symlinking: /home/tharusha/Documents/Robotics/lab08/tiago_public_ws/install/play_motion2_msgs/include/play_motion2_msgs/play_motion2_msgs/msg/rosidl_typesupport_introspection_c__visibility_control.h
[17.274s] -- Symlinking: /home/tharusha/Documents/Robotics/lab08/tiago_public_ws/install/play_motion2_msgs/include/play_motion2_msgs/play_motion2_msgs/srv/detail/is_motion_ready__rosidl_typesupport_introspection_c.h
[17.295s] -- Symlinking: /home/tharusha/Documents/Robotics/lab08/tiago_public_ws/install/play_motion2_msgs/include/play_motion2_msgs/play_motion2_msgs/srv/detail/list_motions__rosidl_typesupport_introspection_c.h
[17.316s] -- Symlinking: /home/tharusha/Documents/Robotics/lab08/tiago_public_ws/install/play_motion2_msgs/include/play_motion2_msgs/play_motion2_msgs/action/detail/play_motion2__rosidl_typesupport_introspection_cpp.hpp
[17.337s] -- Symlinking: /home/tharusha/Documents/Robotics/lab08/tiago_public_ws/install/play_motion2_msgs/include/play_motion2_msgs/play_motion2_msgs/srv/detail/is_motion_ready__rosidl_typesupport_introspection_cpp.hpp
[17.358s] -- Symlinking: /home/tharusha/Documents/Robotics/lab08/tiago_public_ws/install/play_motion2_msgs/include/play_motion2_msgs/play_motion2_msgs/srv/detail/list_motions__rosidl_typesupport_introspection_cpp.hpp
[17.380s] -- Symlinking: /home/tharusha/Documents/Robotics/lab08/tiago_public_ws/install/play_motion2_msgs/share/play_motion2_msgs/environment/pythonpath.sh
[17.401s] -- Symlinking: /home/tharusha/Documents/Robotics/lab08/tiago_public_ws/install/play_motion2_msgs/share/play_motion2_msgs/environment/pythonpath.dsv
[17.422s] -- Symlinking: /home/tharusha/Documents/Robotics/lab08/tiago_public_ws/install/play_motion2_msgs/local/lib/python3.10/dist-packages/play_motion2_msgs-1.1.0-py3.10.egg-info/PKG-INFO
[17.442s] -- Symlinking: /home/tharusha/Documents/Robotics/lab08/tiago_public_ws/install/play_motion2_msgs/local/lib/python3.10/dist-packages/play_motion2_msgs-1.1.0-py3.10.egg-info/SOURCES.txt
[17.465s] -- Symlinking: /home/tharusha/Documents/Robotics/lab08/tiago_public_ws/install/play_motion2_msgs/local/lib/python3.10/dist-packages/play_motion2_msgs-1.1.0-py3.10.egg-info/dependency_links.txt
[17.488s] -- Symlinking: /home/tharusha/Documents/Robotics/lab08/tiago_public_ws/install/play_motion2_msgs/local/lib/python3.10/dist-packages/play_motion2_msgs-1.1.0-py3.10.egg-info/top_level.txt
[17.510s] -- Symlinking: /home/tharusha/Documents/Robotics/lab08/tiago_public_ws/install/play_motion2_msgs/local/lib/python3.10/dist-packages/play_motion2_msgs/__init__.py
[17.529s] -- Symlinking: /home/tharusha/Documents/Robotics/lab08/tiago_public_ws/install/play_motion2_msgs/local/lib/python3.10/dist-packages/play_motion2_msgs/_play_motion2_msgs_s.ep.rosidl_typesupport_c.c
[17.548s] -- Symlinking: /home/tharusha/Documents/Robotics/lab08/tiago_public_ws/install/play_motion2_msgs/local/lib/python3.10/dist-packages/play_motion2_msgs/_play_motion2_msgs_s.ep.rosidl_typesupport_fastrtps_c.c
[17.567s] -- Symlinking: /home/tharusha/Documents/Robotics/lab08/tiago_public_ws/install/play_motion2_msgs/local/lib/python3.10/dist-packages/play_motion2_msgs/_play_motion2_msgs_s.ep.rosidl_typesupport_introspection_c.c
[17.587s] -- Symlinking: /home/tharusha/Documents/Robotics/lab08/tiago_public_ws/install/play_motion2_msgs/local/lib/python3.10/dist-packages/play_motion2_msgs/action/__init__.py
[17.607s] -- Symlinking: /home/tharusha/Documents/Robotics/lab08/tiago_public_ws/install/play_motion2_msgs/local/lib/python3.10/dist-packages/play_motion2_msgs/action/_play_motion2.py
[17.626s] -- Symlinking: /home/tharusha/Documents/Robotics/lab08/tiago_public_ws/install/play_motion2_msgs/local/lib/python3.10/dist-packages/play_motion2_msgs/action/_play_motion2_s.c
[17.646s] -- Symlinking: /home/tharusha/Documents/Robotics/lab08/tiago_public_ws/install/play_motion2_msgs/local/lib/python3.10/dist-packages/play_motion2_msgs/libplay_motion2_msgs__rosidl_generator_py.so
[17.667s] -- Symlinking: /home/tharusha/Documents/Robotics/lab08/tiago_public_ws/install/play_motion2_msgs/local/lib/python3.10/dist-packages/play_motion2_msgs/play_motion2_msgs_s__rosidl_typesupport_c.cpython-310-x86_64-linux-gnu.so
[17.686s] -- Symlinking: /home/tharusha/Documents/Robotics/lab08/tiago_public_ws/install/play_motion2_msgs/local/lib/python3.10/dist-packages/play_motion2_msgs/play_motion2_msgs_s__rosidl_typesupport_fastrtps_c.cpython-310-x86_64-linux-gnu.so
[17.706s] -- Symlinking: /home/tharusha/Documents/Robotics/lab08/tiago_public_ws/install/play_motion2_msgs/local/lib/python3.10/dist-packages/play_motion2_msgs/play_motion2_msgs_s__rosidl_typesupport_introspection_c.cpython-310-x86_64-linux-gnu.so
[17.725s] -- Symlinking: /home/tharusha/Documents/Robotics/lab08/tiago_public_ws/install/play_motion2_msgs/local/lib/python3.10/dist-packages/play_motion2_msgs/srv/__init__.py
[17.744s] -- Symlinking: /home/tharusha/Documents/Robotics/lab08/tiago_public_ws/install/play_motion2_msgs/local/lib/python3.10/dist-packages/play_motion2_msgs/srv/_is_motion_ready.py
[17.764s] -- Symlinking: /home/tharusha/Documents/Robotics/lab08/tiago_public_ws/install/play_motion2_msgs/local/lib/python3.10/dist-packages/play_motion2_msgs/srv/_is_motion_ready_s.c
[17.784s] -- Symlinking: /home/tharusha/Documents/Robotics/lab08/tiago_public_ws/install/play_motion2_msgs/local/lib/python3.10/dist-packages/play_motion2_msgs/srv/_list_motions.py
[17.805s] -- Symlinking: /home/tharusha/Documents/Robotics/lab08/tiago_public_ws/install/play_motion2_msgs/local/lib/python3.10/dist-packages/play_motion2_msgs/srv/_list_motions_s.c
[17.826s] -- Up-to-date symlink: /home/tharusha/Documents/Robotics/lab08/tiago_public_ws/install/play_motion2_msgs/local/lib/python3.10/dist-packages/play_motion2_msgs/play_motion2_msgs_s__rosidl_typesupport_fastrtps_c.cpython-310-x86_64-linux-gnu.so
[17.826s] -- Up-to-date symlink: /home/tharusha/Documents/Robotics/lab08/tiago_public_ws/install/play_motion2_msgs/local/lib/python3.10/dist-packages/play_motion2_msgs/play_motion2_msgs_s__rosidl_typesupport_introspection_c.cpython-310-x86_64-linux-gnu.so
[17.826s] -- Up-to-date symlink: /home/tharusha/Documents/Robotics/lab08/tiago_public_ws/install/play_motion2_msgs/local/lib/python3.10/dist-packages/play_motion2_msgs/play_motion2_msgs_s__rosidl_typesupport_c.cpython-310-x86_64-linux-gnu.so
[17.827s] -- Symlinking: /home/tharusha/Documents/Robotics/lab08/tiago_public_ws/install/play_motion2_msgs/share/play_motion2_msgs/action/PlayMotion2.idl
[17.849s] -- Symlinking: /home/tharusha/Documents/Robotics/lab08/tiago_public_ws/install/play_motion2_msgs/share/play_motion2_msgs/srv/IsMotionReady.idl
[17.870s] -- Symlinking: /home/tharusha/Documents/Robotics/lab08/tiago_public_ws/install/play_motion2_msgs/share/play_motion2_msgs/srv/ListMotions.idl
[17.892s] -- Symlinking: /home/tharusha/Documents/Robotics/lab08/tiago_public_ws/install/play_motion2_msgs/share/play_motion2_msgs/action/PlayMotion2.action
[17.913s] -- Symlinking: /home/tharusha/Documents/Robotics/lab08/tiago_public_ws/install/play_motion2_msgs/share/play_motion2_msgs/srv/IsMotionReady.srv
[17.938s] -- Symlinking: /home/tharusha/Documents/Robotics/lab08/tiago_public_ws/install/play_motion2_msgs/share/play_motion2_msgs/srv/IsMotionReady_Request.msg
[17.960s] -- Symlinking: /home/tharusha/Documents/Robotics/lab08/tiago_public_ws/install/play_motion2_msgs/share/play_motion2_msgs/srv/IsMotionReady_Response.msg
[17.982s] -- Symlinking: /home/tharusha/Documents/Robotics/lab08/tiago_public_ws/install/play_motion2_msgs/share/play_motion2_msgs/srv/ListMotions.srv
[18.001s] -- Symlinking: /home/tharusha/Documents/Robotics/lab08/tiago_public_ws/install/play_motion2_msgs/share/play_motion2_msgs/srv/ListMotions_Request.msg
[18.022s] -- Symlinking: /home/tharusha/Documents/Robotics/lab08/tiago_public_ws/install/play_motion2_msgs/share/play_motion2_msgs/srv/ListMotions_Response.msg
[18.042s] -- Symlinking: /home/tharusha/Documents/Robotics/lab08/tiago_public_ws/install/play_motion2_msgs/share/ament_index/resource_index/package_run_dependencies/play_motion2_msgs
[18.065s] -- Symlinking: /home/tharusha/Documents/Robotics/lab08/tiago_public_ws/install/play_motion2_msgs/share/ament_index/resource_index/parent_prefix_path/play_motion2_msgs
[18.085s] -- Symlinking: /home/tharusha/Documents/Robotics/lab08/tiago_public_ws/install/play_motion2_msgs/share/play_motion2_msgs/environment/ament_prefix_path.sh
[18.106s] -- Symlinking: /home/tharusha/Documents/Robotics/lab08/tiago_public_ws/install/play_motion2_msgs/share/play_motion2_msgs/environment/ament_prefix_path.dsv
[18.128s] -- Symlinking: /home/tharusha/Documents/Robotics/lab08/tiago_public_ws/install/play_motion2_msgs/share/play_motion2_msgs/environment/path.sh
[18.148s] -- Symlinking: /home/tharusha/Documents/Robotics/lab08/tiago_public_ws/install/play_motion2_msgs/share/play_motion2_msgs/environment/path.dsv
[18.168s] -- Symlinking: /home/tharusha/Documents/Robotics/lab08/tiago_public_ws/install/play_motion2_msgs/share/play_motion2_msgs/local_setup.bash
[18.188s] -- Symlinking: /home/tharusha/Documents/Robotics/lab08/tiago_public_ws/install/play_motion2_msgs/share/play_motion2_msgs/local_setup.sh
[18.208s] -- Symlinking: /home/tharusha/Documents/Robotics/lab08/tiago_public_ws/install/play_motion2_msgs/share/play_motion2_msgs/local_setup.zsh
[18.228s] -- Symlinking: /home/tharusha/Documents/Robotics/lab08/tiago_public_ws/install/play_motion2_msgs/share/play_motion2_msgs/local_setup.dsv
[18.247s] -- Symlinking: /home/tharusha/Documents/Robotics/lab08/tiago_public_ws/install/play_motion2_msgs/share/play_motion2_msgs/package.dsv
[18.267s] -- Symlinking: /home/tharusha/Documents/Robotics/lab08/tiago_public_ws/install/play_motion2_msgs/share/ament_index/resource_index/packages/play_motion2_msgs
[18.289s] -- Symlinking: /home/tharusha/Documents/Robotics/lab08/tiago_public_ws/install/play_motion2_msgs/share/play_motion2_msgs/cmake/rosidl_cmake-extras.cmake
[18.309s] -- Symlinking: /home/tharusha/Documents/Robotics/lab08/tiago_public_ws/install/play_motion2_msgs/share/play_motion2_msgs/cmake/ament_cmake_export_dependencies-extras.cmake
[18.338s] -- Symlinking: /home/tharusha/Documents/Robotics/lab08/tiago_public_ws/install/play_motion2_msgs/share/play_motion2_msgs/cmake/ament_cmake_export_include_directories-extras.cmake
[18.359s] -- Symlinking: /home/tharusha/Documents/Robotics/lab08/tiago_public_ws/install/play_motion2_msgs/share/play_motion2_msgs/cmake/ament_cmake_export_libraries-extras.cmake
[18.379s] -- Symlinking: /home/tharusha/Documents/Robotics/lab08/tiago_public_ws/install/play_motion2_msgs/share/play_motion2_msgs/cmake/ament_cmake_export_targets-extras.cmake
[18.399s] -- Symlinking: /home/tharusha/Documents/Robotics/lab08/tiago_public_ws/install/play_motion2_msgs/share/play_motion2_msgs/cmake/rosidl_cmake_export_typesupport_targets-extras.cmake
[18.419s] -- Symlinking: /home/tharusha/Documents/Robotics/lab08/tiago_public_ws/install/play_motion2_msgs/share/play_motion2_msgs/cmake/rosidl_cmake_export_typesupport_libraries-extras.cmake
[18.440s] -- Symlinking: /home/tharusha/Documents/Robotics/lab08/tiago_public_ws/install/play_motion2_msgs/share/play_motion2_msgs/cmake/play_motion2_msgsConfig.cmake
[18.461s] -- Symlinking: /home/tharusha/Documents/Robotics/lab08/tiago_public_ws/install/play_motion2_msgs/share/play_motion2_msgs/cmake/play_motion2_msgsConfig-version.cmake
[18.480s] -- Symlinking: /home/tharusha/Documents/Robotics/lab08/tiago_public_ws/install/play_motion2_msgs/share/play_motion2_msgs/package.xml
[18.500s] -- Installing: /home/tharusha/Documents/Robotics/lab08/tiago_public_ws/install/play_motion2_msgs/lib/libplay_motion2_msgs__rosidl_generator_c.so
[18.500s] -- Set runtime path of "/home/tharusha/Documents/Robotics/lab08/tiago_public_ws/install/play_motion2_msgs/lib/libplay_motion2_msgs__rosidl_generator_c.so" to ""
[18.501s] -- Installing: /home/tharusha/Documents/Robotics/lab08/tiago_public_ws/install/play_motion2_msgs/lib/libplay_motion2_msgs__rosidl_typesupport_fastrtps_c.so
[18.501s] -- Set runtime path of "/home/tharusha/Documents/Robotics/lab08/tiago_public_ws/install/play_motion2_msgs/lib/libplay_motion2_msgs__rosidl_typesupport_fastrtps_c.so" to ""
[18.501s] -- Installing: /home/tharusha/Documents/Robotics/lab08/tiago_public_ws/install/play_motion2_msgs/lib/libplay_motion2_msgs__rosidl_typesupport_fastrtps_cpp.so
[18.502s] -- Set runtime path of "/home/tharusha/Documents/Robotics/lab08/tiago_public_ws/install/play_motion2_msgs/lib/libplay_motion2_msgs__rosidl_typesupport_fastrtps_cpp.so" to ""
[18.502s] -- Installing: /home/tharusha/Documents/Robotics/lab08/tiago_public_ws/install/play_motion2_msgs/lib/libplay_motion2_msgs__rosidl_typesupport_introspection_c.so
[18.502s] -- Set runtime path of "/home/tharusha/Documents/Robotics/lab08/tiago_public_ws/install/play_motion2_msgs/lib/libplay_motion2_msgs__rosidl_typesupport_introspection_c.so" to ""
[18.503s] -- Installing: /home/tharusha/Documents/Robotics/lab08/tiago_public_ws/install/play_motion2_msgs/lib/libplay_motion2_msgs__rosidl_typesupport_c.so
[18.503s] -- Set runtime path of "/home/tharusha/Documents/Robotics/lab08/tiago_public_ws/install/play_motion2_msgs/lib/libplay_motion2_msgs__rosidl_typesupport_c.so" to ""
[18.503s] -- Installing: /home/tharusha/Documents/Robotics/lab08/tiago_public_ws/install/play_motion2_msgs/lib/libplay_motion2_msgs__rosidl_typesupport_introspection_cpp.so
[18.504s] -- Set runtime path of "/home/tharusha/Documents/Robotics/lab08/tiago_public_ws/install/play_motion2_msgs/lib/libplay_motion2_msgs__rosidl_typesupport_introspection_cpp.so" to ""
[18.504s] -- Installing: /home/tharusha/Documents/Robotics/lab08/tiago_public_ws/install/play_motion2_msgs/lib/libplay_motion2_msgs__rosidl_typesupport_cpp.so
[18.504s] -- Set runtime path of "/home/tharusha/Documents/Robotics/lab08/tiago_public_ws/install/play_motion2_msgs/lib/libplay_motion2_msgs__rosidl_typesupport_cpp.so" to ""
[18.575s] Listing '/home/tharusha/Documents/Robotics/lab08/tiago_public_ws/install/play_motion2_msgs/local/lib/python3.10/dist-packages/play_motion2_msgs'...
[18.575s] Compiling '/home/tharusha/Documents/Robotics/lab08/tiago_public_ws/install/play_motion2_msgs/local/lib/python3.10/dist-packages/play_motion2_msgs/__init__.py'...
[18.575s] Listing '/home/tharusha/Documents/Robotics/lab08/tiago_public_ws/install/play_motion2_msgs/local/lib/python3.10/dist-packages/play_motion2_msgs/action'...
[18.575s] Compiling '/home/tharusha/Documents/Robotics/lab08/tiago_public_ws/install/play_motion2_msgs/local/lib/python3.10/dist-packages/play_motion2_msgs/action/__init__.py'...
[18.575s] Compiling '/home/tharusha/Documents/Robotics/lab08/tiago_public_ws/install/play_motion2_msgs/local/lib/python3.10/dist-packages/play_motion2_msgs/action/_play_motion2.py'...
[18.575s] Listing '/home/tharusha/Documents/Robotics/lab08/tiago_public_ws/install/play_motion2_msgs/local/lib/python3.10/dist-packages/play_motion2_msgs/srv'...
[18.576s] Compiling '/home/tharusha/Documents/Robotics/lab08/tiago_public_ws/install/play_motion2_msgs/local/lib/python3.10/dist-packages/play_motion2_msgs/srv/__init__.py'...
[18.576s] Compiling '/home/tharusha/Documents/Robotics/lab08/tiago_public_ws/install/play_motion2_msgs/local/lib/python3.10/dist-packages/play_motion2_msgs/srv/_is_motion_ready.py'...
[18.576s] Compiling '/home/tharusha/Documents/Robotics/lab08/tiago_public_ws/install/play_motion2_msgs/local/lib/python3.10/dist-packages/play_motion2_msgs/srv/_list_motions.py'...
[18.581s] -- Installing: /home/tharusha/Documents/Robotics/lab08/tiago_public_ws/install/play_motion2_msgs/lib/libplay_motion2_msgs__rosidl_generator_py.so
[18.581s] -- Set runtime path of "/home/tharusha/Documents/Robotics/lab08/tiago_public_ws/install/play_motion2_msgs/lib/libplay_motion2_msgs__rosidl_generator_py.so" to ""
[18.582s] -- Installing: /home/tharusha/Documents/Robotics/lab08/tiago_public_ws/install/play_motion2_msgs/share/play_motion2_msgs/cmake/export_play_motion2_msgs__rosidl_generator_cExport.cmake
[18.582s] -- Installing: /home/tharusha/Documents/Robotics/lab08/tiago_public_ws/install/play_motion2_msgs/share/play_motion2_msgs/cmake/export_play_motion2_msgs__rosidl_generator_cExport-noconfig.cmake
[18.582s] -- Installing: /home/tharusha/Documents/Robotics/lab08/tiago_public_ws/install/play_motion2_msgs/share/play_motion2_msgs/cmake/export_play_motion2_msgs__rosidl_typesupport_fastrtps_cExport.cmake
[18.583s] -- Installing: /home/tharusha/Documents/Robotics/lab08/tiago_public_ws/install/play_motion2_msgs/share/play_motion2_msgs/cmake/export_play_motion2_msgs__rosidl_typesupport_fastrtps_cExport-noconfig.cmake
[18.583s] -- Installing: /home/tharusha/Documents/Robotics/lab08/tiago_public_ws/install/play_motion2_msgs/share/play_motion2_msgs/cmake/export_play_motion2_msgs__rosidl_generator_cppExport.cmake
[18.583s] -- Installing: /home/tharusha/Documents/Robotics/lab08/tiago_public_ws/install/play_motion2_msgs/share/play_motion2_msgs/cmake/export_play_motion2_msgs__rosidl_typesupport_fastrtps_cppExport.cmake
[18.584s] -- Installing: /home/tharusha/Documents/Robotics/lab08/tiago_public_ws/install/play_motion2_msgs/share/play_motion2_msgs/cmake/export_play_motion2_msgs__rosidl_typesupport_fastrtps_cppExport-noconfig.cmake
[18.584s] -- Installing: /home/tharusha/Documents/Robotics/lab08/tiago_public_ws/install/play_motion2_msgs/share/play_motion2_msgs/cmake/play_motion2_msgs__rosidl_typesupport_introspection_cExport.cmake
[18.585s] -- Installing: /home/tharusha/Documents/Robotics/lab08/tiago_public_ws/install/play_motion2_msgs/share/play_motion2_msgs/cmake/play_motion2_msgs__rosidl_typesupport_introspection_cExport-noconfig.cmake
[18.585s] -- Installing: /home/tharusha/Documents/Robotics/lab08/tiago_public_ws/install/play_motion2_msgs/share/play_motion2_msgs/cmake/play_motion2_msgs__rosidl_typesupport_cExport.cmake
[18.585s] -- Installing: /home/tharusha/Documents/Robotics/lab08/tiago_public_ws/install/play_motion2_msgs/share/play_motion2_msgs/cmake/play_motion2_msgs__rosidl_typesupport_cExport-noconfig.cmake
[18.585s] -- Installing: /home/tharusha/Documents/Robotics/lab08/tiago_public_ws/install/play_motion2_msgs/share/play_motion2_msgs/cmake/play_motion2_msgs__rosidl_typesupport_introspection_cppExport.cmake
[18.586s] -- Installing: /home/tharusha/Documents/Robotics/lab08/tiago_public_ws/install/play_motion2_msgs/share/play_motion2_msgs/cmake/play_motion2_msgs__rosidl_typesupport_introspection_cppExport-noconfig.cmake
[18.587s] -- Installing: /home/tharusha/Documents/Robotics/lab08/tiago_public_ws/install/play_motion2_msgs/share/play_motion2_msgs/cmake/play_motion2_msgs__rosidl_typesupport_cppExport.cmake
[18.587s] -- Installing: /home/tharusha/Documents/Robotics/lab08/tiago_public_ws/install/play_motion2_msgs/share/play_motion2_msgs/cmake/play_motion2_msgs__rosidl_typesupport_cppExport-noconfig.cmake
[18.587s] -- Installing: /home/tharusha/Documents/Robotics/lab08/tiago_public_ws/install/play_motion2_msgs/share/play_motion2_msgs/cmake/export_play_motion2_msgs__rosidl_generator_pyExport.cmake
[18.587s] -- Installing: /home/tharusha/Documents/Robotics/lab08/tiago_public_ws/install/play_motion2_msgs/share/play_motion2_msgs/cmake/export_play_motion2_msgs__rosidl_generator_pyExport-noconfig.cmake
[18.588s] Invoked command in '/home/tharusha/Documents/Robotics/lab08/tiago_public_ws/build/play_motion2_msgs' returned '0': CMAKE_PREFIX_PATH=${CMAKE_PREFIX_PATH}:/home/tharusha/robotics/install/launch_param_builder:/home/tharusha/robotics/install/broadcaster_listener:/home/tharusha/lab05/install/moveit_configs_utils:/home/tharusha/lab05/install/launch_param_builder:/opt/ros/humble /usr/bin/cmake --install /home/tharusha/Documents/Robotics/lab08/tiago_public_ws/build/play_motion2_msgs
