[0.044s] Invoking command in '/home/chathura/Documents/git-projects/Robotics-and-Automation-Labs/lab5/build/rviz_marker_tools': AMENT_PREFIX_PATH=/home/chathura/Documents/git-projects/Robotics-and-Automation-Labs/lab5/install/moveit_common:${AMENT_PREFIX_PATH} CMAKE_PREFIX_PATH=/home/chathura/Documents/git-projects/Robotics-and-Automation-Labs/lab5/install/moveit_common:/opt/ros/humble /usr/bin/cmake /home/chathura/Documents/git-projects/Robotics-and-Automation-Labs/lab5/src/moveit_task_constructor/rviz_marker_tools -DCMAKE_BUILD_TYPE=Release -DCMAKE_INSTALL_PREFIX=/home/chathura/Documents/git-projects/Robotics-and-Automation-Labs/lab5/install/rviz_marker_tools
[0.088s] -- The C compiler identification is GNU 11.4.0
[0.132s] -- The CXX compiler identification is GNU 11.4.0
[0.137s] -- Detecting C compiler ABI info
[0.194s] -- Detecting C compiler ABI info - done
[0.199s] -- Check for working C compiler: /usr/bin/cc - skipped
[0.200s] -- Detecting C compile features
[0.200s] -- Detecting C compile features - done
[0.202s] -- Detecting CXX compiler ABI info
[0.267s] -- Detecting CXX compiler ABI info - done
[0.272s] -- Check for working CXX compiler: /usr/bin/c++ - skipped
[0.272s] -- Detecting CXX compile features
[0.272s] -- Detecting CXX compile features - done
[0.274s] -- Found ament_cmake: 1.3.8 (/opt/ros/humble/share/ament_cmake/cmake)
[0.384s] -- Found Python3: /usr/bin/python3 (found version "3.10.12") found components: Interpreter 
[0.453s] -- Found moveit_common: 2.5.5 (/home/chathura/Documents/git-projects/Robotics-and-Automation-Labs/lab5/install/moveit_common/share/moveit_common/cmake)
[0.520s] -- Found libdw: /usr/lib/x86_64-linux-gnu/libdw.so  
[0.526s] -- Could NOT find libbfd (missing: LIBBFD_LIBRARY LIBBFD_INCLUDE_DIR) 
[0.526s] -- BACKWARD_HAS_UNWIND=1
[0.526s] -- BACKWARD_HAS_BACKTRACE=0
[0.526s] -- BACKWARD_HAS_BACKTRACE_SYMBOL=0
[0.526s] -- BACKWARD_HAS_DW=1
[0.526s] -- BACKWARD_HAS_BFD=0
[0.526s] -- Found Backward: /opt/ros/humble/share/backward_ros/cmake  
[0.528s] -- Found eigen3_cmake_module: 0.1.1 (/opt/ros/humble/share/eigen3_cmake_module/cmake)
[0.538s] -- Found Eigen3: TRUE (found version "3.4.0") 
[0.540s] -- Found geometry_msgs: 4.2.3 (/opt/ros/humble/share/geometry_msgs/cmake)
[0.566s] -- Found rosidl_generator_c: 3.1.5 (/opt/ros/humble/share/rosidl_generator_c/cmake)
[0.570s] -- Found rosidl_adapter: 3.1.5 (/opt/ros/humble/share/rosidl_adapter/cmake)
[0.577s] -- Found rosidl_generator_cpp: 3.1.5 (/opt/ros/humble/share/rosidl_generator_cpp/cmake)
[0.588s] -- Using all available rosidl_typesupport_c: rosidl_typesupport_fastrtps_c;rosidl_typesupport_introspection_c
[0.604s] -- Using all available rosidl_typesupport_cpp: rosidl_typesupport_fastrtps_cpp;rosidl_typesupport_introspection_cpp
[0.703s] -- Found rclcpp: 16.0.8 (/opt/ros/humble/share/rclcpp/cmake)
[0.770s] -- Found rmw_implementation_cmake: 6.1.1 (/opt/ros/humble/share/rmw_implementation_cmake/cmake)
[0.773s] -- Found rmw_fastrtps_cpp: 6.2.6 (/opt/ros/humble/share/rmw_fastrtps_cpp/cmake)
[0.875s] -- Found OpenSSL: /usr/lib/x86_64-linux-gnu/libcrypto.so (found version "3.0.2")  
[0.898s] -- Found FastRTPS: /opt/ros/humble/include  
[0.941s] -- Using RMW implementation 'rmw_fastrtps_cpp' as default
[0.953s] -- Looking for pthread.h
[1.031s] -- Looking for pthread.h - found
[1.032s] -- Performing Test CMAKE_HAVE_LIBC_PTHREAD
[1.109s] -- Performing Test CMAKE_HAVE_LIBC_PTHREAD - Success
[1.110s] -- Found Threads: TRUE  
[1.219s] -- Found rviz2: 11.2.11 (/opt/ros/humble/share/rviz2/cmake)
[1.220s] -- Found tf2_eigen: 0.25.6 (/opt/ros/humble/share/tf2_eigen/cmake)
[1.517s] -- Found visualization_msgs: 4.2.3 (/opt/ros/humble/share/visualization_msgs/cmake)
[1.677s] -- Configuring done
[1.699s] -- Generating done
[1.700s] -- Build files have been written to: /home/chathura/Documents/git-projects/Robotics-and-Automation-Labs/lab5/build/rviz_marker_tools
[1.709s] Invoked command in '/home/chathura/Documents/git-projects/Robotics-and-Automation-Labs/lab5/build/rviz_marker_tools' returned '0': AMENT_PREFIX_PATH=/home/chathura/Documents/git-projects/Robotics-and-Automation-Labs/lab5/install/moveit_common:${AMENT_PREFIX_PATH} CMAKE_PREFIX_PATH=/home/chathura/Documents/git-projects/Robotics-and-Automation-Labs/lab5/install/moveit_common:/opt/ros/humble /usr/bin/cmake /home/chathura/Documents/git-projects/Robotics-and-Automation-Labs/lab5/src/moveit_task_constructor/rviz_marker_tools -DCMAKE_BUILD_TYPE=Release -DCMAKE_INSTALL_PREFIX=/home/chathura/Documents/git-projects/Robotics-and-Automation-Labs/lab5/install/rviz_marker_tools
[1.709s] Invoking command in '/home/chathura/Documents/git-projects/Robotics-and-Automation-Labs/lab5/build/rviz_marker_tools': AMENT_PREFIX_PATH=/home/chathura/Documents/git-projects/Robotics-and-Automation-Labs/lab5/install/moveit_common:${AMENT_PREFIX_PATH} CMAKE_PREFIX_PATH=/home/chathura/Documents/git-projects/Robotics-and-Automation-Labs/lab5/install/moveit_common:/opt/ros/humble /usr/bin/cmake --build /home/chathura/Documents/git-projects/Robotics-and-Automation-Labs/lab5/build/rviz_marker_tools -- -j16 -l16
[1.751s] [ 50%] [32mBuilding CXX object CMakeFiles/rviz_marker_tools.dir/src/marker_creation.cpp.o[0m
[5.788s] [100%] [32m[1mLinking CXX shared library librviz_marker_tools.so[0m
[5.908s] [100%] Built target rviz_marker_tools
[5.918s] Invoked command in '/home/chathura/Documents/git-projects/Robotics-and-Automation-Labs/lab5/build/rviz_marker_tools' returned '0': AMENT_PREFIX_PATH=/home/chathura/Documents/git-projects/Robotics-and-Automation-Labs/lab5/install/moveit_common:${AMENT_PREFIX_PATH} CMAKE_PREFIX_PATH=/home/chathura/Documents/git-projects/Robotics-and-Automation-Labs/lab5/install/moveit_common:/opt/ros/humble /usr/bin/cmake --build /home/chathura/Documents/git-projects/Robotics-and-Automation-Labs/lab5/build/rviz_marker_tools -- -j16 -l16
[5.943s] Invoking command in '/home/chathura/Documents/git-projects/Robotics-and-Automation-Labs/lab5/build/rviz_marker_tools': AMENT_PREFIX_PATH=/home/chathura/Documents/git-projects/Robotics-and-Automation-Labs/lab5/install/moveit_common:${AMENT_PREFIX_PATH} CMAKE_PREFIX_PATH=/home/chathura/Documents/git-projects/Robotics-and-Automation-Labs/lab5/install/moveit_common:/opt/ros/humble /usr/bin/cmake --install /home/chathura/Documents/git-projects/Robotics-and-Automation-Labs/lab5/build/rviz_marker_tools
[5.949s] -- Install configuration: "Release"
[5.949s] -- Installing: /home/chathura/Documents/git-projects/Robotics-and-Automation-Labs/lab5/install/rviz_marker_tools/include
[5.949s] -- Installing: /home/chathura/Documents/git-projects/Robotics-and-Automation-Labs/lab5/install/rviz_marker_tools/include/rviz_marker_tools
[5.949s] -- Installing: /home/chathura/Documents/git-projects/Robotics-and-Automation-Labs/lab5/install/rviz_marker_tools/include/rviz_marker_tools/marker_creation.h
[5.949s] -- Installing: /home/chathura/Documents/git-projects/Robotics-and-Automation-Labs/lab5/install/rviz_marker_tools/lib/librviz_marker_tools.so
[5.950s] -- Set runtime path of "/home/chathura/Documents/git-projects/Robotics-and-Automation-Labs/lab5/install/rviz_marker_tools/lib/librviz_marker_tools.so" to ""
[5.950s] -- Installing: /home/chathura/Documents/git-projects/Robotics-and-Automation-Labs/lab5/install/rviz_marker_tools/share/rviz_marker_tools/environment/library_path.sh
[5.950s] -- Installing: /home/chathura/Documents/git-projects/Robotics-and-Automation-Labs/lab5/install/rviz_marker_tools/share/rviz_marker_tools/environment/library_path.dsv
[5.950s] -- Installing: /home/chathura/Documents/git-projects/Robotics-and-Automation-Labs/lab5/install/rviz_marker_tools/share/ament_index/resource_index/package_run_dependencies/rviz_marker_tools
[5.950s] -- Installing: /home/chathura/Documents/git-projects/Robotics-and-Automation-Labs/lab5/install/rviz_marker_tools/share/ament_index/resource_index/parent_prefix_path/rviz_marker_tools
[5.950s] -- Installing: /home/chathura/Documents/git-projects/Robotics-and-Automation-Labs/lab5/install/rviz_marker_tools/share/rviz_marker_tools/environment/ament_prefix_path.sh
[5.951s] -- Installing: /home/chathura/Documents/git-projects/Robotics-and-Automation-Labs/lab5/install/rviz_marker_tools/share/rviz_marker_tools/environment/ament_prefix_path.dsv
[5.951s] -- Installing: /home/chathura/Documents/git-projects/Robotics-and-Automation-Labs/lab5/install/rviz_marker_tools/share/rviz_marker_tools/environment/path.sh
[5.951s] -- Installing: /home/chathura/Documents/git-projects/Robotics-and-Automation-Labs/lab5/install/rviz_marker_tools/share/rviz_marker_tools/environment/path.dsv
[5.951s] -- Installing: /home/chathura/Documents/git-projects/Robotics-and-Automation-Labs/lab5/install/rviz_marker_tools/share/rviz_marker_tools/local_setup.bash
[5.951s] -- Installing: /home/chathura/Documents/git-projects/Robotics-and-Automation-Labs/lab5/install/rviz_marker_tools/share/rviz_marker_tools/local_setup.sh
[5.951s] -- Installing: /home/chathura/Documents/git-projects/Robotics-and-Automation-Labs/lab5/install/rviz_marker_tools/share/rviz_marker_tools/local_setup.zsh
[5.951s] -- Installing: /home/chathura/Documents/git-projects/Robotics-and-Automation-Labs/lab5/install/rviz_marker_tools/share/rviz_marker_tools/local_setup.dsv
[5.951s] -- Installing: /home/chathura/Documents/git-projects/Robotics-and-Automation-Labs/lab5/install/rviz_marker_tools/share/rviz_marker_tools/package.dsv
[5.952s] -- Installing: /home/chathura/Documents/git-projects/Robotics-and-Automation-Labs/lab5/install/rviz_marker_tools/share/ament_index/resource_index/packages/rviz_marker_tools
[5.952s] -- Installing: /home/chathura/Documents/git-projects/Robotics-and-Automation-Labs/lab5/install/rviz_marker_tools/share/rviz_marker_tools/cmake/rviz_marker_toolsTargetsExport.cmake
[5.952s] -- Installing: /home/chathura/Documents/git-projects/Robotics-and-Automation-Labs/lab5/install/rviz_marker_tools/share/rviz_marker_tools/cmake/rviz_marker_toolsTargetsExport-release.cmake
[5.952s] -- Installing: /home/chathura/Documents/git-projects/Robotics-and-Automation-Labs/lab5/install/rviz_marker_tools/share/rviz_marker_tools/cmake/ament_cmake_export_targets-extras.cmake
[5.952s] -- Installing: /home/chathura/Documents/git-projects/Robotics-and-Automation-Labs/lab5/install/rviz_marker_tools/share/rviz_marker_tools/cmake/ament_cmake_export_dependencies-extras.cmake
[5.952s] -- Installing: /home/chathura/Documents/git-projects/Robotics-and-Automation-Labs/lab5/install/rviz_marker_tools/share/rviz_marker_tools/cmake/rviz_marker_toolsConfig.cmake
[5.953s] -- Installing: /home/chathura/Documents/git-projects/Robotics-and-Automation-Labs/lab5/install/rviz_marker_tools/share/rviz_marker_tools/cmake/rviz_marker_toolsConfig-version.cmake
[5.953s] -- Installing: /home/chathura/Documents/git-projects/Robotics-and-Automation-Labs/lab5/install/rviz_marker_tools/share/rviz_marker_tools/package.xml
[5.954s] Invoked command in '/home/chathura/Documents/git-projects/Robotics-and-Automation-Labs/lab5/build/rviz_marker_tools' returned '0': AMENT_PREFIX_PATH=/home/chathura/Documents/git-projects/Robotics-and-Automation-Labs/lab5/install/moveit_common:${AMENT_PREFIX_PATH} CMAKE_PREFIX_PATH=/home/chathura/Documents/git-projects/Robotics-and-Automation-Labs/lab5/install/moveit_common:/opt/ros/humble /usr/bin/cmake --install /home/chathura/Documents/git-projects/Robotics-and-Automation-Labs/lab5/build/rviz_marker_tools
