[0.075s] Invoking command in '/home/tharusha/Documents/Robotics/lab08/tiago_public_ws/build/pmb2_controller_configuration': AMENT_PREFIX_PATH=/home/tharusha/Documents/Robotics/lab08/tiago_public_ws/install/launch_pal:${AMENT_PREFIX_PATH} CMAKE_PREFIX_PATH=${CMAKE_PREFIX_PATH}:/home/tharusha/robotics/install/launch_param_builder:/home/tharusha/robotics/install/broadcaster_listener:/home/tharusha/lab05/install/moveit_configs_utils:/home/tharusha/lab05/install/launch_param_builder:/opt/ros/humble PYTHONPATH=/home/tharusha/Documents/Robotics/lab08/tiago_public_ws/build/launch_pal:/home/tharusha/Documents/Robotics/lab08/tiago_public_ws/install/launch_pal/lib/python3.10/site-packages:${PYTHONPATH} /usr/bin/cmake /home/tharusha/Documents/Robotics/lab08/tiago_public_ws/src/pmb2_robot/pmb2_controller_configuration -DAMENT_CMAKE_SYMLINK_INSTALL=1 -DCMAKE_INSTALL_PREFIX=/home/tharusha/Documents/Robotics/lab08/tiago_public_ws/install/pmb2_controller_configuration
[0.351s] -- The C compiler identification is GNU 11.4.0
[0.583s] -- The CXX compiler identification is GNU 11.4.0
[0.614s] -- Detecting C compiler ABI info
[0.965s] -- Detecting C compiler ABI info - done
[0.993s] -- Check for working C compiler: /usr/bin/cc - skipped
[0.994s] -- Detecting C compile features
[0.996s] -- Detecting C compile features - done
[1.007s] -- Detecting CXX compiler ABI info
[1.423s] -- Detecting CXX compiler ABI info - done
[1.437s] -- Check for working CXX compiler: /usr/bin/c++ - skipped
[1.438s] -- Detecting CXX compile features
[1.440s] -- Detecting CXX compile features - done
[1.475s] -- Found ament_cmake_auto: 1.3.8 (/opt/ros/humble/share/ament_cmake_auto/cmake)
[2.141s] -- Found Python3: /usr/bin/python3 (found version "3.10.12") found components: Interpreter 
[2.369s] -- Override CMake install command with custom implementation using symlinks instead of copying resources
[3.074s] -- Found ament_lint_auto: 0.12.10 (/opt/ros/humble/share/ament_lint_auto/cmake)
[3.358s] -- Added test 'copyright' to check source files copyright and LICENSE
[3.369s] -- Added test 'flake8' to check Python code syntax and style conventions
[3.376s] -- Added test 'lint_cmake' to check CMake code style
[3.380s] -- Added test 'pep257' to check Python code against some of the docstring style conventions in PEP 257
[3.387s] -- Added test 'xmllint' to check XML markup files
[3.397s] -- Configuring done
[3.406s] -- Generating done
[3.409s] -- Build files have been written to: /home/tharusha/Documents/Robotics/lab08/tiago_public_ws/build/pmb2_controller_configuration
[3.430s] Invoked command in '/home/tharusha/Documents/Robotics/lab08/tiago_public_ws/build/pmb2_controller_configuration' returned '0': AMENT_PREFIX_PATH=/home/tharusha/Documents/Robotics/lab08/tiago_public_ws/install/launch_pal:${AMENT_PREFIX_PATH} CMAKE_PREFIX_PATH=${CMAKE_PREFIX_PATH}:/home/tharusha/robotics/install/launch_param_builder:/home/tharusha/robotics/install/broadcaster_listener:/home/tharusha/lab05/install/moveit_configs_utils:/home/tharusha/lab05/install/launch_param_builder:/opt/ros/humble PYTHONPATH=/home/tharusha/Documents/Robotics/lab08/tiago_public_ws/build/launch_pal:/home/tharusha/Documents/Robotics/lab08/tiago_public_ws/install/launch_pal/lib/python3.10/site-packages:${PYTHONPATH} /usr/bin/cmake /home/tharusha/Documents/Robotics/lab08/tiago_public_ws/src/pmb2_robot/pmb2_controller_configuration -DAMENT_CMAKE_SYMLINK_INSTALL=1 -DCMAKE_INSTALL_PREFIX=/home/tharusha/Documents/Robotics/lab08/tiago_public_ws/install/pmb2_controller_configuration
[3.435s] Invoking command in '/home/tharusha/Documents/Robotics/lab08/tiago_public_ws/build/pmb2_controller_configuration': AMENT_PREFIX_PATH=/home/tharusha/Documents/Robotics/lab08/tiago_public_ws/install/launch_pal:${AMENT_PREFIX_PATH} CMAKE_PREFIX_PATH=${CMAKE_PREFIX_PATH}:/home/tharusha/robotics/install/launch_param_builder:/home/tharusha/robotics/install/broadcaster_listener:/home/tharusha/lab05/install/moveit_configs_utils:/home/tharusha/lab05/install/launch_param_builder:/opt/ros/humble PYTHONPATH=/home/tharusha/Documents/Robotics/lab08/tiago_public_ws/build/launch_pal:/home/tharusha/Documents/Robotics/lab08/tiago_public_ws/install/launch_pal/lib/python3.10/site-packages:${PYTHONPATH} /usr/bin/cmake --build /home/tharusha/Documents/Robotics/lab08/tiago_public_ws/build/pmb2_controller_configuration -- -j12 -l12
[4.441s] Invoked command in '/home/tharusha/Documents/Robotics/lab08/tiago_public_ws/build/pmb2_controller_configuration' returned '0': AMENT_PREFIX_PATH=/home/tharusha/Documents/Robotics/lab08/tiago_public_ws/install/launch_pal:${AMENT_PREFIX_PATH} CMAKE_PREFIX_PATH=${CMAKE_PREFIX_PATH}:/home/tharusha/robotics/install/launch_param_builder:/home/tharusha/robotics/install/broadcaster_listener:/home/tharusha/lab05/install/moveit_configs_utils:/home/tharusha/lab05/install/launch_param_builder:/opt/ros/humble PYTHONPATH=/home/tharusha/Documents/Robotics/lab08/tiago_public_ws/build/launch_pal:/home/tharusha/Documents/Robotics/lab08/tiago_public_ws/install/launch_pal/lib/python3.10/site-packages:${PYTHONPATH} /usr/bin/cmake --build /home/tharusha/Documents/Robotics/lab08/tiago_public_ws/build/pmb2_controller_configuration -- -j12 -l12
[4.534s] Invoking command in '/home/tharusha/Documents/Robotics/lab08/tiago_public_ws/build/pmb2_controller_configuration': AMENT_PREFIX_PATH=/home/tharusha/Documents/Robotics/lab08/tiago_public_ws/install/launch_pal:${AMENT_PREFIX_PATH} CMAKE_PREFIX_PATH=${CMAKE_PREFIX_PATH}:/home/tharusha/robotics/install/launch_param_builder:/home/tharusha/robotics/install/broadcaster_listener:/home/tharusha/lab05/install/moveit_configs_utils:/home/tharusha/lab05/install/launch_param_builder:/opt/ros/humble PYTHONPATH=/home/tharusha/Documents/Robotics/lab08/tiago_public_ws/build/launch_pal:/home/tharusha/Documents/Robotics/lab08/tiago_public_ws/install/launch_pal/lib/python3.10/site-packages:${PYTHONPATH} /usr/bin/cmake --install /home/tharusha/Documents/Robotics/lab08/tiago_public_ws/build/pmb2_controller_configuration
[4.644s] -- Install configuration: ""
[4.644s] -- Execute custom install script
[4.644s] -- Symlinking: /home/tharusha/Documents/Robotics/lab08/tiago_public_ws/install/pmb2_controller_configuration/share/pmb2_controller_configuration/config/gazebo_controller_manager_cfg.yaml
[4.644s] -- Symlinking: /home/tharusha/Documents/Robotics/lab08/tiago_public_ws/install/pmb2_controller_configuration/share/pmb2_controller_configuration/config/joint_state_broadcaster.yaml
[4.644s] -- Symlinking: /home/tharusha/Documents/Robotics/lab08/tiago_public_ws/install/pmb2_controller_configuration/share/pmb2_controller_configuration/config/mobile_base_controller.yaml
[4.665s] -- Symlinking: /home/tharusha/Documents/Robotics/lab08/tiago_public_ws/install/pmb2_controller_configuration/share/pmb2_controller_configuration/launch/default_controllers.launch.py
[4.690s] -- Symlinking: /home/tharusha/Documents/Robotics/lab08/tiago_public_ws/install/pmb2_controller_configuration/share/pmb2_controller_configuration/launch/joint_state_broadcaster.launch.py
[4.720s] -- Symlinking: /home/tharusha/Documents/Robotics/lab08/tiago_public_ws/install/pmb2_controller_configuration/share/pmb2_controller_configuration/launch/mobile_base_controller.launch.py
[4.747s] -- Symlinking: /home/tharusha/Documents/Robotics/lab08/tiago_public_ws/install/pmb2_controller_configuration/share/ament_index/resource_index/package_run_dependencies/pmb2_controller_configuration
[4.774s] -- Symlinking: /home/tharusha/Documents/Robotics/lab08/tiago_public_ws/install/pmb2_controller_configuration/share/ament_index/resource_index/parent_prefix_path/pmb2_controller_configuration
[4.799s] -- Symlinking: /home/tharusha/Documents/Robotics/lab08/tiago_public_ws/install/pmb2_controller_configuration/share/pmb2_controller_configuration/environment/ament_prefix_path.sh
[4.828s] -- Symlinking: /home/tharusha/Documents/Robotics/lab08/tiago_public_ws/install/pmb2_controller_configuration/share/pmb2_controller_configuration/environment/ament_prefix_path.dsv
[4.853s] -- Symlinking: /home/tharusha/Documents/Robotics/lab08/tiago_public_ws/install/pmb2_controller_configuration/share/pmb2_controller_configuration/environment/path.sh
[4.878s] -- Symlinking: /home/tharusha/Documents/Robotics/lab08/tiago_public_ws/install/pmb2_controller_configuration/share/pmb2_controller_configuration/environment/path.dsv
[4.902s] -- Symlinking: /home/tharusha/Documents/Robotics/lab08/tiago_public_ws/install/pmb2_controller_configuration/share/pmb2_controller_configuration/local_setup.bash
[4.932s] -- Symlinking: /home/tharusha/Documents/Robotics/lab08/tiago_public_ws/install/pmb2_controller_configuration/share/pmb2_controller_configuration/local_setup.sh
[4.957s] -- Symlinking: /home/tharusha/Documents/Robotics/lab08/tiago_public_ws/install/pmb2_controller_configuration/share/pmb2_controller_configuration/local_setup.zsh
[4.987s] -- Symlinking: /home/tharusha/Documents/Robotics/lab08/tiago_public_ws/install/pmb2_controller_configuration/share/pmb2_controller_configuration/local_setup.dsv
[5.020s] -- Symlinking: /home/tharusha/Documents/Robotics/lab08/tiago_public_ws/install/pmb2_controller_configuration/share/pmb2_controller_configuration/package.dsv
[5.044s] -- Symlinking: /home/tharusha/Documents/Robotics/lab08/tiago_public_ws/install/pmb2_controller_configuration/share/ament_index/resource_index/packages/pmb2_controller_configuration
[5.067s] -- Symlinking: /home/tharusha/Documents/Robotics/lab08/tiago_public_ws/install/pmb2_controller_configuration/share/pmb2_controller_configuration/cmake/pmb2_controller_configurationConfig.cmake
[5.092s] -- Symlinking: /home/tharusha/Documents/Robotics/lab08/tiago_public_ws/install/pmb2_controller_configuration/share/pmb2_controller_configuration/cmake/pmb2_controller_configurationConfig-version.cmake
[5.116s] -- Symlinking: /home/tharusha/Documents/Robotics/lab08/tiago_public_ws/install/pmb2_controller_configuration/share/pmb2_controller_configuration/package.xml
[5.153s] Invoked command in '/home/tharusha/Documents/Robotics/lab08/tiago_public_ws/build/pmb2_controller_configuration' returned '0': AMENT_PREFIX_PATH=/home/tharusha/Documents/Robotics/lab08/tiago_public_ws/install/launch_pal:${AMENT_PREFIX_PATH} CMAKE_PREFIX_PATH=${CMAKE_PREFIX_PATH}:/home/tharusha/robotics/install/launch_param_builder:/home/tharusha/robotics/install/broadcaster_listener:/home/tharusha/lab05/install/moveit_configs_utils:/home/tharusha/lab05/install/launch_param_builder:/opt/ros/humble PYTHONPATH=/home/tharusha/Documents/Robotics/lab08/tiago_public_ws/build/launch_pal:/home/tharusha/Documents/Robotics/lab08/tiago_public_ws/install/launch_pal/lib/python3.10/site-packages:${PYTHONPATH} /usr/bin/cmake --install /home/tharusha/Documents/Robotics/lab08/tiago_public_ws/build/pmb2_controller_configuration
