[0.069s] Invoking command in '/home/chathura/Documents/git-projects/Robotics-and-Automation-Labs/lab5/build/moveit_setup_core_plugins': AMENT_PREFIX_PATH=/home/chathura/Documents/git-projects/Robotics-and-Automation-Labs/lab5/install/moveit_setup_framework:/home/chathura/Documents/git-projects/Robotics-and-Automation-Labs/lab5/install/moveit_ros_visualization:/home/chathura/Documents/git-projects/Robotics-and-Automation-Labs/lab5/install/moveit_ros_planning_interface:/home/chathura/Documents/git-projects/Robotics-and-Automation-Labs/lab5/install/moveit_ros_move_group:/home/chathura/Documents/git-projects/Robotics-and-Automation-Labs/lab5/install/moveit_ros_warehouse:/home/chathura/Documents/git-projects/Robotics-and-Automation-Labs/lab5/install/moveit_ros_robot_interaction:/home/chathura/Documents/git-projects/Robotics-and-Automation-Labs/lab5/install/moveit_kinematics:/home/chathura/Documents/git-projects/Robotics-and-Automation-Labs/lab5/install/moveit_ros_planning:/home/chathura/Documents/git-projects/Robotics-and-Automation-Labs/lab5/install/moveit_ros_occupancy_map_monitor:/home/chathura/Documents/git-projects/Robotics-and-Automation-Labs/lab5/install/moveit_core:/home/chathura/Documents/git-projects/Robotics-and-Automation-Labs/lab5/install/srdfdom:/home/chathura/Documents/git-projects/Robotics-and-Automation-Labs/lab5/install/moveit_common:${AMENT_PREFIX_PATH} CMAKE_PREFIX_PATH=/home/chathura/Documents/git-projects/Robotics-and-Automation-Labs/lab5/install/moveit_setup_framework:/home/chathura/Documents/git-projects/Robotics-and-Automation-Labs/lab5/install/moveit_ros_visualization:/home/chathura/Documents/git-projects/Robotics-and-Automation-Labs/lab5/install/moveit_ros_planning_interface:/home/chathura/Documents/git-projects/Robotics-and-Automation-Labs/lab5/install/moveit_ros_move_group:/home/chathura/Documents/git-projects/Robotics-and-Automation-Labs/lab5/install/moveit_ros_warehouse:/home/chathura/Documents/git-projects/Robotics-and-Automation-Labs/lab5/install/moveit_ros_robot_interaction:/home/chathura/Documents/git-projects/Robotics-and-Automation-Labs/lab5/install/moveit_kinematics:/home/chathura/Documents/git-projects/Robotics-and-Automation-Labs/lab5/install/moveit_ros_planning:/home/chathura/Documents/git-projects/Robotics-and-Automation-Labs/lab5/install/moveit_ros_occupancy_map_monitor:/home/chathura/Documents/git-projects/Robotics-and-Automation-Labs/lab5/install/moveit_core:/home/chathura/Documents/git-projects/Robotics-and-Automation-Labs/lab5/install/srdfdom:/home/chathura/Documents/git-projects/Robotics-and-Automation-Labs/lab5/install/moveit_common:/opt/ros/humble LD_LIBRARY_PATH=/home/chathura/Documents/git-projects/Robotics-and-Automation-Labs/lab5/install/moveit_setup_framework/lib:/home/chathura/Documents/git-projects/Robotics-and-Automation-Labs/lab5/install/moveit_ros_visualization/lib:/home/chathura/Documents/git-projects/Robotics-and-Automation-Labs/lab5/install/moveit_ros_planning_interface/lib:/home/chathura/Documents/git-projects/Robotics-and-Automation-Labs/lab5/install/moveit_ros_move_group/lib:/home/chathura/Documents/git-projects/Robotics-and-Automation-Labs/lab5/install/moveit_ros_warehouse/lib:/home/chathura/Documents/git-projects/Robotics-and-Automation-Labs/lab5/install/moveit_ros_robot_interaction/lib:/home/chathura/Documents/git-projects/Robotics-and-Automation-Labs/lab5/install/moveit_kinematics/lib:/home/chathura/Documents/git-projects/Robotics-and-Automation-Labs/lab5/install/moveit_ros_planning/lib:/home/chathura/Documents/git-projects/Robotics-and-Automation-Labs/lab5/install/moveit_ros_occupancy_map_monitor/lib:/home/chathura/Documents/git-projects/Robotics-and-Automation-Labs/lab5/install/moveit_core/lib:/home/chathura/Documents/git-projects/Robotics-and-Automation-Labs/lab5/install/srdfdom/lib:${LD_LIBRARY_PATH} PATH=/home/chathura/Documents/git-projects/Robotics-and-Automation-Labs/lab5/install/moveit_core/bin:${PATH} PYTHONPATH=/home/chathura/Documents/git-projects/Robotics-and-Automation-Labs/lab5/install/srdfdom/local/lib/python3.10/dist-packages:${PYTHONPATH} /usr/bin/cmake /home/chathura/Documents/git-projects/Robotics-and-Automation-Labs/lab5/src/moveit2/moveit_setup_assistant/moveit_setup_core_plugins -DCMAKE_BUILD_TYPE=Release -DCMAKE_INSTALL_PREFIX=/home/chathura/Documents/git-projects/Robotics-and-Automation-Labs/lab5/install/moveit_setup_core_plugins
[0.119s] -- The C compiler identification is GNU 11.4.0
[0.165s] -- The CXX compiler identification is GNU 11.4.0
[0.172s] -- Detecting C compiler ABI info
[0.238s] -- Detecting C compiler ABI info - done
[0.243s] -- Check for working C compiler: /usr/bin/cc - skipped
[0.243s] -- Detecting C compile features
[0.244s] -- Detecting C compile features - done
[0.246s] -- Detecting CXX compiler ABI info
[0.322s] -- Detecting CXX compiler ABI info - done
[0.327s] -- Check for working CXX compiler: /usr/bin/c++ - skipped
[0.327s] -- Detecting CXX compile features
[0.327s] -- Detecting CXX compile features - done
[0.329s] -- Found moveit_common: 2.5.5 (/home/chathura/Documents/git-projects/Robotics-and-Automation-Labs/lab5/install/moveit_common/share/moveit_common/cmake)
[0.333s] -- Found ament_cmake: 1.3.8 (/opt/ros/humble/share/ament_cmake/cmake)
[0.450s] -- Found Python3: /usr/bin/python3 (found version "3.10.12") found components: Interpreter 
[0.604s] -- Found libdw: /usr/lib/x86_64-linux-gnu/libdw.so  
[0.610s] -- Could NOT find libbfd (missing: LIBBFD_LIBRARY LIBBFD_INCLUDE_DIR) 
[0.610s] -- BACKWARD_HAS_UNWIND=1
[0.610s] -- BACKWARD_HAS_BACKTRACE=0
[0.610s] -- BACKWARD_HAS_BACKTRACE_SYMBOL=0
[0.610s] -- BACKWARD_HAS_DW=1
[0.610s] -- BACKWARD_HAS_BFD=0
[0.610s] -- Found Backward: /opt/ros/humble/share/backward_ros/cmake  
[0.613s] -- Found ament_cmake_ros: 0.10.0 (/opt/ros/humble/share/ament_cmake_ros/cmake)
[0.626s] -- Found ament_index_cpp: 1.4.0 (/opt/ros/humble/share/ament_index_cpp/cmake)
[0.627s] -- Found moveit_ros_visualization: 2.5.5 (/home/chathura/Documents/git-projects/Robotics-and-Automation-Labs/lab5/install/moveit_ros_visualization/share/moveit_ros_visualization/cmake)
[0.832s] -- Found Boost: /usr/lib/x86_64-linux-gnu/cmake/Boost-1.74.0/BoostConfig.cmake (found version "1.74.0") found components: thread date_time system filesystem 
[0.861s] -- Found Boost: /usr/lib/x86_64-linux-gnu/cmake/Boost-1.74.0/BoostConfig.cmake (found version "1.74.0") found components: filesystem 
[0.920s] -- Found rosidl_generator_c: 3.1.5 (/opt/ros/humble/share/rosidl_generator_c/cmake)
[0.928s] -- Found rosidl_adapter: 3.1.5 (/opt/ros/humble/share/rosidl_adapter/cmake)
[0.938s] -- Found rosidl_generator_cpp: 3.1.5 (/opt/ros/humble/share/rosidl_generator_cpp/cmake)
[0.952s] -- Using all available rosidl_typesupport_c: rosidl_typesupport_fastrtps_c;rosidl_typesupport_introspection_c
[0.968s] -- Using all available rosidl_typesupport_cpp: rosidl_typesupport_fastrtps_cpp;rosidl_typesupport_introspection_cpp
[1.141s] -- Found rmw_implementation_cmake: 6.1.1 (/opt/ros/humble/share/rmw_implementation_cmake/cmake)
[1.145s] -- Found rmw_fastrtps_cpp: 6.2.6 (/opt/ros/humble/share/rmw_fastrtps_cpp/cmake)
[1.259s] -- Found OpenSSL: /usr/lib/x86_64-linux-gnu/libcrypto.so (found version "3.0.2")  
[1.284s] -- Found FastRTPS: /opt/ros/humble/include  
[1.334s] -- Using RMW implementation 'rmw_fastrtps_cpp' as default
[1.347s] -- Found Threads: TRUE  
[1.536s] -- library: /usr/lib/x86_64-linux-gnu/libcurl.so
[1.790s] -- Found Boost: /usr/lib/x86_64-linux-gnu/cmake/Boost-1.74.0/BoostConfig.cmake (found version "1.74.0") found components: system filesystem date_time program_options thread chrono 
[2.148s] -- Found Boost: /usr/lib/x86_64-linux-gnu/cmake/Boost-1.74.0/BoostConfig.cmake (found version "1.74.0") found components: chrono date_time filesystem iostreams program_options regex serialization system thread 
[2.186s] -- Found parameter_traits: 0.3.7 (/opt/ros/humble/share/parameter_traits/cmake)
[2.203s] -- Found Eigen3: TRUE (found version "3.4.0") 
[2.207s] -- Found rclcpp_lifecycle: 16.0.8 (/opt/ros/humble/share/rclcpp_lifecycle/cmake)
[2.263s] -- Ensuring Eigen3 include directory is part of orocos-kdl CMake target
[3.306s] -- Found Boost: /usr/lib/x86_64-linux-gnu/cmake/Boost-1.74.0/BoostConfig.cmake (found version "1.74.0") found components: date_time filesystem program_options system thread 
[3.450s] -- Found Boost: /usr/lib/x86_64-linux-gnu/cmake/Boost-1.74.0/BoostConfig.cmake (found version "1.74.0") found components: thread system filesystem regex date_time program_options 
[3.634s] -- Found Boost: /usr/lib/x86_64-linux-gnu/cmake/Boost-1.74.0/BoostConfig.cmake (found version "1.74.0") found components: system filesystem date_time program_options thread 
[4.498s] -- Setting OGRE_DIR to: '/opt/ros/humble/share/rviz_ogre_vendor/cmake/../../../opt/rviz_ogre_vendor/lib/OGRE/cmake'
[4.499s] -- Found OGRE
[4.499s] --   static     : OFF
[4.499s] --   components : HLMS;MeshLodGenerator;Overlay;Paging;Property;RTShaderSystem;Terrain;Volume
[4.499s] --   plugins    : Plugin_BSPSceneManager;Plugin_OctreeSceneManager;Plugin_PCZSceneManager;Plugin_ParticleFX;RenderSystem_GL;RenderSystem_GL3Plus;Codec_STBI
[4.499s] --   media      : /opt/ros/humble/opt/rviz_ogre_vendor/share/OGRE/Media
[4.499s] -- OGRE_LIBRARIES: OgreHLMS;OgreMeshLodGenerator;OgreOverlay;OgrePaging;OgreProperty;OgreRTShaderSystem;OgreTerrain;OgreVolume;OgreMain
[4.499s] -- OGRE_LIBRARY_DIRS: /opt/ros/humble/opt/rviz_ogre_vendor/lib
[4.499s] -- OGRE_PLUGINS: Plugin_BSPSceneManager;Plugin_OctreeSceneManager;Plugin_PCZSceneManager;Plugin_ParticleFX;RenderSystem_GL;RenderSystem_GL3Plus;Codec_STBI
[4.499s] -- OGRE_PLUGIN_DIR: /opt/ros/humble/opt/rviz_ogre_vendor/lib/OGRE
[4.499s] -- rviz_ogre_vendor::OgreOverlay for IMPORTED_LOCATION_RELEASE: /opt/ros/humble/opt/rviz_ogre_vendor/lib/libOgreOverlay.so
[4.499s] -- rviz_ogre_vendor::OgreOverlay for IMPORTED_LOCATION_DEBUG: /opt/ros/humble/opt/rviz_ogre_vendor/lib/libOgreOverlay.so
[4.499s] -- rviz_ogre_vendor::OgreMain for IMPORTED_LOCATION_RELEASE: /opt/ros/humble/opt/rviz_ogre_vendor/lib/libOgreMain.so
[4.499s] -- rviz_ogre_vendor::OgreMain for IMPORTED_LOCATION_DEBUG: /opt/ros/humble/opt/rviz_ogre_vendor/lib/libOgreMain.so
[4.516s] -- Found ZLIB: /usr/lib/x86_64-linux-gnu/libz.so (found version "1.2.11") 
[4.520s] -- Found OpenGL: /usr/lib/x86_64-linux-gnu/libOpenGL.so   
[4.618s] -- Found X11: /usr/include   
[4.618s] -- Looking for XOpenDisplay in /usr/lib/x86_64-linux-gnu/libX11.so;/usr/lib/x86_64-linux-gnu/libXext.so
[4.706s] -- Looking for XOpenDisplay in /usr/lib/x86_64-linux-gnu/libX11.so;/usr/lib/x86_64-linux-gnu/libXext.so - found
[4.706s] -- Looking for gethostbyname
[4.791s] -- Looking for gethostbyname - found
[4.792s] -- Looking for connect
[4.876s] -- Looking for connect - found
[4.876s] -- Looking for remove
[4.960s] -- Looking for remove - found
[4.960s] -- Looking for shmat
[5.043s] -- Looking for shmat - found
[5.043s] -- Looking for IceConnectionNumber in ICE
[5.129s] -- Looking for IceConnectionNumber in ICE - found
[5.132s] -- rviz_ogre_vendor::RenderSystem_GL for IMPORTED_LOCATION_RELEASE: _render_system_gl_static_library_abs-NOTFOUND
[5.132s] -- rviz_ogre_vendor::RenderSystem_GL for IMPORTED_LOCATION_DEBUG: _render_system_gl_static_library_abs-NOTFOUND
[5.590s] -- Found moveit_setup_framework: 2.5.5 (/home/chathura/Documents/git-projects/Robotics-and-Automation-Labs/lab5/install/moveit_setup_framework/share/moveit_setup_framework/cmake)
[5.766s] -- Found ament_lint_auto: 0.12.10 (/opt/ros/humble/share/ament_lint_auto/cmake)
[5.799s] -- Added test 'lint_cmake' to check CMake code style
[5.800s] -- Added test 'xmllint' to check XML markup files
[5.803s] -- Configuring done
[5.858s] -- Generating done
[5.860s] -- Build files have been written to: /home/chathura/Documents/git-projects/Robotics-and-Automation-Labs/lab5/build/moveit_setup_core_plugins
[5.874s] Invoked command in '/home/chathura/Documents/git-projects/Robotics-and-Automation-Labs/lab5/build/moveit_setup_core_plugins' returned '0': AMENT_PREFIX_PATH=/home/chathura/Documents/git-projects/Robotics-and-Automation-Labs/lab5/install/moveit_setup_framework:/home/chathura/Documents/git-projects/Robotics-and-Automation-Labs/lab5/install/moveit_ros_visualization:/home/chathura/Documents/git-projects/Robotics-and-Automation-Labs/lab5/install/moveit_ros_planning_interface:/home/chathura/Documents/git-projects/Robotics-and-Automation-Labs/lab5/install/moveit_ros_move_group:/home/chathura/Documents/git-projects/Robotics-and-Automation-Labs/lab5/install/moveit_ros_warehouse:/home/chathura/Documents/git-projects/Robotics-and-Automation-Labs/lab5/install/moveit_ros_robot_interaction:/home/chathura/Documents/git-projects/Robotics-and-Automation-Labs/lab5/install/moveit_kinematics:/home/chathura/Documents/git-projects/Robotics-and-Automation-Labs/lab5/install/moveit_ros_planning:/home/chathura/Documents/git-projects/Robotics-and-Automation-Labs/lab5/install/moveit_ros_occupancy_map_monitor:/home/chathura/Documents/git-projects/Robotics-and-Automation-Labs/lab5/install/moveit_core:/home/chathura/Documents/git-projects/Robotics-and-Automation-Labs/lab5/install/srdfdom:/home/chathura/Documents/git-projects/Robotics-and-Automation-Labs/lab5/install/moveit_common:${AMENT_PREFIX_PATH} CMAKE_PREFIX_PATH=/home/chathura/Documents/git-projects/Robotics-and-Automation-Labs/lab5/install/moveit_setup_framework:/home/chathura/Documents/git-projects/Robotics-and-Automation-Labs/lab5/install/moveit_ros_visualization:/home/chathura/Documents/git-projects/Robotics-and-Automation-Labs/lab5/install/moveit_ros_planning_interface:/home/chathura/Documents/git-projects/Robotics-and-Automation-Labs/lab5/install/moveit_ros_move_group:/home/chathura/Documents/git-projects/Robotics-and-Automation-Labs/lab5/install/moveit_ros_warehouse:/home/chathura/Documents/git-projects/Robotics-and-Automation-Labs/lab5/install/moveit_ros_robot_interaction:/home/chathura/Documents/git-projects/Robotics-and-Automation-Labs/lab5/install/moveit_kinematics:/home/chathura/Documents/git-projects/Robotics-and-Automation-Labs/lab5/install/moveit_ros_planning:/home/chathura/Documents/git-projects/Robotics-and-Automation-Labs/lab5/install/moveit_ros_occupancy_map_monitor:/home/chathura/Documents/git-projects/Robotics-and-Automation-Labs/lab5/install/moveit_core:/home/chathura/Documents/git-projects/Robotics-and-Automation-Labs/lab5/install/srdfdom:/home/chathura/Documents/git-projects/Robotics-and-Automation-Labs/lab5/install/moveit_common:/opt/ros/humble LD_LIBRARY_PATH=/home/chathura/Documents/git-projects/Robotics-and-Automation-Labs/lab5/install/moveit_setup_framework/lib:/home/chathura/Documents/git-projects/Robotics-and-Automation-Labs/lab5/install/moveit_ros_visualization/lib:/home/chathura/Documents/git-projects/Robotics-and-Automation-Labs/lab5/install/moveit_ros_planning_interface/lib:/home/chathura/Documents/git-projects/Robotics-and-Automation-Labs/lab5/install/moveit_ros_move_group/lib:/home/chathura/Documents/git-projects/Robotics-and-Automation-Labs/lab5/install/moveit_ros_warehouse/lib:/home/chathura/Documents/git-projects/Robotics-and-Automation-Labs/lab5/install/moveit_ros_robot_interaction/lib:/home/chathura/Documents/git-projects/Robotics-and-Automation-Labs/lab5/install/moveit_kinematics/lib:/home/chathura/Documents/git-projects/Robotics-and-Automation-Labs/lab5/install/moveit_ros_planning/lib:/home/chathura/Documents/git-projects/Robotics-and-Automation-Labs/lab5/install/moveit_ros_occupancy_map_monitor/lib:/home/chathura/Documents/git-projects/Robotics-and-Automation-Labs/lab5/install/moveit_core/lib:/home/chathura/Documents/git-projects/Robotics-and-Automation-Labs/lab5/install/srdfdom/lib:${LD_LIBRARY_PATH} PATH=/home/chathura/Documents/git-projects/Robotics-and-Automation-Labs/lab5/install/moveit_core/bin:${PATH} PYTHONPATH=/home/chathura/Documents/git-projects/Robotics-and-Automation-Labs/lab5/install/srdfdom/local/lib/python3.10/dist-packages:${PYTHONPATH} /usr/bin/cmake /home/chathura/Documents/git-projects/Robotics-and-Automation-Labs/lab5/src/moveit2/moveit_setup_assistant/moveit_setup_core_plugins -DCMAKE_BUILD_TYPE=Release -DCMAKE_INSTALL_PREFIX=/home/chathura/Documents/git-projects/Robotics-and-Automation-Labs/lab5/install/moveit_setup_core_plugins
[5.875s] Invoking command in '/home/chathura/Documents/git-projects/Robotics-and-Automation-Labs/lab5/build/moveit_setup_core_plugins': AMENT_PREFIX_PATH=/home/chathura/Documents/git-projects/Robotics-and-Automation-Labs/lab5/install/moveit_setup_framework:/home/chathura/Documents/git-projects/Robotics-and-Automation-Labs/lab5/install/moveit_ros_visualization:/home/chathura/Documents/git-projects/Robotics-and-Automation-Labs/lab5/install/moveit_ros_planning_interface:/home/chathura/Documents/git-projects/Robotics-and-Automation-Labs/lab5/install/moveit_ros_move_group:/home/chathura/Documents/git-projects/Robotics-and-Automation-Labs/lab5/install/moveit_ros_warehouse:/home/chathura/Documents/git-projects/Robotics-and-Automation-Labs/lab5/install/moveit_ros_robot_interaction:/home/chathura/Documents/git-projects/Robotics-and-Automation-Labs/lab5/install/moveit_kinematics:/home/chathura/Documents/git-projects/Robotics-and-Automation-Labs/lab5/install/moveit_ros_planning:/home/chathura/Documents/git-projects/Robotics-and-Automation-Labs/lab5/install/moveit_ros_occupancy_map_monitor:/home/chathura/Documents/git-projects/Robotics-and-Automation-Labs/lab5/install/moveit_core:/home/chathura/Documents/git-projects/Robotics-and-Automation-Labs/lab5/install/srdfdom:/home/chathura/Documents/git-projects/Robotics-and-Automation-Labs/lab5/install/moveit_common:${AMENT_PREFIX_PATH} CMAKE_PREFIX_PATH=/home/chathura/Documents/git-projects/Robotics-and-Automation-Labs/lab5/install/moveit_setup_framework:/home/chathura/Documents/git-projects/Robotics-and-Automation-Labs/lab5/install/moveit_ros_visualization:/home/chathura/Documents/git-projects/Robotics-and-Automation-Labs/lab5/install/moveit_ros_planning_interface:/home/chathura/Documents/git-projects/Robotics-and-Automation-Labs/lab5/install/moveit_ros_move_group:/home/chathura/Documents/git-projects/Robotics-and-Automation-Labs/lab5/install/moveit_ros_warehouse:/home/chathura/Documents/git-projects/Robotics-and-Automation-Labs/lab5/install/moveit_ros_robot_interaction:/home/chathura/Documents/git-projects/Robotics-and-Automation-Labs/lab5/install/moveit_kinematics:/home/chathura/Documents/git-projects/Robotics-and-Automation-Labs/lab5/install/moveit_ros_planning:/home/chathura/Documents/git-projects/Robotics-and-Automation-Labs/lab5/install/moveit_ros_occupancy_map_monitor:/home/chathura/Documents/git-projects/Robotics-and-Automation-Labs/lab5/install/moveit_core:/home/chathura/Documents/git-projects/Robotics-and-Automation-Labs/lab5/install/srdfdom:/home/chathura/Documents/git-projects/Robotics-and-Automation-Labs/lab5/install/moveit_common:/opt/ros/humble LD_LIBRARY_PATH=/home/chathura/Documents/git-projects/Robotics-and-Automation-Labs/lab5/install/moveit_setup_framework/lib:/home/chathura/Documents/git-projects/Robotics-and-Automation-Labs/lab5/install/moveit_ros_visualization/lib:/home/chathura/Documents/git-projects/Robotics-and-Automation-Labs/lab5/install/moveit_ros_planning_interface/lib:/home/chathura/Documents/git-projects/Robotics-and-Automation-Labs/lab5/install/moveit_ros_move_group/lib:/home/chathura/Documents/git-projects/Robotics-and-Automation-Labs/lab5/install/moveit_ros_warehouse/lib:/home/chathura/Documents/git-projects/Robotics-and-Automation-Labs/lab5/install/moveit_ros_robot_interaction/lib:/home/chathura/Documents/git-projects/Robotics-and-Automation-Labs/lab5/install/moveit_kinematics/lib:/home/chathura/Documents/git-projects/Robotics-and-Automation-Labs/lab5/install/moveit_ros_planning/lib:/home/chathura/Documents/git-projects/Robotics-and-Automation-Labs/lab5/install/moveit_ros_occupancy_map_monitor/lib:/home/chathura/Documents/git-projects/Robotics-and-Automation-Labs/lab5/install/moveit_core/lib:/home/chathura/Documents/git-projects/Robotics-and-Automation-Labs/lab5/install/srdfdom/lib:${LD_LIBRARY_PATH} PATH=/home/chathura/Documents/git-projects/Robotics-and-Automation-Labs/lab5/install/moveit_core/bin:${PATH} PYTHONPATH=/home/chathura/Documents/git-projects/Robotics-and-Automation-Labs/lab5/install/srdfdom/local/lib/python3.10/dist-packages:${PYTHONPATH} /usr/bin/cmake --build /home/chathura/Documents/git-projects/Robotics-and-Automation-Labs/lab5/build/moveit_setup_core_plugins -- -j16 -l16
[5.932s] [  6%] [34m[1mAutomatic MOC for target moveit_setup_core_plugins[0m
[5.963s] [  6%] Built target moveit_setup_core_plugins_autogen
[5.975s] [ 13%] [34m[1mGenerating include/moveit_setup_core_plugins/moc_start_screen_widget.cpp[0m
[5.975s] [ 20%] [34m[1mGenerating include/moveit_setup_core_plugins/moc_author_information_widget.cpp[0m
[5.975s] [ 26%] [34m[1mGenerating include/moveit_setup_core_plugins/moc_configuration_files_widget.cpp[0m
[6.002s] [ 40%] [32mBuilding CXX object CMakeFiles/moveit_setup_core_plugins.dir/moveit_setup_core_plugins_autogen/mocs_compilation.cpp.o[0m
[6.002s] [ 40%] [32mBuilding CXX object CMakeFiles/moveit_setup_core_plugins.dir/src/configuration_files_widget.cpp.o[0m
[6.002s] [ 46%] [32mBuilding CXX object CMakeFiles/moveit_setup_core_plugins.dir/include/moveit_setup_core_plugins/moc_start_screen_widget.cpp.o[0m
[6.002s] [ 53%] [32mBuilding CXX object CMakeFiles/moveit_setup_core_plugins.dir/include/moveit_setup_core_plugins/moc_configuration_files_widget.cpp.o[0m
[6.003s] [ 60%] [32mBuilding CXX object CMakeFiles/moveit_setup_core_plugins.dir/src/start_screen.cpp.o[0m
[6.003s] [ 66%] [32mBuilding CXX object CMakeFiles/moveit_setup_core_plugins.dir/src/start_screen_widget.cpp.o[0m
[6.003s] [ 73%] [32mBuilding CXX object CMakeFiles/moveit_setup_core_plugins.dir/src/configuration_files.cpp.o[0m
[6.004s] [ 80%] [32mBuilding CXX object CMakeFiles/moveit_setup_core_plugins.dir/src/author_information.cpp.o[0m
[6.004s] [ 86%] [32mBuilding CXX object CMakeFiles/moveit_setup_core_plugins.dir/src/author_information_widget.cpp.o[0m
[6.005s] [ 93%] [32mBuilding CXX object CMakeFiles/moveit_setup_core_plugins.dir/include/moveit_setup_core_plugins/moc_author_information_widget.cpp.o[0m
[18.555s] [100%] [32m[1mLinking CXX shared library libmoveit_setup_core_plugins.so[0m
[18.977s] [100%] Built target moveit_setup_core_plugins
[18.991s] Invoked command in '/home/chathura/Documents/git-projects/Robotics-and-Automation-Labs/lab5/build/moveit_setup_core_plugins' returned '0': AMENT_PREFIX_PATH=/home/chathura/Documents/git-projects/Robotics-and-Automation-Labs/lab5/install/moveit_setup_framework:/home/chathura/Documents/git-projects/Robotics-and-Automation-Labs/lab5/install/moveit_ros_visualization:/home/chathura/Documents/git-projects/Robotics-and-Automation-Labs/lab5/install/moveit_ros_planning_interface:/home/chathura/Documents/git-projects/Robotics-and-Automation-Labs/lab5/install/moveit_ros_move_group:/home/chathura/Documents/git-projects/Robotics-and-Automation-Labs/lab5/install/moveit_ros_warehouse:/home/chathura/Documents/git-projects/Robotics-and-Automation-Labs/lab5/install/moveit_ros_robot_interaction:/home/chathura/Documents/git-projects/Robotics-and-Automation-Labs/lab5/install/moveit_kinematics:/home/chathura/Documents/git-projects/Robotics-and-Automation-Labs/lab5/install/moveit_ros_planning:/home/chathura/Documents/git-projects/Robotics-and-Automation-Labs/lab5/install/moveit_ros_occupancy_map_monitor:/home/chathura/Documents/git-projects/Robotics-and-Automation-Labs/lab5/install/moveit_core:/home/chathura/Documents/git-projects/Robotics-and-Automation-Labs/lab5/install/srdfdom:/home/chathura/Documents/git-projects/Robotics-and-Automation-Labs/lab5/install/moveit_common:${AMENT_PREFIX_PATH} CMAKE_PREFIX_PATH=/home/chathura/Documents/git-projects/Robotics-and-Automation-Labs/lab5/install/moveit_setup_framework:/home/chathura/Documents/git-projects/Robotics-and-Automation-Labs/lab5/install/moveit_ros_visualization:/home/chathura/Documents/git-projects/Robotics-and-Automation-Labs/lab5/install/moveit_ros_planning_interface:/home/chathura/Documents/git-projects/Robotics-and-Automation-Labs/lab5/install/moveit_ros_move_group:/home/chathura/Documents/git-projects/Robotics-and-Automation-Labs/lab5/install/moveit_ros_warehouse:/home/chathura/Documents/git-projects/Robotics-and-Automation-Labs/lab5/install/moveit_ros_robot_interaction:/home/chathura/Documents/git-projects/Robotics-and-Automation-Labs/lab5/install/moveit_kinematics:/home/chathura/Documents/git-projects/Robotics-and-Automation-Labs/lab5/install/moveit_ros_planning:/home/chathura/Documents/git-projects/Robotics-and-Automation-Labs/lab5/install/moveit_ros_occupancy_map_monitor:/home/chathura/Documents/git-projects/Robotics-and-Automation-Labs/lab5/install/moveit_core:/home/chathura/Documents/git-projects/Robotics-and-Automation-Labs/lab5/install/srdfdom:/home/chathura/Documents/git-projects/Robotics-and-Automation-Labs/lab5/install/moveit_common:/opt/ros/humble LD_LIBRARY_PATH=/home/chathura/Documents/git-projects/Robotics-and-Automation-Labs/lab5/install/moveit_setup_framework/lib:/home/chathura/Documents/git-projects/Robotics-and-Automation-Labs/lab5/install/moveit_ros_visualization/lib:/home/chathura/Documents/git-projects/Robotics-and-Automation-Labs/lab5/install/moveit_ros_planning_interface/lib:/home/chathura/Documents/git-projects/Robotics-and-Automation-Labs/lab5/install/moveit_ros_move_group/lib:/home/chathura/Documents/git-projects/Robotics-and-Automation-Labs/lab5/install/moveit_ros_warehouse/lib:/home/chathura/Documents/git-projects/Robotics-and-Automation-Labs/lab5/install/moveit_ros_robot_interaction/lib:/home/chathura/Documents/git-projects/Robotics-and-Automation-Labs/lab5/install/moveit_kinematics/lib:/home/chathura/Documents/git-projects/Robotics-and-Automation-Labs/lab5/install/moveit_ros_planning/lib:/home/chathura/Documents/git-projects/Robotics-and-Automation-Labs/lab5/install/moveit_ros_occupancy_map_monitor/lib:/home/chathura/Documents/git-projects/Robotics-and-Automation-Labs/lab5/install/moveit_core/lib:/home/chathura/Documents/git-projects/Robotics-and-Automation-Labs/lab5/install/srdfdom/lib:${LD_LIBRARY_PATH} PATH=/home/chathura/Documents/git-projects/Robotics-and-Automation-Labs/lab5/install/moveit_core/bin:${PATH} PYTHONPATH=/home/chathura/Documents/git-projects/Robotics-and-Automation-Labs/lab5/install/srdfdom/local/lib/python3.10/dist-packages:${PYTHONPATH} /usr/bin/cmake --build /home/chathura/Documents/git-projects/Robotics-and-Automation-Labs/lab5/build/moveit_setup_core_plugins -- -j16 -l16
[19.039s] Invoking command in '/home/chathura/Documents/git-projects/Robotics-and-Automation-Labs/lab5/build/moveit_setup_core_plugins': AMENT_PREFIX_PATH=/home/chathura/Documents/git-projects/Robotics-and-Automation-Labs/lab5/install/moveit_setup_framework:/home/chathura/Documents/git-projects/Robotics-and-Automation-Labs/lab5/install/moveit_ros_visualization:/home/chathura/Documents/git-projects/Robotics-and-Automation-Labs/lab5/install/moveit_ros_planning_interface:/home/chathura/Documents/git-projects/Robotics-and-Automation-Labs/lab5/install/moveit_ros_move_group:/home/chathura/Documents/git-projects/Robotics-and-Automation-Labs/lab5/install/moveit_ros_warehouse:/home/chathura/Documents/git-projects/Robotics-and-Automation-Labs/lab5/install/moveit_ros_robot_interaction:/home/chathura/Documents/git-projects/Robotics-and-Automation-Labs/lab5/install/moveit_kinematics:/home/chathura/Documents/git-projects/Robotics-and-Automation-Labs/lab5/install/moveit_ros_planning:/home/chathura/Documents/git-projects/Robotics-and-Automation-Labs/lab5/install/moveit_ros_occupancy_map_monitor:/home/chathura/Documents/git-projects/Robotics-and-Automation-Labs/lab5/install/moveit_core:/home/chathura/Documents/git-projects/Robotics-and-Automation-Labs/lab5/install/srdfdom:/home/chathura/Documents/git-projects/Robotics-and-Automation-Labs/lab5/install/moveit_common:${AMENT_PREFIX_PATH} CMAKE_PREFIX_PATH=/home/chathura/Documents/git-projects/Robotics-and-Automation-Labs/lab5/install/moveit_setup_framework:/home/chathura/Documents/git-projects/Robotics-and-Automation-Labs/lab5/install/moveit_ros_visualization:/home/chathura/Documents/git-projects/Robotics-and-Automation-Labs/lab5/install/moveit_ros_planning_interface:/home/chathura/Documents/git-projects/Robotics-and-Automation-Labs/lab5/install/moveit_ros_move_group:/home/chathura/Documents/git-projects/Robotics-and-Automation-Labs/lab5/install/moveit_ros_warehouse:/home/chathura/Documents/git-projects/Robotics-and-Automation-Labs/lab5/install/moveit_ros_robot_interaction:/home/chathura/Documents/git-projects/Robotics-and-Automation-Labs/lab5/install/moveit_kinematics:/home/chathura/Documents/git-projects/Robotics-and-Automation-Labs/lab5/install/moveit_ros_planning:/home/chathura/Documents/git-projects/Robotics-and-Automation-Labs/lab5/install/moveit_ros_occupancy_map_monitor:/home/chathura/Documents/git-projects/Robotics-and-Automation-Labs/lab5/install/moveit_core:/home/chathura/Documents/git-projects/Robotics-and-Automation-Labs/lab5/install/srdfdom:/home/chathura/Documents/git-projects/Robotics-and-Automation-Labs/lab5/install/moveit_common:/opt/ros/humble LD_LIBRARY_PATH=/home/chathura/Documents/git-projects/Robotics-and-Automation-Labs/lab5/install/moveit_setup_framework/lib:/home/chathura/Documents/git-projects/Robotics-and-Automation-Labs/lab5/install/moveit_ros_visualization/lib:/home/chathura/Documents/git-projects/Robotics-and-Automation-Labs/lab5/install/moveit_ros_planning_interface/lib:/home/chathura/Documents/git-projects/Robotics-and-Automation-Labs/lab5/install/moveit_ros_move_group/lib:/home/chathura/Documents/git-projects/Robotics-and-Automation-Labs/lab5/install/moveit_ros_warehouse/lib:/home/chathura/Documents/git-projects/Robotics-and-Automation-Labs/lab5/install/moveit_ros_robot_interaction/lib:/home/chathura/Documents/git-projects/Robotics-and-Automation-Labs/lab5/install/moveit_kinematics/lib:/home/chathura/Documents/git-projects/Robotics-and-Automation-Labs/lab5/install/moveit_ros_planning/lib:/home/chathura/Documents/git-projects/Robotics-and-Automation-Labs/lab5/install/moveit_ros_occupancy_map_monitor/lib:/home/chathura/Documents/git-projects/Robotics-and-Automation-Labs/lab5/install/moveit_core/lib:/home/chathura/Documents/git-projects/Robotics-and-Automation-Labs/lab5/install/srdfdom/lib:${LD_LIBRARY_PATH} PATH=/home/chathura/Documents/git-projects/Robotics-and-Automation-Labs/lab5/install/moveit_core/bin:${PATH} PYTHONPATH=/home/chathura/Documents/git-projects/Robotics-and-Automation-Labs/lab5/install/srdfdom/local/lib/python3.10/dist-packages:${PYTHONPATH} /usr/bin/cmake --install /home/chathura/Documents/git-projects/Robotics-and-Automation-Labs/lab5/build/moveit_setup_core_plugins
[19.047s] -- Install configuration: "Release"
[19.048s] -- Installing: /home/chathura/Documents/git-projects/Robotics-and-Automation-Labs/lab5/install/moveit_setup_core_plugins/lib/libmoveit_setup_core_plugins.so
[19.048s] -- Set runtime path of "/home/chathura/Documents/git-projects/Robotics-and-Automation-Labs/lab5/install/moveit_setup_core_plugins/lib/libmoveit_setup_core_plugins.so" to ""
[19.048s] -- Installing: /home/chathura/Documents/git-projects/Robotics-and-Automation-Labs/lab5/install/moveit_setup_core_plugins/share/moveit_setup_core_plugins/moveit_setup_framework_plugins.xml
[19.048s] -- Installing: /home/chathura/Documents/git-projects/Robotics-and-Automation-Labs/lab5/install/moveit_setup_core_plugins/include
[19.048s] -- Installing: /home/chathura/Documents/git-projects/Robotics-and-Automation-Labs/lab5/install/moveit_setup_core_plugins/include/moveit_setup_core_plugins
[19.049s] -- Installing: /home/chathura/Documents/git-projects/Robotics-and-Automation-Labs/lab5/install/moveit_setup_core_plugins/include/moveit_setup_core_plugins/author_information_widget.hpp
[19.049s] -- Installing: /home/chathura/Documents/git-projects/Robotics-and-Automation-Labs/lab5/install/moveit_setup_core_plugins/include/moveit_setup_core_plugins/start_screen_widget.hpp
[19.049s] -- Installing: /home/chathura/Documents/git-projects/Robotics-and-Automation-Labs/lab5/install/moveit_setup_core_plugins/include/moveit_setup_core_plugins/configuration_files_widget.hpp
[19.049s] -- Installing: /home/chathura/Documents/git-projects/Robotics-and-Automation-Labs/lab5/install/moveit_setup_core_plugins/include/moveit_setup_core_plugins/author_information.hpp
[19.049s] -- Installing: /home/chathura/Documents/git-projects/Robotics-and-Automation-Labs/lab5/install/moveit_setup_core_plugins/include/moveit_setup_core_plugins/configuration_files.hpp
[19.049s] -- Installing: /home/chathura/Documents/git-projects/Robotics-and-Automation-Labs/lab5/install/moveit_setup_core_plugins/include/moveit_setup_core_plugins/start_screen.hpp
[19.049s] -- Installing: /home/chathura/Documents/git-projects/Robotics-and-Automation-Labs/lab5/install/moveit_setup_core_plugins/share/moveit_setup_core_plugins/environment/library_path.sh
[19.049s] -- Installing: /home/chathura/Documents/git-projects/Robotics-and-Automation-Labs/lab5/install/moveit_setup_core_plugins/share/moveit_setup_core_plugins/environment/library_path.dsv
[19.050s] -- Up-to-date: /home/chathura/Documents/git-projects/Robotics-and-Automation-Labs/lab5/install/moveit_setup_core_plugins/share/moveit_setup_core_plugins/moveit_setup_framework_plugins.xml
[19.050s] -- Installing: /home/chathura/Documents/git-projects/Robotics-and-Automation-Labs/lab5/install/moveit_setup_core_plugins/share/ament_index/resource_index/package_run_dependencies/moveit_setup_core_plugins
[19.050s] -- Installing: /home/chathura/Documents/git-projects/Robotics-and-Automation-Labs/lab5/install/moveit_setup_core_plugins/share/ament_index/resource_index/parent_prefix_path/moveit_setup_core_plugins
[19.050s] -- Installing: /home/chathura/Documents/git-projects/Robotics-and-Automation-Labs/lab5/install/moveit_setup_core_plugins/share/moveit_setup_core_plugins/environment/ament_prefix_path.sh
[19.050s] -- Installing: /home/chathura/Documents/git-projects/Robotics-and-Automation-Labs/lab5/install/moveit_setup_core_plugins/share/moveit_setup_core_plugins/environment/ament_prefix_path.dsv
[19.050s] -- Installing: /home/chathura/Documents/git-projects/Robotics-and-Automation-Labs/lab5/install/moveit_setup_core_plugins/share/moveit_setup_core_plugins/environment/path.sh
[19.050s] -- Installing: /home/chathura/Documents/git-projects/Robotics-and-Automation-Labs/lab5/install/moveit_setup_core_plugins/share/moveit_setup_core_plugins/environment/path.dsv
[19.050s] -- Installing: /home/chathura/Documents/git-projects/Robotics-and-Automation-Labs/lab5/install/moveit_setup_core_plugins/share/moveit_setup_core_plugins/local_setup.bash
[19.051s] -- Installing: /home/chathura/Documents/git-projects/Robotics-and-Automation-Labs/lab5/install/moveit_setup_core_plugins/share/moveit_setup_core_plugins/local_setup.sh
[19.051s] -- Installing: /home/chathura/Documents/git-projects/Robotics-and-Automation-Labs/lab5/install/moveit_setup_core_plugins/share/moveit_setup_core_plugins/local_setup.zsh
[19.051s] -- Installing: /home/chathura/Documents/git-projects/Robotics-and-Automation-Labs/lab5/install/moveit_setup_core_plugins/share/moveit_setup_core_plugins/local_setup.dsv
[19.051s] -- Installing: /home/chathura/Documents/git-projects/Robotics-and-Automation-Labs/lab5/install/moveit_setup_core_plugins/share/moveit_setup_core_plugins/package.dsv
[19.051s] -- Installing: /home/chathura/Documents/git-projects/Robotics-and-Automation-Labs/lab5/install/moveit_setup_core_plugins/share/ament_index/resource_index/packages/moveit_setup_core_plugins
[19.051s] -- Installing: /home/chathura/Documents/git-projects/Robotics-and-Automation-Labs/lab5/install/moveit_setup_core_plugins/share/ament_index/resource_index/moveit_setup_framework__pluginlib__plugin/moveit_setup_core_plugins
[19.052s] -- Installing: /home/chathura/Documents/git-projects/Robotics-and-Automation-Labs/lab5/install/moveit_setup_core_plugins/share/moveit_setup_core_plugins/cmake/export_moveit_setup_core_pluginsExport.cmake
[19.052s] -- Installing: /home/chathura/Documents/git-projects/Robotics-and-Automation-Labs/lab5/install/moveit_setup_core_plugins/share/moveit_setup_core_plugins/cmake/export_moveit_setup_core_pluginsExport-release.cmake
[19.052s] -- Installing: /home/chathura/Documents/git-projects/Robotics-and-Automation-Labs/lab5/install/moveit_setup_core_plugins/share/moveit_setup_core_plugins/cmake/ament_cmake_export_include_directories-extras.cmake
[19.052s] -- Installing: /home/chathura/Documents/git-projects/Robotics-and-Automation-Labs/lab5/install/moveit_setup_core_plugins/share/moveit_setup_core_plugins/cmake/ament_cmake_export_libraries-extras.cmake
[19.052s] -- Installing: /home/chathura/Documents/git-projects/Robotics-and-Automation-Labs/lab5/install/moveit_setup_core_plugins/share/moveit_setup_core_plugins/cmake/ament_cmake_export_targets-extras.cmake
[19.052s] -- Installing: /home/chathura/Documents/git-projects/Robotics-and-Automation-Labs/lab5/install/moveit_setup_core_plugins/share/moveit_setup_core_plugins/cmake/moveit_setup_core_pluginsConfig.cmake
[19.052s] -- Installing: /home/chathura/Documents/git-projects/Robotics-and-Automation-Labs/lab5/install/moveit_setup_core_plugins/share/moveit_setup_core_plugins/cmake/moveit_setup_core_pluginsConfig-version.cmake
[19.053s] -- Installing: /home/chathura/Documents/git-projects/Robotics-and-Automation-Labs/lab5/install/moveit_setup_core_plugins/share/moveit_setup_core_plugins/package.xml
[19.054s] Invoked command in '/home/chathura/Documents/git-projects/Robotics-and-Automation-Labs/lab5/build/moveit_setup_core_plugins' returned '0': AMENT_PREFIX_PATH=/home/chathura/Documents/git-projects/Robotics-and-Automation-Labs/lab5/install/moveit_setup_framework:/home/chathura/Documents/git-projects/Robotics-and-Automation-Labs/lab5/install/moveit_ros_visualization:/home/chathura/Documents/git-projects/Robotics-and-Automation-Labs/lab5/install/moveit_ros_planning_interface:/home/chathura/Documents/git-projects/Robotics-and-Automation-Labs/lab5/install/moveit_ros_move_group:/home/chathura/Documents/git-projects/Robotics-and-Automation-Labs/lab5/install/moveit_ros_warehouse:/home/chathura/Documents/git-projects/Robotics-and-Automation-Labs/lab5/install/moveit_ros_robot_interaction:/home/chathura/Documents/git-projects/Robotics-and-Automation-Labs/lab5/install/moveit_kinematics:/home/chathura/Documents/git-projects/Robotics-and-Automation-Labs/lab5/install/moveit_ros_planning:/home/chathura/Documents/git-projects/Robotics-and-Automation-Labs/lab5/install/moveit_ros_occupancy_map_monitor:/home/chathura/Documents/git-projects/Robotics-and-Automation-Labs/lab5/install/moveit_core:/home/chathura/Documents/git-projects/Robotics-and-Automation-Labs/lab5/install/srdfdom:/home/chathura/Documents/git-projects/Robotics-and-Automation-Labs/lab5/install/moveit_common:${AMENT_PREFIX_PATH} CMAKE_PREFIX_PATH=/home/chathura/Documents/git-projects/Robotics-and-Automation-Labs/lab5/install/moveit_setup_framework:/home/chathura/Documents/git-projects/Robotics-and-Automation-Labs/lab5/install/moveit_ros_visualization:/home/chathura/Documents/git-projects/Robotics-and-Automation-Labs/lab5/install/moveit_ros_planning_interface:/home/chathura/Documents/git-projects/Robotics-and-Automation-Labs/lab5/install/moveit_ros_move_group:/home/chathura/Documents/git-projects/Robotics-and-Automation-Labs/lab5/install/moveit_ros_warehouse:/home/chathura/Documents/git-projects/Robotics-and-Automation-Labs/lab5/install/moveit_ros_robot_interaction:/home/chathura/Documents/git-projects/Robotics-and-Automation-Labs/lab5/install/moveit_kinematics:/home/chathura/Documents/git-projects/Robotics-and-Automation-Labs/lab5/install/moveit_ros_planning:/home/chathura/Documents/git-projects/Robotics-and-Automation-Labs/lab5/install/moveit_ros_occupancy_map_monitor:/home/chathura/Documents/git-projects/Robotics-and-Automation-Labs/lab5/install/moveit_core:/home/chathura/Documents/git-projects/Robotics-and-Automation-Labs/lab5/install/srdfdom:/home/chathura/Documents/git-projects/Robotics-and-Automation-Labs/lab5/install/moveit_common:/opt/ros/humble LD_LIBRARY_PATH=/home/chathura/Documents/git-projects/Robotics-and-Automation-Labs/lab5/install/moveit_setup_framework/lib:/home/chathura/Documents/git-projects/Robotics-and-Automation-Labs/lab5/install/moveit_ros_visualization/lib:/home/chathura/Documents/git-projects/Robotics-and-Automation-Labs/lab5/install/moveit_ros_planning_interface/lib:/home/chathura/Documents/git-projects/Robotics-and-Automation-Labs/lab5/install/moveit_ros_move_group/lib:/home/chathura/Documents/git-projects/Robotics-and-Automation-Labs/lab5/install/moveit_ros_warehouse/lib:/home/chathura/Documents/git-projects/Robotics-and-Automation-Labs/lab5/install/moveit_ros_robot_interaction/lib:/home/chathura/Documents/git-projects/Robotics-and-Automation-Labs/lab5/install/moveit_kinematics/lib:/home/chathura/Documents/git-projects/Robotics-and-Automation-Labs/lab5/install/moveit_ros_planning/lib:/home/chathura/Documents/git-projects/Robotics-and-Automation-Labs/lab5/install/moveit_ros_occupancy_map_monitor/lib:/home/chathura/Documents/git-projects/Robotics-and-Automation-Labs/lab5/install/moveit_core/lib:/home/chathura/Documents/git-projects/Robotics-and-Automation-Labs/lab5/install/srdfdom/lib:${LD_LIBRARY_PATH} PATH=/home/chathura/Documents/git-projects/Robotics-and-Automation-Labs/lab5/install/moveit_core/bin:${PATH} PYTHONPATH=/home/chathura/Documents/git-projects/Robotics-and-Automation-Labs/lab5/install/srdfdom/local/lib/python3.10/dist-packages:${PYTHONPATH} /usr/bin/cmake --install /home/chathura/Documents/git-projects/Robotics-and-Automation-Labs/lab5/build/moveit_setup_core_plugins
