[0.576s] Invoking command in '/home/chathura/Documents/Git Projects/Robotics-and-Automation-Labs/lab4/Cartographer/src/broadcaster_listener': PYTHONPATH=/home/chathura/Documents/Git Projects/Robotics-and-Automation-Labs/lab4/Cartographer/build/broadcaster_listener/prefix_override:/home/chathura/Documents/Git Projects/Robotics-and-Automation-Labs/lab4/Cartographer/install/broadcaster_listener/lib/python3.10/site-packages:${PYTHONPATH} /usr/bin/python3 setup.py egg_info --egg-base ../../build/broadcaster_listener build --build-base /home/chathura/Documents/Git Projects/Robotics-and-Automation-Labs/lab4/Cartographer/build/broadcaster_listener/build install --record /home/chathura/Documents/Git Projects/Robotics-and-Automation-Labs/lab4/Cartographer/build/broadcaster_listener/install.log --single-version-externally-managed
[0.761s] running egg_info
[0.762s] creating ../../build/broadcaster_listener/broadcaster_listener.egg-info
[0.762s] writing ../../build/broadcaster_listener/broadcaster_listener.egg-info/PKG-INFO
[0.762s] writing dependency_links to ../../build/broadcaster_listener/broadcaster_listener.egg-info/dependency_links.txt
[0.762s] writing entry points to ../../build/broadcaster_listener/broadcaster_listener.egg-info/entry_points.txt
[0.762s] writing requirements to ../../build/broadcaster_listener/broadcaster_listener.egg-info/requires.txt
[0.762s] writing top-level names to ../../build/broadcaster_listener/broadcaster_listener.egg-info/top_level.txt
[0.762s] writing manifest file '../../build/broadcaster_listener/broadcaster_listener.egg-info/SOURCES.txt'
[0.764s] reading manifest file '../../build/broadcaster_listener/broadcaster_listener.egg-info/SOURCES.txt'
[0.764s] adding license file 'LICENSE'
[0.764s] writing manifest file '../../build/broadcaster_listener/broadcaster_listener.egg-info/SOURCES.txt'
[0.764s] running build
[0.764s] running build_py
[0.765s] creating /home/chathura/Documents/Git Projects/Robotics-and-Automation-Labs/lab4/Cartographer/build/broadcaster_listener/build
[0.765s] creating /home/chathura/Documents/Git Projects/Robotics-and-Automation-Labs/lab4/Cartographer/build/broadcaster_listener/build/lib
[0.765s] creating /home/chathura/Documents/Git Projects/Robotics-and-Automation-Labs/lab4/Cartographer/build/broadcaster_listener/build/lib/broadcaster_listener
[0.765s] copying broadcaster_listener/dynamic_frame_tf2_broadcaster.py -> /home/chathura/Documents/Git Projects/Robotics-and-Automation-Labs/lab4/Cartographer/build/broadcaster_listener/build/lib/broadcaster_listener
[0.765s] copying broadcaster_listener/turtle_tf2_broadcaster.py -> /home/chathura/Documents/Git Projects/Robotics-and-Automation-Labs/lab4/Cartographer/build/broadcaster_listener/build/lib/broadcaster_listener
[0.765s] copying broadcaster_listener/__init__.py -> /home/chathura/Documents/Git Projects/Robotics-and-Automation-Labs/lab4/Cartographer/build/broadcaster_listener/build/lib/broadcaster_listener
[0.765s] copying broadcaster_listener/fixed_frame_tf2_broadcaster.py -> /home/chathura/Documents/Git Projects/Robotics-and-Automation-Labs/lab4/Cartographer/build/broadcaster_listener/build/lib/broadcaster_listener
[0.765s] copying broadcaster_listener/turtle_tf2_listener.py -> /home/chathura/Documents/Git Projects/Robotics-and-Automation-Labs/lab4/Cartographer/build/broadcaster_listener/build/lib/broadcaster_listener
[0.765s] running install
[0.765s] /usr/lib/python3/dist-packages/setuptools/command/install.py:34: SetuptoolsDeprecationWarning: setup.py install is deprecated. Use build and pip and other standards-based tools.
[0.765s]   warnings.warn(
[0.766s] running install_lib
[0.766s] creating /home/chathura/Documents/Git Projects/Robotics-and-Automation-Labs/lab4/Cartographer/install/broadcaster_listener/lib/python3.10/site-packages/broadcaster_listener
[0.766s] copying /home/chathura/Documents/Git Projects/Robotics-and-Automation-Labs/lab4/Cartographer/build/broadcaster_listener/build/lib/broadcaster_listener/dynamic_frame_tf2_broadcaster.py -> /home/chathura/Documents/Git Projects/Robotics-and-Automation-Labs/lab4/Cartographer/install/broadcaster_listener/lib/python3.10/site-packages/broadcaster_listener
[0.766s] copying /home/chathura/Documents/Git Projects/Robotics-and-Automation-Labs/lab4/Cartographer/build/broadcaster_listener/build/lib/broadcaster_listener/turtle_tf2_broadcaster.py -> /home/chathura/Documents/Git Projects/Robotics-and-Automation-Labs/lab4/Cartographer/install/broadcaster_listener/lib/python3.10/site-packages/broadcaster_listener
[0.766s] copying /home/chathura/Documents/Git Projects/Robotics-and-Automation-Labs/lab4/Cartographer/build/broadcaster_listener/build/lib/broadcaster_listener/__init__.py -> /home/chathura/Documents/Git Projects/Robotics-and-Automation-Labs/lab4/Cartographer/install/broadcaster_listener/lib/python3.10/site-packages/broadcaster_listener
[0.766s] copying /home/chathura/Documents/Git Projects/Robotics-and-Automation-Labs/lab4/Cartographer/build/broadcaster_listener/build/lib/broadcaster_listener/fixed_frame_tf2_broadcaster.py -> /home/chathura/Documents/Git Projects/Robotics-and-Automation-Labs/lab4/Cartographer/install/broadcaster_listener/lib/python3.10/site-packages/broadcaster_listener
[0.766s] copying /home/chathura/Documents/Git Projects/Robotics-and-Automation-Labs/lab4/Cartographer/build/broadcaster_listener/build/lib/broadcaster_listener/turtle_tf2_listener.py -> /home/chathura/Documents/Git Projects/Robotics-and-Automation-Labs/lab4/Cartographer/install/broadcaster_listener/lib/python3.10/site-packages/broadcaster_listener
[0.767s] byte-compiling /home/chathura/Documents/Git Projects/Robotics-and-Automation-Labs/lab4/Cartographer/install/broadcaster_listener/lib/python3.10/site-packages/broadcaster_listener/dynamic_frame_tf2_broadcaster.py to dynamic_frame_tf2_broadcaster.cpython-310.pyc
[0.767s] byte-compiling /home/chathura/Documents/Git Projects/Robotics-and-Automation-Labs/lab4/Cartographer/install/broadcaster_listener/lib/python3.10/site-packages/broadcaster_listener/turtle_tf2_broadcaster.py to turtle_tf2_broadcaster.cpython-310.pyc
[0.768s] byte-compiling /home/chathura/Documents/Git Projects/Robotics-and-Automation-Labs/lab4/Cartographer/install/broadcaster_listener/lib/python3.10/site-packages/broadcaster_listener/__init__.py to __init__.cpython-310.pyc
[0.768s] byte-compiling /home/chathura/Documents/Git Projects/Robotics-and-Automation-Labs/lab4/Cartographer/install/broadcaster_listener/lib/python3.10/site-packages/broadcaster_listener/fixed_frame_tf2_broadcaster.py to fixed_frame_tf2_broadcaster.cpython-310.pyc
[0.768s] byte-compiling /home/chathura/Documents/Git Projects/Robotics-and-Automation-Labs/lab4/Cartographer/install/broadcaster_listener/lib/python3.10/site-packages/broadcaster_listener/turtle_tf2_listener.py to turtle_tf2_listener.cpython-310.pyc
[0.768s] running install_data
[0.769s] creating /home/chathura/Documents/Git Projects/Robotics-and-Automation-Labs/lab4/Cartographer/install/broadcaster_listener/share/ament_index
[0.769s] creating /home/chathura/Documents/Git Projects/Robotics-and-Automation-Labs/lab4/Cartographer/install/broadcaster_listener/share/ament_index/resource_index
[0.769s] creating /home/chathura/Documents/Git Projects/Robotics-and-Automation-Labs/lab4/Cartographer/install/broadcaster_listener/share/ament_index/resource_index/packages
[0.769s] copying resource/broadcaster_listener -> /home/chathura/Documents/Git Projects/Robotics-and-Automation-Labs/lab4/Cartographer/install/broadcaster_listener/share/ament_index/resource_index/packages
[0.769s] copying package.xml -> /home/chathura/Documents/Git Projects/Robotics-and-Automation-Labs/lab4/Cartographer/install/broadcaster_listener/share/broadcaster_listener
[0.769s] creating /home/chathura/Documents/Git Projects/Robotics-and-Automation-Labs/lab4/Cartographer/install/broadcaster_listener/share/broadcaster_listener/launch
[0.769s] copying launch/turtle_tf2_dynamic_frame_demo.launch.py -> /home/chathura/Documents/Git Projects/Robotics-and-Automation-Labs/lab4/Cartographer/install/broadcaster_listener/share/broadcaster_listener/launch
[0.769s] copying launch/turtle_tf2_demo.launch.py -> /home/chathura/Documents/Git Projects/Robotics-and-Automation-Labs/lab4/Cartographer/install/broadcaster_listener/share/broadcaster_listener/launch
[0.769s] copying launch/turtle_tf2_fixed_frame_demo.launch.py -> /home/chathura/Documents/Git Projects/Robotics-and-Automation-Labs/lab4/Cartographer/install/broadcaster_listener/share/broadcaster_listener/launch
[0.769s] running install_egg_info
[0.771s] Copying ../../build/broadcaster_listener/broadcaster_listener.egg-info to /home/chathura/Documents/Git Projects/Robotics-and-Automation-Labs/lab4/Cartographer/install/broadcaster_listener/lib/python3.10/site-packages/broadcaster_listener-0.0.0-py3.10.egg-info
[0.772s] running install_scripts
[0.786s] Installing dynamic_frame_tf2_broadcaster script to /home/chathura/Documents/Git Projects/Robotics-and-Automation-Labs/lab4/Cartographer/install/broadcaster_listener/lib/broadcaster_listener
[0.786s] Installing fixed_frame_tf2_broadcaster script to /home/chathura/Documents/Git Projects/Robotics-and-Automation-Labs/lab4/Cartographer/install/broadcaster_listener/lib/broadcaster_listener
[0.786s] Installing turtle_tf2_broadcaster script to /home/chathura/Documents/Git Projects/Robotics-and-Automation-Labs/lab4/Cartographer/install/broadcaster_listener/lib/broadcaster_listener
[0.786s] Installing turtle_tf2_listener script to /home/chathura/Documents/Git Projects/Robotics-and-Automation-Labs/lab4/Cartographer/install/broadcaster_listener/lib/broadcaster_listener
[0.786s] writing list of installed files to '/home/chathura/Documents/Git Projects/Robotics-and-Automation-Labs/lab4/Cartographer/build/broadcaster_listener/install.log'
[0.804s] Invoked command in '/home/chathura/Documents/Git Projects/Robotics-and-Automation-Labs/lab4/Cartographer/src/broadcaster_listener' returned '0': PYTHONPATH=/home/chathura/Documents/Git Projects/Robotics-and-Automation-Labs/lab4/Cartographer/build/broadcaster_listener/prefix_override:/home/chathura/Documents/Git Projects/Robotics-and-Automation-Labs/lab4/Cartographer/install/broadcaster_listener/lib/python3.10/site-packages:${PYTHONPATH} /usr/bin/python3 setup.py egg_info --egg-base ../../build/broadcaster_listener build --build-base /home/chathura/Documents/Git Projects/Robotics-and-Automation-Labs/lab4/Cartographer/build/broadcaster_listener/build install --record /home/chathura/Documents/Git Projects/Robotics-and-Automation-Labs/lab4/Cartographer/build/broadcaster_listener/install.log --single-version-externally-managed
