[0.538s] Invoking command in '/home/chathura/Documents/Git Projects/Robotics-and-Automation-Labs/lab4/timeTravel/part2/src/broadcaster_listener': PYTHONPATH=/home/chathura/Documents/Git Projects/Robotics-and-Automation-Labs/lab4/timeTravel/part2/src/broadcaster_listener/build/broadcaster_listener/prefix_override:/home/chathura/Documents/Git Projects/Robotics-and-Automation-Labs/lab4/timeTravel/part2/src/broadcaster_listener/install/broadcaster_listener/lib/python3.10/site-packages:${PYTHONPATH} /usr/bin/python3 setup.py egg_info --egg-base build/broadcaster_listener build --build-base /home/chathura/Documents/Git Projects/Robotics-and-Automation-Labs/lab4/timeTravel/part2/src/broadcaster_listener/build/broadcaster_listener/build install --record /home/chathura/Documents/Git Projects/Robotics-and-Automation-Labs/lab4/timeTravel/part2/src/broadcaster_listener/build/broadcaster_listener/install.log --single-version-externally-managed
[0.712s] running egg_info
[0.712s] creating build/broadcaster_listener/broadcaster_listener.egg-info
[0.712s] writing build/broadcaster_listener/broadcaster_listener.egg-info/PKG-INFO
[0.712s] writing dependency_links to build/broadcaster_listener/broadcaster_listener.egg-info/dependency_links.txt
[0.713s] writing entry points to build/broadcaster_listener/broadcaster_listener.egg-info/entry_points.txt
[0.713s] writing requirements to build/broadcaster_listener/broadcaster_listener.egg-info/requires.txt
[0.713s] writing top-level names to build/broadcaster_listener/broadcaster_listener.egg-info/top_level.txt
[0.713s] writing manifest file 'build/broadcaster_listener/broadcaster_listener.egg-info/SOURCES.txt'
[0.714s] reading manifest file 'build/broadcaster_listener/broadcaster_listener.egg-info/SOURCES.txt'
[0.714s] adding license file 'LICENSE'
[0.714s] writing manifest file 'build/broadcaster_listener/broadcaster_listener.egg-info/SOURCES.txt'
[0.726s] running build
[0.726s] running build_py
[0.726s] creating /home/chathura/Documents/Git Projects/Robotics-and-Automation-Labs/lab4/timeTravel/part2/src/broadcaster_listener/build/broadcaster_listener/build
[0.726s] creating /home/chathura/Documents/Git Projects/Robotics-and-Automation-Labs/lab4/timeTravel/part2/src/broadcaster_listener/build/broadcaster_listener/build/lib
[0.727s] creating /home/chathura/Documents/Git Projects/Robotics-and-Automation-Labs/lab4/timeTravel/part2/src/broadcaster_listener/build/broadcaster_listener/build/lib/broadcaster_listener
[0.727s] copying broadcaster_listener/dynamic_frame_tf2_broadcaster.py -> /home/chathura/Documents/Git Projects/Robotics-and-Automation-Labs/lab4/timeTravel/part2/src/broadcaster_listener/build/broadcaster_listener/build/lib/broadcaster_listener
[0.727s] copying broadcaster_listener/turtle_tf2_broadcaster.py -> /home/chathura/Documents/Git Projects/Robotics-and-Automation-Labs/lab4/timeTravel/part2/src/broadcaster_listener/build/broadcaster_listener/build/lib/broadcaster_listener
[0.727s] copying broadcaster_listener/__init__.py -> /home/chathura/Documents/Git Projects/Robotics-and-Automation-Labs/lab4/timeTravel/part2/src/broadcaster_listener/build/broadcaster_listener/build/lib/broadcaster_listener
[0.727s] copying broadcaster_listener/fixed_frame_tf2_broadcaster.py -> /home/chathura/Documents/Git Projects/Robotics-and-Automation-Labs/lab4/timeTravel/part2/src/broadcaster_listener/build/broadcaster_listener/build/lib/broadcaster_listener
[0.727s] copying broadcaster_listener/turtle_tf2_listener.py -> /home/chathura/Documents/Git Projects/Robotics-and-Automation-Labs/lab4/timeTravel/part2/src/broadcaster_listener/build/broadcaster_listener/build/lib/broadcaster_listener
[0.727s] running install
[0.727s] /usr/lib/python3/dist-packages/setuptools/command/install.py:34: SetuptoolsDeprecationWarning: setup.py install is deprecated. Use build and pip and other standards-based tools.
[0.727s]   warnings.warn(
[0.727s] running install_lib
[0.728s] creating /home/chathura/Documents/Git Projects/Robotics-and-Automation-Labs/lab4/timeTravel/part2/src/broadcaster_listener/install/broadcaster_listener/lib/python3.10/site-packages/broadcaster_listener
[0.728s] copying /home/chathura/Documents/Git Projects/Robotics-and-Automation-Labs/lab4/timeTravel/part2/src/broadcaster_listener/build/broadcaster_listener/build/lib/broadcaster_listener/dynamic_frame_tf2_broadcaster.py -> /home/chathura/Documents/Git Projects/Robotics-and-Automation-Labs/lab4/timeTravel/part2/src/broadcaster_listener/install/broadcaster_listener/lib/python3.10/site-packages/broadcaster_listener
[0.728s] copying /home/chathura/Documents/Git Projects/Robotics-and-Automation-Labs/lab4/timeTravel/part2/src/broadcaster_listener/build/broadcaster_listener/build/lib/broadcaster_listener/turtle_tf2_broadcaster.py -> /home/chathura/Documents/Git Projects/Robotics-and-Automation-Labs/lab4/timeTravel/part2/src/broadcaster_listener/install/broadcaster_listener/lib/python3.10/site-packages/broadcaster_listener
[0.728s] copying /home/chathura/Documents/Git Projects/Robotics-and-Automation-Labs/lab4/timeTravel/part2/src/broadcaster_listener/build/broadcaster_listener/build/lib/broadcaster_listener/__init__.py -> /home/chathura/Documents/Git Projects/Robotics-and-Automation-Labs/lab4/timeTravel/part2/src/broadcaster_listener/install/broadcaster_listener/lib/python3.10/site-packages/broadcaster_listener
[0.728s] copying /home/chathura/Documents/Git Projects/Robotics-and-Automation-Labs/lab4/timeTravel/part2/src/broadcaster_listener/build/broadcaster_listener/build/lib/broadcaster_listener/fixed_frame_tf2_broadcaster.py -> /home/chathura/Documents/Git Projects/Robotics-and-Automation-Labs/lab4/timeTravel/part2/src/broadcaster_listener/install/broadcaster_listener/lib/python3.10/site-packages/broadcaster_listener
[0.729s] copying /home/chathura/Documents/Git Projects/Robotics-and-Automation-Labs/lab4/timeTravel/part2/src/broadcaster_listener/build/broadcaster_listener/build/lib/broadcaster_listener/turtle_tf2_listener.py -> /home/chathura/Documents/Git Projects/Robotics-and-Automation-Labs/lab4/timeTravel/part2/src/broadcaster_listener/install/broadcaster_listener/lib/python3.10/site-packages/broadcaster_listener
[0.729s] byte-compiling /home/chathura/Documents/Git Projects/Robotics-and-Automation-Labs/lab4/timeTravel/part2/src/broadcaster_listener/install/broadcaster_listener/lib/python3.10/site-packages/broadcaster_listener/dynamic_frame_tf2_broadcaster.py to dynamic_frame_tf2_broadcaster.cpython-310.pyc
[0.729s] byte-compiling /home/chathura/Documents/Git Projects/Robotics-and-Automation-Labs/lab4/timeTravel/part2/src/broadcaster_listener/install/broadcaster_listener/lib/python3.10/site-packages/broadcaster_listener/turtle_tf2_broadcaster.py to turtle_tf2_broadcaster.cpython-310.pyc
[0.730s] byte-compiling /home/chathura/Documents/Git Projects/Robotics-and-Automation-Labs/lab4/timeTravel/part2/src/broadcaster_listener/install/broadcaster_listener/lib/python3.10/site-packages/broadcaster_listener/__init__.py to __init__.cpython-310.pyc
[0.730s] byte-compiling /home/chathura/Documents/Git Projects/Robotics-and-Automation-Labs/lab4/timeTravel/part2/src/broadcaster_listener/install/broadcaster_listener/lib/python3.10/site-packages/broadcaster_listener/fixed_frame_tf2_broadcaster.py to fixed_frame_tf2_broadcaster.cpython-310.pyc
[0.730s] byte-compiling /home/chathura/Documents/Git Projects/Robotics-and-Automation-Labs/lab4/timeTravel/part2/src/broadcaster_listener/install/broadcaster_listener/lib/python3.10/site-packages/broadcaster_listener/turtle_tf2_listener.py to turtle_tf2_listener.cpython-310.pyc
[0.730s] running install_data
[0.731s] creating /home/chathura/Documents/Git Projects/Robotics-and-Automation-Labs/lab4/timeTravel/part2/src/broadcaster_listener/install/broadcaster_listener/share/ament_index
[0.731s] creating /home/chathura/Documents/Git Projects/Robotics-and-Automation-Labs/lab4/timeTravel/part2/src/broadcaster_listener/install/broadcaster_listener/share/ament_index/resource_index
[0.731s] creating /home/chathura/Documents/Git Projects/Robotics-and-Automation-Labs/lab4/timeTravel/part2/src/broadcaster_listener/install/broadcaster_listener/share/ament_index/resource_index/packages
[0.731s] copying resource/broadcaster_listener -> /home/chathura/Documents/Git Projects/Robotics-and-Automation-Labs/lab4/timeTravel/part2/src/broadcaster_listener/install/broadcaster_listener/share/ament_index/resource_index/packages
[0.731s] copying package.xml -> /home/chathura/Documents/Git Projects/Robotics-and-Automation-Labs/lab4/timeTravel/part2/src/broadcaster_listener/install/broadcaster_listener/share/broadcaster_listener
[0.731s] creating /home/chathura/Documents/Git Projects/Robotics-and-Automation-Labs/lab4/timeTravel/part2/src/broadcaster_listener/install/broadcaster_listener/share/broadcaster_listener/launch
[0.731s] copying launch/turtle_tf2_dynamic_frame_demo.launch.py -> /home/chathura/Documents/Git Projects/Robotics-and-Automation-Labs/lab4/timeTravel/part2/src/broadcaster_listener/install/broadcaster_listener/share/broadcaster_listener/launch
[0.731s] copying launch/turtle_tf2_demo.launch.py -> /home/chathura/Documents/Git Projects/Robotics-and-Automation-Labs/lab4/timeTravel/part2/src/broadcaster_listener/install/broadcaster_listener/share/broadcaster_listener/launch
[0.731s] copying launch/turtle_tf2_fixed_frame_demo.launch.py -> /home/chathura/Documents/Git Projects/Robotics-and-Automation-Labs/lab4/timeTravel/part2/src/broadcaster_listener/install/broadcaster_listener/share/broadcaster_listener/launch
[0.731s] running install_egg_info
[0.733s] Copying build/broadcaster_listener/broadcaster_listener.egg-info to /home/chathura/Documents/Git Projects/Robotics-and-Automation-Labs/lab4/timeTravel/part2/src/broadcaster_listener/install/broadcaster_listener/lib/python3.10/site-packages/broadcaster_listener-0.0.0-py3.10.egg-info
[0.734s] running install_scripts
[0.748s] Installing dynamic_frame_tf2_broadcaster script to /home/chathura/Documents/Git Projects/Robotics-and-Automation-Labs/lab4/timeTravel/part2/src/broadcaster_listener/install/broadcaster_listener/lib/broadcaster_listener
[0.748s] Installing fixed_frame_tf2_broadcaster script to /home/chathura/Documents/Git Projects/Robotics-and-Automation-Labs/lab4/timeTravel/part2/src/broadcaster_listener/install/broadcaster_listener/lib/broadcaster_listener
[0.748s] Installing turtle_tf2_broadcaster script to /home/chathura/Documents/Git Projects/Robotics-and-Automation-Labs/lab4/timeTravel/part2/src/broadcaster_listener/install/broadcaster_listener/lib/broadcaster_listener
[0.748s] Installing turtle_tf2_listener script to /home/chathura/Documents/Git Projects/Robotics-and-Automation-Labs/lab4/timeTravel/part2/src/broadcaster_listener/install/broadcaster_listener/lib/broadcaster_listener
[0.748s] writing list of installed files to '/home/chathura/Documents/Git Projects/Robotics-and-Automation-Labs/lab4/timeTravel/part2/src/broadcaster_listener/build/broadcaster_listener/install.log'
[0.765s] Invoked command in '/home/chathura/Documents/Git Projects/Robotics-and-Automation-Labs/lab4/timeTravel/part2/src/broadcaster_listener' returned '0': PYTHONPATH=/home/chathura/Documents/Git Projects/Robotics-and-Automation-Labs/lab4/timeTravel/part2/src/broadcaster_listener/build/broadcaster_listener/prefix_override:/home/chathura/Documents/Git Projects/Robotics-and-Automation-Labs/lab4/timeTravel/part2/src/broadcaster_listener/install/broadcaster_listener/lib/python3.10/site-packages:${PYTHONPATH} /usr/bin/python3 setup.py egg_info --egg-base build/broadcaster_listener build --build-base /home/chathura/Documents/Git Projects/Robotics-and-Automation-Labs/lab4/timeTravel/part2/src/broadcaster_listener/build/broadcaster_listener/build install --record /home/chathura/Documents/Git Projects/Robotics-and-Automation-Labs/lab4/timeTravel/part2/src/broadcaster_listener/build/broadcaster_listener/install.log --single-version-externally-managed
