[0.572s] Invoking command in '/home/chathura/Documents/git-projects/Robotics-and-Automation-Labs/Lab7/advanced_sim/sim_robot': PYTHONPATH=/home/chathura/Documents/git-projects/Robotics-and-Automation-Labs/Lab7/advanced_sim/build/sim_robot/prefix_override:/home/chathura/Documents/git-projects/Robotics-and-Automation-Labs/Lab7/advanced_sim/install/sim_robot/lib/python3.10/site-packages:${PYTHONPATH} /usr/bin/python3 setup.py egg_info --egg-base ../build/sim_robot build --build-base /home/chathura/Documents/git-projects/Robotics-and-Automation-Labs/Lab7/advanced_sim/build/sim_robot/build install --record /home/chathura/Documents/git-projects/Robotics-and-Automation-Labs/Lab7/advanced_sim/build/sim_robot/install.log --single-version-externally-managed
[0.759s] running egg_info
[0.759s] creating ../build/sim_robot/sim_robot.egg-info
[0.759s] writing ../build/sim_robot/sim_robot.egg-info/PKG-INFO
[0.759s] writing dependency_links to ../build/sim_robot/sim_robot.egg-info/dependency_links.txt
[0.760s] writing entry points to ../build/sim_robot/sim_robot.egg-info/entry_points.txt
[0.760s] writing requirements to ../build/sim_robot/sim_robot.egg-info/requires.txt
[0.760s] writing top-level names to ../build/sim_robot/sim_robot.egg-info/top_level.txt
[0.760s] writing manifest file '../build/sim_robot/sim_robot.egg-info/SOURCES.txt'
[0.761s] reading manifest file '../build/sim_robot/sim_robot.egg-info/SOURCES.txt'
[0.761s] adding license file 'LICENSE'
[0.762s] writing manifest file '../build/sim_robot/sim_robot.egg-info/SOURCES.txt'
[0.762s] running build
[0.762s] running build_py
[0.762s] creating /home/chathura/Documents/git-projects/Robotics-and-Automation-Labs/Lab7/advanced_sim/build/sim_robot/build
[0.762s] creating /home/chathura/Documents/git-projects/Robotics-and-Automation-Labs/Lab7/advanced_sim/build/sim_robot/build/lib
[0.762s] creating /home/chathura/Documents/git-projects/Robotics-and-Automation-Labs/Lab7/advanced_sim/build/sim_robot/build/lib/sim_robot
[0.762s] copying sim_robot/obstacle_avoider.py -> /home/chathura/Documents/git-projects/Robotics-and-Automation-Labs/Lab7/advanced_sim/build/sim_robot/build/lib/sim_robot
[0.762s] copying sim_robot/__init__.py -> /home/chathura/Documents/git-projects/Robotics-and-Automation-Labs/Lab7/advanced_sim/build/sim_robot/build/lib/sim_robot
[0.762s] copying sim_robot/my_robot_driver.py -> /home/chathura/Documents/git-projects/Robotics-and-Automation-Labs/Lab7/advanced_sim/build/sim_robot/build/lib/sim_robot
[0.762s] running install
[0.763s] /usr/lib/python3/dist-packages/setuptools/command/install.py:34: SetuptoolsDeprecationWarning: setup.py install is deprecated. Use build and pip and other standards-based tools.
[0.763s]   warnings.warn(
[0.763s] running install_lib
[0.763s] creating /home/chathura/Documents/git-projects/Robotics-and-Automation-Labs/Lab7/advanced_sim/install/sim_robot/lib/python3.10/site-packages/sim_robot
[0.763s] copying /home/chathura/Documents/git-projects/Robotics-and-Automation-Labs/Lab7/advanced_sim/build/sim_robot/build/lib/sim_robot/obstacle_avoider.py -> /home/chathura/Documents/git-projects/Robotics-and-Automation-Labs/Lab7/advanced_sim/install/sim_robot/lib/python3.10/site-packages/sim_robot
[0.763s] copying /home/chathura/Documents/git-projects/Robotics-and-Automation-Labs/Lab7/advanced_sim/build/sim_robot/build/lib/sim_robot/__init__.py -> /home/chathura/Documents/git-projects/Robotics-and-Automation-Labs/Lab7/advanced_sim/install/sim_robot/lib/python3.10/site-packages/sim_robot
[0.763s] copying /home/chathura/Documents/git-projects/Robotics-and-Automation-Labs/Lab7/advanced_sim/build/sim_robot/build/lib/sim_robot/my_robot_driver.py -> /home/chathura/Documents/git-projects/Robotics-and-Automation-Labs/Lab7/advanced_sim/install/sim_robot/lib/python3.10/site-packages/sim_robot
[0.764s] byte-compiling /home/chathura/Documents/git-projects/Robotics-and-Automation-Labs/Lab7/advanced_sim/install/sim_robot/lib/python3.10/site-packages/sim_robot/obstacle_avoider.py to obstacle_avoider.cpython-310.pyc
[0.764s] byte-compiling /home/chathura/Documents/git-projects/Robotics-and-Automation-Labs/Lab7/advanced_sim/install/sim_robot/lib/python3.10/site-packages/sim_robot/__init__.py to __init__.cpython-310.pyc
[0.764s] byte-compiling /home/chathura/Documents/git-projects/Robotics-and-Automation-Labs/Lab7/advanced_sim/install/sim_robot/lib/python3.10/site-packages/sim_robot/my_robot_driver.py to my_robot_driver.cpython-310.pyc
[0.765s] running install_data
[0.765s] creating /home/chathura/Documents/git-projects/Robotics-and-Automation-Labs/Lab7/advanced_sim/install/sim_robot/share/ament_index
[0.765s] creating /home/chathura/Documents/git-projects/Robotics-and-Automation-Labs/Lab7/advanced_sim/install/sim_robot/share/ament_index/resource_index
[0.765s] creating /home/chathura/Documents/git-projects/Robotics-and-Automation-Labs/Lab7/advanced_sim/install/sim_robot/share/ament_index/resource_index/packages
[0.765s] copying resource/sim_robot -> /home/chathura/Documents/git-projects/Robotics-and-Automation-Labs/Lab7/advanced_sim/install/sim_robot/share/ament_index/resource_index/packages
[0.765s] creating /home/chathura/Documents/git-projects/Robotics-and-Automation-Labs/Lab7/advanced_sim/install/sim_robot/share/sim_robot/launch
[0.765s] copying launch/robot_launch.py -> /home/chathura/Documents/git-projects/Robotics-and-Automation-Labs/Lab7/advanced_sim/install/sim_robot/share/sim_robot/launch
[0.765s] creating /home/chathura/Documents/git-projects/Robotics-and-Automation-Labs/Lab7/advanced_sim/install/sim_robot/share/sim_robot/worlds
[0.765s] copying worlds/my_world.wbt -> /home/chathura/Documents/git-projects/Robotics-and-Automation-Labs/Lab7/advanced_sim/install/sim_robot/share/sim_robot/worlds
[0.766s] creating /home/chathura/Documents/git-projects/Robotics-and-Automation-Labs/Lab7/advanced_sim/install/sim_robot/share/sim_robot/resource
[0.766s] copying resource/my_robot.urdf -> /home/chathura/Documents/git-projects/Robotics-and-Automation-Labs/Lab7/advanced_sim/install/sim_robot/share/sim_robot/resource
[0.766s] copying package.xml -> /home/chathura/Documents/git-projects/Robotics-and-Automation-Labs/Lab7/advanced_sim/install/sim_robot/share/sim_robot
[0.766s] running install_egg_info
[0.767s] Copying ../build/sim_robot/sim_robot.egg-info to /home/chathura/Documents/git-projects/Robotics-and-Automation-Labs/Lab7/advanced_sim/install/sim_robot/lib/python3.10/site-packages/sim_robot-0.0.0-py3.10.egg-info
[0.768s] running install_scripts
[0.783s] Installing my_robot_driver script to /home/chathura/Documents/git-projects/Robotics-and-Automation-Labs/Lab7/advanced_sim/install/sim_robot/lib/sim_robot
[0.783s] Installing obstacle_avoider script to /home/chathura/Documents/git-projects/Robotics-and-Automation-Labs/Lab7/advanced_sim/install/sim_robot/lib/sim_robot
[0.783s] writing list of installed files to '/home/chathura/Documents/git-projects/Robotics-and-Automation-Labs/Lab7/advanced_sim/build/sim_robot/install.log'
[0.797s] Invoked command in '/home/chathura/Documents/git-projects/Robotics-and-Automation-Labs/Lab7/advanced_sim/sim_robot' returned '0': PYTHONPATH=/home/chathura/Documents/git-projects/Robotics-and-Automation-Labs/Lab7/advanced_sim/build/sim_robot/prefix_override:/home/chathura/Documents/git-projects/Robotics-and-Automation-Labs/Lab7/advanced_sim/install/sim_robot/lib/python3.10/site-packages:${PYTHONPATH} /usr/bin/python3 setup.py egg_info --egg-base ../build/sim_robot build --build-base /home/chathura/Documents/git-projects/Robotics-and-Automation-Labs/Lab7/advanced_sim/build/sim_robot/build install --record /home/chathura/Documents/git-projects/Robotics-and-Automation-Labs/Lab7/advanced_sim/build/sim_robot/install.log --single-version-externally-managed
