[0.069s] Invoking command in '/home/chathura/Documents/git-projects/Robotics-and-Automation-Labs/lab5/build/moveit_servo': AMENT_PREFIX_PATH=/home/chathura/Documents/git-projects/Robotics-and-Automation-Labs/lab5/install/moveit_ros_planning_interface:/home/chathura/Documents/git-projects/Robotics-and-Automation-Labs/lab5/install/moveit_ros_move_group:/home/chathura/Documents/git-projects/Robotics-and-Automation-Labs/lab5/install/moveit_ros_warehouse:/home/chathura/Documents/git-projects/Robotics-and-Automation-Labs/lab5/install/moveit_kinematics:/home/chathura/Documents/git-projects/Robotics-and-Automation-Labs/lab5/install/moveit_ros_planning:/home/chathura/Documents/git-projects/Robotics-and-Automation-Labs/lab5/install/moveit_ros_occupancy_map_monitor:/home/chathura/Documents/git-projects/Robotics-and-Automation-Labs/lab5/install/moveit_core:/home/chathura/Documents/git-projects/Robotics-and-Automation-Labs/lab5/install/moveit_resources_panda_moveit_config:/home/chathura/Documents/git-projects/Robotics-and-Automation-Labs/lab5/install/moveit_configs_utils:/home/chathura/Documents/git-projects/Robotics-and-Automation-Labs/lab5/install/srdfdom:/home/chathura/Documents/git-projects/Robotics-and-Automation-Labs/lab5/install/moveit_resources_panda_description:/home/chathura/Documents/git-projects/Robotics-and-Automation-Labs/lab5/install/moveit_common:/home/chathura/Documents/git-projects/Robotics-and-Automation-Labs/lab5/install/launch_param_builder:${AMENT_PREFIX_PATH} CMAKE_PREFIX_PATH=/home/chathura/Documents/git-projects/Robotics-and-Automation-Labs/lab5/install/moveit_ros_planning_interface:/home/chathura/Documents/git-projects/Robotics-and-Automation-Labs/lab5/install/moveit_ros_move_group:/home/chathura/Documents/git-projects/Robotics-and-Automation-Labs/lab5/install/moveit_ros_warehouse:/home/chathura/Documents/git-projects/Robotics-and-Automation-Labs/lab5/install/moveit_kinematics:/home/chathura/Documents/git-projects/Robotics-and-Automation-Labs/lab5/install/moveit_ros_planning:/home/chathura/Documents/git-projects/Robotics-and-Automation-Labs/lab5/install/moveit_ros_occupancy_map_monitor:/home/chathura/Documents/git-projects/Robotics-and-Automation-Labs/lab5/install/moveit_core:/home/chathura/Documents/git-projects/Robotics-and-Automation-Labs/lab5/install/moveit_resources_panda_moveit_config:/home/chathura/Documents/git-projects/Robotics-and-Automation-Labs/lab5/install/srdfdom:/home/chathura/Documents/git-projects/Robotics-and-Automation-Labs/lab5/install/moveit_resources_panda_description:/home/chathura/Documents/git-projects/Robotics-and-Automation-Labs/lab5/install/moveit_common:/opt/ros/humble LD_LIBRARY_PATH=/home/chathura/Documents/git-projects/Robotics-and-Automation-Labs/lab5/install/moveit_ros_planning_interface/lib:/home/chathura/Documents/git-projects/Robotics-and-Automation-Labs/lab5/install/moveit_ros_move_group/lib:/home/chathura/Documents/git-projects/Robotics-and-Automation-Labs/lab5/install/moveit_ros_warehouse/lib:/home/chathura/Documents/git-projects/Robotics-and-Automation-Labs/lab5/install/moveit_kinematics/lib:/home/chathura/Documents/git-projects/Robotics-and-Automation-Labs/lab5/install/moveit_ros_planning/lib:/home/chathura/Documents/git-projects/Robotics-and-Automation-Labs/lab5/install/moveit_ros_occupancy_map_monitor/lib:/home/chathura/Documents/git-projects/Robotics-and-Automation-Labs/lab5/install/moveit_core/lib:/home/chathura/Documents/git-projects/Robotics-and-Automation-Labs/lab5/install/srdfdom/lib:${LD_LIBRARY_PATH} PATH=/home/chathura/Documents/git-projects/Robotics-and-Automation-Labs/lab5/install/moveit_core/bin:${PATH} PYTHONPATH=/home/chathura/Documents/git-projects/Robotics-and-Automation-Labs/lab5/install/moveit_configs_utils/lib/python3.10/site-packages:/home/chathura/Documents/git-projects/Robotics-and-Automation-Labs/lab5/install/srdfdom/local/lib/python3.10/dist-packages:/home/chathura/Documents/git-projects/Robotics-and-Automation-Labs/lab5/install/launch_param_builder/lib/python3.10/site-packages:${PYTHONPATH} /usr/bin/cmake /home/chathura/Documents/git-projects/Robotics-and-Automation-Labs/lab5/src/moveit2/moveit_ros/moveit_servo -DCMAKE_BUILD_TYPE=Release -DCMAKE_INSTALL_PREFIX=/home/chathura/Documents/git-projects/Robotics-and-Automation-Labs/lab5/install/moveit_servo
[0.118s] -- The C compiler identification is GNU 11.4.0
[0.164s] -- The CXX compiler identification is GNU 11.4.0
[0.170s] -- Detecting C compiler ABI info
[0.235s] -- Detecting C compiler ABI info - done
[0.241s] -- Check for working C compiler: /usr/bin/cc - skipped
[0.241s] -- Detecting C compile features
[0.241s] -- Detecting C compile features - done
[0.243s] -- Detecting CXX compiler ABI info
[0.316s] -- Detecting CXX compiler ABI info - done
[0.321s] -- Check for working CXX compiler: /usr/bin/c++ - skipped
[0.321s] -- Detecting CXX compile features
[0.322s] -- Detecting CXX compile features - done
[0.323s] -- Found moveit_common: 2.5.5 (/home/chathura/Documents/git-projects/Robotics-and-Automation-Labs/lab5/install/moveit_common/share/moveit_common/cmake)
[0.327s] -- Found ament_cmake: 1.3.8 (/opt/ros/humble/share/ament_cmake/cmake)
[0.449s] -- Found Python3: /usr/bin/python3 (found version "3.10.12") found components: Interpreter 
[0.608s] -- Found libdw: /usr/lib/x86_64-linux-gnu/libdw.so  
[0.613s] -- Could NOT find libbfd (missing: LIBBFD_LIBRARY LIBBFD_INCLUDE_DIR) 
[0.613s] -- BACKWARD_HAS_UNWIND=1
[0.613s] -- BACKWARD_HAS_BACKTRACE=0
[0.613s] -- BACKWARD_HAS_BACKTRACE_SYMBOL=0
[0.613s] -- BACKWARD_HAS_DW=1
[0.613s] -- BACKWARD_HAS_BFD=0
[0.613s] -- Found Backward: /opt/ros/humble/share/backward_ros/cmake  
[0.617s] -- Found eigen3_cmake_module: 0.1.1 (/opt/ros/humble/share/eigen3_cmake_module/cmake)
[0.625s] -- Found Eigen3: TRUE (found version "3.4.0") 
[0.629s] -- Found control_msgs: 4.4.0 (/opt/ros/humble/share/control_msgs/cmake)
[0.669s] -- Found rosidl_generator_c: 3.1.5 (/opt/ros/humble/share/rosidl_generator_c/cmake)
[0.676s] -- Found rosidl_adapter: 3.1.5 (/opt/ros/humble/share/rosidl_adapter/cmake)
[0.686s] -- Found rosidl_generator_cpp: 3.1.5 (/opt/ros/humble/share/rosidl_generator_cpp/cmake)
[0.700s] -- Using all available rosidl_typesupport_c: rosidl_typesupport_fastrtps_c;rosidl_typesupport_introspection_c
[0.722s] -- Using all available rosidl_typesupport_cpp: rosidl_typesupport_fastrtps_cpp;rosidl_typesupport_introspection_cpp
[1.172s] -- Found control_toolbox: 3.2.0 (/opt/ros/humble/share/control_toolbox/cmake)
[1.243s] -- Found rmw_implementation_cmake: 6.1.1 (/opt/ros/humble/share/rmw_implementation_cmake/cmake)
[1.247s] -- Found rmw_fastrtps_cpp: 6.2.6 (/opt/ros/humble/share/rmw_fastrtps_cpp/cmake)
[1.360s] -- Found OpenSSL: /usr/lib/x86_64-linux-gnu/libcrypto.so (found version "3.0.2")  
[1.384s] -- Found FastRTPS: /opt/ros/humble/include  
[1.434s] -- Using RMW implementation 'rmw_fastrtps_cpp' as default
[1.447s] -- Looking for pthread.h
[1.531s] -- Looking for pthread.h - found
[1.531s] -- Performing Test CMAKE_HAVE_LIBC_PTHREAD
[1.616s] -- Performing Test CMAKE_HAVE_LIBC_PTHREAD - Success
[1.617s] -- Found Threads: TRUE  
[1.788s] -- Found parameter_traits: 0.3.7 (/opt/ros/humble/share/parameter_traits/cmake)
[1.808s] -- Found rclcpp_lifecycle: 16.0.8 (/opt/ros/humble/share/rclcpp_lifecycle/cmake)
[1.881s] -- Found moveit_core: 2.5.5 (/home/chathura/Documents/git-projects/Robotics-and-Automation-Labs/lab5/install/moveit_core/share/moveit_core/cmake)
[1.927s] -- Found Boost: /usr/lib/x86_64-linux-gnu/cmake/Boost-1.74.0/BoostConfig.cmake (found version "1.74.0") found components: chrono date_time filesystem iostreams program_options regex serialization system thread 
[1.968s] -- Found Boost: /usr/lib/x86_64-linux-gnu/cmake/Boost-1.74.0/BoostConfig.cmake (found version "1.74.0") found components: filesystem 
[2.070s] -- library: /usr/lib/x86_64-linux-gnu/libcurl.so
[2.240s] -- Ensuring Eigen3 include directory is part of orocos-kdl CMake target
[3.000s] -- Found moveit_ros_planning: 2.5.5 (/home/chathura/Documents/git-projects/Robotics-and-Automation-Labs/lab5/install/moveit_ros_planning/share/moveit_ros_planning/cmake)
[3.005s] -- Found Boost: /usr/lib/x86_64-linux-gnu/cmake/Boost-1.74.0/BoostConfig.cmake (found version "1.74.0") found components: system filesystem date_time program_options thread chrono 
[3.334s] -- Found std_srvs: 4.2.3 (/opt/ros/humble/share/std_srvs/cmake)
[3.406s] -- Found ament_lint_auto: 0.12.10 (/opt/ros/humble/share/ament_lint_auto/cmake)
[3.409s] -- Found ament_cmake_gtest: 1.3.8 (/opt/ros/humble/share/ament_cmake_gtest/cmake)
[3.412s] -- Found ros_testing: 0.4.0 (/opt/ros/humble/share/ros_testing/cmake)
[3.415s] -- Found launch_testing_ament_cmake: 1.0.5 (/opt/ros/humble/share/launch_testing_ament_cmake/cmake)
[3.418s] -- Found python_cmake_module: 0.10.0 (/opt/ros/humble/share/python_cmake_module/cmake)
[3.435s] -- Found PythonInterp: /usr/bin/python3 (found suitable version "3.10.12", minimum required is "3.6") 
[3.441s] -- Found PythonLibs: /usr/lib/x86_64-linux-gnu/libpython3.10.so (found suitable version "3.10.12", minimum required is "3.5") 
[3.441s] -- Using PYTHON_EXECUTABLE: /usr/bin/python3
[3.441s] -- Using PYTHON_INCLUDE_DIRS: /usr/include/python3.10
[3.441s] -- Using PYTHON_LIBRARIES: /usr/lib/x86_64-linux-gnu/libpython3.10.so
[3.458s] -- Found PythonExtra: .so  
[3.461s] -- Found Boost: /usr/lib/x86_64-linux-gnu/cmake/Boost-1.74.0/BoostConfig.cmake (found version "1.74.0") found components: filesystem 
[3.942s] -- Found gtest sources under '/opt/ros/humble/src/gtest_vendor': C++ tests using 'Google Test' will be built
[3.991s] -- Added test 'cppcheck' to perform static code analysis on C / C++ code
[3.993s] -- Configured cppcheck include dirs: /home/chathura/Documents/git-projects/Robotics-and-Automation-Labs/lab5/src/moveit2/moveit_ros/moveit_servo/include
[3.993s] -- Configured cppcheck exclude dirs and/or files: 
[3.994s] -- Added test 'lint_cmake' to check CMake code style
[3.995s] -- Added test 'pep257' to check Python code against some of the docstring style conventions in PEP 257
[3.996s] -- Added test 'xmllint' to check XML markup files
[3.997s] -- Configuring done
[4.160s] -- Generating done
[4.163s] -- Build files have been written to: /home/chathura/Documents/git-projects/Robotics-and-Automation-Labs/lab5/build/moveit_servo
[4.178s] Invoked command in '/home/chathura/Documents/git-projects/Robotics-and-Automation-Labs/lab5/build/moveit_servo' returned '0': AMENT_PREFIX_PATH=/home/chathura/Documents/git-projects/Robotics-and-Automation-Labs/lab5/install/moveit_ros_planning_interface:/home/chathura/Documents/git-projects/Robotics-and-Automation-Labs/lab5/install/moveit_ros_move_group:/home/chathura/Documents/git-projects/Robotics-and-Automation-Labs/lab5/install/moveit_ros_warehouse:/home/chathura/Documents/git-projects/Robotics-and-Automation-Labs/lab5/install/moveit_kinematics:/home/chathura/Documents/git-projects/Robotics-and-Automation-Labs/lab5/install/moveit_ros_planning:/home/chathura/Documents/git-projects/Robotics-and-Automation-Labs/lab5/install/moveit_ros_occupancy_map_monitor:/home/chathura/Documents/git-projects/Robotics-and-Automation-Labs/lab5/install/moveit_core:/home/chathura/Documents/git-projects/Robotics-and-Automation-Labs/lab5/install/moveit_resources_panda_moveit_config:/home/chathura/Documents/git-projects/Robotics-and-Automation-Labs/lab5/install/moveit_configs_utils:/home/chathura/Documents/git-projects/Robotics-and-Automation-Labs/lab5/install/srdfdom:/home/chathura/Documents/git-projects/Robotics-and-Automation-Labs/lab5/install/moveit_resources_panda_description:/home/chathura/Documents/git-projects/Robotics-and-Automation-Labs/lab5/install/moveit_common:/home/chathura/Documents/git-projects/Robotics-and-Automation-Labs/lab5/install/launch_param_builder:${AMENT_PREFIX_PATH} CMAKE_PREFIX_PATH=/home/chathura/Documents/git-projects/Robotics-and-Automation-Labs/lab5/install/moveit_ros_planning_interface:/home/chathura/Documents/git-projects/Robotics-and-Automation-Labs/lab5/install/moveit_ros_move_group:/home/chathura/Documents/git-projects/Robotics-and-Automation-Labs/lab5/install/moveit_ros_warehouse:/home/chathura/Documents/git-projects/Robotics-and-Automation-Labs/lab5/install/moveit_kinematics:/home/chathura/Documents/git-projects/Robotics-and-Automation-Labs/lab5/install/moveit_ros_planning:/home/chathura/Documents/git-projects/Robotics-and-Automation-Labs/lab5/install/moveit_ros_occupancy_map_monitor:/home/chathura/Documents/git-projects/Robotics-and-Automation-Labs/lab5/install/moveit_core:/home/chathura/Documents/git-projects/Robotics-and-Automation-Labs/lab5/install/moveit_resources_panda_moveit_config:/home/chathura/Documents/git-projects/Robotics-and-Automation-Labs/lab5/install/srdfdom:/home/chathura/Documents/git-projects/Robotics-and-Automation-Labs/lab5/install/moveit_resources_panda_description:/home/chathura/Documents/git-projects/Robotics-and-Automation-Labs/lab5/install/moveit_common:/opt/ros/humble LD_LIBRARY_PATH=/home/chathura/Documents/git-projects/Robotics-and-Automation-Labs/lab5/install/moveit_ros_planning_interface/lib:/home/chathura/Documents/git-projects/Robotics-and-Automation-Labs/lab5/install/moveit_ros_move_group/lib:/home/chathura/Documents/git-projects/Robotics-and-Automation-Labs/lab5/install/moveit_ros_warehouse/lib:/home/chathura/Documents/git-projects/Robotics-and-Automation-Labs/lab5/install/moveit_kinematics/lib:/home/chathura/Documents/git-projects/Robotics-and-Automation-Labs/lab5/install/moveit_ros_planning/lib:/home/chathura/Documents/git-projects/Robotics-and-Automation-Labs/lab5/install/moveit_ros_occupancy_map_monitor/lib:/home/chathura/Documents/git-projects/Robotics-and-Automation-Labs/lab5/install/moveit_core/lib:/home/chathura/Documents/git-projects/Robotics-and-Automation-Labs/lab5/install/srdfdom/lib:${LD_LIBRARY_PATH} PATH=/home/chathura/Documents/git-projects/Robotics-and-Automation-Labs/lab5/install/moveit_core/bin:${PATH} PYTHONPATH=/home/chathura/Documents/git-projects/Robotics-and-Automation-Labs/lab5/install/moveit_configs_utils/lib/python3.10/site-packages:/home/chathura/Documents/git-projects/Robotics-and-Automation-Labs/lab5/install/srdfdom/local/lib/python3.10/dist-packages:/home/chathura/Documents/git-projects/Robotics-and-Automation-Labs/lab5/install/launch_param_builder/lib/python3.10/site-packages:${PYTHONPATH} /usr/bin/cmake /home/chathura/Documents/git-projects/Robotics-and-Automation-Labs/lab5/src/moveit2/moveit_ros/moveit_servo -DCMAKE_BUILD_TYPE=Release -DCMAKE_INSTALL_PREFIX=/home/chathura/Documents/git-projects/Robotics-and-Automation-Labs/lab5/install/moveit_servo
[4.180s] Invoking command in '/home/chathura/Documents/git-projects/Robotics-and-Automation-Labs/lab5/build/moveit_servo': AMENT_PREFIX_PATH=/home/chathura/Documents/git-projects/Robotics-and-Automation-Labs/lab5/install/moveit_ros_planning_interface:/home/chathura/Documents/git-projects/Robotics-and-Automation-Labs/lab5/install/moveit_ros_move_group:/home/chathura/Documents/git-projects/Robotics-and-Automation-Labs/lab5/install/moveit_ros_warehouse:/home/chathura/Documents/git-projects/Robotics-and-Automation-Labs/lab5/install/moveit_kinematics:/home/chathura/Documents/git-projects/Robotics-and-Automation-Labs/lab5/install/moveit_ros_planning:/home/chathura/Documents/git-projects/Robotics-and-Automation-Labs/lab5/install/moveit_ros_occupancy_map_monitor:/home/chathura/Documents/git-projects/Robotics-and-Automation-Labs/lab5/install/moveit_core:/home/chathura/Documents/git-projects/Robotics-and-Automation-Labs/lab5/install/moveit_resources_panda_moveit_config:/home/chathura/Documents/git-projects/Robotics-and-Automation-Labs/lab5/install/moveit_configs_utils:/home/chathura/Documents/git-projects/Robotics-and-Automation-Labs/lab5/install/srdfdom:/home/chathura/Documents/git-projects/Robotics-and-Automation-Labs/lab5/install/moveit_resources_panda_description:/home/chathura/Documents/git-projects/Robotics-and-Automation-Labs/lab5/install/moveit_common:/home/chathura/Documents/git-projects/Robotics-and-Automation-Labs/lab5/install/launch_param_builder:${AMENT_PREFIX_PATH} CMAKE_PREFIX_PATH=/home/chathura/Documents/git-projects/Robotics-and-Automation-Labs/lab5/install/moveit_ros_planning_interface:/home/chathura/Documents/git-projects/Robotics-and-Automation-Labs/lab5/install/moveit_ros_move_group:/home/chathura/Documents/git-projects/Robotics-and-Automation-Labs/lab5/install/moveit_ros_warehouse:/home/chathura/Documents/git-projects/Robotics-and-Automation-Labs/lab5/install/moveit_kinematics:/home/chathura/Documents/git-projects/Robotics-and-Automation-Labs/lab5/install/moveit_ros_planning:/home/chathura/Documents/git-projects/Robotics-and-Automation-Labs/lab5/install/moveit_ros_occupancy_map_monitor:/home/chathura/Documents/git-projects/Robotics-and-Automation-Labs/lab5/install/moveit_core:/home/chathura/Documents/git-projects/Robotics-and-Automation-Labs/lab5/install/moveit_resources_panda_moveit_config:/home/chathura/Documents/git-projects/Robotics-and-Automation-Labs/lab5/install/srdfdom:/home/chathura/Documents/git-projects/Robotics-and-Automation-Labs/lab5/install/moveit_resources_panda_description:/home/chathura/Documents/git-projects/Robotics-and-Automation-Labs/lab5/install/moveit_common:/opt/ros/humble LD_LIBRARY_PATH=/home/chathura/Documents/git-projects/Robotics-and-Automation-Labs/lab5/install/moveit_ros_planning_interface/lib:/home/chathura/Documents/git-projects/Robotics-and-Automation-Labs/lab5/install/moveit_ros_move_group/lib:/home/chathura/Documents/git-projects/Robotics-and-Automation-Labs/lab5/install/moveit_ros_warehouse/lib:/home/chathura/Documents/git-projects/Robotics-and-Automation-Labs/lab5/install/moveit_kinematics/lib:/home/chathura/Documents/git-projects/Robotics-and-Automation-Labs/lab5/install/moveit_ros_planning/lib:/home/chathura/Documents/git-projects/Robotics-and-Automation-Labs/lab5/install/moveit_ros_occupancy_map_monitor/lib:/home/chathura/Documents/git-projects/Robotics-and-Automation-Labs/lab5/install/moveit_core/lib:/home/chathura/Documents/git-projects/Robotics-and-Automation-Labs/lab5/install/srdfdom/lib:${LD_LIBRARY_PATH} PATH=/home/chathura/Documents/git-projects/Robotics-and-Automation-Labs/lab5/install/moveit_core/bin:${PATH} PYTHONPATH=/home/chathura/Documents/git-projects/Robotics-and-Automation-Labs/lab5/install/moveit_configs_utils/lib/python3.10/site-packages:/home/chathura/Documents/git-projects/Robotics-and-Automation-Labs/lab5/install/srdfdom/local/lib/python3.10/dist-packages:/home/chathura/Documents/git-projects/Robotics-and-Automation-Labs/lab5/install/launch_param_builder/lib/python3.10/site-packages:${PYTHONPATH} /usr/bin/cmake --build /home/chathura/Documents/git-projects/Robotics-and-Automation-Labs/lab5/build/moveit_servo -- -j16 -l16
[4.236s] [ 18%] [32mBuilding CXX object gtest/CMakeFiles/gtest_main.dir/src/gtest_main.cc.o[0m
[4.236s] [ 18%] [32mBuilding CXX object gtest/CMakeFiles/gtest.dir/src/gtest-all.cc.o[0m
[4.236s] [ 18%] [32mBuilding CXX object CMakeFiles/moveit_servo_lib_parameters.dir/src/servo_parameters.cpp.o[0m
[4.236s] [ 18%] [32mBuilding CXX object CMakeFiles/moveit_servo_lib_parameters.dir/src/parameter_descriptor_builder.cpp.o[0m
[4.236s] [ 18%] [32mBuilding CXX object CMakeFiles/fake_command_publisher.dir/test/publish_fake_jog_commands.cpp.o[0m
[4.237s] [ 18%] [32mBuilding CXX object CMakeFiles/servo_controller_input.dir/src/teleop_demo/joystick_servo_example.cpp.o[0m
[5.022s] [ 21%] [32m[1mLinking CXX static library libgtest_main.a[0m
[5.061s] [ 21%] Built target gtest_main
[8.179s] [ 24%] [32m[1mLinking CXX executable fake_command_publisher[0m
[8.300s] [ 24%] Built target fake_command_publisher
[9.996s] [ 27%] [32m[1mLinking CXX static library libgtest.a[0m
[10.039s] [ 27%] Built target gtest
[12.875s] [ 30%] [32m[1mLinking CXX shared library libmoveit_servo_lib_parameters.so[0m
[13.069s] [ 30%] Built target moveit_servo_lib_parameters
[13.092s] [ 45%] [32mBuilding CXX object CMakeFiles/test_servo_collision.dir/test/test_servo_collision.cpp.o[0m
[13.092s] [ 45%] [32mBuilding CXX object CMakeFiles/moveit_servo_lib.dir/src/collision_check.cpp.o[0m
[13.092s] [ 45%] [32mBuilding CXX object CMakeFiles/test_servo_integration.dir/test/test_servo_interface.cpp.o[0m
[13.093s] [ 45%] [32mBuilding CXX object CMakeFiles/moveit_servo_lib.dir/src/utilities.cpp.o[0m
[13.093s] [ 45%] [32mBuilding CXX object CMakeFiles/moveit_servo_lib.dir/src/servo_calcs.cpp.o[0m
[13.094s] [ 51%] [32mBuilding CXX object CMakeFiles/moveit_servo_lib.dir/src/servo.cpp.o[0m
[13.094s] [ 51%] [32mBuilding CXX object CMakeFiles/moveit_servo_lib.dir/src/enforce_limits.cpp.o[0m
[15.134s] [ 54%] [32m[1mLinking CXX shared library libservo_controller_input.so[0m
[15.486s] [ 54%] Built target servo_controller_input
[36.535s] [ 57%] [32m[1mLinking CXX executable test_servo_collision[0m
[36.870s] [ 57%] Built target test_servo_collision
[38.756s] [ 60%] [32m[1mLinking CXX executable test_servo_integration[0m
[39.101s] [ 60%] Built target test_servo_integration
[51.036s] [ 63%] [32m[1mLinking CXX shared library libmoveit_servo_lib.so[0m
[51.356s] [ 63%] Built target moveit_servo_lib
[51.379s] [ 72%] [32mBuilding CXX object CMakeFiles/servo_node.dir/src/servo_node.cpp.o[0m
[51.379s] [ 72%] [32mBuilding CXX object CMakeFiles/pose_tracking.dir/src/pose_tracking.cpp.o[0m
[51.379s] [ 72%] [32mBuilding CXX object CMakeFiles/servo_calcs_unit_tests.dir/test/servo_calcs_unit_tests.cpp.o[0m
[60.879s] [ 75%] [32m[1mLinking CXX shared library libservo_node.so[0m
[61.108s] [ 75%] Built target servo_node
[61.132s] [ 78%] [32mBuilding CXX object CMakeFiles/servo_node_main.dir/src/servo_node_main.cpp.o[0m
[67.799s] [ 81%] [32m[1mLinking CXX shared library libpose_tracking.so[0m
[68.048s] [ 81%] Built target pose_tracking
[68.073s] [ 87%] [32mBuilding CXX object CMakeFiles/servo_pose_tracking_demo.dir/src/cpp_interface_demo/pose_tracking_demo.cpp.o[0m
[68.073s] [ 87%] [32mBuilding CXX object CMakeFiles/test_servo_pose_tracking.dir/test/pose_tracking_test.cpp.o[0m
[69.716s] [ 90%] [32m[1mLinking CXX executable servo_calcs_unit_tests[0m
[69.951s] [ 93%] [32m[1mLinking CXX executable servo_node_main[0m
[70.083s] [ 93%] Built target servo_calcs_unit_tests
[70.232s] [ 93%] Built target servo_node_main
[82.648s] [ 96%] [32m[1mLinking CXX executable servo_pose_tracking_demo[0m
[83.003s] [ 96%] Built target servo_pose_tracking_demo
[84.030s] [100%] [32m[1mLinking CXX executable test_servo_pose_tracking[0m
[84.387s] [100%] Built target test_servo_pose_tracking
[84.402s] Invoked command in '/home/chathura/Documents/git-projects/Robotics-and-Automation-Labs/lab5/build/moveit_servo' returned '0': AMENT_PREFIX_PATH=/home/chathura/Documents/git-projects/Robotics-and-Automation-Labs/lab5/install/moveit_ros_planning_interface:/home/chathura/Documents/git-projects/Robotics-and-Automation-Labs/lab5/install/moveit_ros_move_group:/home/chathura/Documents/git-projects/Robotics-and-Automation-Labs/lab5/install/moveit_ros_warehouse:/home/chathura/Documents/git-projects/Robotics-and-Automation-Labs/lab5/install/moveit_kinematics:/home/chathura/Documents/git-projects/Robotics-and-Automation-Labs/lab5/install/moveit_ros_planning:/home/chathura/Documents/git-projects/Robotics-and-Automation-Labs/lab5/install/moveit_ros_occupancy_map_monitor:/home/chathura/Documents/git-projects/Robotics-and-Automation-Labs/lab5/install/moveit_core:/home/chathura/Documents/git-projects/Robotics-and-Automation-Labs/lab5/install/moveit_resources_panda_moveit_config:/home/chathura/Documents/git-projects/Robotics-and-Automation-Labs/lab5/install/moveit_configs_utils:/home/chathura/Documents/git-projects/Robotics-and-Automation-Labs/lab5/install/srdfdom:/home/chathura/Documents/git-projects/Robotics-and-Automation-Labs/lab5/install/moveit_resources_panda_description:/home/chathura/Documents/git-projects/Robotics-and-Automation-Labs/lab5/install/moveit_common:/home/chathura/Documents/git-projects/Robotics-and-Automation-Labs/lab5/install/launch_param_builder:${AMENT_PREFIX_PATH} CMAKE_PREFIX_PATH=/home/chathura/Documents/git-projects/Robotics-and-Automation-Labs/lab5/install/moveit_ros_planning_interface:/home/chathura/Documents/git-projects/Robotics-and-Automation-Labs/lab5/install/moveit_ros_move_group:/home/chathura/Documents/git-projects/Robotics-and-Automation-Labs/lab5/install/moveit_ros_warehouse:/home/chathura/Documents/git-projects/Robotics-and-Automation-Labs/lab5/install/moveit_kinematics:/home/chathura/Documents/git-projects/Robotics-and-Automation-Labs/lab5/install/moveit_ros_planning:/home/chathura/Documents/git-projects/Robotics-and-Automation-Labs/lab5/install/moveit_ros_occupancy_map_monitor:/home/chathura/Documents/git-projects/Robotics-and-Automation-Labs/lab5/install/moveit_core:/home/chathura/Documents/git-projects/Robotics-and-Automation-Labs/lab5/install/moveit_resources_panda_moveit_config:/home/chathura/Documents/git-projects/Robotics-and-Automation-Labs/lab5/install/srdfdom:/home/chathura/Documents/git-projects/Robotics-and-Automation-Labs/lab5/install/moveit_resources_panda_description:/home/chathura/Documents/git-projects/Robotics-and-Automation-Labs/lab5/install/moveit_common:/opt/ros/humble LD_LIBRARY_PATH=/home/chathura/Documents/git-projects/Robotics-and-Automation-Labs/lab5/install/moveit_ros_planning_interface/lib:/home/chathura/Documents/git-projects/Robotics-and-Automation-Labs/lab5/install/moveit_ros_move_group/lib:/home/chathura/Documents/git-projects/Robotics-and-Automation-Labs/lab5/install/moveit_ros_warehouse/lib:/home/chathura/Documents/git-projects/Robotics-and-Automation-Labs/lab5/install/moveit_kinematics/lib:/home/chathura/Documents/git-projects/Robotics-and-Automation-Labs/lab5/install/moveit_ros_planning/lib:/home/chathura/Documents/git-projects/Robotics-and-Automation-Labs/lab5/install/moveit_ros_occupancy_map_monitor/lib:/home/chathura/Documents/git-projects/Robotics-and-Automation-Labs/lab5/install/moveit_core/lib:/home/chathura/Documents/git-projects/Robotics-and-Automation-Labs/lab5/install/srdfdom/lib:${LD_LIBRARY_PATH} PATH=/home/chathura/Documents/git-projects/Robotics-and-Automation-Labs/lab5/install/moveit_core/bin:${PATH} PYTHONPATH=/home/chathura/Documents/git-projects/Robotics-and-Automation-Labs/lab5/install/moveit_configs_utils/lib/python3.10/site-packages:/home/chathura/Documents/git-projects/Robotics-and-Automation-Labs/lab5/install/srdfdom/local/lib/python3.10/dist-packages:/home/chathura/Documents/git-projects/Robotics-and-Automation-Labs/lab5/install/launch_param_builder/lib/python3.10/site-packages:${PYTHONPATH} /usr/bin/cmake --build /home/chathura/Documents/git-projects/Robotics-and-Automation-Labs/lab5/build/moveit_servo -- -j16 -l16
[84.473s] Invoking command in '/home/chathura/Documents/git-projects/Robotics-and-Automation-Labs/lab5/build/moveit_servo': AMENT_PREFIX_PATH=/home/chathura/Documents/git-projects/Robotics-and-Automation-Labs/lab5/install/moveit_ros_planning_interface:/home/chathura/Documents/git-projects/Robotics-and-Automation-Labs/lab5/install/moveit_ros_move_group:/home/chathura/Documents/git-projects/Robotics-and-Automation-Labs/lab5/install/moveit_ros_warehouse:/home/chathura/Documents/git-projects/Robotics-and-Automation-Labs/lab5/install/moveit_kinematics:/home/chathura/Documents/git-projects/Robotics-and-Automation-Labs/lab5/install/moveit_ros_planning:/home/chathura/Documents/git-projects/Robotics-and-Automation-Labs/lab5/install/moveit_ros_occupancy_map_monitor:/home/chathura/Documents/git-projects/Robotics-and-Automation-Labs/lab5/install/moveit_core:/home/chathura/Documents/git-projects/Robotics-and-Automation-Labs/lab5/install/moveit_resources_panda_moveit_config:/home/chathura/Documents/git-projects/Robotics-and-Automation-Labs/lab5/install/moveit_configs_utils:/home/chathura/Documents/git-projects/Robotics-and-Automation-Labs/lab5/install/srdfdom:/home/chathura/Documents/git-projects/Robotics-and-Automation-Labs/lab5/install/moveit_resources_panda_description:/home/chathura/Documents/git-projects/Robotics-and-Automation-Labs/lab5/install/moveit_common:/home/chathura/Documents/git-projects/Robotics-and-Automation-Labs/lab5/install/launch_param_builder:${AMENT_PREFIX_PATH} CMAKE_PREFIX_PATH=/home/chathura/Documents/git-projects/Robotics-and-Automation-Labs/lab5/install/moveit_ros_planning_interface:/home/chathura/Documents/git-projects/Robotics-and-Automation-Labs/lab5/install/moveit_ros_move_group:/home/chathura/Documents/git-projects/Robotics-and-Automation-Labs/lab5/install/moveit_ros_warehouse:/home/chathura/Documents/git-projects/Robotics-and-Automation-Labs/lab5/install/moveit_kinematics:/home/chathura/Documents/git-projects/Robotics-and-Automation-Labs/lab5/install/moveit_ros_planning:/home/chathura/Documents/git-projects/Robotics-and-Automation-Labs/lab5/install/moveit_ros_occupancy_map_monitor:/home/chathura/Documents/git-projects/Robotics-and-Automation-Labs/lab5/install/moveit_core:/home/chathura/Documents/git-projects/Robotics-and-Automation-Labs/lab5/install/moveit_resources_panda_moveit_config:/home/chathura/Documents/git-projects/Robotics-and-Automation-Labs/lab5/install/srdfdom:/home/chathura/Documents/git-projects/Robotics-and-Automation-Labs/lab5/install/moveit_resources_panda_description:/home/chathura/Documents/git-projects/Robotics-and-Automation-Labs/lab5/install/moveit_common:/opt/ros/humble LD_LIBRARY_PATH=/home/chathura/Documents/git-projects/Robotics-and-Automation-Labs/lab5/install/moveit_ros_planning_interface/lib:/home/chathura/Documents/git-projects/Robotics-and-Automation-Labs/lab5/install/moveit_ros_move_group/lib:/home/chathura/Documents/git-projects/Robotics-and-Automation-Labs/lab5/install/moveit_ros_warehouse/lib:/home/chathura/Documents/git-projects/Robotics-and-Automation-Labs/lab5/install/moveit_kinematics/lib:/home/chathura/Documents/git-projects/Robotics-and-Automation-Labs/lab5/install/moveit_ros_planning/lib:/home/chathura/Documents/git-projects/Robotics-and-Automation-Labs/lab5/install/moveit_ros_occupancy_map_monitor/lib:/home/chathura/Documents/git-projects/Robotics-and-Automation-Labs/lab5/install/moveit_core/lib:/home/chathura/Documents/git-projects/Robotics-and-Automation-Labs/lab5/install/srdfdom/lib:${LD_LIBRARY_PATH} PATH=/home/chathura/Documents/git-projects/Robotics-and-Automation-Labs/lab5/install/moveit_core/bin:${PATH} PYTHONPATH=/home/chathura/Documents/git-projects/Robotics-and-Automation-Labs/lab5/install/moveit_configs_utils/lib/python3.10/site-packages:/home/chathura/Documents/git-projects/Robotics-and-Automation-Labs/lab5/install/srdfdom/local/lib/python3.10/dist-packages:/home/chathura/Documents/git-projects/Robotics-and-Automation-Labs/lab5/install/launch_param_builder/lib/python3.10/site-packages:${PYTHONPATH} /usr/bin/cmake --install /home/chathura/Documents/git-projects/Robotics-and-Automation-Labs/lab5/build/moveit_servo
[84.481s] -- Install configuration: "Release"
[84.481s] -- Installing: /home/chathura/Documents/git-projects/Robotics-and-Automation-Labs/lab5/install/moveit_servo/lib/libmoveit_servo_lib.so.2.5.5
[84.485s] -- Set runtime path of "/home/chathura/Documents/git-projects/Robotics-and-Automation-Labs/lab5/install/moveit_servo/lib/libmoveit_servo_lib.so.2.5.5" to ""
[84.485s] -- Installing: /home/chathura/Documents/git-projects/Robotics-and-Automation-Labs/lab5/install/moveit_servo/lib/libmoveit_servo_lib.so
[84.486s] -- Installing: /home/chathura/Documents/git-projects/Robotics-and-Automation-Labs/lab5/install/moveit_servo/lib/libmoveit_servo_lib_parameters.so.2.5.5
[84.486s] -- Set runtime path of "/home/chathura/Documents/git-projects/Robotics-and-Automation-Labs/lab5/install/moveit_servo/lib/libmoveit_servo_lib_parameters.so.2.5.5" to ""
[84.486s] -- Installing: /home/chathura/Documents/git-projects/Robotics-and-Automation-Labs/lab5/install/moveit_servo/lib/libmoveit_servo_lib_parameters.so
[84.486s] -- Installing: /home/chathura/Documents/git-projects/Robotics-and-Automation-Labs/lab5/install/moveit_servo/lib/libpose_tracking.so
[84.488s] -- Set runtime path of "/home/chathura/Documents/git-projects/Robotics-and-Automation-Labs/lab5/install/moveit_servo/lib/libpose_tracking.so" to ""
[84.488s] -- Installing: /home/chathura/Documents/git-projects/Robotics-and-Automation-Labs/lab5/install/moveit_servo/lib/libservo_node.so
[84.488s] -- Set runtime path of "/home/chathura/Documents/git-projects/Robotics-and-Automation-Labs/lab5/install/moveit_servo/lib/libservo_node.so" to ""
[84.489s] -- Installing: /home/chathura/Documents/git-projects/Robotics-and-Automation-Labs/lab5/install/moveit_servo/lib/libservo_controller_input.so
[84.490s] -- Set runtime path of "/home/chathura/Documents/git-projects/Robotics-and-Automation-Labs/lab5/install/moveit_servo/lib/libservo_controller_input.so" to ""
[84.491s] -- Installing: /home/chathura/Documents/git-projects/Robotics-and-Automation-Labs/lab5/install/moveit_servo/lib/moveit_servo/servo_node_main
[84.491s] -- Set runtime path of "/home/chathura/Documents/git-projects/Robotics-and-Automation-Labs/lab5/install/moveit_servo/lib/moveit_servo/servo_node_main" to ""
[84.491s] -- Installing: /home/chathura/Documents/git-projects/Robotics-and-Automation-Labs/lab5/install/moveit_servo/lib/moveit_servo/servo_pose_tracking_demo
[84.492s] -- Set runtime path of "/home/chathura/Documents/git-projects/Robotics-and-Automation-Labs/lab5/install/moveit_servo/lib/moveit_servo/servo_pose_tracking_demo" to ""
[84.492s] -- Installing: /home/chathura/Documents/git-projects/Robotics-and-Automation-Labs/lab5/install/moveit_servo/lib/moveit_servo/fake_command_publisher
[84.493s] -- Set runtime path of "/home/chathura/Documents/git-projects/Robotics-and-Automation-Labs/lab5/install/moveit_servo/lib/moveit_servo/fake_command_publisher" to ""
[84.493s] -- Installing: /home/chathura/Documents/git-projects/Robotics-and-Automation-Labs/lab5/install/moveit_servo/include
[84.493s] -- Installing: /home/chathura/Documents/git-projects/Robotics-and-Automation-Labs/lab5/install/moveit_servo/include/moveit_servo
[84.493s] -- Installing: /home/chathura/Documents/git-projects/Robotics-and-Automation-Labs/lab5/install/moveit_servo/include/moveit_servo/status_codes.h
[84.493s] -- Installing: /home/chathura/Documents/git-projects/Robotics-and-Automation-Labs/lab5/install/moveit_servo/include/moveit_servo/servo.h
[84.493s] -- Installing: /home/chathura/Documents/git-projects/Robotics-and-Automation-Labs/lab5/install/moveit_servo/include/moveit_servo/make_shared_from_pool.h
[84.493s] -- Installing: /home/chathura/Documents/git-projects/Robotics-and-Automation-Labs/lab5/install/moveit_servo/include/moveit_servo/pose_tracking.h
[84.493s] -- Installing: /home/chathura/Documents/git-projects/Robotics-and-Automation-Labs/lab5/install/moveit_servo/include/moveit_servo/servo_calcs.h
[84.494s] -- Installing: /home/chathura/Documents/git-projects/Robotics-and-Automation-Labs/lab5/install/moveit_servo/include/moveit_servo/servo_parameters.h
[84.494s] -- Installing: /home/chathura/Documents/git-projects/Robotics-and-Automation-Labs/lab5/install/moveit_servo/include/moveit_servo/servo_server.h
[84.494s] -- Installing: /home/chathura/Documents/git-projects/Robotics-and-Automation-Labs/lab5/install/moveit_servo/include/moveit_servo/enforce_limits.hpp
[84.494s] -- Installing: /home/chathura/Documents/git-projects/Robotics-and-Automation-Labs/lab5/install/moveit_servo/include/moveit_servo/parameter_descriptor_builder.hpp
[84.494s] -- Installing: /home/chathura/Documents/git-projects/Robotics-and-Automation-Labs/lab5/install/moveit_servo/include/moveit_servo/collision_check.h
[84.494s] -- Installing: /home/chathura/Documents/git-projects/Robotics-and-Automation-Labs/lab5/install/moveit_servo/include/moveit_servo/servo_node.h
[84.494s] -- Installing: /home/chathura/Documents/git-projects/Robotics-and-Automation-Labs/lab5/install/moveit_servo/include/moveit_servo/utilities.h
[84.495s] -- Installing: /home/chathura/Documents/git-projects/Robotics-and-Automation-Labs/lab5/install/moveit_servo/share/moveit_servo/launch
[84.495s] -- Installing: /home/chathura/Documents/git-projects/Robotics-and-Automation-Labs/lab5/install/moveit_servo/share/moveit_servo/launch/servo_example.launch.py
[84.495s] -- Installing: /home/chathura/Documents/git-projects/Robotics-and-Automation-Labs/lab5/install/moveit_servo/share/moveit_servo/launch/pose_tracking_example.launch.py
[84.495s] -- Installing: /home/chathura/Documents/git-projects/Robotics-and-Automation-Labs/lab5/install/moveit_servo/share/moveit_servo/config
[84.495s] -- Installing: /home/chathura/Documents/git-projects/Robotics-and-Automation-Labs/lab5/install/moveit_servo/share/moveit_servo/config/panda_simulated_config.yaml
[84.496s] -- Installing: /home/chathura/Documents/git-projects/Robotics-and-Automation-Labs/lab5/install/moveit_servo/share/moveit_servo/config/pose_tracking_settings.yaml
[84.496s] -- Installing: /home/chathura/Documents/git-projects/Robotics-and-Automation-Labs/lab5/install/moveit_servo/share/moveit_servo/config/panda_simulated_config_pose_tracking.yaml
[84.496s] -- Installing: /home/chathura/Documents/git-projects/Robotics-and-Automation-Labs/lab5/install/moveit_servo/share/moveit_servo/config/demo_rviz_pose_tracking.rviz
[84.496s] -- Installing: /home/chathura/Documents/git-projects/Robotics-and-Automation-Labs/lab5/install/moveit_servo/share/moveit_servo/config/demo_rviz_config.rviz
[84.497s] -- Installing: /home/chathura/Documents/git-projects/Robotics-and-Automation-Labs/lab5/install/moveit_servo/share/moveit_servo/environment/library_path.sh
[84.497s] -- Installing: /home/chathura/Documents/git-projects/Robotics-and-Automation-Labs/lab5/install/moveit_servo/share/moveit_servo/environment/library_path.dsv
[84.497s] -- Installing: /home/chathura/Documents/git-projects/Robotics-and-Automation-Labs/lab5/install/moveit_servo/share/ament_index/resource_index/package_run_dependencies/moveit_servo
[84.497s] -- Installing: /home/chathura/Documents/git-projects/Robotics-and-Automation-Labs/lab5/install/moveit_servo/share/ament_index/resource_index/parent_prefix_path/moveit_servo
[84.498s] -- Installing: /home/chathura/Documents/git-projects/Robotics-and-Automation-Labs/lab5/install/moveit_servo/share/moveit_servo/environment/ament_prefix_path.sh
[84.498s] -- Installing: /home/chathura/Documents/git-projects/Robotics-and-Automation-Labs/lab5/install/moveit_servo/share/moveit_servo/environment/ament_prefix_path.dsv
[84.498s] -- Installing: /home/chathura/Documents/git-projects/Robotics-and-Automation-Labs/lab5/install/moveit_servo/share/moveit_servo/environment/path.sh
[84.498s] -- Installing: /home/chathura/Documents/git-projects/Robotics-and-Automation-Labs/lab5/install/moveit_servo/share/moveit_servo/environment/path.dsv
[84.498s] -- Installing: /home/chathura/Documents/git-projects/Robotics-and-Automation-Labs/lab5/install/moveit_servo/share/moveit_servo/local_setup.bash
[84.498s] -- Installing: /home/chathura/Documents/git-projects/Robotics-and-Automation-Labs/lab5/install/moveit_servo/share/moveit_servo/local_setup.sh
[84.498s] -- Installing: /home/chathura/Documents/git-projects/Robotics-and-Automation-Labs/lab5/install/moveit_servo/share/moveit_servo/local_setup.zsh
[84.498s] -- Installing: /home/chathura/Documents/git-projects/Robotics-and-Automation-Labs/lab5/install/moveit_servo/share/moveit_servo/local_setup.dsv
[84.499s] -- Installing: /home/chathura/Documents/git-projects/Robotics-and-Automation-Labs/lab5/install/moveit_servo/share/moveit_servo/package.dsv
[84.499s] -- Installing: /home/chathura/Documents/git-projects/Robotics-and-Automation-Labs/lab5/install/moveit_servo/share/ament_index/resource_index/packages/moveit_servo
[84.499s] -- Installing: /home/chathura/Documents/git-projects/Robotics-and-Automation-Labs/lab5/install/moveit_servo/share/ament_index/resource_index/rclcpp_components/moveit_servo
[84.499s] -- Installing: /home/chathura/Documents/git-projects/Robotics-and-Automation-Labs/lab5/install/moveit_servo/share/moveit_servo/cmake/export_moveit_servoExport.cmake
[84.499s] -- Installing: /home/chathura/Documents/git-projects/Robotics-and-Automation-Labs/lab5/install/moveit_servo/share/moveit_servo/cmake/export_moveit_servoExport-release.cmake
[84.499s] -- Installing: /home/chathura/Documents/git-projects/Robotics-and-Automation-Labs/lab5/install/moveit_servo/share/moveit_servo/cmake/ament_cmake_export_targets-extras.cmake
[84.500s] -- Installing: /home/chathura/Documents/git-projects/Robotics-and-Automation-Labs/lab5/install/moveit_servo/share/moveit_servo/cmake/ament_cmake_export_dependencies-extras.cmake
[84.500s] -- Installing: /home/chathura/Documents/git-projects/Robotics-and-Automation-Labs/lab5/install/moveit_servo/share/moveit_servo/cmake/moveit_servoConfig.cmake
[84.500s] -- Installing: /home/chathura/Documents/git-projects/Robotics-and-Automation-Labs/lab5/install/moveit_servo/share/moveit_servo/cmake/moveit_servoConfig-version.cmake
[84.500s] -- Installing: /home/chathura/Documents/git-projects/Robotics-and-Automation-Labs/lab5/install/moveit_servo/share/moveit_servo/package.xml
[84.502s] Invoked command in '/home/chathura/Documents/git-projects/Robotics-and-Automation-Labs/lab5/build/moveit_servo' returned '0': AMENT_PREFIX_PATH=/home/chathura/Documents/git-projects/Robotics-and-Automation-Labs/lab5/install/moveit_ros_planning_interface:/home/chathura/Documents/git-projects/Robotics-and-Automation-Labs/lab5/install/moveit_ros_move_group:/home/chathura/Documents/git-projects/Robotics-and-Automation-Labs/lab5/install/moveit_ros_warehouse:/home/chathura/Documents/git-projects/Robotics-and-Automation-Labs/lab5/install/moveit_kinematics:/home/chathura/Documents/git-projects/Robotics-and-Automation-Labs/lab5/install/moveit_ros_planning:/home/chathura/Documents/git-projects/Robotics-and-Automation-Labs/lab5/install/moveit_ros_occupancy_map_monitor:/home/chathura/Documents/git-projects/Robotics-and-Automation-Labs/lab5/install/moveit_core:/home/chathura/Documents/git-projects/Robotics-and-Automation-Labs/lab5/install/moveit_resources_panda_moveit_config:/home/chathura/Documents/git-projects/Robotics-and-Automation-Labs/lab5/install/moveit_configs_utils:/home/chathura/Documents/git-projects/Robotics-and-Automation-Labs/lab5/install/srdfdom:/home/chathura/Documents/git-projects/Robotics-and-Automation-Labs/lab5/install/moveit_resources_panda_description:/home/chathura/Documents/git-projects/Robotics-and-Automation-Labs/lab5/install/moveit_common:/home/chathura/Documents/git-projects/Robotics-and-Automation-Labs/lab5/install/launch_param_builder:${AMENT_PREFIX_PATH} CMAKE_PREFIX_PATH=/home/chathura/Documents/git-projects/Robotics-and-Automation-Labs/lab5/install/moveit_ros_planning_interface:/home/chathura/Documents/git-projects/Robotics-and-Automation-Labs/lab5/install/moveit_ros_move_group:/home/chathura/Documents/git-projects/Robotics-and-Automation-Labs/lab5/install/moveit_ros_warehouse:/home/chathura/Documents/git-projects/Robotics-and-Automation-Labs/lab5/install/moveit_kinematics:/home/chathura/Documents/git-projects/Robotics-and-Automation-Labs/lab5/install/moveit_ros_planning:/home/chathura/Documents/git-projects/Robotics-and-Automation-Labs/lab5/install/moveit_ros_occupancy_map_monitor:/home/chathura/Documents/git-projects/Robotics-and-Automation-Labs/lab5/install/moveit_core:/home/chathura/Documents/git-projects/Robotics-and-Automation-Labs/lab5/install/moveit_resources_panda_moveit_config:/home/chathura/Documents/git-projects/Robotics-and-Automation-Labs/lab5/install/srdfdom:/home/chathura/Documents/git-projects/Robotics-and-Automation-Labs/lab5/install/moveit_resources_panda_description:/home/chathura/Documents/git-projects/Robotics-and-Automation-Labs/lab5/install/moveit_common:/opt/ros/humble LD_LIBRARY_PATH=/home/chathura/Documents/git-projects/Robotics-and-Automation-Labs/lab5/install/moveit_ros_planning_interface/lib:/home/chathura/Documents/git-projects/Robotics-and-Automation-Labs/lab5/install/moveit_ros_move_group/lib:/home/chathura/Documents/git-projects/Robotics-and-Automation-Labs/lab5/install/moveit_ros_warehouse/lib:/home/chathura/Documents/git-projects/Robotics-and-Automation-Labs/lab5/install/moveit_kinematics/lib:/home/chathura/Documents/git-projects/Robotics-and-Automation-Labs/lab5/install/moveit_ros_planning/lib:/home/chathura/Documents/git-projects/Robotics-and-Automation-Labs/lab5/install/moveit_ros_occupancy_map_monitor/lib:/home/chathura/Documents/git-projects/Robotics-and-Automation-Labs/lab5/install/moveit_core/lib:/home/chathura/Documents/git-projects/Robotics-and-Automation-Labs/lab5/install/srdfdom/lib:${LD_LIBRARY_PATH} PATH=/home/chathura/Documents/git-projects/Robotics-and-Automation-Labs/lab5/install/moveit_core/bin:${PATH} PYTHONPATH=/home/chathura/Documents/git-projects/Robotics-and-Automation-Labs/lab5/install/moveit_configs_utils/lib/python3.10/site-packages:/home/chathura/Documents/git-projects/Robotics-and-Automation-Labs/lab5/install/srdfdom/local/lib/python3.10/dist-packages:/home/chathura/Documents/git-projects/Robotics-and-Automation-Labs/lab5/install/launch_param_builder/lib/python3.10/site-packages:${PYTHONPATH} /usr/bin/cmake --install /home/chathura/Documents/git-projects/Robotics-and-Automation-Labs/lab5/build/moveit_servo
