[0.917s] Invoking command in '/home/tharusha/Documents/Robotics/lab08/tiago_public_ws/build/pal_robotiq_description': CMAKE_PREFIX_PATH=${CMAKE_PREFIX_PATH}:/home/tharusha/robotics/install/launch_param_builder:/home/tharusha/robotics/install/broadcaster_listener:/home/tharusha/lab05/install/moveit_configs_utils:/home/tharusha/lab05/install/launch_param_builder:/opt/ros/humble /usr/bin/cmake /home/tharusha/Documents/Robotics/lab08/tiago_public_ws/src/pal_robotiq_gripper/pal_robotiq_description -DAMENT_CMAKE_SYMLINK_INSTALL=1 -DCMAKE_INSTALL_PREFIX=/home/tharusha/Documents/Robotics/lab08/tiago_public_ws/install/pal_robotiq_description
[1.282s] -- The C compiler identification is GNU 11.4.0
[1.587s] -- The CXX compiler identification is GNU 11.4.0
[1.619s] -- Detecting C compiler ABI info
[1.989s] -- Detecting C compiler ABI info - done
[2.020s] -- Check for working C compiler: /usr/bin/cc - skipped
[2.021s] -- Detecting C compile features
[2.022s] -- Detecting C compile features - done
[2.031s] -- Detecting CXX compiler ABI info
[2.438s] -- Detecting CXX compiler ABI info - done
[2.468s] -- Check for working CXX compiler: /usr/bin/c++ - skipped
[2.469s] -- Detecting CXX compile features
[2.471s] -- Detecting CXX compile features - done
[2.514s] -- Found ament_cmake_auto: 1.3.8 (/opt/ros/humble/share/ament_cmake_auto/cmake)
[3.259s] -- Found Python3: /usr/bin/python3 (found version "3.10.12") found components: Interpreter 
[3.527s] -- Override CMake install command with custom implementation using symlinks instead of copying resources
[4.281s] -- Found ament_lint_auto: 0.12.10 (/opt/ros/humble/share/ament_lint_auto/cmake)
[4.622s] -- Added test 'copyright' to check source files copyright and LICENSE
[4.648s] -- Added test 'flake8' to check Python code syntax and style conventions
[4.655s] -- Added test 'lint_cmake' to check CMake code style
[4.662s] -- Added test 'pep257' to check Python code against some of the docstring style conventions in PEP 257
[4.682s] -- Added test 'xmllint' to check XML markup files
[4.689s] -- Configuring done
[4.723s] -- Generating done
[4.724s] -- Build files have been written to: /home/tharusha/Documents/Robotics/lab08/tiago_public_ws/build/pal_robotiq_description
[4.831s] Invoked command in '/home/tharusha/Documents/Robotics/lab08/tiago_public_ws/build/pal_robotiq_description' returned '0': CMAKE_PREFIX_PATH=${CMAKE_PREFIX_PATH}:/home/tharusha/robotics/install/launch_param_builder:/home/tharusha/robotics/install/broadcaster_listener:/home/tharusha/lab05/install/moveit_configs_utils:/home/tharusha/lab05/install/launch_param_builder:/opt/ros/humble /usr/bin/cmake /home/tharusha/Documents/Robotics/lab08/tiago_public_ws/src/pal_robotiq_gripper/pal_robotiq_description -DAMENT_CMAKE_SYMLINK_INSTALL=1 -DCMAKE_INSTALL_PREFIX=/home/tharusha/Documents/Robotics/lab08/tiago_public_ws/install/pal_robotiq_description
[4.836s] Invoking command in '/home/tharusha/Documents/Robotics/lab08/tiago_public_ws/build/pal_robotiq_description': CMAKE_PREFIX_PATH=${CMAKE_PREFIX_PATH}:/home/tharusha/robotics/install/launch_param_builder:/home/tharusha/robotics/install/broadcaster_listener:/home/tharusha/lab05/install/moveit_configs_utils:/home/tharusha/lab05/install/launch_param_builder:/opt/ros/humble /usr/bin/cmake --build /home/tharusha/Documents/Robotics/lab08/tiago_public_ws/build/pal_robotiq_description -- -j12 -l12
[5.057s] Invoked command in '/home/tharusha/Documents/Robotics/lab08/tiago_public_ws/build/pal_robotiq_description' returned '0': CMAKE_PREFIX_PATH=${CMAKE_PREFIX_PATH}:/home/tharusha/robotics/install/launch_param_builder:/home/tharusha/robotics/install/broadcaster_listener:/home/tharusha/lab05/install/moveit_configs_utils:/home/tharusha/lab05/install/launch_param_builder:/opt/ros/humble /usr/bin/cmake --build /home/tharusha/Documents/Robotics/lab08/tiago_public_ws/build/pal_robotiq_description -- -j12 -l12
[5.232s] Invoking command in '/home/tharusha/Documents/Robotics/lab08/tiago_public_ws/build/pal_robotiq_description': CMAKE_PREFIX_PATH=${CMAKE_PREFIX_PATH}:/home/tharusha/robotics/install/launch_param_builder:/home/tharusha/robotics/install/broadcaster_listener:/home/tharusha/lab05/install/moveit_configs_utils:/home/tharusha/lab05/install/launch_param_builder:/opt/ros/humble /usr/bin/cmake --install /home/tharusha/Documents/Robotics/lab08/tiago_public_ws/build/pal_robotiq_description
[6.143s] -- Install configuration: ""
[6.144s] -- Execute custom install script
[6.145s] -- Symlinking: /home/tharusha/Documents/Robotics/lab08/tiago_public_ws/install/pal_robotiq_description/share/pal_robotiq_description/meshes/collision/robotiq_140_inner_finger.stl
[6.146s] -- Symlinking: /home/tharusha/Documents/Robotics/lab08/tiago_public_ws/install/pal_robotiq_description/share/pal_robotiq_description/meshes/collision/robotiq_140_inner_knuckle.stl
[6.146s] -- Symlinking: /home/tharusha/Documents/Robotics/lab08/tiago_public_ws/install/pal_robotiq_description/share/pal_robotiq_description/meshes/collision/robotiq_140_outer_finger.stl
[6.147s] -- Symlinking: /home/tharusha/Documents/Robotics/lab08/tiago_public_ws/install/pal_robotiq_description/share/pal_robotiq_description/meshes/collision/robotiq_140_outer_knuckle.stl
[6.147s] -- Symlinking: /home/tharusha/Documents/Robotics/lab08/tiago_public_ws/install/pal_robotiq_description/share/pal_robotiq_description/meshes/collision/robotiq_85_base_link.stl
[6.148s] -- Symlinking: /home/tharusha/Documents/Robotics/lab08/tiago_public_ws/install/pal_robotiq_description/share/pal_robotiq_description/meshes/collision/robotiq_85_inner_finger.dae
[6.148s] -- Symlinking: /home/tharusha/Documents/Robotics/lab08/tiago_public_ws/install/pal_robotiq_description/share/pal_robotiq_description/meshes/collision/robotiq_85_inner_knuckle.dae
[6.149s] -- Symlinking: /home/tharusha/Documents/Robotics/lab08/tiago_public_ws/install/pal_robotiq_description/share/pal_robotiq_description/meshes/collision/robotiq_85_outer_finger.dae
[6.149s] -- Symlinking: /home/tharusha/Documents/Robotics/lab08/tiago_public_ws/install/pal_robotiq_description/share/pal_robotiq_description/meshes/collision/robotiq_85_outer_knuckle.dae
[6.150s] -- Symlinking: /home/tharusha/Documents/Robotics/lab08/tiago_public_ws/install/pal_robotiq_description/share/pal_robotiq_description/meshes/collision/robotiq_base_link.stl
[6.150s] -- Symlinking: /home/tharusha/Documents/Robotics/lab08/tiago_public_ws/install/pal_robotiq_description/share/pal_robotiq_description/meshes/collision/robotiq_coupling.stl
[6.151s] -- Symlinking: /home/tharusha/Documents/Robotics/lab08/tiago_public_ws/install/pal_robotiq_description/share/pal_robotiq_description/meshes/visual/pal_robotiq_coupling.stl
[6.151s] -- Symlinking: /home/tharusha/Documents/Robotics/lab08/tiago_public_ws/install/pal_robotiq_description/share/pal_robotiq_description/meshes/visual/robotiq_140_inner_finger.stl
[6.152s] -- Symlinking: /home/tharusha/Documents/Robotics/lab08/tiago_public_ws/install/pal_robotiq_description/share/pal_robotiq_description/meshes/visual/robotiq_140_inner_knuckle.stl
[6.152s] -- Symlinking: /home/tharusha/Documents/Robotics/lab08/tiago_public_ws/install/pal_robotiq_description/share/pal_robotiq_description/meshes/visual/robotiq_140_outer_finger.stl
[6.153s] -- Symlinking: /home/tharusha/Documents/Robotics/lab08/tiago_public_ws/install/pal_robotiq_description/share/pal_robotiq_description/meshes/visual/robotiq_140_outer_knuckle.stl
[6.157s] -- Symlinking: /home/tharusha/Documents/Robotics/lab08/tiago_public_ws/install/pal_robotiq_description/share/pal_robotiq_description/meshes/visual/robotiq_85_inner_finger.dae
[6.157s] -- Symlinking: /home/tharusha/Documents/Robotics/lab08/tiago_public_ws/install/pal_robotiq_description/share/pal_robotiq_description/meshes/visual/robotiq_85_inner_knuckle.dae
[6.205s] -- Symlinking: /home/tharusha/Documents/Robotics/lab08/tiago_public_ws/install/pal_robotiq_description/share/pal_robotiq_description/meshes/visual/robotiq_85_outer_finger.dae
[6.251s] -- Symlinking: /home/tharusha/Documents/Robotics/lab08/tiago_public_ws/install/pal_robotiq_description/share/pal_robotiq_description/meshes/visual/robotiq_85_outer_knuckle.dae
[6.302s] -- Symlinking: /home/tharusha/Documents/Robotics/lab08/tiago_public_ws/install/pal_robotiq_description/share/pal_robotiq_description/meshes/visual/robotiq_85_pad.dae
[6.354s] -- Symlinking: /home/tharusha/Documents/Robotics/lab08/tiago_public_ws/install/pal_robotiq_description/share/pal_robotiq_description/meshes/visual/robotiq_base_link.stl
[6.402s] -- Symlinking: /home/tharusha/Documents/Robotics/lab08/tiago_public_ws/install/pal_robotiq_description/share/pal_robotiq_description/meshes/visual/robotiq_coupling.stl
[6.448s] -- Symlinking: /home/tharusha/Documents/Robotics/lab08/tiago_public_ws/install/pal_robotiq_description/share/pal_robotiq_description/robots/pal_robotiq_2f_140_gripper.urdf.xacro
[6.496s] -- Symlinking: /home/tharusha/Documents/Robotics/lab08/tiago_public_ws/install/pal_robotiq_description/share/pal_robotiq_description/robots/pal_robotiq_2f_85_gripper.urdf.xacro
[6.550s] -- Symlinking: /home/tharusha/Documents/Robotics/lab08/tiago_public_ws/install/pal_robotiq_description/share/pal_robotiq_description/robots/pal_robotiq_epick_gripper.urdf.xacro
[6.597s] -- Symlinking: /home/tharusha/Documents/Robotics/lab08/tiago_public_ws/install/pal_robotiq_description/share/pal_robotiq_description/urdf/grasping_frames.xacro
[6.647s] -- Symlinking: /home/tharusha/Documents/Robotics/lab08/tiago_public_ws/install/pal_robotiq_description/share/pal_robotiq_description/urdf/robotiq.ros2_control.xacro
[6.694s] -- Symlinking: /home/tharusha/Documents/Robotics/lab08/tiago_public_ws/install/pal_robotiq_description/share/pal_robotiq_description/urdf/robotiq.transmission.xacro
[6.742s] -- Symlinking: /home/tharusha/Documents/Robotics/lab08/tiago_public_ws/install/pal_robotiq_description/share/pal_robotiq_description/urdf/robotiq_140_gripper.urdf.xacro
[6.794s] -- Symlinking: /home/tharusha/Documents/Robotics/lab08/tiago_public_ws/install/pal_robotiq_description/share/pal_robotiq_description/urdf/robotiq_85_gripper.urdf.xacro
[6.836s] -- Symlinking: /home/tharusha/Documents/Robotics/lab08/tiago_public_ws/install/pal_robotiq_description/share/pal_robotiq_description/launch/robot_state_publisher.launch.py
[6.886s] -- Symlinking: /home/tharusha/Documents/Robotics/lab08/tiago_public_ws/install/pal_robotiq_description/share/pal_robotiq_description/launch/show.launch.py
[6.941s] -- Symlinking: /home/tharusha/Documents/Robotics/lab08/tiago_public_ws/install/pal_robotiq_description/share/pal_robotiq_description/config/pal_robotiq_urdf.rviz
[6.992s] -- Symlinking: /home/tharusha/Documents/Robotics/lab08/tiago_public_ws/install/pal_robotiq_description/share/ament_index/resource_index/package_run_dependencies/pal_robotiq_description
[7.048s] -- Symlinking: /home/tharusha/Documents/Robotics/lab08/tiago_public_ws/install/pal_robotiq_description/share/ament_index/resource_index/parent_prefix_path/pal_robotiq_description
[7.099s] -- Symlinking: /home/tharusha/Documents/Robotics/lab08/tiago_public_ws/install/pal_robotiq_description/share/pal_robotiq_description/environment/ament_prefix_path.sh
[7.150s] -- Symlinking: /home/tharusha/Documents/Robotics/lab08/tiago_public_ws/install/pal_robotiq_description/share/pal_robotiq_description/environment/ament_prefix_path.dsv
[7.195s] -- Symlinking: /home/tharusha/Documents/Robotics/lab08/tiago_public_ws/install/pal_robotiq_description/share/pal_robotiq_description/environment/path.sh
[7.246s] -- Symlinking: /home/tharusha/Documents/Robotics/lab08/tiago_public_ws/install/pal_robotiq_description/share/pal_robotiq_description/environment/path.dsv
[7.297s] -- Symlinking: /home/tharusha/Documents/Robotics/lab08/tiago_public_ws/install/pal_robotiq_description/share/pal_robotiq_description/local_setup.bash
[7.350s] -- Symlinking: /home/tharusha/Documents/Robotics/lab08/tiago_public_ws/install/pal_robotiq_description/share/pal_robotiq_description/local_setup.sh
[7.397s] -- Symlinking: /home/tharusha/Documents/Robotics/lab08/tiago_public_ws/install/pal_robotiq_description/share/pal_robotiq_description/local_setup.zsh
[7.450s] -- Symlinking: /home/tharusha/Documents/Robotics/lab08/tiago_public_ws/install/pal_robotiq_description/share/pal_robotiq_description/local_setup.dsv
[7.501s] -- Symlinking: /home/tharusha/Documents/Robotics/lab08/tiago_public_ws/install/pal_robotiq_description/share/pal_robotiq_description/package.dsv
[7.549s] -- Symlinking: /home/tharusha/Documents/Robotics/lab08/tiago_public_ws/install/pal_robotiq_description/share/ament_index/resource_index/packages/pal_robotiq_description
[7.596s] -- Symlinking: /home/tharusha/Documents/Robotics/lab08/tiago_public_ws/install/pal_robotiq_description/share/pal_robotiq_description/cmake/pal_robotiq_descriptionConfig.cmake
[7.644s] -- Symlinking: /home/tharusha/Documents/Robotics/lab08/tiago_public_ws/install/pal_robotiq_description/share/pal_robotiq_description/cmake/pal_robotiq_descriptionConfig-version.cmake
[7.692s] -- Symlinking: /home/tharusha/Documents/Robotics/lab08/tiago_public_ws/install/pal_robotiq_description/share/pal_robotiq_description/package.xml
[7.747s] Invoked command in '/home/tharusha/Documents/Robotics/lab08/tiago_public_ws/build/pal_robotiq_description' returned '0': CMAKE_PREFIX_PATH=${CMAKE_PREFIX_PATH}:/home/tharusha/robotics/install/launch_param_builder:/home/tharusha/robotics/install/broadcaster_listener:/home/tharusha/lab05/install/moveit_configs_utils:/home/tharusha/lab05/install/launch_param_builder:/opt/ros/humble /usr/bin/cmake --install /home/tharusha/Documents/Robotics/lab08/tiago_public_ws/build/pal_robotiq_description
