[0.530s] Invoking command in '/home/chathura/Documents/Git Projects/Robotics-and-Automation-Labs/lab4/timeTravel/part2/src/broadcaster_listener': PYTHONPATH=/home/chathura/Documents/Git Projects/Robotics-and-Automation-Labs/lab4/timeTravel/part2/build/broadcaster_listener/prefix_override:/home/chathura/Documents/Git Projects/Robotics-and-Automation-Labs/lab4/timeTravel/part2/install/broadcaster_listener/lib/python3.10/site-packages:${PYTHONPATH} /usr/bin/python3 setup.py egg_info --egg-base ../../build/broadcaster_listener build --build-base /home/chathura/Documents/Git Projects/Robotics-and-Automation-Labs/lab4/timeTravel/part2/build/broadcaster_listener/build install --record /home/chathura/Documents/Git Projects/Robotics-and-Automation-Labs/lab4/timeTravel/part2/build/broadcaster_listener/install.log --single-version-externally-managed
[0.710s] running egg_info
[0.711s] writing ../../build/broadcaster_listener/broadcaster_listener.egg-info/PKG-INFO
[0.711s] writing dependency_links to ../../build/broadcaster_listener/broadcaster_listener.egg-info/dependency_links.txt
[0.711s] writing entry points to ../../build/broadcaster_listener/broadcaster_listener.egg-info/entry_points.txt
[0.711s] writing requirements to ../../build/broadcaster_listener/broadcaster_listener.egg-info/requires.txt
[0.711s] writing top-level names to ../../build/broadcaster_listener/broadcaster_listener.egg-info/top_level.txt
[0.712s] reading manifest file '../../build/broadcaster_listener/broadcaster_listener.egg-info/SOURCES.txt'
[0.713s] adding license file 'LICENSE'
[0.713s] writing manifest file '../../build/broadcaster_listener/broadcaster_listener.egg-info/SOURCES.txt'
[0.713s] running build
[0.713s] running build_py
[0.714s] copying broadcaster_listener/turtle_tf2_listener.py -> /home/chathura/Documents/Git Projects/Robotics-and-Automation-Labs/lab4/timeTravel/part2/build/broadcaster_listener/build/lib/broadcaster_listener
[0.714s] running install
[0.714s] /usr/lib/python3/dist-packages/setuptools/command/install.py:34: SetuptoolsDeprecationWarning: setup.py install is deprecated. Use build and pip and other standards-based tools.
[0.714s]   warnings.warn(
[0.714s] running install_lib
[0.715s] copying /home/chathura/Documents/Git Projects/Robotics-and-Automation-Labs/lab4/timeTravel/part2/build/broadcaster_listener/build/lib/broadcaster_listener/turtle_tf2_listener.py -> /home/chathura/Documents/Git Projects/Robotics-and-Automation-Labs/lab4/timeTravel/part2/install/broadcaster_listener/lib/python3.10/site-packages/broadcaster_listener
[0.715s] byte-compiling /home/chathura/Documents/Git Projects/Robotics-and-Automation-Labs/lab4/timeTravel/part2/install/broadcaster_listener/lib/python3.10/site-packages/broadcaster_listener/turtle_tf2_listener.py to turtle_tf2_listener.cpython-310.pyc
[0.716s] running install_data
[0.716s] running install_egg_info
[0.718s] removing '/home/chathura/Documents/Git Projects/Robotics-and-Automation-Labs/lab4/timeTravel/part2/install/broadcaster_listener/lib/python3.10/site-packages/broadcaster_listener-0.0.0-py3.10.egg-info' (and everything under it)
[0.718s] Copying ../../build/broadcaster_listener/broadcaster_listener.egg-info to /home/chathura/Documents/Git Projects/Robotics-and-Automation-Labs/lab4/timeTravel/part2/install/broadcaster_listener/lib/python3.10/site-packages/broadcaster_listener-0.0.0-py3.10.egg-info
[0.719s] running install_scripts
[0.734s] Installing dynamic_frame_tf2_broadcaster script to /home/chathura/Documents/Git Projects/Robotics-and-Automation-Labs/lab4/timeTravel/part2/install/broadcaster_listener/lib/broadcaster_listener
[0.734s] Installing fixed_frame_tf2_broadcaster script to /home/chathura/Documents/Git Projects/Robotics-and-Automation-Labs/lab4/timeTravel/part2/install/broadcaster_listener/lib/broadcaster_listener
[0.734s] Installing turtle_tf2_broadcaster script to /home/chathura/Documents/Git Projects/Robotics-and-Automation-Labs/lab4/timeTravel/part2/install/broadcaster_listener/lib/broadcaster_listener
[0.734s] Installing turtle_tf2_listener script to /home/chathura/Documents/Git Projects/Robotics-and-Automation-Labs/lab4/timeTravel/part2/install/broadcaster_listener/lib/broadcaster_listener
[0.734s] writing list of installed files to '/home/chathura/Documents/Git Projects/Robotics-and-Automation-Labs/lab4/timeTravel/part2/build/broadcaster_listener/install.log'
[0.752s] Invoked command in '/home/chathura/Documents/Git Projects/Robotics-and-Automation-Labs/lab4/timeTravel/part2/src/broadcaster_listener' returned '0': PYTHONPATH=/home/chathura/Documents/Git Projects/Robotics-and-Automation-Labs/lab4/timeTravel/part2/build/broadcaster_listener/prefix_override:/home/chathura/Documents/Git Projects/Robotics-and-Automation-Labs/lab4/timeTravel/part2/install/broadcaster_listener/lib/python3.10/site-packages:${PYTHONPATH} /usr/bin/python3 setup.py egg_info --egg-base ../../build/broadcaster_listener build --build-base /home/chathura/Documents/Git Projects/Robotics-and-Automation-Labs/lab4/timeTravel/part2/build/broadcaster_listener/build install --record /home/chathura/Documents/Git Projects/Robotics-and-Automation-Labs/lab4/timeTravel/part2/build/broadcaster_listener/install.log --single-version-externally-managed
