[0.945s] Invoking command in '/home/tharusha/Documents/Robotics/lab08/tiago_public_ws/build/pal_hey5_controller_configuration': CMAKE_PREFIX_PATH=${CMAKE_PREFIX_PATH}:/home/tharusha/robotics/install/launch_param_builder:/home/tharusha/robotics/install/broadcaster_listener:/home/tharusha/lab05/install/moveit_configs_utils:/home/tharusha/lab05/install/launch_param_builder:/opt/ros/humble /usr/bin/cmake /home/tharusha/Documents/Robotics/lab08/tiago_public_ws/src/pal_hey5/pal_hey5_controller_configuration -DAMENT_CMAKE_SYMLINK_INSTALL=1 -DCMAKE_INSTALL_PREFIX=/home/tharusha/Documents/Robotics/lab08/tiago_public_ws/install/pal_hey5_controller_configuration
[1.322s] -- The C compiler identification is GNU 11.4.0
[1.616s] -- The CXX compiler identification is GNU 11.4.0
[1.647s] -- Detecting C compiler ABI info
[2.021s] -- Detecting C compiler ABI info - done
[2.051s] -- Check for working C compiler: /usr/bin/cc - skipped
[2.052s] -- Detecting C compile features
[2.054s] -- Detecting C compile features - done
[2.065s] -- Detecting CXX compiler ABI info
[2.492s] -- Detecting CXX compiler ABI info - done
[2.529s] -- Check for working CXX compiler: /usr/bin/c++ - skipped
[2.530s] -- Detecting CXX compile features
[2.532s] -- Detecting CXX compile features - done
[2.568s] -- Found ament_cmake_auto: 1.3.8 (/opt/ros/humble/share/ament_cmake_auto/cmake)
[3.280s] -- Found Python3: /usr/bin/python3 (found version "3.10.12") found components: Interpreter 
[3.570s] -- Override CMake install command with custom implementation using symlinks instead of copying resources
[4.090s] -- Found ament_lint_auto: 0.12.10 (/opt/ros/humble/share/ament_lint_auto/cmake)
[4.667s] -- Added test 'copyright' to check source files copyright and LICENSE
[4.677s] -- Added test 'flake8' to check Python code syntax and style conventions
[4.683s] -- Added test 'lint_cmake' to check CMake code style
[4.688s] -- Added test 'pep257' to check Python code against some of the docstring style conventions in PEP 257
[4.696s] -- Added test 'xmllint' to check XML markup files
[4.708s] -- Configuring done
[4.722s] -- Generating done
[4.725s] -- Build files have been written to: /home/tharusha/Documents/Robotics/lab08/tiago_public_ws/build/pal_hey5_controller_configuration
[4.849s] Invoked command in '/home/tharusha/Documents/Robotics/lab08/tiago_public_ws/build/pal_hey5_controller_configuration' returned '0': CMAKE_PREFIX_PATH=${CMAKE_PREFIX_PATH}:/home/tharusha/robotics/install/launch_param_builder:/home/tharusha/robotics/install/broadcaster_listener:/home/tharusha/lab05/install/moveit_configs_utils:/home/tharusha/lab05/install/launch_param_builder:/opt/ros/humble /usr/bin/cmake /home/tharusha/Documents/Robotics/lab08/tiago_public_ws/src/pal_hey5/pal_hey5_controller_configuration -DAMENT_CMAKE_SYMLINK_INSTALL=1 -DCMAKE_INSTALL_PREFIX=/home/tharusha/Documents/Robotics/lab08/tiago_public_ws/install/pal_hey5_controller_configuration
[4.854s] Invoking command in '/home/tharusha/Documents/Robotics/lab08/tiago_public_ws/build/pal_hey5_controller_configuration': CMAKE_PREFIX_PATH=${CMAKE_PREFIX_PATH}:/home/tharusha/robotics/install/launch_param_builder:/home/tharusha/robotics/install/broadcaster_listener:/home/tharusha/lab05/install/moveit_configs_utils:/home/tharusha/lab05/install/launch_param_builder:/opt/ros/humble /usr/bin/cmake --build /home/tharusha/Documents/Robotics/lab08/tiago_public_ws/build/pal_hey5_controller_configuration -- -j12 -l12
[5.084s] Invoked command in '/home/tharusha/Documents/Robotics/lab08/tiago_public_ws/build/pal_hey5_controller_configuration' returned '0': CMAKE_PREFIX_PATH=${CMAKE_PREFIX_PATH}:/home/tharusha/robotics/install/launch_param_builder:/home/tharusha/robotics/install/broadcaster_listener:/home/tharusha/lab05/install/moveit_configs_utils:/home/tharusha/lab05/install/launch_param_builder:/opt/ros/humble /usr/bin/cmake --build /home/tharusha/Documents/Robotics/lab08/tiago_public_ws/build/pal_hey5_controller_configuration -- -j12 -l12
[5.260s] Invoking command in '/home/tharusha/Documents/Robotics/lab08/tiago_public_ws/build/pal_hey5_controller_configuration': CMAKE_PREFIX_PATH=${CMAKE_PREFIX_PATH}:/home/tharusha/robotics/install/launch_param_builder:/home/tharusha/robotics/install/broadcaster_listener:/home/tharusha/lab05/install/moveit_configs_utils:/home/tharusha/lab05/install/launch_param_builder:/opt/ros/humble /usr/bin/cmake --install /home/tharusha/Documents/Robotics/lab08/tiago_public_ws/build/pal_hey5_controller_configuration
[5.359s] -- Install configuration: ""
[5.359s] -- Execute custom install script
[5.360s] -- Symlinking: /home/tharusha/Documents/Robotics/lab08/tiago_public_ws/install/pal_hey5_controller_configuration/share/pal_hey5_controller_configuration/config/pal_hey5_controller.yaml
[5.367s] -- Symlinking: /home/tharusha/Documents/Robotics/lab08/tiago_public_ws/install/pal_hey5_controller_configuration/share/pal_hey5_controller_configuration/launch/pal_hey5_controller.launch.py
[5.415s] -- Symlinking: /home/tharusha/Documents/Robotics/lab08/tiago_public_ws/install/pal_hey5_controller_configuration/share/ament_index/resource_index/package_run_dependencies/pal_hey5_controller_configuration
[5.468s] -- Symlinking: /home/tharusha/Documents/Robotics/lab08/tiago_public_ws/install/pal_hey5_controller_configuration/share/ament_index/resource_index/parent_prefix_path/pal_hey5_controller_configuration
[5.519s] -- Symlinking: /home/tharusha/Documents/Robotics/lab08/tiago_public_ws/install/pal_hey5_controller_configuration/share/pal_hey5_controller_configuration/environment/ament_prefix_path.sh
[5.571s] -- Symlinking: /home/tharusha/Documents/Robotics/lab08/tiago_public_ws/install/pal_hey5_controller_configuration/share/pal_hey5_controller_configuration/environment/ament_prefix_path.dsv
[5.628s] -- Symlinking: /home/tharusha/Documents/Robotics/lab08/tiago_public_ws/install/pal_hey5_controller_configuration/share/pal_hey5_controller_configuration/environment/path.sh
[5.678s] -- Symlinking: /home/tharusha/Documents/Robotics/lab08/tiago_public_ws/install/pal_hey5_controller_configuration/share/pal_hey5_controller_configuration/environment/path.dsv
[5.723s] -- Symlinking: /home/tharusha/Documents/Robotics/lab08/tiago_public_ws/install/pal_hey5_controller_configuration/share/pal_hey5_controller_configuration/local_setup.bash
[5.770s] -- Symlinking: /home/tharusha/Documents/Robotics/lab08/tiago_public_ws/install/pal_hey5_controller_configuration/share/pal_hey5_controller_configuration/local_setup.sh
[5.819s] -- Symlinking: /home/tharusha/Documents/Robotics/lab08/tiago_public_ws/install/pal_hey5_controller_configuration/share/pal_hey5_controller_configuration/local_setup.zsh
[5.870s] -- Symlinking: /home/tharusha/Documents/Robotics/lab08/tiago_public_ws/install/pal_hey5_controller_configuration/share/pal_hey5_controller_configuration/local_setup.dsv
[5.918s] -- Symlinking: /home/tharusha/Documents/Robotics/lab08/tiago_public_ws/install/pal_hey5_controller_configuration/share/pal_hey5_controller_configuration/package.dsv
[5.974s] -- Symlinking: /home/tharusha/Documents/Robotics/lab08/tiago_public_ws/install/pal_hey5_controller_configuration/share/ament_index/resource_index/packages/pal_hey5_controller_configuration
[6.027s] -- Symlinking: /home/tharusha/Documents/Robotics/lab08/tiago_public_ws/install/pal_hey5_controller_configuration/share/pal_hey5_controller_configuration/cmake/pal_hey5_controller_configurationConfig.cmake
[6.077s] -- Symlinking: /home/tharusha/Documents/Robotics/lab08/tiago_public_ws/install/pal_hey5_controller_configuration/share/pal_hey5_controller_configuration/cmake/pal_hey5_controller_configurationConfig-version.cmake
[6.126s] -- Symlinking: /home/tharusha/Documents/Robotics/lab08/tiago_public_ws/install/pal_hey5_controller_configuration/share/pal_hey5_controller_configuration/package.xml
[6.227s] Invoked command in '/home/tharusha/Documents/Robotics/lab08/tiago_public_ws/build/pal_hey5_controller_configuration' returned '0': CMAKE_PREFIX_PATH=${CMAKE_PREFIX_PATH}:/home/tharusha/robotics/install/launch_param_builder:/home/tharusha/robotics/install/broadcaster_listener:/home/tharusha/lab05/install/moveit_configs_utils:/home/tharusha/lab05/install/launch_param_builder:/opt/ros/humble /usr/bin/cmake --install /home/tharusha/Documents/Robotics/lab08/tiago_public_ws/build/pal_hey5_controller_configuration
