[0.283s] Invoking command in '/home/chathura/Documents/git-projects/Robotics-and-Automation-Labs/lab5/src/build/moveit_kinematics': AMENT_PREFIX_PATH=/home/chathura/Documents/git-projects/Robotics-and-Automation-Labs/lab5/src/install/moveit_ros_planning:/home/chathura/Documents/git-projects/Robotics-and-Automation-Labs/lab5/src/install/moveit_ros_occupancy_map_monitor:/home/chathura/Documents/git-projects/Robotics-and-Automation-Labs/lab5/src/install/moveit_core:/home/chathura/Documents/git-projects/Robotics-and-Automation-Labs/lab5/src/install/moveit_resources_panda_moveit_config:/home/chathura/Documents/git-projects/Robotics-and-Automation-Labs/lab5/src/install/moveit_resources_fanuc_moveit_config:/home/chathura/Documents/git-projects/Robotics-and-Automation-Labs/lab5/src/install/moveit_configs_utils:/home/chathura/Documents/git-projects/Robotics-and-Automation-Labs/lab5/src/install/srdfdom:/home/chathura/Documents/git-projects/Robotics-and-Automation-Labs/lab5/src/install/moveit_resources_panda_description:/home/chathura/Documents/git-projects/Robotics-and-Automation-Labs/lab5/src/install/moveit_resources_fanuc_description:/home/chathura/Documents/git-projects/Robotics-and-Automation-Labs/lab5/src/install/moveit_common:/home/chathura/Documents/git-projects/Robotics-and-Automation-Labs/lab5/src/install/launch_param_builder:${AMENT_PREFIX_PATH} CMAKE_PREFIX_PATH=/home/chathura/Documents/git-projects/Robotics-and-Automation-Labs/lab5/src/install/moveit_ros_planning:/home/chathura/Documents/git-projects/Robotics-and-Automation-Labs/lab5/src/install/moveit_ros_occupancy_map_monitor:/home/chathura/Documents/git-projects/Robotics-and-Automation-Labs/lab5/src/install/moveit_core:/home/chathura/Documents/git-projects/Robotics-and-Automation-Labs/lab5/src/install/moveit_resources_panda_moveit_config:/home/chathura/Documents/git-projects/Robotics-and-Automation-Labs/lab5/src/install/moveit_resources_fanuc_moveit_config:/home/chathura/Documents/git-projects/Robotics-and-Automation-Labs/lab5/src/install/srdfdom:/home/chathura/Documents/git-projects/Robotics-and-Automation-Labs/lab5/src/install/moveit_resources_panda_description:/home/chathura/Documents/git-projects/Robotics-and-Automation-Labs/lab5/src/install/moveit_resources_fanuc_description:/home/chathura/Documents/git-projects/Robotics-and-Automation-Labs/lab5/src/install/moveit_common:/opt/ros/humble LD_LIBRARY_PATH=/home/chathura/Documents/git-projects/Robotics-and-Automation-Labs/lab5/src/install/moveit_ros_planning/lib:/home/chathura/Documents/git-projects/Robotics-and-Automation-Labs/lab5/src/install/moveit_ros_occupancy_map_monitor/lib:/home/chathura/Documents/git-projects/Robotics-and-Automation-Labs/lab5/src/install/moveit_core/lib:/home/chathura/Documents/git-projects/Robotics-and-Automation-Labs/lab5/src/install/srdfdom/lib:${LD_LIBRARY_PATH} PATH=/home/chathura/Documents/git-projects/Robotics-and-Automation-Labs/lab5/src/install/moveit_core/bin:${PATH} PYTHONPATH=/home/chathura/Documents/git-projects/Robotics-and-Automation-Labs/lab5/src/install/moveit_configs_utils/lib/python3.10/site-packages:/home/chathura/Documents/git-projects/Robotics-and-Automation-Labs/lab5/src/install/srdfdom/local/lib/python3.10/dist-packages:/home/chathura/Documents/git-projects/Robotics-and-Automation-Labs/lab5/src/install/launch_param_builder/lib/python3.10/site-packages:${PYTHONPATH} /usr/bin/cmake /home/chathura/Documents/git-projects/Robotics-and-Automation-Labs/lab5/src/moveit2/moveit_kinematics -DCMAKE_BUILD_TYPE=Release -DCMAKE_INSTALL_PREFIX=/home/chathura/Documents/git-projects/Robotics-and-Automation-Labs/lab5/src/install/moveit_kinematics
[0.365s] -- The C compiler identification is GNU 11.4.0
[0.420s] -- The CXX compiler identification is GNU 11.4.0
[0.426s] -- Detecting C compiler ABI info
[0.495s] -- Detecting C compiler ABI info - done
[0.502s] -- Check for working C compiler: /usr/bin/cc - skipped
[0.502s] -- Detecting C compile features
[0.502s] -- Detecting C compile features - done
[0.505s] -- Detecting CXX compiler ABI info
[0.583s] -- Detecting CXX compiler ABI info - done
[0.589s] -- Check for working CXX compiler: /usr/bin/c++ - skipped
[0.589s] -- Detecting CXX compile features
[0.590s] -- Detecting CXX compile features - done
[0.592s] -- Found moveit_common: 2.5.5 (/home/chathura/Documents/git-projects/Robotics-and-Automation-Labs/lab5/src/install/moveit_common/share/moveit_common/cmake)
[0.595s] -- Found ament_cmake: 1.3.8 (/opt/ros/humble/share/ament_cmake/cmake)
[0.750s] -- Found Python3: /usr/bin/python3 (found version "3.10.12") found components: Interpreter 
[0.926s] -- Found libdw: /usr/lib/x86_64-linux-gnu/libdw.so  
[0.932s] -- Could NOT find libbfd (missing: LIBBFD_LIBRARY LIBBFD_INCLUDE_DIR) 
[0.932s] -- BACKWARD_HAS_UNWIND=1
[0.932s] -- BACKWARD_HAS_BACKTRACE=0
[0.933s] -- BACKWARD_HAS_BACKTRACE_SYMBOL=0
[0.933s] -- BACKWARD_HAS_DW=1
[0.933s] -- BACKWARD_HAS_BFD=0
[0.933s] -- Found Backward: /opt/ros/humble/share/backward_ros/cmake  
[0.949s] -- Found tf2_kdl: 0.25.6 (/opt/ros/humble/share/tf2_kdl/cmake)
[0.992s] -- Found rosidl_generator_c: 3.1.5 (/opt/ros/humble/share/rosidl_generator_c/cmake)
[1.000s] -- Found rosidl_adapter: 3.1.5 (/opt/ros/humble/share/rosidl_adapter/cmake)
[1.011s] -- Found rosidl_generator_cpp: 3.1.5 (/opt/ros/humble/share/rosidl_generator_cpp/cmake)
[1.028s] -- Using all available rosidl_typesupport_c: rosidl_typesupport_fastrtps_c;rosidl_typesupport_introspection_c
[1.051s] -- Using all available rosidl_typesupport_cpp: rosidl_typesupport_fastrtps_cpp;rosidl_typesupport_introspection_cpp
[1.171s] -- Found eigen3_cmake_module: 0.1.1 (/opt/ros/humble/share/eigen3_cmake_module/cmake)
[1.172s] -- Found Eigen3: TRUE (found version "3.4.0") 
[1.172s] -- Ensuring Eigen3 include directory is part of orocos-kdl CMake target
[1.328s] -- Found rmw_implementation_cmake: 6.1.1 (/opt/ros/humble/share/rmw_implementation_cmake/cmake)
[1.332s] -- Found rmw_fastrtps_cpp: 6.2.6 (/opt/ros/humble/share/rmw_fastrtps_cpp/cmake)
[1.453s] -- Found OpenSSL: /usr/lib/x86_64-linux-gnu/libcrypto.so (found version "3.0.2")  
[1.486s] -- Found FastRTPS: /opt/ros/humble/include  
[1.545s] -- Using RMW implementation 'rmw_fastrtps_cpp' as default
[1.559s] -- Looking for pthread.h
[1.651s] -- Looking for pthread.h - found
[1.651s] -- Performing Test CMAKE_HAVE_LIBC_PTHREAD
[1.749s] -- Performing Test CMAKE_HAVE_LIBC_PTHREAD - Success
[1.750s] -- Found Threads: TRUE  
[2.190s] -- Found kdl_parser: 2.6.4 (/opt/ros/humble/share/kdl_parser/cmake)
[2.197s] -- Found random_numbers: 2.0.1 (/opt/ros/humble/share/random_numbers/cmake)
[2.212s] -- Found pluginlib: 5.1.0 (/opt/ros/humble/share/pluginlib/cmake)
[2.235s] -- Found moveit_core: 2.5.5 (/home/chathura/Documents/git-projects/Robotics-and-Automation-Labs/lab5/src/install/moveit_core/share/moveit_core/cmake)
[2.288s] -- Found Boost: /usr/lib/x86_64-linux-gnu/cmake/Boost-1.74.0/BoostConfig.cmake (found version "1.74.0") found components: chrono date_time filesystem iostreams program_options regex serialization system thread 
[2.333s] -- Found parameter_traits: 0.3.7 (/opt/ros/humble/share/parameter_traits/cmake)
[2.357s] -- Found rclcpp_lifecycle: 16.0.8 (/opt/ros/humble/share/rclcpp_lifecycle/cmake)
[2.407s] -- Found Boost: /usr/lib/x86_64-linux-gnu/cmake/Boost-1.74.0/BoostConfig.cmake (found version "1.74.0") found components: filesystem 
[2.524s] -- library: /usr/lib/x86_64-linux-gnu/libcurl.so
[3.601s] -- Found moveit_ros_planning: 2.5.5 (/home/chathura/Documents/git-projects/Robotics-and-Automation-Labs/lab5/src/install/moveit_ros_planning/share/moveit_ros_planning/cmake)
[3.606s] -- Found Boost: /usr/lib/x86_64-linux-gnu/cmake/Boost-1.74.0/BoostConfig.cmake (found version "1.74.0") found components: system filesystem date_time program_options thread chrono 
[4.005s] -- Found Boost: /usr/lib/x86_64-linux-gnu/cmake/Boost-1.74.0/BoostConfig.cmake (found version "1.74.0") found components: program_options system 
[4.072s] -- Found ament_cmake_gtest: 1.3.8 (/opt/ros/humble/share/ament_cmake_gtest/cmake)
[4.076s] -- Found ros_testing: 0.4.0 (/opt/ros/humble/share/ros_testing/cmake)
[4.079s] -- Found launch_testing_ament_cmake: 1.0.5 (/opt/ros/humble/share/launch_testing_ament_cmake/cmake)
[4.082s] -- Found python_cmake_module: 0.10.0 (/opt/ros/humble/share/python_cmake_module/cmake)
[4.105s] -- Found PythonInterp: /usr/bin/python3 (found suitable version "3.10.12", minimum required is "3.6") 
[4.113s] -- Found PythonLibs: /usr/lib/x86_64-linux-gnu/libpython3.10.so (found suitable version "3.10.12", minimum required is "3.5") 
[4.114s] -- Using PYTHON_EXECUTABLE: /usr/bin/python3
[4.114s] -- Using PYTHON_INCLUDE_DIRS: /usr/include/python3.10
[4.114s] -- Using PYTHON_LIBRARIES: /usr/lib/x86_64-linux-gnu/libpython3.10.so
[4.136s] -- Found PythonExtra: .so  
[4.139s] -- Found moveit_resources_fanuc_description: 2.0.6 (/home/chathura/Documents/git-projects/Robotics-and-Automation-Labs/lab5/src/install/moveit_resources_fanuc_description/share/moveit_resources_fanuc_description/cmake)
[4.141s] -- Found moveit_resources_fanuc_moveit_config: 2.0.6 (/home/chathura/Documents/git-projects/Robotics-and-Automation-Labs/lab5/src/install/moveit_resources_fanuc_moveit_config/share/moveit_resources_fanuc_moveit_config/cmake)
[4.144s] -- Found moveit_resources_panda_description: 2.0.6 (/home/chathura/Documents/git-projects/Robotics-and-Automation-Labs/lab5/src/install/moveit_resources_panda_description/share/moveit_resources_panda_description/cmake)
[4.145s] -- Found moveit_resources_panda_moveit_config: 2.0.6 (/home/chathura/Documents/git-projects/Robotics-and-Automation-Labs/lab5/src/install/moveit_resources_panda_moveit_config/share/moveit_resources_panda_moveit_config/cmake)
[4.150s] -- Found gtest sources under '/opt/ros/humble/src/gtest_vendor': C++ tests using 'Google Test' will be built
[4.167s] -- Found ament_lint_auto: 0.12.10 (/opt/ros/humble/share/ament_lint_auto/cmake)
[4.179s] -- Found launch_testing_ament_cmake: 1.0.5 (/opt/ros/humble/share/launch_testing_ament_cmake/cmake)
[4.180s] -- Found python_cmake_module: 0.10.0 (/opt/ros/humble/share/python_cmake_module/cmake)
[4.203s] -- Using PYTHON_EXECUTABLE: /usr/bin/python3
[4.203s] -- Using PYTHON_INCLUDE_DIRS: /usr/include/python3.10
[4.204s] -- Using PYTHON_LIBRARIES: /usr/lib/x86_64-linux-gnu/libpython3.10.so
[4.248s] -- Added test 'cppcheck' to perform static code analysis on C / C++ code
[4.248s] -- Configured cppcheck include dirs: /home/chathura/Documents/git-projects/Robotics-and-Automation-Labs/lab5/src/moveit2/moveit_kinematics/kdl_kinematics_plugin/include;/home/chathura/Documents/git-projects/Robotics-and-Automation-Labs/lab5/src/moveit2/moveit_kinematics/lma_kinematics_plugin/include;/home/chathura/Documents/git-projects/Robotics-and-Automation-Labs/lab5/src/moveit2/moveit_kinematics/srv_kinematics_plugin/include;/home/chathura/Documents/git-projects/Robotics-and-Automation-Labs/lab5/src/moveit2/moveit_kinematics/cached_ik_kinematics_plugin/include
[4.248s] -- Configured cppcheck exclude dirs and/or files: 
[4.250s] -- Added test 'lint_cmake' to check CMake code style
[4.252s] -- Configuring done
[4.414s] -- Generating done
[4.420s] -- Build files have been written to: /home/chathura/Documents/git-projects/Robotics-and-Automation-Labs/lab5/src/build/moveit_kinematics
[4.455s] Invoked command in '/home/chathura/Documents/git-projects/Robotics-and-Automation-Labs/lab5/src/build/moveit_kinematics' returned '0': AMENT_PREFIX_PATH=/home/chathura/Documents/git-projects/Robotics-and-Automation-Labs/lab5/src/install/moveit_ros_planning:/home/chathura/Documents/git-projects/Robotics-and-Automation-Labs/lab5/src/install/moveit_ros_occupancy_map_monitor:/home/chathura/Documents/git-projects/Robotics-and-Automation-Labs/lab5/src/install/moveit_core:/home/chathura/Documents/git-projects/Robotics-and-Automation-Labs/lab5/src/install/moveit_resources_panda_moveit_config:/home/chathura/Documents/git-projects/Robotics-and-Automation-Labs/lab5/src/install/moveit_resources_fanuc_moveit_config:/home/chathura/Documents/git-projects/Robotics-and-Automation-Labs/lab5/src/install/moveit_configs_utils:/home/chathura/Documents/git-projects/Robotics-and-Automation-Labs/lab5/src/install/srdfdom:/home/chathura/Documents/git-projects/Robotics-and-Automation-Labs/lab5/src/install/moveit_resources_panda_description:/home/chathura/Documents/git-projects/Robotics-and-Automation-Labs/lab5/src/install/moveit_resources_fanuc_description:/home/chathura/Documents/git-projects/Robotics-and-Automation-Labs/lab5/src/install/moveit_common:/home/chathura/Documents/git-projects/Robotics-and-Automation-Labs/lab5/src/install/launch_param_builder:${AMENT_PREFIX_PATH} CMAKE_PREFIX_PATH=/home/chathura/Documents/git-projects/Robotics-and-Automation-Labs/lab5/src/install/moveit_ros_planning:/home/chathura/Documents/git-projects/Robotics-and-Automation-Labs/lab5/src/install/moveit_ros_occupancy_map_monitor:/home/chathura/Documents/git-projects/Robotics-and-Automation-Labs/lab5/src/install/moveit_core:/home/chathura/Documents/git-projects/Robotics-and-Automation-Labs/lab5/src/install/moveit_resources_panda_moveit_config:/home/chathura/Documents/git-projects/Robotics-and-Automation-Labs/lab5/src/install/moveit_resources_fanuc_moveit_config:/home/chathura/Documents/git-projects/Robotics-and-Automation-Labs/lab5/src/install/srdfdom:/home/chathura/Documents/git-projects/Robotics-and-Automation-Labs/lab5/src/install/moveit_resources_panda_description:/home/chathura/Documents/git-projects/Robotics-and-Automation-Labs/lab5/src/install/moveit_resources_fanuc_description:/home/chathura/Documents/git-projects/Robotics-and-Automation-Labs/lab5/src/install/moveit_common:/opt/ros/humble LD_LIBRARY_PATH=/home/chathura/Documents/git-projects/Robotics-and-Automation-Labs/lab5/src/install/moveit_ros_planning/lib:/home/chathura/Documents/git-projects/Robotics-and-Automation-Labs/lab5/src/install/moveit_ros_occupancy_map_monitor/lib:/home/chathura/Documents/git-projects/Robotics-and-Automation-Labs/lab5/src/install/moveit_core/lib:/home/chathura/Documents/git-projects/Robotics-and-Automation-Labs/lab5/src/install/srdfdom/lib:${LD_LIBRARY_PATH} PATH=/home/chathura/Documents/git-projects/Robotics-and-Automation-Labs/lab5/src/install/moveit_core/bin:${PATH} PYTHONPATH=/home/chathura/Documents/git-projects/Robotics-and-Automation-Labs/lab5/src/install/moveit_configs_utils/lib/python3.10/site-packages:/home/chathura/Documents/git-projects/Robotics-and-Automation-Labs/lab5/src/install/srdfdom/local/lib/python3.10/dist-packages:/home/chathura/Documents/git-projects/Robotics-and-Automation-Labs/lab5/src/install/launch_param_builder/lib/python3.10/site-packages:${PYTHONPATH} /usr/bin/cmake /home/chathura/Documents/git-projects/Robotics-and-Automation-Labs/lab5/src/moveit2/moveit_kinematics -DCMAKE_BUILD_TYPE=Release -DCMAKE_INSTALL_PREFIX=/home/chathura/Documents/git-projects/Robotics-and-Automation-Labs/lab5/src/install/moveit_kinematics
[4.458s] Invoking command in '/home/chathura/Documents/git-projects/Robotics-and-Automation-Labs/lab5/src/build/moveit_kinematics': AMENT_PREFIX_PATH=/home/chathura/Documents/git-projects/Robotics-and-Automation-Labs/lab5/src/install/moveit_ros_planning:/home/chathura/Documents/git-projects/Robotics-and-Automation-Labs/lab5/src/install/moveit_ros_occupancy_map_monitor:/home/chathura/Documents/git-projects/Robotics-and-Automation-Labs/lab5/src/install/moveit_core:/home/chathura/Documents/git-projects/Robotics-and-Automation-Labs/lab5/src/install/moveit_resources_panda_moveit_config:/home/chathura/Documents/git-projects/Robotics-and-Automation-Labs/lab5/src/install/moveit_resources_fanuc_moveit_config:/home/chathura/Documents/git-projects/Robotics-and-Automation-Labs/lab5/src/install/moveit_configs_utils:/home/chathura/Documents/git-projects/Robotics-and-Automation-Labs/lab5/src/install/srdfdom:/home/chathura/Documents/git-projects/Robotics-and-Automation-Labs/lab5/src/install/moveit_resources_panda_description:/home/chathura/Documents/git-projects/Robotics-and-Automation-Labs/lab5/src/install/moveit_resources_fanuc_description:/home/chathura/Documents/git-projects/Robotics-and-Automation-Labs/lab5/src/install/moveit_common:/home/chathura/Documents/git-projects/Robotics-and-Automation-Labs/lab5/src/install/launch_param_builder:${AMENT_PREFIX_PATH} CMAKE_PREFIX_PATH=/home/chathura/Documents/git-projects/Robotics-and-Automation-Labs/lab5/src/install/moveit_ros_planning:/home/chathura/Documents/git-projects/Robotics-and-Automation-Labs/lab5/src/install/moveit_ros_occupancy_map_monitor:/home/chathura/Documents/git-projects/Robotics-and-Automation-Labs/lab5/src/install/moveit_core:/home/chathura/Documents/git-projects/Robotics-and-Automation-Labs/lab5/src/install/moveit_resources_panda_moveit_config:/home/chathura/Documents/git-projects/Robotics-and-Automation-Labs/lab5/src/install/moveit_resources_fanuc_moveit_config:/home/chathura/Documents/git-projects/Robotics-and-Automation-Labs/lab5/src/install/srdfdom:/home/chathura/Documents/git-projects/Robotics-and-Automation-Labs/lab5/src/install/moveit_resources_panda_description:/home/chathura/Documents/git-projects/Robotics-and-Automation-Labs/lab5/src/install/moveit_resources_fanuc_description:/home/chathura/Documents/git-projects/Robotics-and-Automation-Labs/lab5/src/install/moveit_common:/opt/ros/humble LD_LIBRARY_PATH=/home/chathura/Documents/git-projects/Robotics-and-Automation-Labs/lab5/src/install/moveit_ros_planning/lib:/home/chathura/Documents/git-projects/Robotics-and-Automation-Labs/lab5/src/install/moveit_ros_occupancy_map_monitor/lib:/home/chathura/Documents/git-projects/Robotics-and-Automation-Labs/lab5/src/install/moveit_core/lib:/home/chathura/Documents/git-projects/Robotics-and-Automation-Labs/lab5/src/install/srdfdom/lib:${LD_LIBRARY_PATH} PATH=/home/chathura/Documents/git-projects/Robotics-and-Automation-Labs/lab5/src/install/moveit_core/bin:${PATH} PYTHONPATH=/home/chathura/Documents/git-projects/Robotics-and-Automation-Labs/lab5/src/install/moveit_configs_utils/lib/python3.10/site-packages:/home/chathura/Documents/git-projects/Robotics-and-Automation-Labs/lab5/src/install/srdfdom/local/lib/python3.10/dist-packages:/home/chathura/Documents/git-projects/Robotics-and-Automation-Labs/lab5/src/install/launch_param_builder/lib/python3.10/site-packages:${PYTHONPATH} /usr/bin/cmake --build /home/chathura/Documents/git-projects/Robotics-and-Automation-Labs/lab5/src/build/moveit_kinematics -- -j16 -l16
[4.557s] [  5%] [32mBuilding CXX object srv_kinematics_plugin/CMakeFiles/moveit_srv_kinematics_plugin.dir/src/srv_kinematics_plugin.cpp.o[0m
[4.569s] [ 10%] [32mBuilding CXX object lma_kinematics_plugin/CMakeFiles/moveit_lma_kinematics_plugin.dir/src/lma_kinematics_plugin.cpp.o[0m
[4.573s] [ 15%] [32mBuilding CXX object gtest/CMakeFiles/gtest.dir/src/gtest-all.cc.o[0m
[4.574s] [ 21%] [32mBuilding CXX object cached_ik_kinematics_plugin/CMakeFiles/moveit_cached_ik_kinematics_base.dir/src/ik_cache.cpp.o[0m
[4.576s] [ 26%] [32mBuilding CXX object kdl_kinematics_plugin/CMakeFiles/moveit_kdl_kinematics_plugin.dir/src/kdl_kinematics_plugin.cpp.o[0m
[4.583s] [ 31%] [32mBuilding CXX object gtest/CMakeFiles/gtest_main.dir/src/gtest_main.cc.o[0m
[4.587s] [ 36%] [32mBuilding CXX object kdl_kinematics_plugin/CMakeFiles/moveit_kdl_kinematics_plugin.dir/src/chainiksolver_vel_mimic_svd.cpp.o[0m
[4.617s] [ 42%] [32mBuilding CXX object test/CMakeFiles/benchmark_ik.dir/benchmark_ik.cpp.o[0m
[7.169s] [ 47%] [32m[1mLinking CXX static library libgtest_main.a[0m
[7.369s] [ 47%] Built target gtest_main
