[0.851s] Invoking command in '/home/tharusha/Documents/Robotics/lab08/tiago_public_ws/build/pal_gazebo_worlds': CMAKE_PREFIX_PATH=${CMAKE_PREFIX_PATH}:/home/tharusha/robotics/install/launch_param_builder:/home/tharusha/robotics/install/broadcaster_listener:/home/tharusha/lab05/install/moveit_configs_utils:/home/tharusha/lab05/install/launch_param_builder:/opt/ros/humble /usr/bin/cmake /home/tharusha/Documents/Robotics/lab08/tiago_public_ws/src/pal_gazebo_worlds -DAMENT_CMAKE_SYMLINK_INSTALL=1 -DCMAKE_INSTALL_PREFIX=/home/tharusha/Documents/Robotics/lab08/tiago_public_ws/install/pal_gazebo_worlds
[4.571s] -- The C compiler identification is GNU 11.4.0
[4.572s] -- The CXX compiler identification is GNU 11.4.0
[4.573s] -- Detecting C compiler ABI info
[4.573s] -- Detecting C compiler ABI info - done
[4.574s] -- Check for working C compiler: /usr/bin/cc - skipped
[4.574s] -- Detecting C compile features
[4.574s] -- Detecting C compile features - done
[4.574s] -- Detecting CXX compiler ABI info
[4.575s] -- Detecting CXX compiler ABI info - done
[4.575s] -- Check for working CXX compiler: /usr/bin/c++ - skipped
[4.575s] -- Detecting CXX compile features
[4.575s] -- Detecting CXX compile features - done
[4.576s] -- Found ament_cmake_auto: 1.3.8 (/opt/ros/humble/share/ament_cmake_auto/cmake)
[4.576s] -- Found Python3: /usr/bin/python3 (found version "3.10.12") found components: Interpreter 
[4.577s] -- Override CMake install command with custom implementation using symlinks instead of copying resources
[4.577s] -- Found ament_lint_auto: 0.12.10 (/opt/ros/humble/share/ament_lint_auto/cmake)
[4.585s] -- Added test 'copyright' to check source files copyright and LICENSE
[4.918s] -- Added test 'flake8' to check Python code syntax and style conventions
[4.962s] -- Added test 'lint_cmake' to check CMake code style
[4.987s] -- Added test 'pep257' to check Python code against some of the docstring style conventions in PEP 257
[5.172s] -- Added test 'xmllint' to check XML markup files
[5.185s] -- Configuring done
[5.197s] -- Generating done
[5.201s] -- Build files have been written to: /home/tharusha/Documents/Robotics/lab08/tiago_public_ws/build/pal_gazebo_worlds
[5.221s] Invoked command in '/home/tharusha/Documents/Robotics/lab08/tiago_public_ws/build/pal_gazebo_worlds' returned '0': CMAKE_PREFIX_PATH=${CMAKE_PREFIX_PATH}:/home/tharusha/robotics/install/launch_param_builder:/home/tharusha/robotics/install/broadcaster_listener:/home/tharusha/lab05/install/moveit_configs_utils:/home/tharusha/lab05/install/launch_param_builder:/opt/ros/humble /usr/bin/cmake /home/tharusha/Documents/Robotics/lab08/tiago_public_ws/src/pal_gazebo_worlds -DAMENT_CMAKE_SYMLINK_INSTALL=1 -DCMAKE_INSTALL_PREFIX=/home/tharusha/Documents/Robotics/lab08/tiago_public_ws/install/pal_gazebo_worlds
[5.223s] Invoking command in '/home/tharusha/Documents/Robotics/lab08/tiago_public_ws/build/pal_gazebo_worlds': CMAKE_PREFIX_PATH=${CMAKE_PREFIX_PATH}:/home/tharusha/robotics/install/launch_param_builder:/home/tharusha/robotics/install/broadcaster_listener:/home/tharusha/lab05/install/moveit_configs_utils:/home/tharusha/lab05/install/launch_param_builder:/opt/ros/humble /usr/bin/cmake --build /home/tharusha/Documents/Robotics/lab08/tiago_public_ws/build/pal_gazebo_worlds -- -j12 -l12
[6.149s] Invoked command in '/home/tharusha/Documents/Robotics/lab08/tiago_public_ws/build/pal_gazebo_worlds' returned '0': CMAKE_PREFIX_PATH=${CMAKE_PREFIX_PATH}:/home/tharusha/robotics/install/launch_param_builder:/home/tharusha/robotics/install/broadcaster_listener:/home/tharusha/lab05/install/moveit_configs_utils:/home/tharusha/lab05/install/launch_param_builder:/opt/ros/humble /usr/bin/cmake --build /home/tharusha/Documents/Robotics/lab08/tiago_public_ws/build/pal_gazebo_worlds -- -j12 -l12
[6.344s] Invoking command in '/home/tharusha/Documents/Robotics/lab08/tiago_public_ws/build/pal_gazebo_worlds': CMAKE_PREFIX_PATH=${CMAKE_PREFIX_PATH}:/home/tharusha/robotics/install/launch_param_builder:/home/tharusha/robotics/install/broadcaster_listener:/home/tharusha/lab05/install/moveit_configs_utils:/home/tharusha/lab05/install/launch_param_builder:/opt/ros/humble /usr/bin/cmake --install /home/tharusha/Documents/Robotics/lab08/tiago_public_ws/build/pal_gazebo_worlds
[6.386s] -- Install configuration: ""
[6.386s] -- Execute custom install script
[6.387s] -- Symlinking: /home/tharusha/Documents/Robotics/lab08/tiago_public_ws/install/pal_gazebo_worlds/share/pal_gazebo_worlds/config/gazebo_params.yaml
[6.432s] -- Symlinking: /home/tharusha/Documents/Robotics/lab08/tiago_public_ws/install/pal_gazebo_worlds/share/pal_gazebo_worlds/launch/pal_gazebo.launch.py
[6.498s] -- Symlinking: /home/tharusha/Documents/Robotics/lab08/tiago_public_ws/install/pal_gazebo_worlds/share/pal_gazebo_worlds/models/arm_chair/arm_chair.sdf
[6.549s] -- Symlinking: /home/tharusha/Documents/Robotics/lab08/tiago_public_ws/install/pal_gazebo_worlds/share/pal_gazebo_worlds/models/arm_chair/meshes/arm_chair.stl
[6.597s] -- Symlinking: /home/tharusha/Documents/Robotics/lab08/tiago_public_ws/install/pal_gazebo_worlds/share/pal_gazebo_worlds/models/arm_chair/model.config
[6.641s] -- Symlinking: /home/tharusha/Documents/Robotics/lab08/tiago_public_ws/install/pal_gazebo_worlds/share/pal_gazebo_worlds/models/aruco_board/aruco_board.sdf
[6.693s] -- Symlinking: /home/tharusha/Documents/Robotics/lab08/tiago_public_ws/install/pal_gazebo_worlds/share/pal_gazebo_worlds/models/aruco_board/material/scripts/aruco_board.material
[6.729s] -- Symlinking: /home/tharusha/Documents/Robotics/lab08/tiago_public_ws/install/pal_gazebo_worlds/share/pal_gazebo_worlds/models/aruco_board/material/textures/aruco_board.png
[6.782s] -- Symlinking: /home/tharusha/Documents/Robotics/lab08/tiago_public_ws/install/pal_gazebo_worlds/share/pal_gazebo_worlds/models/aruco_board/model.config
[6.837s] -- Symlinking: /home/tharusha/Documents/Robotics/lab08/tiago_public_ws/install/pal_gazebo_worlds/share/pal_gazebo_worlds/models/aruco_cube/aruco_cube.sdf
[6.890s] -- Symlinking: /home/tharusha/Documents/Robotics/lab08/tiago_public_ws/install/pal_gazebo_worlds/share/pal_gazebo_worlds/models/aruco_cube/meshes/aruco_cube_5cm.dae
[6.943s] -- Symlinking: /home/tharusha/Documents/Robotics/lab08/tiago_public_ws/install/pal_gazebo_worlds/share/pal_gazebo_worlds/models/aruco_cube/meshes/aruco_cube_6cm.dae
[6.996s] -- Symlinking: /home/tharusha/Documents/Robotics/lab08/tiago_public_ws/install/pal_gazebo_worlds/share/pal_gazebo_worlds/models/aruco_cube/meshes/aruco_cube_8cm.dae
[7.047s] -- Symlinking: /home/tharusha/Documents/Robotics/lab08/tiago_public_ws/install/pal_gazebo_worlds/share/pal_gazebo_worlds/models/aruco_cube/meshes/marker582.png
[7.097s] -- Symlinking: /home/tharusha/Documents/Robotics/lab08/tiago_public_ws/install/pal_gazebo_worlds/share/pal_gazebo_worlds/models/aruco_cube/meshes/marker582_small_margin.png
[7.151s] -- Symlinking: /home/tharusha/Documents/Robotics/lab08/tiago_public_ws/install/pal_gazebo_worlds/share/pal_gazebo_worlds/models/aruco_cube/model.config
[7.200s] -- Symlinking: /home/tharusha/Documents/Robotics/lab08/tiago_public_ws/install/pal_gazebo_worlds/share/pal_gazebo_worlds/models/aruco_marker_250_6x6_1/aruco_marker_250_6x6.sdf
[7.251s] -- Symlinking: /home/tharusha/Documents/Robotics/lab08/tiago_public_ws/install/pal_gazebo_worlds/share/pal_gazebo_worlds/models/aruco_marker_250_6x6_1/material/scripts/aruco_marker_250_6x6.material
[7.304s] -- Symlinking: /home/tharusha/Documents/Robotics/lab08/tiago_public_ws/install/pal_gazebo_worlds/share/pal_gazebo_worlds/models/aruco_marker_250_6x6_1/material/textures/Aruco_6x6_250_0.png
[7.356s] -- Symlinking: /home/tharusha/Documents/Robotics/lab08/tiago_public_ws/install/pal_gazebo_worlds/share/pal_gazebo_worlds/models/aruco_marker_250_6x6_1/model.config
[7.406s] -- Symlinking: /home/tharusha/Documents/Robotics/lab08/tiago_public_ws/install/pal_gazebo_worlds/share/pal_gazebo_worlds/models/aruco_marker_250_6x6_2/aruco_marker_250_6x6.sdf
[7.457s] -- Symlinking: /home/tharusha/Documents/Robotics/lab08/tiago_public_ws/install/pal_gazebo_worlds/share/pal_gazebo_worlds/models/aruco_marker_250_6x6_2/material/scripts/aruco_marker_250_6x6.material
[7.505s] -- Symlinking: /home/tharusha/Documents/Robotics/lab08/tiago_public_ws/install/pal_gazebo_worlds/share/pal_gazebo_worlds/models/aruco_marker_250_6x6_2/material/textures/Aruco_6x6_250_1.png
[7.557s] -- Symlinking: /home/tharusha/Documents/Robotics/lab08/tiago_public_ws/install/pal_gazebo_worlds/share/pal_gazebo_worlds/models/aruco_marker_250_6x6_2/model.config
[7.606s] -- Symlinking: /home/tharusha/Documents/Robotics/lab08/tiago_public_ws/install/pal_gazebo_worlds/share/pal_gazebo_worlds/models/aruco_marker_250_6x6_3/aruco_marker_250_6x6.sdf
[7.658s] -- Symlinking: /home/tharusha/Documents/Robotics/lab08/tiago_public_ws/install/pal_gazebo_worlds/share/pal_gazebo_worlds/models/aruco_marker_250_6x6_3/material/scripts/aruco_marker_250_6x6.material
[7.708s] -- Symlinking: /home/tharusha/Documents/Robotics/lab08/tiago_public_ws/install/pal_gazebo_worlds/share/pal_gazebo_worlds/models/aruco_marker_250_6x6_3/material/textures/Aruco_6x6_250_2.png
[7.747s] -- Symlinking: /home/tharusha/Documents/Robotics/lab08/tiago_public_ws/install/pal_gazebo_worlds/share/pal_gazebo_worlds/models/aruco_marker_250_6x6_3/model.config
[7.795s] -- Symlinking: /home/tharusha/Documents/Robotics/lab08/tiago_public_ws/install/pal_gazebo_worlds/share/pal_gazebo_worlds/models/aruco_marker_250_6x6_4/aruco_marker_250_6x6.sdf
[7.844s] -- Symlinking: /home/tharusha/Documents/Robotics/lab08/tiago_public_ws/install/pal_gazebo_worlds/share/pal_gazebo_worlds/models/aruco_marker_250_6x6_4/material/scripts/aruco_marker_250_6x6.material
[7.889s] -- Symlinking: /home/tharusha/Documents/Robotics/lab08/tiago_public_ws/install/pal_gazebo_worlds/share/pal_gazebo_worlds/models/aruco_marker_250_6x6_4/material/textures/Aruco_6x6_250_3.png
[7.933s] -- Symlinking: /home/tharusha/Documents/Robotics/lab08/tiago_public_ws/install/pal_gazebo_worlds/share/pal_gazebo_worlds/models/aruco_marker_250_6x6_4/model.config
[7.977s] -- Symlinking: /home/tharusha/Documents/Robotics/lab08/tiago_public_ws/install/pal_gazebo_worlds/share/pal_gazebo_worlds/models/aruco_marker_6cm_238/aruco_marker_6cm.sdf
[8.021s] -- Symlinking: /home/tharusha/Documents/Robotics/lab08/tiago_public_ws/install/pal_gazebo_worlds/share/pal_gazebo_worlds/models/aruco_marker_6cm_238/material/scripts/aruco_marker_original.material
[8.065s] -- Symlinking: /home/tharusha/Documents/Robotics/lab08/tiago_public_ws/install/pal_gazebo_worlds/share/pal_gazebo_worlds/models/aruco_marker_6cm_238/material/textures/Aruco_6cm_238.png
[8.107s] -- Symlinking: /home/tharusha/Documents/Robotics/lab08/tiago_public_ws/install/pal_gazebo_worlds/share/pal_gazebo_worlds/models/aruco_marker_6cm_238/model.config
[8.150s] -- Symlinking: /home/tharusha/Documents/Robotics/lab08/tiago_public_ws/install/pal_gazebo_worlds/share/pal_gazebo_worlds/models/aruco_marker_6cm_26/aruco_marker_6cm.sdf
[8.193s] -- Symlinking: /home/tharusha/Documents/Robotics/lab08/tiago_public_ws/install/pal_gazebo_worlds/share/pal_gazebo_worlds/models/aruco_marker_6cm_26/material/scripts/aruco_marker_original.material
[8.233s] -- Symlinking: /home/tharusha/Documents/Robotics/lab08/tiago_public_ws/install/pal_gazebo_worlds/share/pal_gazebo_worlds/models/aruco_marker_6cm_26/material/textures/Aruco_6cm_26.png
[8.280s] -- Symlinking: /home/tharusha/Documents/Robotics/lab08/tiago_public_ws/install/pal_gazebo_worlds/share/pal_gazebo_worlds/models/aruco_marker_6cm_26/model.config
[8.317s] -- Symlinking: /home/tharusha/Documents/Robotics/lab08/tiago_public_ws/install/pal_gazebo_worlds/share/pal_gazebo_worlds/models/aruco_marker_6cm_582/aruco_marker_6cm.sdf
[8.356s] -- Symlinking: /home/tharusha/Documents/Robotics/lab08/tiago_public_ws/install/pal_gazebo_worlds/share/pal_gazebo_worlds/models/aruco_marker_6cm_582/material/scripts/aruco_marker_original.material
[8.392s] -- Symlinking: /home/tharusha/Documents/Robotics/lab08/tiago_public_ws/install/pal_gazebo_worlds/share/pal_gazebo_worlds/models/aruco_marker_6cm_582/material/textures/Aruco_6cm_582.png
[8.424s] -- Symlinking: /home/tharusha/Documents/Robotics/lab08/tiago_public_ws/install/pal_gazebo_worlds/share/pal_gazebo_worlds/models/aruco_marker_6cm_582/model.config
[8.454s] -- Symlinking: /home/tharusha/Documents/Robotics/lab08/tiago_public_ws/install/pal_gazebo_worlds/share/pal_gazebo_worlds/models/aruco_marker_6cm_63/aruco_marker_6cm.sdf
[8.489s] -- Symlinking: /home/tharusha/Documents/Robotics/lab08/tiago_public_ws/install/pal_gazebo_worlds/share/pal_gazebo_worlds/models/aruco_marker_6cm_63/material/scripts/aruco_marker_original.material
[8.527s] -- Symlinking: /home/tharusha/Documents/Robotics/lab08/tiago_public_ws/install/pal_gazebo_worlds/share/pal_gazebo_worlds/models/aruco_marker_6cm_63/material/textures/Aruco_6cm_63.png
[8.556s] -- Symlinking: /home/tharusha/Documents/Robotics/lab08/tiago_public_ws/install/pal_gazebo_worlds/share/pal_gazebo_worlds/models/aruco_marker_6cm_63/model.config
[8.589s] -- Symlinking: /home/tharusha/Documents/Robotics/lab08/tiago_public_ws/install/pal_gazebo_worlds/share/pal_gazebo_worlds/models/aruco_marker_9cm_238/aruco_marker_9cm.sdf
[8.621s] -- Symlinking: /home/tharusha/Documents/Robotics/lab08/tiago_public_ws/install/pal_gazebo_worlds/share/pal_gazebo_worlds/models/aruco_marker_9cm_238/material/scripts/aruco_marker_original.material
[8.650s] -- Symlinking: /home/tharusha/Documents/Robotics/lab08/tiago_public_ws/install/pal_gazebo_worlds/share/pal_gazebo_worlds/models/aruco_marker_9cm_238/material/textures/Aruco_9cm_238.png
[8.685s] -- Symlinking: /home/tharusha/Documents/Robotics/lab08/tiago_public_ws/install/pal_gazebo_worlds/share/pal_gazebo_worlds/models/aruco_marker_9cm_238/model.config
[8.715s] -- Symlinking: /home/tharusha/Documents/Robotics/lab08/tiago_public_ws/install/pal_gazebo_worlds/share/pal_gazebo_worlds/models/aruco_marker_9cm_26/aruco_marker_9cm.sdf
[8.745s] -- Symlinking: /home/tharusha/Documents/Robotics/lab08/tiago_public_ws/install/pal_gazebo_worlds/share/pal_gazebo_worlds/models/aruco_marker_9cm_26/material/scripts/aruco_marker_original.material
[8.768s] -- Symlinking: /home/tharusha/Documents/Robotics/lab08/tiago_public_ws/install/pal_gazebo_worlds/share/pal_gazebo_worlds/models/aruco_marker_9cm_26/material/textures/Aruco_9cm_26.png
[8.799s] -- Symlinking: /home/tharusha/Documents/Robotics/lab08/tiago_public_ws/install/pal_gazebo_worlds/share/pal_gazebo_worlds/models/aruco_marker_9cm_26/model.config
[8.828s] -- Symlinking: /home/tharusha/Documents/Robotics/lab08/tiago_public_ws/install/pal_gazebo_worlds/share/pal_gazebo_worlds/models/aruco_marker_9cm_582/aruco_marker_9cm.sdf
[8.858s] -- Symlinking: /home/tharusha/Documents/Robotics/lab08/tiago_public_ws/install/pal_gazebo_worlds/share/pal_gazebo_worlds/models/aruco_marker_9cm_582/material/scripts/aruco_marker_original.material
[8.887s] -- Symlinking: /home/tharusha/Documents/Robotics/lab08/tiago_public_ws/install/pal_gazebo_worlds/share/pal_gazebo_worlds/models/aruco_marker_9cm_582/material/textures/Aruco_9cm_582.png
[8.911s] -- Symlinking: /home/tharusha/Documents/Robotics/lab08/tiago_public_ws/install/pal_gazebo_worlds/share/pal_gazebo_worlds/models/aruco_marker_9cm_582/model.config
[8.936s] -- Symlinking: /home/tharusha/Documents/Robotics/lab08/tiago_public_ws/install/pal_gazebo_worlds/share/pal_gazebo_worlds/models/aruco_marker_9cm_63/aruco_marker_9cm.sdf
[8.965s] -- Symlinking: /home/tharusha/Documents/Robotics/lab08/tiago_public_ws/install/pal_gazebo_worlds/share/pal_gazebo_worlds/models/aruco_marker_9cm_63/material/scripts/aruco_marker_original.material
[8.992s] -- Symlinking: /home/tharusha/Documents/Robotics/lab08/tiago_public_ws/install/pal_gazebo_worlds/share/pal_gazebo_worlds/models/aruco_marker_9cm_63/material/textures/Aruco_9cm_63.png
[9.022s] -- Symlinking: /home/tharusha/Documents/Robotics/lab08/tiago_public_ws/install/pal_gazebo_worlds/share/pal_gazebo_worlds/models/aruco_marker_9cm_63/model.config
[9.051s] -- Symlinking: /home/tharusha/Documents/Robotics/lab08/tiago_public_ws/install/pal_gazebo_worlds/share/pal_gazebo_worlds/models/aruco_marker_original_238/aruco_marker_original.sdf
[9.083s] -- Symlinking: /home/tharusha/Documents/Robotics/lab08/tiago_public_ws/install/pal_gazebo_worlds/share/pal_gazebo_worlds/models/aruco_marker_original_238/material/scripts/aruco_marker_original.material
[9.113s] -- Symlinking: /home/tharusha/Documents/Robotics/lab08/tiago_public_ws/install/pal_gazebo_worlds/share/pal_gazebo_worlds/models/aruco_marker_original_238/material/textures/Aruco_original_238.png
[9.143s] -- Symlinking: /home/tharusha/Documents/Robotics/lab08/tiago_public_ws/install/pal_gazebo_worlds/share/pal_gazebo_worlds/models/aruco_marker_original_238/model.config
[9.171s] -- Symlinking: /home/tharusha/Documents/Robotics/lab08/tiago_public_ws/install/pal_gazebo_worlds/share/pal_gazebo_worlds/models/aruco_marker_original_26/aruco_marker_original.sdf
[9.199s] -- Symlinking: /home/tharusha/Documents/Robotics/lab08/tiago_public_ws/install/pal_gazebo_worlds/share/pal_gazebo_worlds/models/aruco_marker_original_26/material/scripts/aruco_marker_original.material
[9.227s] -- Symlinking: /home/tharusha/Documents/Robotics/lab08/tiago_public_ws/install/pal_gazebo_worlds/share/pal_gazebo_worlds/models/aruco_marker_original_26/material/textures/Aruco_original_26.png
[9.254s] -- Symlinking: /home/tharusha/Documents/Robotics/lab08/tiago_public_ws/install/pal_gazebo_worlds/share/pal_gazebo_worlds/models/aruco_marker_original_26/model.config
[9.281s] -- Symlinking: /home/tharusha/Documents/Robotics/lab08/tiago_public_ws/install/pal_gazebo_worlds/share/pal_gazebo_worlds/models/aruco_marker_original_582/aruco_marker_original.sdf
[9.313s] -- Symlinking: /home/tharusha/Documents/Robotics/lab08/tiago_public_ws/install/pal_gazebo_worlds/share/pal_gazebo_worlds/models/aruco_marker_original_582/material/scripts/aruco_marker_original.material
[9.340s] -- Symlinking: /home/tharusha/Documents/Robotics/lab08/tiago_public_ws/install/pal_gazebo_worlds/share/pal_gazebo_worlds/models/aruco_marker_original_582/material/textures/Aruco_original_582.png
[9.369s] -- Symlinking: /home/tharusha/Documents/Robotics/lab08/tiago_public_ws/install/pal_gazebo_worlds/share/pal_gazebo_worlds/models/aruco_marker_original_582/model.config
[9.391s] -- Symlinking: /home/tharusha/Documents/Robotics/lab08/tiago_public_ws/install/pal_gazebo_worlds/share/pal_gazebo_worlds/models/aruco_marker_original_63/aruco_marker_original.sdf
[9.416s] -- Symlinking: /home/tharusha/Documents/Robotics/lab08/tiago_public_ws/install/pal_gazebo_worlds/share/pal_gazebo_worlds/models/aruco_marker_original_63/material/scripts/aruco_marker_original.material
[9.442s] -- Symlinking: /home/tharusha/Documents/Robotics/lab08/tiago_public_ws/install/pal_gazebo_worlds/share/pal_gazebo_worlds/models/aruco_marker_original_63/material/textures/Aruco_original_63.png
[9.465s] -- Symlinking: /home/tharusha/Documents/Robotics/lab08/tiago_public_ws/install/pal_gazebo_worlds/share/pal_gazebo_worlds/models/aruco_marker_original_63/model.config
[9.493s] -- Symlinking: /home/tharusha/Documents/Robotics/lab08/tiago_public_ws/install/pal_gazebo_worlds/share/pal_gazebo_worlds/models/bauman/README
[9.518s] -- Symlinking: /home/tharusha/Documents/Robotics/lab08/tiago_public_ws/install/pal_gazebo_worlds/share/pal_gazebo_worlds/models/bauman/bauman_walls.png
[9.543s] -- Symlinking: /home/tharusha/Documents/Robotics/lab08/tiago_public_ws/install/pal_gazebo_worlds/share/pal_gazebo_worlds/models/bauman/model.config
[9.568s] -- Symlinking: /home/tharusha/Documents/Robotics/lab08/tiago_public_ws/install/pal_gazebo_worlds/share/pal_gazebo_worlds/models/bauman/model.sdf
[9.600s] -- Symlinking: /home/tharusha/Documents/Robotics/lab08/tiago_public_ws/install/pal_gazebo_worlds/share/pal_gazebo_worlds/models/bench/bench.sdf
[9.620s] -- Symlinking: /home/tharusha/Documents/Robotics/lab08/tiago_public_ws/install/pal_gazebo_worlds/share/pal_gazebo_worlds/models/bench/meshes/bench.stl
[9.642s] -- Symlinking: /home/tharusha/Documents/Robotics/lab08/tiago_public_ws/install/pal_gazebo_worlds/share/pal_gazebo_worlds/models/bench/model.config
[9.666s] -- Symlinking: /home/tharusha/Documents/Robotics/lab08/tiago_public_ws/install/pal_gazebo_worlds/share/pal_gazebo_worlds/models/bifrutas_tropical_can/bifrutas_tropical_can.sdf
[9.701s] -- Symlinking: /home/tharusha/Documents/Robotics/lab08/tiago_public_ws/install/pal_gazebo_worlds/share/pal_gazebo_worlds/models/bifrutas_tropical_can/material/scripts/bifrutas_tropical_can.material
[9.727s] -- Symlinking: /home/tharusha/Documents/Robotics/lab08/tiago_public_ws/install/pal_gazebo_worlds/share/pal_gazebo_worlds/models/bifrutas_tropical_can/material/textures/bifrutas_tropical_can.jpg
[9.751s] -- Symlinking: /home/tharusha/Documents/Robotics/lab08/tiago_public_ws/install/pal_gazebo_worlds/share/pal_gazebo_worlds/models/bifrutas_tropical_can/model.config
[9.772s] -- Symlinking: /home/tharusha/Documents/Robotics/lab08/tiago_public_ws/install/pal_gazebo_worlds/share/pal_gazebo_worlds/models/biscuits_pack/biscuits_pack.sdf
[9.797s] -- Symlinking: /home/tharusha/Documents/Robotics/lab08/tiago_public_ws/install/pal_gazebo_worlds/share/pal_gazebo_worlds/models/biscuits_pack/material/scripts/pringles.material
[9.822s] -- Symlinking: /home/tharusha/Documents/Robotics/lab08/tiago_public_ws/install/pal_gazebo_worlds/share/pal_gazebo_worlds/models/biscuits_pack/material/textures/biscuits_pack.jpg
[9.846s] -- Symlinking: /home/tharusha/Documents/Robotics/lab08/tiago_public_ws/install/pal_gazebo_worlds/share/pal_gazebo_worlds/models/biscuits_pack/model.config
[9.872s] -- Symlinking: /home/tharusha/Documents/Robotics/lab08/tiago_public_ws/install/pal_gazebo_worlds/share/pal_gazebo_worlds/models/box_with_handles/box_with_handles.sdf
[9.903s] -- Symlinking: /home/tharusha/Documents/Robotics/lab08/tiago_public_ws/install/pal_gazebo_worlds/share/pal_gazebo_worlds/models/box_with_handles/material/scripts/aruco_marker_original.material
[9.928s] -- Symlinking: /home/tharusha/Documents/Robotics/lab08/tiago_public_ws/install/pal_gazebo_worlds/share/pal_gazebo_worlds/models/box_with_handles/material/textures/Aruco_original_582.png
[9.951s] -- Symlinking: /home/tharusha/Documents/Robotics/lab08/tiago_public_ws/install/pal_gazebo_worlds/share/pal_gazebo_worlds/models/box_with_handles/model.config
[9.976s] -- Symlinking: /home/tharusha/Documents/Robotics/lab08/tiago_public_ws/install/pal_gazebo_worlds/share/pal_gazebo_worlds/models/brick_box_3x1x3/materials/scripts/brick_box.material
[10.004s] -- Symlinking: /home/tharusha/Documents/Robotics/lab08/tiago_public_ws/install/pal_gazebo_worlds/share/pal_gazebo_worlds/models/brick_box_3x1x3/materials/textures/simple_box.png
[10.036s] -- Symlinking: /home/tharusha/Documents/Robotics/lab08/tiago_public_ws/install/pal_gazebo_worlds/share/pal_gazebo_worlds/models/brick_box_3x1x3/meshes/simple_box.dae
[10.061s] -- Symlinking: /home/tharusha/Documents/Robotics/lab08/tiago_public_ws/install/pal_gazebo_worlds/share/pal_gazebo_worlds/models/brick_box_3x1x3/model-1_3.sdf
[10.088s] -- Symlinking: /home/tharusha/Documents/Robotics/lab08/tiago_public_ws/install/pal_gazebo_worlds/share/pal_gazebo_worlds/models/brick_box_3x1x3/model-1_4.sdf
[10.115s] -- Symlinking: /home/tharusha/Documents/Robotics/lab08/tiago_public_ws/install/pal_gazebo_worlds/share/pal_gazebo_worlds/models/brick_box_3x1x3/model.config
[10.152s] -- Symlinking: /home/tharusha/Documents/Robotics/lab08/tiago_public_ws/install/pal_gazebo_worlds/share/pal_gazebo_worlds/models/brick_box_3x1x3/model.sdf
[10.181s] -- Symlinking: /home/tharusha/Documents/Robotics/lab08/tiago_public_ws/install/pal_gazebo_worlds/share/pal_gazebo_worlds/models/citizen_extras_female_02/images/_01_-_Default1noCulling.JPG
[10.213s] -- Symlinking: /home/tharusha/Documents/Robotics/lab08/tiago_public_ws/install/pal_gazebo_worlds/share/pal_gazebo_worlds/models/citizen_extras_female_02/images/_02_-_Default1noCulling.JPG
[10.256s] -- Symlinking: /home/tharusha/Documents/Robotics/lab08/tiago_public_ws/install/pal_gazebo_worlds/share/pal_gazebo_worlds/models/citizen_extras_female_02/images/_03_-_Default1noCulling.JPG
[10.282s] -- Symlinking: /home/tharusha/Documents/Robotics/lab08/tiago_public_ws/install/pal_gazebo_worlds/share/pal_gazebo_worlds/models/citizen_extras_female_02/meshes/mesh.dae
[10.311s] -- Symlinking: /home/tharusha/Documents/Robotics/lab08/tiago_public_ws/install/pal_gazebo_worlds/share/pal_gazebo_worlds/models/citizen_extras_female_02/model.config
[10.347s] -- Symlinking: /home/tharusha/Documents/Robotics/lab08/tiago_public_ws/install/pal_gazebo_worlds/share/pal_gazebo_worlds/models/citizen_extras_female_02/model.sdf
[10.371s] -- Symlinking: /home/tharusha/Documents/Robotics/lab08/tiago_public_ws/install/pal_gazebo_worlds/share/pal_gazebo_worlds/models/citizen_extras_female_03/images/Material__1noCulling.JPG
[10.410s] -- Symlinking: /home/tharusha/Documents/Robotics/lab08/tiago_public_ws/install/pal_gazebo_worlds/share/pal_gazebo_worlds/models/citizen_extras_female_03/images/Material__2noCulling.JPG
[10.451s] -- Symlinking: /home/tharusha/Documents/Robotics/lab08/tiago_public_ws/install/pal_gazebo_worlds/share/pal_gazebo_worlds/models/citizen_extras_female_03/images/_03_-_Default1noCulling.JPG
[10.472s] -- Symlinking: /home/tharusha/Documents/Robotics/lab08/tiago_public_ws/install/pal_gazebo_worlds/share/pal_gazebo_worlds/models/citizen_extras_female_03/meshes/mesh.dae
[10.502s] -- Symlinking: /home/tharusha/Documents/Robotics/lab08/tiago_public_ws/install/pal_gazebo_worlds/share/pal_gazebo_worlds/models/citizen_extras_female_03/model.config
[10.533s] -- Symlinking: /home/tharusha/Documents/Robotics/lab08/tiago_public_ws/install/pal_gazebo_worlds/share/pal_gazebo_worlds/models/citizen_extras_female_03/model.sdf
[10.574s] -- Symlinking: /home/tharusha/Documents/Robotics/lab08/tiago_public_ws/install/pal_gazebo_worlds/share/pal_gazebo_worlds/models/citizen_extras_male_03/images/Material__1noCulling.JPG
[10.604s] -- Symlinking: /home/tharusha/Documents/Robotics/lab08/tiago_public_ws/install/pal_gazebo_worlds/share/pal_gazebo_worlds/models/citizen_extras_male_03/images/hair1noCulling.JPG
[10.648s] -- Symlinking: /home/tharusha/Documents/Robotics/lab08/tiago_public_ws/install/pal_gazebo_worlds/share/pal_gazebo_worlds/models/citizen_extras_male_03/images/hrad1noCulling.JPG
[10.678s] -- Symlinking: /home/tharusha/Documents/Robotics/lab08/tiago_public_ws/install/pal_gazebo_worlds/share/pal_gazebo_worlds/models/citizen_extras_male_03/meshes/mesh.dae
[10.709s] -- Symlinking: /home/tharusha/Documents/Robotics/lab08/tiago_public_ws/install/pal_gazebo_worlds/share/pal_gazebo_worlds/models/citizen_extras_male_03/model.config
[10.737s] -- Symlinking: /home/tharusha/Documents/Robotics/lab08/tiago_public_ws/install/pal_gazebo_worlds/share/pal_gazebo_worlds/models/citizen_extras_male_03/model.sdf
[10.768s] -- Symlinking: /home/tharusha/Documents/Robotics/lab08/tiago_public_ws/install/pal_gazebo_worlds/share/pal_gazebo_worlds/models/closet/closet.sdf
[10.798s] -- Symlinking: /home/tharusha/Documents/Robotics/lab08/tiago_public_ws/install/pal_gazebo_worlds/share/pal_gazebo_worlds/models/closet/meshes/closet.stl
[10.829s] -- Symlinking: /home/tharusha/Documents/Robotics/lab08/tiago_public_ws/install/pal_gazebo_worlds/share/pal_gazebo_worlds/models/closet/model.config
[10.860s] -- Symlinking: /home/tharusha/Documents/Robotics/lab08/tiago_public_ws/install/pal_gazebo_worlds/share/pal_gazebo_worlds/models/cocacola/cocacola.sdf
[10.891s] -- Symlinking: /home/tharusha/Documents/Robotics/lab08/tiago_public_ws/install/pal_gazebo_worlds/share/pal_gazebo_worlds/models/cocacola/material/scripts/cocacola.material
[10.920s] -- Symlinking: /home/tharusha/Documents/Robotics/lab08/tiago_public_ws/install/pal_gazebo_worlds/share/pal_gazebo_worlds/models/cocacola/material/textures/cocacola.jpg
[10.976s] -- Symlinking: /home/tharusha/Documents/Robotics/lab08/tiago_public_ws/install/pal_gazebo_worlds/share/pal_gazebo_worlds/models/cocacola/model.config
[11.012s] -- Symlinking: /home/tharusha/Documents/Robotics/lab08/tiago_public_ws/install/pal_gazebo_worlds/share/pal_gazebo_worlds/models/coke_can_slim/coke_can_slim.sdf
[11.043s] -- Symlinking: /home/tharusha/Documents/Robotics/lab08/tiago_public_ws/install/pal_gazebo_worlds/share/pal_gazebo_worlds/models/coke_can_slim/material/scripts/coke_can_slim.material
[11.077s] -- Symlinking: /home/tharusha/Documents/Robotics/lab08/tiago_public_ws/install/pal_gazebo_worlds/share/pal_gazebo_worlds/models/coke_can_slim/material/textures/coke_can_slim.jpg
[11.108s] -- Symlinking: /home/tharusha/Documents/Robotics/lab08/tiago_public_ws/install/pal_gazebo_worlds/share/pal_gazebo_worlds/models/coke_can_slim/model.config
[11.160s] -- Symlinking: /home/tharusha/Documents/Robotics/lab08/tiago_public_ws/install/pal_gazebo_worlds/share/pal_gazebo_worlds/models/database.config
[11.219s] -- Symlinking: /home/tharusha/Documents/Robotics/lab08/tiago_public_ws/install/pal_gazebo_worlds/share/pal_gazebo_worlds/models/dining_chair/dining_chair.sdf
[11.259s] -- Symlinking: /home/tharusha/Documents/Robotics/lab08/tiago_public_ws/install/pal_gazebo_worlds/share/pal_gazebo_worlds/models/dining_chair/meshes/dining_chair.stl
[11.295s] -- Symlinking: /home/tharusha/Documents/Robotics/lab08/tiago_public_ws/install/pal_gazebo_worlds/share/pal_gazebo_worlds/models/dining_chair/model.config
[11.331s] -- Symlinking: /home/tharusha/Documents/Robotics/lab08/tiago_public_ws/install/pal_gazebo_worlds/share/pal_gazebo_worlds/models/dock1/dock1.sdf
[11.389s] -- Symlinking: /home/tharusha/Documents/Robotics/lab08/tiago_public_ws/install/pal_gazebo_worlds/share/pal_gazebo_worlds/models/dock1/meshes/dock1.dae
[11.437s] -- Symlinking: /home/tharusha/Documents/Robotics/lab08/tiago_public_ws/install/pal_gazebo_worlds/share/pal_gazebo_worlds/models/dock1/model.config
[11.476s] -- Symlinking: /home/tharusha/Documents/Robotics/lab08/tiago_public_ws/install/pal_gazebo_worlds/share/pal_gazebo_worlds/models/door_obstacle/door_obstacle.sdf
[11.530s] -- Symlinking: /home/tharusha/Documents/Robotics/lab08/tiago_public_ws/install/pal_gazebo_worlds/share/pal_gazebo_worlds/models/door_obstacle/model.config
[11.600s] -- Symlinking: /home/tharusha/Documents/Robotics/lab08/tiago_public_ws/install/pal_gazebo_worlds/share/pal_gazebo_worlds/models/floor_lamp/floor_lamp.sdf
[11.679s] -- Symlinking: /home/tharusha/Documents/Robotics/lab08/tiago_public_ws/install/pal_gazebo_worlds/share/pal_gazebo_worlds/models/floor_lamp/meshes/floor_lamp.stl
[11.760s] -- Symlinking: /home/tharusha/Documents/Robotics/lab08/tiago_public_ws/install/pal_gazebo_worlds/share/pal_gazebo_worlds/models/floor_lamp/model.config
[11.837s] -- Symlinking: /home/tharusha/Documents/Robotics/lab08/tiago_public_ws/install/pal_gazebo_worlds/share/pal_gazebo_worlds/models/goetz_sofa/goetz_sofa.sdf
[11.916s] -- Symlinking: /home/tharusha/Documents/Robotics/lab08/tiago_public_ws/install/pal_gazebo_worlds/share/pal_gazebo_worlds/models/goetz_sofa/materials/textures/texture0.jpg
[11.982s] -- Symlinking: /home/tharusha/Documents/Robotics/lab08/tiago_public_ws/install/pal_gazebo_worlds/share/pal_gazebo_worlds/models/goetz_sofa/meshes/goetz_sofa.dae
[12.081s] -- Symlinking: /home/tharusha/Documents/Robotics/lab08/tiago_public_ws/install/pal_gazebo_worlds/share/pal_gazebo_worlds/models/goetz_sofa/model.config
[12.152s] -- Symlinking: /home/tharusha/Documents/Robotics/lab08/tiago_public_ws/install/pal_gazebo_worlds/share/pal_gazebo_worlds/models/green_ball/materials/scripts/ball.material
[12.191s] -- Symlinking: /home/tharusha/Documents/Robotics/lab08/tiago_public_ws/install/pal_gazebo_worlds/share/pal_gazebo_worlds/models/green_ball/model.config
[12.260s] -- Symlinking: /home/tharusha/Documents/Robotics/lab08/tiago_public_ws/install/pal_gazebo_worlds/share/pal_gazebo_worlds/models/green_ball/model.sdf
[12.297s] -- Symlinking: /home/tharusha/Documents/Robotics/lab08/tiago_public_ws/install/pal_gazebo_worlds/share/pal_gazebo_worlds/models/green_cube/green_cube.sdf
[12.343s] -- Symlinking: /home/tharusha/Documents/Robotics/lab08/tiago_public_ws/install/pal_gazebo_worlds/share/pal_gazebo_worlds/models/green_cube/model.config
[12.453s] -- Symlinking: /home/tharusha/Documents/Robotics/lab08/tiago_public_ws/install/pal_gazebo_worlds/share/pal_gazebo_worlds/models/green_rectangle/green_rectangle.sdf
[12.534s] -- Symlinking: /home/tharusha/Documents/Robotics/lab08/tiago_public_ws/install/pal_gazebo_worlds/share/pal_gazebo_worlds/models/green_rectangle/model.config
[12.620s] -- Symlinking: /home/tharusha/Documents/Robotics/lab08/tiago_public_ws/install/pal_gazebo_worlds/share/pal_gazebo_worlds/models/ground_plane/model-1_2.sdf
[12.698s] -- Symlinking: /home/tharusha/Documents/Robotics/lab08/tiago_public_ws/install/pal_gazebo_worlds/share/pal_gazebo_worlds/models/ground_plane/model-1_3.sdf
[12.759s] -- Symlinking: /home/tharusha/Documents/Robotics/lab08/tiago_public_ws/install/pal_gazebo_worlds/share/pal_gazebo_worlds/models/ground_plane/model-1_4.sdf
[12.824s] -- Symlinking: /home/tharusha/Documents/Robotics/lab08/tiago_public_ws/install/pal_gazebo_worlds/share/pal_gazebo_worlds/models/ground_plane/model.config
[12.917s] -- Symlinking: /home/tharusha/Documents/Robotics/lab08/tiago_public_ws/install/pal_gazebo_worlds/share/pal_gazebo_worlds/models/ground_plane/model.sdf
[12.950s] -- Symlinking: /home/tharusha/Documents/Robotics/lab08/tiago_public_ws/install/pal_gazebo_worlds/share/pal_gazebo_worlds/models/hospital_flat_map/hospital_flat_map.sdf
[13.008s] -- Symlinking: /home/tharusha/Documents/Robotics/lab08/tiago_public_ws/install/pal_gazebo_worlds/share/pal_gazebo_worlds/models/hospital_flat_map/meshes/hospital_flat_map.stl
[13.042s] -- Symlinking: /home/tharusha/Documents/Robotics/lab08/tiago_public_ws/install/pal_gazebo_worlds/share/pal_gazebo_worlds/models/hospital_flat_map/model.config
[13.094s] -- Symlinking: /home/tharusha/Documents/Robotics/lab08/tiago_public_ws/install/pal_gazebo_worlds/share/pal_gazebo_worlds/models/hospital_map/hospital_map.sdf
[13.144s] -- Symlinking: /home/tharusha/Documents/Robotics/lab08/tiago_public_ws/install/pal_gazebo_worlds/share/pal_gazebo_worlds/models/hospital_map/meshes/g1.stl
[13.187s] -- Symlinking: /home/tharusha/Documents/Robotics/lab08/tiago_public_ws/install/pal_gazebo_worlds/share/pal_gazebo_worlds/models/hospital_map/meshes/g2.stl
[13.232s] -- Symlinking: /home/tharusha/Documents/Robotics/lab08/tiago_public_ws/install/pal_gazebo_worlds/share/pal_gazebo_worlds/models/hospital_map/meshes/g3.stl
[13.290s] -- Symlinking: /home/tharusha/Documents/Robotics/lab08/tiago_public_ws/install/pal_gazebo_worlds/share/pal_gazebo_worlds/models/hospital_map/meshes/g4.stl
[13.330s] -- Symlinking: /home/tharusha/Documents/Robotics/lab08/tiago_public_ws/install/pal_gazebo_worlds/share/pal_gazebo_worlds/models/hospital_map/meshes/g5.stl
[13.365s] -- Symlinking: /home/tharusha/Documents/Robotics/lab08/tiago_public_ws/install/pal_gazebo_worlds/share/pal_gazebo_worlds/models/hospital_map/meshes/g6.stl
[13.408s] -- Symlinking: /home/tharusha/Documents/Robotics/lab08/tiago_public_ws/install/pal_gazebo_worlds/share/pal_gazebo_worlds/models/hospital_map/meshes/g7.stl
[13.441s] -- Symlinking: /home/tharusha/Documents/Robotics/lab08/tiago_public_ws/install/pal_gazebo_worlds/share/pal_gazebo_worlds/models/hospital_map/meshes/gr1.stl
[13.474s] -- Symlinking: /home/tharusha/Documents/Robotics/lab08/tiago_public_ws/install/pal_gazebo_worlds/share/pal_gazebo_worlds/models/hospital_map/meshes/gr2.stl
[13.509s] -- Symlinking: /home/tharusha/Documents/Robotics/lab08/tiago_public_ws/install/pal_gazebo_worlds/share/pal_gazebo_worlds/models/hospital_map/meshes/gr3.stl
[13.545s] -- Symlinking: /home/tharusha/Documents/Robotics/lab08/tiago_public_ws/install/pal_gazebo_worlds/share/pal_gazebo_worlds/models/hospital_map/meshes/gr4.stl
[13.579s] -- Symlinking: /home/tharusha/Documents/Robotics/lab08/tiago_public_ws/install/pal_gazebo_worlds/share/pal_gazebo_worlds/models/hospital_map/meshes/gr5.stl
[13.611s] -- Symlinking: /home/tharusha/Documents/Robotics/lab08/tiago_public_ws/install/pal_gazebo_worlds/share/pal_gazebo_worlds/models/hospital_map/meshes/gr6.stl
[13.649s] -- Symlinking: /home/tharusha/Documents/Robotics/lab08/tiago_public_ws/install/pal_gazebo_worlds/share/pal_gazebo_worlds/models/hospital_map/meshes/hospital_map.stl
[13.677s] -- Symlinking: /home/tharusha/Documents/Robotics/lab08/tiago_public_ws/install/pal_gazebo_worlds/share/pal_gazebo_worlds/models/hospital_map/meshes/w1.stl
[13.707s] -- Symlinking: /home/tharusha/Documents/Robotics/lab08/tiago_public_ws/install/pal_gazebo_worlds/share/pal_gazebo_worlds/models/hospital_map/meshes/w2.stl
[13.730s] -- Symlinking: /home/tharusha/Documents/Robotics/lab08/tiago_public_ws/install/pal_gazebo_worlds/share/pal_gazebo_worlds/models/hospital_map/meshes/w3.stl
[13.756s] -- Symlinking: /home/tharusha/Documents/Robotics/lab08/tiago_public_ws/install/pal_gazebo_worlds/share/pal_gazebo_worlds/models/hospital_map/meshes/w4.stl
[13.783s] -- Symlinking: /home/tharusha/Documents/Robotics/lab08/tiago_public_ws/install/pal_gazebo_worlds/share/pal_gazebo_worlds/models/hospital_map/meshes/w5.stl
[13.809s] -- Symlinking: /home/tharusha/Documents/Robotics/lab08/tiago_public_ws/install/pal_gazebo_worlds/share/pal_gazebo_worlds/models/hospital_map/meshes/w6.stl
[13.834s] -- Symlinking: /home/tharusha/Documents/Robotics/lab08/tiago_public_ws/install/pal_gazebo_worlds/share/pal_gazebo_worlds/models/hospital_map/meshes/w7.stl
[13.869s] -- Symlinking: /home/tharusha/Documents/Robotics/lab08/tiago_public_ws/install/pal_gazebo_worlds/share/pal_gazebo_worlds/models/hospital_map/meshes/wr1.stl
[13.898s] -- Symlinking: /home/tharusha/Documents/Robotics/lab08/tiago_public_ws/install/pal_gazebo_worlds/share/pal_gazebo_worlds/models/hospital_map/meshes/wr2.stl
[13.927s] -- Symlinking: /home/tharusha/Documents/Robotics/lab08/tiago_public_ws/install/pal_gazebo_worlds/share/pal_gazebo_worlds/models/hospital_map/meshes/wr3.stl
[13.954s] -- Symlinking: /home/tharusha/Documents/Robotics/lab08/tiago_public_ws/install/pal_gazebo_worlds/share/pal_gazebo_worlds/models/hospital_map/meshes/wr4.stl
[13.986s] -- Symlinking: /home/tharusha/Documents/Robotics/lab08/tiago_public_ws/install/pal_gazebo_worlds/share/pal_gazebo_worlds/models/hospital_map/meshes/wr5.stl
[14.011s] -- Symlinking: /home/tharusha/Documents/Robotics/lab08/tiago_public_ws/install/pal_gazebo_worlds/share/pal_gazebo_worlds/models/hospital_map/meshes/wr6.stl
[14.039s] -- Symlinking: /home/tharusha/Documents/Robotics/lab08/tiago_public_ws/install/pal_gazebo_worlds/share/pal_gazebo_worlds/models/hospital_map/model.config
[14.062s] -- Symlinking: /home/tharusha/Documents/Robotics/lab08/tiago_public_ws/install/pal_gazebo_worlds/share/pal_gazebo_worlds/models/ideal_sun/model.config
[14.089s] -- Symlinking: /home/tharusha/Documents/Robotics/lab08/tiago_public_ws/install/pal_gazebo_worlds/share/pal_gazebo_worlds/models/ideal_sun/model.sdf
[14.113s] -- Symlinking: /home/tharusha/Documents/Robotics/lab08/tiago_public_ws/install/pal_gazebo_worlds/share/pal_gazebo_worlds/models/ikea_ektorp_chair/meshes/IKE06001.JPG
[14.136s] -- Symlinking: /home/tharusha/Documents/Robotics/lab08/tiago_public_ws/install/pal_gazebo_worlds/share/pal_gazebo_worlds/models/ikea_ektorp_chair/meshes/mesh.dae
[14.161s] -- Symlinking: /home/tharusha/Documents/Robotics/lab08/tiago_public_ws/install/pal_gazebo_worlds/share/pal_gazebo_worlds/models/ikea_ektorp_chair/model.config
[14.184s] -- Symlinking: /home/tharusha/Documents/Robotics/lab08/tiago_public_ws/install/pal_gazebo_worlds/share/pal_gazebo_worlds/models/ikea_ektorp_chair/model.sdf
[14.211s] -- Symlinking: /home/tharusha/Documents/Robotics/lab08/tiago_public_ws/install/pal_gazebo_worlds/share/pal_gazebo_worlds/models/ikea_folke_chair/meshes/mesh.dae
[14.237s] -- Symlinking: /home/tharusha/Documents/Robotics/lab08/tiago_public_ws/install/pal_gazebo_worlds/share/pal_gazebo_worlds/models/ikea_folke_chair/meshes/notexture.png
[14.260s] -- Symlinking: /home/tharusha/Documents/Robotics/lab08/tiago_public_ws/install/pal_gazebo_worlds/share/pal_gazebo_worlds/models/ikea_folke_chair/meshes/texture.png
[14.282s] -- Symlinking: /home/tharusha/Documents/Robotics/lab08/tiago_public_ws/install/pal_gazebo_worlds/share/pal_gazebo_worlds/models/ikea_folke_chair/model.config
[14.306s] -- Symlinking: /home/tharusha/Documents/Robotics/lab08/tiago_public_ws/install/pal_gazebo_worlds/share/pal_gazebo_worlds/models/ikea_folke_chair/model.sdf
[14.330s] -- Symlinking: /home/tharusha/Documents/Robotics/lab08/tiago_public_ws/install/pal_gazebo_worlds/share/pal_gazebo_worlds/models/ikea_harry_chair/meshes/body.png
[14.353s] -- Symlinking: /home/tharusha/Documents/Robotics/lab08/tiago_public_ws/install/pal_gazebo_worlds/share/pal_gazebo_worlds/models/ikea_harry_chair/meshes/legs.png
[14.374s] -- Symlinking: /home/tharusha/Documents/Robotics/lab08/tiago_public_ws/install/pal_gazebo_worlds/share/pal_gazebo_worlds/models/ikea_harry_chair/meshes/mesh.dae
[14.395s] -- Symlinking: /home/tharusha/Documents/Robotics/lab08/tiago_public_ws/install/pal_gazebo_worlds/share/pal_gazebo_worlds/models/ikea_harry_chair/model.config
[14.417s] -- Symlinking: /home/tharusha/Documents/Robotics/lab08/tiago_public_ws/install/pal_gazebo_worlds/share/pal_gazebo_worlds/models/ikea_harry_chair/model.sdf
[14.438s] -- Symlinking: /home/tharusha/Documents/Robotics/lab08/tiago_public_ws/install/pal_gazebo_worlds/share/pal_gazebo_worlds/models/ikea_stefan_chair/meshes/mesh.dae
[14.458s] -- Symlinking: /home/tharusha/Documents/Robotics/lab08/tiago_public_ws/install/pal_gazebo_worlds/share/pal_gazebo_worlds/models/ikea_stefan_chair/model.config
[14.479s] -- Symlinking: /home/tharusha/Documents/Robotics/lab08/tiago_public_ws/install/pal_gazebo_worlds/share/pal_gazebo_worlds/models/ikea_stefan_chair/model.sdf
[14.502s] -- Symlinking: /home/tharusha/Documents/Robotics/lab08/tiago_public_ws/install/pal_gazebo_worlds/share/pal_gazebo_worlds/models/ikea_urban_chair/meshes/mesh.dae
[14.522s] -- Symlinking: /home/tharusha/Documents/Robotics/lab08/tiago_public_ws/install/pal_gazebo_worlds/share/pal_gazebo_worlds/models/ikea_urban_chair/meshes/notexture.png
[14.545s] -- Symlinking: /home/tharusha/Documents/Robotics/lab08/tiago_public_ws/install/pal_gazebo_worlds/share/pal_gazebo_worlds/models/ikea_urban_chair/model.config
[14.564s] -- Symlinking: /home/tharusha/Documents/Robotics/lab08/tiago_public_ws/install/pal_gazebo_worlds/share/pal_gazebo_worlds/models/ikea_urban_chair/model.sdf
[14.585s] -- Symlinking: /home/tharusha/Documents/Robotics/lab08/tiago_public_ws/install/pal_gazebo_worlds/share/pal_gazebo_worlds/models/kitchen_chair/kitchen_chair.sdf
[14.604s] -- Symlinking: /home/tharusha/Documents/Robotics/lab08/tiago_public_ws/install/pal_gazebo_worlds/share/pal_gazebo_worlds/models/kitchen_chair/meshes/kitchen_chair.stl
[14.624s] -- Symlinking: /home/tharusha/Documents/Robotics/lab08/tiago_public_ws/install/pal_gazebo_worlds/share/pal_gazebo_worlds/models/kitchen_chair/model.config
[14.644s] -- Symlinking: /home/tharusha/Documents/Robotics/lab08/tiago_public_ws/install/pal_gazebo_worlds/share/pal_gazebo_worlds/models/kitchen_table/kitchen_table.sdf
[14.664s] -- Symlinking: /home/tharusha/Documents/Robotics/lab08/tiago_public_ws/install/pal_gazebo_worlds/share/pal_gazebo_worlds/models/kitchen_table/meshes/kitchen_table.stl
[14.684s] -- Symlinking: /home/tharusha/Documents/Robotics/lab08/tiago_public_ws/install/pal_gazebo_worlds/share/pal_gazebo_worlds/models/kitchen_table/model.config
[14.704s] -- Symlinking: /home/tharusha/Documents/Robotics/lab08/tiago_public_ws/install/pal_gazebo_worlds/share/pal_gazebo_worlds/models/lamp/lamp.sdf
[14.724s] -- Symlinking: /home/tharusha/Documents/Robotics/lab08/tiago_public_ws/install/pal_gazebo_worlds/share/pal_gazebo_worlds/models/lamp/meshes/lamp.stl
[14.745s] -- Symlinking: /home/tharusha/Documents/Robotics/lab08/tiago_public_ws/install/pal_gazebo_worlds/share/pal_gazebo_worlds/models/lamp/model.config
[14.764s] -- Symlinking: /home/tharusha/Documents/Robotics/lab08/tiago_public_ws/install/pal_gazebo_worlds/share/pal_gazebo_worlds/models/macrolink_small_table/model.config
[14.784s] -- Symlinking: /home/tharusha/Documents/Robotics/lab08/tiago_public_ws/install/pal_gazebo_worlds/share/pal_gazebo_worlds/models/macrolink_small_table/table.sdf
[14.805s] -- Symlinking: /home/tharusha/Documents/Robotics/lab08/tiago_public_ws/install/pal_gazebo_worlds/share/pal_gazebo_worlds/models/macrolink_table/model.config
[14.824s] -- Symlinking: /home/tharusha/Documents/Robotics/lab08/tiago_public_ws/install/pal_gazebo_worlds/share/pal_gazebo_worlds/models/macrolink_table/table.sdf
[14.846s] -- Symlinking: /home/tharusha/Documents/Robotics/lab08/tiago_public_ws/install/pal_gazebo_worlds/share/pal_gazebo_worlds/models/marker26_8cm/marker26_8cm.sdf
[14.867s] -- Symlinking: /home/tharusha/Documents/Robotics/lab08/tiago_public_ws/install/pal_gazebo_worlds/share/pal_gazebo_worlds/models/marker26_8cm/material/scripts/marker26_8cm.material
[14.887s] -- Symlinking: /home/tharusha/Documents/Robotics/lab08/tiago_public_ws/install/pal_gazebo_worlds/share/pal_gazebo_worlds/models/marker26_8cm/material/textures/aruco-26_8cm.png
[14.905s] -- Symlinking: /home/tharusha/Documents/Robotics/lab08/tiago_public_ws/install/pal_gazebo_worlds/share/pal_gazebo_worlds/models/marker26_8cm/model.config
[14.926s] -- Symlinking: /home/tharusha/Documents/Robotics/lab08/tiago_public_ws/install/pal_gazebo_worlds/share/pal_gazebo_worlds/models/pal_poster/material/scripts/pal_poster.material
[14.946s] -- Symlinking: /home/tharusha/Documents/Robotics/lab08/tiago_public_ws/install/pal_gazebo_worlds/share/pal_gazebo_worlds/models/pal_poster/material/textures/pal_poster.jpg
[14.966s] -- Symlinking: /home/tharusha/Documents/Robotics/lab08/tiago_public_ws/install/pal_gazebo_worlds/share/pal_gazebo_worlds/models/pal_poster/model.config
[14.984s] -- Symlinking: /home/tharusha/Documents/Robotics/lab08/tiago_public_ws/install/pal_gazebo_worlds/share/pal_gazebo_worlds/models/pal_poster/pal_poster.sdf
[15.006s] -- Symlinking: /home/tharusha/Documents/Robotics/lab08/tiago_public_ws/install/pal_gazebo_worlds/share/pal_gazebo_worlds/models/pal_textured_object/material/scripts/pal_textured_object.material
[15.025s] -- Symlinking: /home/tharusha/Documents/Robotics/lab08/tiago_public_ws/install/pal_gazebo_worlds/share/pal_gazebo_worlds/models/pal_textured_object/material/textures/pal_textured_object.png
[15.045s] -- Symlinking: /home/tharusha/Documents/Robotics/lab08/tiago_public_ws/install/pal_gazebo_worlds/share/pal_gazebo_worlds/models/pal_textured_object/model.config
[15.065s] -- Symlinking: /home/tharusha/Documents/Robotics/lab08/tiago_public_ws/install/pal_gazebo_worlds/share/pal_gazebo_worlds/models/pal_textured_object/pal_textured_object.sdf
[15.084s] -- Symlinking: /home/tharusha/Documents/Robotics/lab08/tiago_public_ws/install/pal_gazebo_worlds/share/pal_gazebo_worlds/models/pringles/material/scripts/pringles.material
[15.104s] -- Symlinking: /home/tharusha/Documents/Robotics/lab08/tiago_public_ws/install/pal_gazebo_worlds/share/pal_gazebo_worlds/models/pringles/material/textures/pringles.jpg
[15.122s] -- Symlinking: /home/tharusha/Documents/Robotics/lab08/tiago_public_ws/install/pal_gazebo_worlds/share/pal_gazebo_worlds/models/pringles/model.config
[15.141s] -- Symlinking: /home/tharusha/Documents/Robotics/lab08/tiago_public_ws/install/pal_gazebo_worlds/share/pal_gazebo_worlds/models/pringles/pringles.sdf
[15.159s] -- Symlinking: /home/tharusha/Documents/Robotics/lab08/tiago_public_ws/install/pal_gazebo_worlds/share/pal_gazebo_worlds/models/pringles2/material/scripts/pringles2.material
[15.178s] -- Symlinking: /home/tharusha/Documents/Robotics/lab08/tiago_public_ws/install/pal_gazebo_worlds/share/pal_gazebo_worlds/models/pringles2/material/textures/pringles2.jpg
[15.196s] -- Symlinking: /home/tharusha/Documents/Robotics/lab08/tiago_public_ws/install/pal_gazebo_worlds/share/pal_gazebo_worlds/models/pringles2/model.config
[15.217s] -- Symlinking: /home/tharusha/Documents/Robotics/lab08/tiago_public_ws/install/pal_gazebo_worlds/share/pal_gazebo_worlds/models/pringles2/pringles2.sdf
[15.235s] -- Symlinking: /home/tharusha/Documents/Robotics/lab08/tiago_public_ws/install/pal_gazebo_worlds/share/pal_gazebo_worlds/models/reemc_bookshelf/bookshelf.sdf
[15.253s] -- Symlinking: /home/tharusha/Documents/Robotics/lab08/tiago_public_ws/install/pal_gazebo_worlds/share/pal_gazebo_worlds/models/reemc_bookshelf/model.config
[15.274s] -- Symlinking: /home/tharusha/Documents/Robotics/lab08/tiago_public_ws/install/pal_gazebo_worlds/share/pal_gazebo_worlds/models/reemc_cabinet/cabinet.sdf
[15.290s] -- Symlinking: /home/tharusha/Documents/Robotics/lab08/tiago_public_ws/install/pal_gazebo_worlds/share/pal_gazebo_worlds/models/reemc_cabinet/model.config
[15.314s] -- Symlinking: /home/tharusha/Documents/Robotics/lab08/tiago_public_ws/install/pal_gazebo_worlds/share/pal_gazebo_worlds/models/reemc_table/model.config
[15.334s] -- Symlinking: /home/tharusha/Documents/Robotics/lab08/tiago_public_ws/install/pal_gazebo_worlds/share/pal_gazebo_worlds/models/reemc_table/table.sdf
[15.355s] -- Symlinking: /home/tharusha/Documents/Robotics/lab08/tiago_public_ws/install/pal_gazebo_worlds/share/pal_gazebo_worlds/models/reemc_textured_object/meshes/mesh.dae
[15.372s] -- Symlinking: /home/tharusha/Documents/Robotics/lab08/tiago_public_ws/install/pal_gazebo_worlds/share/pal_gazebo_worlds/models/reemc_textured_object/meshes/texture.jpg
[15.391s] -- Symlinking: /home/tharusha/Documents/Robotics/lab08/tiago_public_ws/install/pal_gazebo_worlds/share/pal_gazebo_worlds/models/reemc_textured_object/model.config
[15.411s] -- Symlinking: /home/tharusha/Documents/Robotics/lab08/tiago_public_ws/install/pal_gazebo_worlds/share/pal_gazebo_worlds/models/reemc_textured_object/model.sdf
[15.433s] -- Symlinking: /home/tharusha/Documents/Robotics/lab08/tiago_public_ws/install/pal_gazebo_worlds/share/pal_gazebo_worlds/models/reemc_textured_object_nograv/model.config
[15.454s] -- Symlinking: /home/tharusha/Documents/Robotics/lab08/tiago_public_ws/install/pal_gazebo_worlds/share/pal_gazebo_worlds/models/reemc_textured_object_nograv/model.sdf
[15.477s] -- Symlinking: /home/tharusha/Documents/Robotics/lab08/tiago_public_ws/install/pal_gazebo_worlds/share/pal_gazebo_worlds/models/reemc_walls/model.config
[15.497s] -- Symlinking: /home/tharusha/Documents/Robotics/lab08/tiago_public_ws/install/pal_gazebo_worlds/share/pal_gazebo_worlds/models/reemc_walls/walls.sdf
[15.523s] -- Symlinking: /home/tharusha/Documents/Robotics/lab08/tiago_public_ws/install/pal_gazebo_worlds/share/pal_gazebo_worlds/models/reviews_table/meshes/reviews_table.stl
[15.545s] -- Symlinking: /home/tharusha/Documents/Robotics/lab08/tiago_public_ws/install/pal_gazebo_worlds/share/pal_gazebo_worlds/models/reviews_table/model.config
[15.566s] -- Symlinking: /home/tharusha/Documents/Robotics/lab08/tiago_public_ws/install/pal_gazebo_worlds/share/pal_gazebo_worlds/models/reviews_table/reviews_table.sdf
[15.586s] -- Symlinking: /home/tharusha/Documents/Robotics/lab08/tiago_public_ws/install/pal_gazebo_worlds/share/pal_gazebo_worlds/models/robocup_walls_70cm_doors/house_walls.sdf
[15.606s] -- Symlinking: /home/tharusha/Documents/Robotics/lab08/tiago_public_ws/install/pal_gazebo_worlds/share/pal_gazebo_worlds/models/robocup_walls_70cm_doors/meshes/robocup_house.stl
[15.623s] -- Symlinking: /home/tharusha/Documents/Robotics/lab08/tiago_public_ws/install/pal_gazebo_worlds/share/pal_gazebo_worlds/models/robocup_walls_70cm_doors/model.config
[15.642s] -- Symlinking: /home/tharusha/Documents/Robotics/lab08/tiago_public_ws/install/pal_gazebo_worlds/share/pal_gazebo_worlds/models/rockin_camp/README
[15.660s] -- Symlinking: /home/tharusha/Documents/Robotics/lab08/tiago_public_ws/install/pal_gazebo_worlds/share/pal_gazebo_worlds/models/rockin_camp/model.config
[15.679s] -- Symlinking: /home/tharusha/Documents/Robotics/lab08/tiago_public_ws/install/pal_gazebo_worlds/share/pal_gazebo_worlds/models/rockin_camp/model.sdf
[15.698s] -- Symlinking: /home/tharusha/Documents/Robotics/lab08/tiago_public_ws/install/pal_gazebo_worlds/share/pal_gazebo_worlds/models/rockin_camp/rockin_camp.png
[15.720s] -- Symlinking: /home/tharusha/Documents/Robotics/lab08/tiago_public_ws/install/pal_gazebo_worlds/share/pal_gazebo_worlds/models/sideboard/meshes/sideboard.stl
[15.742s] -- Symlinking: /home/tharusha/Documents/Robotics/lab08/tiago_public_ws/install/pal_gazebo_worlds/share/pal_gazebo_worlds/models/sideboard/model.config
[15.762s] -- Symlinking: /home/tharusha/Documents/Robotics/lab08/tiago_public_ws/install/pal_gazebo_worlds/share/pal_gazebo_worlds/models/sideboard/sideboard.sdf
[15.783s] -- Symlinking: /home/tharusha/Documents/Robotics/lab08/tiago_public_ws/install/pal_gazebo_worlds/share/pal_gazebo_worlds/models/slippery_patch/material/scripts/slippery_patch.material
[15.805s] -- Symlinking: /home/tharusha/Documents/Robotics/lab08/tiago_public_ws/install/pal_gazebo_worlds/share/pal_gazebo_worlds/models/slippery_patch/material/textures/slippery_patch.jpg
[15.827s] -- Symlinking: /home/tharusha/Documents/Robotics/lab08/tiago_public_ws/install/pal_gazebo_worlds/share/pal_gazebo_worlds/models/slippery_patch/model.config
[15.849s] -- Symlinking: /home/tharusha/Documents/Robotics/lab08/tiago_public_ws/install/pal_gazebo_worlds/share/pal_gazebo_worlds/models/slippery_patch/slippery_patch.sdf
[15.872s] -- Symlinking: /home/tharusha/Documents/Robotics/lab08/tiago_public_ws/install/pal_gazebo_worlds/share/pal_gazebo_worlds/models/small_cylinder/model.config
[15.893s] -- Symlinking: /home/tharusha/Documents/Robotics/lab08/tiago_public_ws/install/pal_gazebo_worlds/share/pal_gazebo_worlds/models/small_cylinder/small_cylinder.sdf
[15.915s] -- Symlinking: /home/tharusha/Documents/Robotics/lab08/tiago_public_ws/install/pal_gazebo_worlds/share/pal_gazebo_worlds/models/sofa/meshes/sofa.stl
[15.936s] -- Symlinking: /home/tharusha/Documents/Robotics/lab08/tiago_public_ws/install/pal_gazebo_worlds/share/pal_gazebo_worlds/models/sofa/model.config
[15.956s] -- Symlinking: /home/tharusha/Documents/Robotics/lab08/tiago_public_ws/install/pal_gazebo_worlds/share/pal_gazebo_worlds/models/sofa/sofa.sdf
[15.978s] -- Symlinking: /home/tharusha/Documents/Robotics/lab08/tiago_public_ws/install/pal_gazebo_worlds/share/pal_gazebo_worlds/models/sprite/material/scripts/sprite.material
[16.002s] -- Symlinking: /home/tharusha/Documents/Robotics/lab08/tiago_public_ws/install/pal_gazebo_worlds/share/pal_gazebo_worlds/models/sprite/material/textures/sprite.jpg
[16.022s] -- Symlinking: /home/tharusha/Documents/Robotics/lab08/tiago_public_ws/install/pal_gazebo_worlds/share/pal_gazebo_worlds/models/sprite/model.config
[16.042s] -- Symlinking: /home/tharusha/Documents/Robotics/lab08/tiago_public_ws/install/pal_gazebo_worlds/share/pal_gazebo_worlds/models/sprite/sprite.sdf
[16.060s] -- Symlinking: /home/tharusha/Documents/Robotics/lab08/tiago_public_ws/install/pal_gazebo_worlds/share/pal_gazebo_worlds/models/sun/model-1_2.sdf
[16.080s] -- Symlinking: /home/tharusha/Documents/Robotics/lab08/tiago_public_ws/install/pal_gazebo_worlds/share/pal_gazebo_worlds/models/sun/model-1_3.sdf
[16.099s] -- Symlinking: /home/tharusha/Documents/Robotics/lab08/tiago_public_ws/install/pal_gazebo_worlds/share/pal_gazebo_worlds/models/sun/model-1_4.sdf
[16.117s] -- Symlinking: /home/tharusha/Documents/Robotics/lab08/tiago_public_ws/install/pal_gazebo_worlds/share/pal_gazebo_worlds/models/sun/model.config
[16.135s] -- Symlinking: /home/tharusha/Documents/Robotics/lab08/tiago_public_ws/install/pal_gazebo_worlds/share/pal_gazebo_worlds/models/sun/model.sdf
[16.153s] -- Symlinking: /home/tharusha/Documents/Robotics/lab08/tiago_public_ws/install/pal_gazebo_worlds/share/pal_gazebo_worlds/models/table_0m8/model.config
[16.171s] -- Symlinking: /home/tharusha/Documents/Robotics/lab08/tiago_public_ws/install/pal_gazebo_worlds/share/pal_gazebo_worlds/models/table_0m8/table.sdf
[16.189s] -- Symlinking: /home/tharusha/Documents/Robotics/lab08/tiago_public_ws/install/pal_gazebo_worlds/share/pal_gazebo_worlds/models/table_1m/model.config
[16.207s] -- Symlinking: /home/tharusha/Documents/Robotics/lab08/tiago_public_ws/install/pal_gazebo_worlds/share/pal_gazebo_worlds/models/table_1m/table_1m.sdf
[16.224s] -- Symlinking: /home/tharusha/Documents/Robotics/lab08/tiago_public_ws/install/pal_gazebo_worlds/share/pal_gazebo_worlds/models/test2/meshes/test2.dae
[16.243s] -- Symlinking: /home/tharusha/Documents/Robotics/lab08/tiago_public_ws/install/pal_gazebo_worlds/share/pal_gazebo_worlds/models/test2/model.config
[16.261s] -- Symlinking: /home/tharusha/Documents/Robotics/lab08/tiago_public_ws/install/pal_gazebo_worlds/share/pal_gazebo_worlds/models/test2/test2.sdf
[16.279s] -- Symlinking: /home/tharusha/Documents/Robotics/lab08/tiago_public_ws/install/pal_gazebo_worlds/share/pal_gazebo_worlds/models/testing_room/README
[16.296s] -- Symlinking: /home/tharusha/Documents/Robotics/lab08/tiago_public_ws/install/pal_gazebo_worlds/share/pal_gazebo_worlds/models/testing_room/model.config
[16.316s] -- Symlinking: /home/tharusha/Documents/Robotics/lab08/tiago_public_ws/install/pal_gazebo_worlds/share/pal_gazebo_worlds/models/testing_room/model.sdf
[16.332s] -- Symlinking: /home/tharusha/Documents/Robotics/lab08/tiago_public_ws/install/pal_gazebo_worlds/share/pal_gazebo_worlds/models/testing_room/testing_room.png
[16.352s] -- Symlinking: /home/tharusha/Documents/Robotics/lab08/tiago_public_ws/install/pal_gazebo_worlds/share/pal_gazebo_worlds/models/tv/meshes/tv.stl
[16.372s] -- Symlinking: /home/tharusha/Documents/Robotics/lab08/tiago_public_ws/install/pal_gazebo_worlds/share/pal_gazebo_worlds/models/tv/model.config
[16.389s] -- Symlinking: /home/tharusha/Documents/Robotics/lab08/tiago_public_ws/install/pal_gazebo_worlds/share/pal_gazebo_worlds/models/tv/tv.sdf
[16.408s] -- Symlinking: /home/tharusha/Documents/Robotics/lab08/tiago_public_ws/install/pal_gazebo_worlds/share/pal_gazebo_worlds/models/wall_with_reem_photo/material/scripts/ball.material
[16.425s] -- Symlinking: /home/tharusha/Documents/Robotics/lab08/tiago_public_ws/install/pal_gazebo_worlds/share/pal_gazebo_worlds/models/wall_with_reem_photo/material/scripts/wallWithREEMphoto.material
[16.444s] -- Symlinking: /home/tharusha/Documents/Robotics/lab08/tiago_public_ws/install/pal_gazebo_worlds/share/pal_gazebo_worlds/models/wall_with_reem_photo/material/textures/REEM_photo0.jpg
[16.463s] -- Symlinking: /home/tharusha/Documents/Robotics/lab08/tiago_public_ws/install/pal_gazebo_worlds/share/pal_gazebo_worlds/models/wall_with_reem_photo/model.config
[16.486s] -- Symlinking: /home/tharusha/Documents/Robotics/lab08/tiago_public_ws/install/pal_gazebo_worlds/share/pal_gazebo_worlds/models/wall_with_reem_photo/model.sdf
[16.507s] -- Symlinking: /home/tharusha/Documents/Robotics/lab08/tiago_public_ws/install/pal_gazebo_worlds/share/pal_gazebo_worlds/models/wardrobe/meshes/wardrobe.stl
[16.526s] -- Symlinking: /home/tharusha/Documents/Robotics/lab08/tiago_public_ws/install/pal_gazebo_worlds/share/pal_gazebo_worlds/models/wardrobe/model.config
[16.546s] -- Symlinking: /home/tharusha/Documents/Robotics/lab08/tiago_public_ws/install/pal_gazebo_worlds/share/pal_gazebo_worlds/models/wardrobe/wardrobe.sdf
[16.567s] -- Symlinking: /home/tharusha/Documents/Robotics/lab08/tiago_public_ws/install/pal_gazebo_worlds/share/pal_gazebo_worlds/models/willowgarage/materials/textures/Carpet_Berber_Pattern_Gray_.png
[16.586s] -- Symlinking: /home/tharusha/Documents/Robotics/lab08/tiago_public_ws/install/pal_gazebo_worlds/share/pal_gazebo_worlds/models/willowgarage/materials/textures/Stone_Brushed_Khaki_.png
[16.606s] -- Symlinking: /home/tharusha/Documents/Robotics/lab08/tiago_public_ws/install/pal_gazebo_worlds/share/pal_gazebo_worlds/models/willowgarage/materials/textures/Wood_Bamboo_Medium_.png
[16.627s] -- Symlinking: /home/tharusha/Documents/Robotics/lab08/tiago_public_ws/install/pal_gazebo_worlds/share/pal_gazebo_worlds/models/willowgarage/materials/textures/Wood_Cherry_Original_.png
[16.649s] -- Symlinking: /home/tharusha/Documents/Robotics/lab08/tiago_public_ws/install/pal_gazebo_worlds/share/pal_gazebo_worlds/models/willowgarage/materials/textures/__Wood_Bamboo_Medium_1.png
[16.669s] -- Symlinking: /home/tharusha/Documents/Robotics/lab08/tiago_public_ws/install/pal_gazebo_worlds/share/pal_gazebo_worlds/models/willowgarage/materials/textures/__auto_12.png
[16.688s] -- Symlinking: /home/tharusha/Documents/Robotics/lab08/tiago_public_ws/install/pal_gazebo_worlds/share/pal_gazebo_worlds/models/willowgarage/materials/textures/__auto_2.png
[16.709s] -- Symlinking: /home/tharusha/Documents/Robotics/lab08/tiago_public_ws/install/pal_gazebo_worlds/share/pal_gazebo_worlds/models/willowgarage/meshes/willowgarage_collision.dae
[16.729s] -- Symlinking: /home/tharusha/Documents/Robotics/lab08/tiago_public_ws/install/pal_gazebo_worlds/share/pal_gazebo_worlds/models/willowgarage/meshes/willowgarage_visual.dae
[16.751s] -- Symlinking: /home/tharusha/Documents/Robotics/lab08/tiago_public_ws/install/pal_gazebo_worlds/share/pal_gazebo_worlds/worlds/aruco.world
[16.772s] -- Symlinking: /home/tharusha/Documents/Robotics/lab08/tiago_public_ws/install/pal_gazebo_worlds/share/pal_gazebo_worlds/worlds/ball.world
[16.792s] -- Symlinking: /home/tharusha/Documents/Robotics/lab08/tiago_public_ws/install/pal_gazebo_worlds/share/pal_gazebo_worlds/worlds/cabinet_grasping.world
[16.814s] -- Symlinking: /home/tharusha/Documents/Robotics/lab08/tiago_public_ws/install/pal_gazebo_worlds/share/pal_gazebo_worlds/worlds/calibration_room.world
[16.833s] -- Symlinking: /home/tharusha/Documents/Robotics/lab08/tiago_public_ws/install/pal_gazebo_worlds/share/pal_gazebo_worlds/worlds/chairs.world
[16.852s] -- Symlinking: /home/tharusha/Documents/Robotics/lab08/tiago_public_ws/install/pal_gazebo_worlds/share/pal_gazebo_worlds/worlds/corridor_110cm.world
[16.872s] -- Symlinking: /home/tharusha/Documents/Robotics/lab08/tiago_public_ws/install/pal_gazebo_worlds/share/pal_gazebo_worlds/worlds/corridor_60cm.world
[16.895s] -- Symlinking: /home/tharusha/Documents/Robotics/lab08/tiago_public_ws/install/pal_gazebo_worlds/share/pal_gazebo_worlds/worlds/corridor_70cm.world
[16.916s] -- Symlinking: /home/tharusha/Documents/Robotics/lab08/tiago_public_ws/install/pal_gazebo_worlds/share/pal_gazebo_worlds/worlds/corridor_85cm.world
[16.939s] -- Symlinking: /home/tharusha/Documents/Robotics/lab08/tiago_public_ws/install/pal_gazebo_worlds/share/pal_gazebo_worlds/worlds/dock_and_aruco.world
[16.959s] -- Symlinking: /home/tharusha/Documents/Robotics/lab08/tiago_public_ws/install/pal_gazebo_worlds/share/pal_gazebo_worlds/worlds/dock_station.world
[16.978s] -- Symlinking: /home/tharusha/Documents/Robotics/lab08/tiago_public_ws/install/pal_gazebo_worlds/share/pal_gazebo_worlds/worlds/docker_chair.world
[16.998s] -- Symlinking: /home/tharusha/Documents/Robotics/lab08/tiago_public_ws/install/pal_gazebo_worlds/share/pal_gazebo_worlds/worlds/door_obstacle.world
[17.017s] -- Symlinking: /home/tharusha/Documents/Robotics/lab08/tiago_public_ws/install/pal_gazebo_worlds/share/pal_gazebo_worlds/worlds/empty.world
[17.038s] -- Symlinking: /home/tharusha/Documents/Robotics/lab08/tiago_public_ws/install/pal_gazebo_worlds/share/pal_gazebo_worlds/worlds/empty_room.world
[17.059s] -- Symlinking: /home/tharusha/Documents/Robotics/lab08/tiago_public_ws/install/pal_gazebo_worlds/share/pal_gazebo_worlds/worlds/factory.world
[17.080s] -- Symlinking: /home/tharusha/Documents/Robotics/lab08/tiago_public_ws/install/pal_gazebo_worlds/share/pal_gazebo_worlds/worlds/featured.world
[17.099s] -- Symlinking: /home/tharusha/Documents/Robotics/lab08/tiago_public_ws/install/pal_gazebo_worlds/share/pal_gazebo_worlds/worlds/footstep_obstacle.world
[17.120s] -- Symlinking: /home/tharusha/Documents/Robotics/lab08/tiago_public_ws/install/pal_gazebo_worlds/share/pal_gazebo_worlds/worlds/hit_table.world
[17.142s] -- Symlinking: /home/tharusha/Documents/Robotics/lab08/tiago_public_ws/install/pal_gazebo_worlds/share/pal_gazebo_worlds/worlds/home.world
[17.162s] -- Symlinking: /home/tharusha/Documents/Robotics/lab08/tiago_public_ws/install/pal_gazebo_worlds/share/pal_gazebo_worlds/worlds/hospital.world
[17.183s] -- Symlinking: /home/tharusha/Documents/Robotics/lab08/tiago_public_ws/install/pal_gazebo_worlds/share/pal_gazebo_worlds/worlds/hospital_flat.world
[17.204s] -- Symlinking: /home/tharusha/Documents/Robotics/lab08/tiago_public_ws/install/pal_gazebo_worlds/share/pal_gazebo_worlds/worlds/look_to_point.world
[17.226s] -- Symlinking: /home/tharusha/Documents/Robotics/lab08/tiago_public_ws/install/pal_gazebo_worlds/share/pal_gazebo_worlds/worlds/low_sun_empty.world
[17.247s] -- Symlinking: /home/tharusha/Documents/Robotics/lab08/tiago_public_ws/install/pal_gazebo_worlds/share/pal_gazebo_worlds/worlds/memmo_simple.world
[17.267s] -- Symlinking: /home/tharusha/Documents/Robotics/lab08/tiago_public_ws/install/pal_gazebo_worlds/share/pal_gazebo_worlds/worlds/narrow_passage.world
[17.288s] -- Symlinking: /home/tharusha/Documents/Robotics/lab08/tiago_public_ws/install/pal_gazebo_worlds/share/pal_gazebo_worlds/worlds/objects_on_table.world
[17.309s] -- Symlinking: /home/tharusha/Documents/Robotics/lab08/tiago_public_ws/install/pal_gazebo_worlds/share/pal_gazebo_worlds/worlds/pal_office.world
[17.328s] -- Symlinking: /home/tharusha/Documents/Robotics/lab08/tiago_public_ws/install/pal_gazebo_worlds/share/pal_gazebo_worlds/worlds/pal_textured_object.world
[17.349s] -- Symlinking: /home/tharusha/Documents/Robotics/lab08/tiago_public_ws/install/pal_gazebo_worlds/share/pal_gazebo_worlds/worlds/passage_110cm.world
[17.370s] -- Symlinking: /home/tharusha/Documents/Robotics/lab08/tiago_public_ws/install/pal_gazebo_worlds/share/pal_gazebo_worlds/worlds/passage_60cm.world
[17.390s] -- Symlinking: /home/tharusha/Documents/Robotics/lab08/tiago_public_ws/install/pal_gazebo_worlds/share/pal_gazebo_worlds/worlds/passage_70cm.world
[17.410s] -- Symlinking: /home/tharusha/Documents/Robotics/lab08/tiago_public_ws/install/pal_gazebo_worlds/share/pal_gazebo_worlds/worlds/pg_demo.world
[17.430s] -- Symlinking: /home/tharusha/Documents/Robotics/lab08/tiago_public_ws/install/pal_gazebo_worlds/share/pal_gazebo_worlds/worlds/pick.world
[17.448s] -- Symlinking: /home/tharusha/Documents/Robotics/lab08/tiago_public_ws/install/pal_gazebo_worlds/share/pal_gazebo_worlds/worlds/pick_place_cabinet.world
[17.466s] -- Symlinking: /home/tharusha/Documents/Robotics/lab08/tiago_public_ws/install/pal_gazebo_worlds/share/pal_gazebo_worlds/worlds/pick_place_close_demo.world
[17.485s] -- Symlinking: /home/tharusha/Documents/Robotics/lab08/tiago_public_ws/install/pal_gazebo_worlds/share/pal_gazebo_worlds/worlds/pick_place_demo.world
[17.504s] -- Symlinking: /home/tharusha/Documents/Robotics/lab08/tiago_public_ws/install/pal_gazebo_worlds/share/pal_gazebo_worlds/worlds/reemc.world
[17.527s] -- Symlinking: /home/tharusha/Documents/Robotics/lab08/tiago_public_ws/install/pal_gazebo_worlds/share/pal_gazebo_worlds/worlds/reemc_indoor.world
[17.547s] -- Symlinking: /home/tharusha/Documents/Robotics/lab08/tiago_public_ws/install/pal_gazebo_worlds/share/pal_gazebo_worlds/worlds/simple_office.world
[17.567s] -- Symlinking: /home/tharusha/Documents/Robotics/lab08/tiago_public_ws/install/pal_gazebo_worlds/share/pal_gazebo_worlds/worlds/simple_office_with_people.world
[17.588s] -- Symlinking: /home/tharusha/Documents/Robotics/lab08/tiago_public_ws/install/pal_gazebo_worlds/share/pal_gazebo_worlds/worlds/simple_ramp.world
[17.610s] -- Symlinking: /home/tharusha/Documents/Robotics/lab08/tiago_public_ws/install/pal_gazebo_worlds/share/pal_gazebo_worlds/worlds/small_factory.world
[17.631s] -- Symlinking: /home/tharusha/Documents/Robotics/lab08/tiago_public_ws/install/pal_gazebo_worlds/share/pal_gazebo_worlds/worlds/small_office.world
[17.652s] -- Symlinking: /home/tharusha/Documents/Robotics/lab08/tiago_public_ws/install/pal_gazebo_worlds/share/pal_gazebo_worlds/worlds/small_office_door_obstacle.world
[17.674s] -- Symlinking: /home/tharusha/Documents/Robotics/lab08/tiago_public_ws/install/pal_gazebo_worlds/share/pal_gazebo_worlds/worlds/small_office_inventory.world
[17.693s] -- Symlinking: /home/tharusha/Documents/Robotics/lab08/tiago_public_ws/install/pal_gazebo_worlds/share/pal_gazebo_worlds/worlds/small_textured_office.world
[17.715s] -- Symlinking: /home/tharusha/Documents/Robotics/lab08/tiago_public_ws/install/pal_gazebo_worlds/share/pal_gazebo_worlds/worlds/socmcs.world
[17.735s] -- Symlinking: /home/tharusha/Documents/Robotics/lab08/tiago_public_ws/install/pal_gazebo_worlds/share/pal_gazebo_worlds/worlds/stairs.world
[17.755s] -- Symlinking: /home/tharusha/Documents/Robotics/lab08/tiago_public_ws/install/pal_gazebo_worlds/share/pal_gazebo_worlds/worlds/stamping_demo.world
[17.776s] -- Symlinking: /home/tharusha/Documents/Robotics/lab08/tiago_public_ws/install/pal_gazebo_worlds/share/pal_gazebo_worlds/worlds/t_shaped.world
[17.797s] -- Symlinking: /home/tharusha/Documents/Robotics/lab08/tiago_public_ws/install/pal_gazebo_worlds/share/pal_gazebo_worlds/worlds/tabletop_cube.world
[17.818s] -- Symlinking: /home/tharusha/Documents/Robotics/lab08/tiago_public_ws/install/pal_gazebo_worlds/share/pal_gazebo_worlds/worlds/tabletop_cylinder.world
[17.837s] -- Symlinking: /home/tharusha/Documents/Robotics/lab08/tiago_public_ws/install/pal_gazebo_worlds/share/pal_gazebo_worlds/worlds/tutorial_office.world
[17.858s] -- Symlinking: /home/tharusha/Documents/Robotics/lab08/tiago_public_ws/install/pal_gazebo_worlds/share/pal_gazebo_worlds/worlds/voronoi_graph.world
[17.880s] -- Symlinking: /home/tharusha/Documents/Robotics/lab08/tiago_public_ws/install/pal_gazebo_worlds/share/pal_gazebo_worlds/worlds/willow_garage.world
[17.902s] -- Symlinking: /home/tharusha/Documents/Robotics/lab08/tiago_public_ws/install/pal_gazebo_worlds/share/pal_gazebo_worlds/worlds/world_wall_REEM_photo.world
[17.925s] -- Symlinking: /home/tharusha/Documents/Robotics/lab08/tiago_public_ws/install/pal_gazebo_worlds/share/pal_gazebo_worlds/urdf/chessboard/chessboard.gazebo.xacro
[17.947s] -- Symlinking: /home/tharusha/Documents/Robotics/lab08/tiago_public_ws/install/pal_gazebo_worlds/share/pal_gazebo_worlds/urdf/chessboard/chessboard.urdf.xacro
[17.968s] -- Symlinking: /home/tharusha/Documents/Robotics/lab08/tiago_public_ws/install/pal_gazebo_worlds/share/pal_gazebo_worlds/urdf/chessboard/chessboard_example.urdf.xacro
[17.988s] -- Symlinking: /home/tharusha/Documents/Robotics/lab08/tiago_public_ws/install/pal_gazebo_worlds/share/pal_gazebo_worlds/urdf/simple_box.urdf
[18.009s] -- Symlinking: /home/tharusha/Documents/Robotics/lab08/tiago_public_ws/install/pal_gazebo_worlds/share/pal_gazebo_worlds/meshes/chessboard/chessboard.dae
[18.029s] -- Symlinking: /home/tharusha/Documents/Robotics/lab08/tiago_public_ws/install/pal_gazebo_worlds/share/pal_gazebo_worlds/meshes/chessboard/chessboard.png
[18.049s] -- Symlinking: /home/tharusha/Documents/Robotics/lab08/tiago_public_ws/install/pal_gazebo_worlds/share/ament_index/resource_index/package_run_dependencies/pal_gazebo_worlds
[18.069s] -- Symlinking: /home/tharusha/Documents/Robotics/lab08/tiago_public_ws/install/pal_gazebo_worlds/share/ament_index/resource_index/parent_prefix_path/pal_gazebo_worlds
[18.090s] -- Symlinking: /home/tharusha/Documents/Robotics/lab08/tiago_public_ws/install/pal_gazebo_worlds/share/pal_gazebo_worlds/environment/ament_prefix_path.sh
[18.114s] -- Symlinking: /home/tharusha/Documents/Robotics/lab08/tiago_public_ws/install/pal_gazebo_worlds/share/pal_gazebo_worlds/environment/ament_prefix_path.dsv
[18.135s] -- Symlinking: /home/tharusha/Documents/Robotics/lab08/tiago_public_ws/install/pal_gazebo_worlds/share/pal_gazebo_worlds/environment/path.sh
[18.155s] -- Symlinking: /home/tharusha/Documents/Robotics/lab08/tiago_public_ws/install/pal_gazebo_worlds/share/pal_gazebo_worlds/environment/path.dsv
[18.176s] -- Symlinking: /home/tharusha/Documents/Robotics/lab08/tiago_public_ws/install/pal_gazebo_worlds/share/pal_gazebo_worlds/local_setup.bash
[18.196s] -- Symlinking: /home/tharusha/Documents/Robotics/lab08/tiago_public_ws/install/pal_gazebo_worlds/share/pal_gazebo_worlds/local_setup.sh
[18.218s] -- Symlinking: /home/tharusha/Documents/Robotics/lab08/tiago_public_ws/install/pal_gazebo_worlds/share/pal_gazebo_worlds/local_setup.zsh
[18.238s] -- Symlinking: /home/tharusha/Documents/Robotics/lab08/tiago_public_ws/install/pal_gazebo_worlds/share/pal_gazebo_worlds/local_setup.dsv
[18.271s] -- Symlinking: /home/tharusha/Documents/Robotics/lab08/tiago_public_ws/install/pal_gazebo_worlds/share/pal_gazebo_worlds/package.dsv
[18.284s] -- Symlinking: /home/tharusha/Documents/Robotics/lab08/tiago_public_ws/install/pal_gazebo_worlds/share/ament_index/resource_index/packages/pal_gazebo_worlds
[18.303s] -- Symlinking: /home/tharusha/Documents/Robotics/lab08/tiago_public_ws/install/pal_gazebo_worlds/share/pal_gazebo_worlds/cmake/pal_gazebo_worldsConfig.cmake
[18.324s] -- Symlinking: /home/tharusha/Documents/Robotics/lab08/tiago_public_ws/install/pal_gazebo_worlds/share/pal_gazebo_worlds/cmake/pal_gazebo_worldsConfig-version.cmake
[18.346s] -- Symlinking: /home/tharusha/Documents/Robotics/lab08/tiago_public_ws/install/pal_gazebo_worlds/share/pal_gazebo_worlds/package.xml
[18.372s] Invoked command in '/home/tharusha/Documents/Robotics/lab08/tiago_public_ws/build/pal_gazebo_worlds' returned '0': CMAKE_PREFIX_PATH=${CMAKE_PREFIX_PATH}:/home/tharusha/robotics/install/launch_param_builder:/home/tharusha/robotics/install/broadcaster_listener:/home/tharusha/lab05/install/moveit_configs_utils:/home/tharusha/lab05/install/launch_param_builder:/opt/ros/humble /usr/bin/cmake --install /home/tharusha/Documents/Robotics/lab08/tiago_public_ws/build/pal_gazebo_worlds
