[1.108s] Invoking command in '/home/chathura/Documents/git-projects/Robotics-and-Automation-Labs/lab5/src/launch_param_builder': PYTHONPATH=/home/chathura/Documents/git-projects/Robotics-and-Automation-Labs/lab5/src/build/launch_param_builder/prefix_override:/home/chathura/Documents/git-projects/Robotics-and-Automation-Labs/lab5/src/install/launch_param_builder/lib/python3.10/site-packages:${PYTHONPATH} /usr/bin/python3 setup.py egg_info --egg-base ../build/launch_param_builder build --build-base /home/chathura/Documents/git-projects/Robotics-and-Automation-Labs/lab5/src/build/launch_param_builder/build install --record /home/chathura/Documents/git-projects/Robotics-and-Automation-Labs/lab5/src/build/launch_param_builder/install.log --single-version-externally-managed
[1.386s] running egg_info
[1.386s] creating ../build/launch_param_builder/launch_param_builder.egg-info
[1.386s] writing ../build/launch_param_builder/launch_param_builder.egg-info/PKG-INFO
[1.386s] writing dependency_links to ../build/launch_param_builder/launch_param_builder.egg-info/dependency_links.txt
[1.386s] writing entry points to ../build/launch_param_builder/launch_param_builder.egg-info/entry_points.txt
[1.387s] writing requirements to ../build/launch_param_builder/launch_param_builder.egg-info/requires.txt
[1.387s] writing top-level names to ../build/launch_param_builder/launch_param_builder.egg-info/top_level.txt
[1.387s] writing manifest file '../build/launch_param_builder/launch_param_builder.egg-info/SOURCES.txt'
[1.389s] reading manifest file '../build/launch_param_builder/launch_param_builder.egg-info/SOURCES.txt'
[1.389s] adding license file 'LICENSE'
[1.389s] writing manifest file '../build/launch_param_builder/launch_param_builder.egg-info/SOURCES.txt'
[1.389s] running build
[1.390s] running build_py
[1.390s] creating /home/chathura/Documents/git-projects/Robotics-and-Automation-Labs/lab5/src/build/launch_param_builder/build
[1.390s] creating /home/chathura/Documents/git-projects/Robotics-and-Automation-Labs/lab5/src/build/launch_param_builder/build/lib
[1.390s] creating /home/chathura/Documents/git-projects/Robotics-and-Automation-Labs/lab5/src/build/launch_param_builder/build/lib/launch_param_builder
[1.390s] copying launch_param_builder/utils.py -> /home/chathura/Documents/git-projects/Robotics-and-Automation-Labs/lab5/src/build/launch_param_builder/build/lib/launch_param_builder
[1.390s] copying launch_param_builder/launch_param_builder.py -> /home/chathura/Documents/git-projects/Robotics-and-Automation-Labs/lab5/src/build/launch_param_builder/build/lib/launch_param_builder
[1.391s] copying launch_param_builder/__init__.py -> /home/chathura/Documents/git-projects/Robotics-and-Automation-Labs/lab5/src/build/launch_param_builder/build/lib/launch_param_builder
[1.391s] running install
[1.391s] /usr/lib/python3/dist-packages/setuptools/command/install.py:34: SetuptoolsDeprecationWarning: setup.py install is deprecated. Use build and pip and other standards-based tools.
[1.391s]   warnings.warn(
[1.391s] running install_lib
[1.392s] creating /home/chathura/Documents/git-projects/Robotics-and-Automation-Labs/lab5/src/install/launch_param_builder/lib/python3.10/site-packages/launch_param_builder
[1.392s] copying /home/chathura/Documents/git-projects/Robotics-and-Automation-Labs/lab5/src/build/launch_param_builder/build/lib/launch_param_builder/utils.py -> /home/chathura/Documents/git-projects/Robotics-and-Automation-Labs/lab5/src/install/launch_param_builder/lib/python3.10/site-packages/launch_param_builder
[1.392s] copying /home/chathura/Documents/git-projects/Robotics-and-Automation-Labs/lab5/src/build/launch_param_builder/build/lib/launch_param_builder/launch_param_builder.py -> /home/chathura/Documents/git-projects/Robotics-and-Automation-Labs/lab5/src/install/launch_param_builder/lib/python3.10/site-packages/launch_param_builder
[1.392s] copying /home/chathura/Documents/git-projects/Robotics-and-Automation-Labs/lab5/src/build/launch_param_builder/build/lib/launch_param_builder/__init__.py -> /home/chathura/Documents/git-projects/Robotics-and-Automation-Labs/lab5/src/install/launch_param_builder/lib/python3.10/site-packages/launch_param_builder
[1.393s] byte-compiling /home/chathura/Documents/git-projects/Robotics-and-Automation-Labs/lab5/src/install/launch_param_builder/lib/python3.10/site-packages/launch_param_builder/utils.py to utils.cpython-310.pyc
[1.393s] byte-compiling /home/chathura/Documents/git-projects/Robotics-and-Automation-Labs/lab5/src/install/launch_param_builder/lib/python3.10/site-packages/launch_param_builder/launch_param_builder.py to launch_param_builder.cpython-310.pyc
[1.394s] byte-compiling /home/chathura/Documents/git-projects/Robotics-and-Automation-Labs/lab5/src/install/launch_param_builder/lib/python3.10/site-packages/launch_param_builder/__init__.py to __init__.cpython-310.pyc
[1.394s] running install_data
[1.395s] creating /home/chathura/Documents/git-projects/Robotics-and-Automation-Labs/lab5/src/install/launch_param_builder/share/ament_index
[1.395s] creating /home/chathura/Documents/git-projects/Robotics-and-Automation-Labs/lab5/src/install/launch_param_builder/share/ament_index/resource_index
[1.395s] creating /home/chathura/Documents/git-projects/Robotics-and-Automation-Labs/lab5/src/install/launch_param_builder/share/ament_index/resource_index/packages
[1.395s] copying resource/launch_param_builder -> /home/chathura/Documents/git-projects/Robotics-and-Automation-Labs/lab5/src/install/launch_param_builder/share/ament_index/resource_index/packages
[1.395s] creating /home/chathura/Documents/git-projects/Robotics-and-Automation-Labs/lab5/src/install/launch_param_builder/share/launch_param_builder/launch
[1.395s] copying example/launch_param_builder_example.launch.py -> /home/chathura/Documents/git-projects/Robotics-and-Automation-Labs/lab5/src/install/launch_param_builder/share/launch_param_builder/launch
[1.396s] creating /home/chathura/Documents/git-projects/Robotics-and-Automation-Labs/lab5/src/install/launch_param_builder/share/launch_param_builder/config
[1.396s] copying test/data/parameters.yaml -> /home/chathura/Documents/git-projects/Robotics-and-Automation-Labs/lab5/src/install/launch_param_builder/share/launch_param_builder/config
[1.396s] copying test/data/param_file_to_inject.yaml -> /home/chathura/Documents/git-projects/Robotics-and-Automation-Labs/lab5/src/install/launch_param_builder/share/launch_param_builder/config
[1.396s] copying test/data/parameter_file -> /home/chathura/Documents/git-projects/Robotics-and-Automation-Labs/lab5/src/install/launch_param_builder/share/launch_param_builder/config
[1.396s] copying test/data/parameters_injection.yaml -> /home/chathura/Documents/git-projects/Robotics-and-Automation-Labs/lab5/src/install/launch_param_builder/share/launch_param_builder/config
[1.396s] copying test/data/parameter.xacro -> /home/chathura/Documents/git-projects/Robotics-and-Automation-Labs/lab5/src/install/launch_param_builder/share/launch_param_builder/config
[1.396s] copying package.xml -> /home/chathura/Documents/git-projects/Robotics-and-Automation-Labs/lab5/src/install/launch_param_builder/share/launch_param_builder
[1.396s] creating /home/chathura/Documents/git-projects/Robotics-and-Automation-Labs/lab5/src/install/launch_param_builder/lib/launch_param_builder
[1.396s] copying example/example_node.py -> /home/chathura/Documents/git-projects/Robotics-and-Automation-Labs/lab5/src/install/launch_param_builder/lib/launch_param_builder
[1.397s] running install_egg_info
[1.399s] Copying ../build/launch_param_builder/launch_param_builder.egg-info to /home/chathura/Documents/git-projects/Robotics-and-Automation-Labs/lab5/src/install/launch_param_builder/lib/python3.10/site-packages/launch_param_builder-0.1.1-py3.10.egg-info
[1.399s] running install_scripts
[1.425s] writing list of installed files to '/home/chathura/Documents/git-projects/Robotics-and-Automation-Labs/lab5/src/build/launch_param_builder/install.log'
[1.580s] Invoked command in '/home/chathura/Documents/git-projects/Robotics-and-Automation-Labs/lab5/src/launch_param_builder' returned '0': PYTHONPATH=/home/chathura/Documents/git-projects/Robotics-and-Automation-Labs/lab5/src/build/launch_param_builder/prefix_override:/home/chathura/Documents/git-projects/Robotics-and-Automation-Labs/lab5/src/install/launch_param_builder/lib/python3.10/site-packages:${PYTHONPATH} /usr/bin/python3 setup.py egg_info --egg-base ../build/launch_param_builder build --build-base /home/chathura/Documents/git-projects/Robotics-and-Automation-Labs/lab5/src/build/launch_param_builder/build install --record /home/chathura/Documents/git-projects/Robotics-and-Automation-Labs/lab5/src/build/launch_param_builder/install.log --single-version-externally-managed
