[0.061s] Invoking command in '/home/chathura/Documents/git-projects/Robotics-and-Automation-Labs/lab5/src/build/moveit_planners_chomp': AMENT_PREFIX_PATH=/home/chathura/Documents/git-projects/Robotics-and-Automation-Labs/lab5/src/install/chomp_motion_planner:/home/chathura/Documents/git-projects/Robotics-and-Automation-Labs/lab5/src/install/moveit_core:/home/chathura/Documents/git-projects/Robotics-and-Automation-Labs/lab5/src/install/srdfdom:/home/chathura/Documents/git-projects/Robotics-and-Automation-Labs/lab5/src/install/moveit_common:${AMENT_PREFIX_PATH} CMAKE_PREFIX_PATH=/home/chathura/Documents/git-projects/Robotics-and-Automation-Labs/lab5/src/install/chomp_motion_planner:/home/chathura/Documents/git-projects/Robotics-and-Automation-Labs/lab5/src/install/moveit_core:/home/chathura/Documents/git-projects/Robotics-and-Automation-Labs/lab5/src/install/srdfdom:/home/chathura/Documents/git-projects/Robotics-and-Automation-Labs/lab5/src/install/moveit_common:/opt/ros/humble LD_LIBRARY_PATH=/home/chathura/Documents/git-projects/Robotics-and-Automation-Labs/lab5/src/install/chomp_motion_planner/lib:/home/chathura/Documents/git-projects/Robotics-and-Automation-Labs/lab5/src/install/moveit_core/lib:/home/chathura/Documents/git-projects/Robotics-and-Automation-Labs/lab5/src/install/srdfdom/lib:${LD_LIBRARY_PATH} PATH=/home/chathura/Documents/git-projects/Robotics-and-Automation-Labs/lab5/src/install/moveit_core/bin:${PATH} PYTHONPATH=/home/chathura/Documents/git-projects/Robotics-and-Automation-Labs/lab5/src/install/srdfdom/local/lib/python3.10/dist-packages:${PYTHONPATH} /usr/bin/cmake /home/chathura/Documents/git-projects/Robotics-and-Automation-Labs/lab5/src/moveit2/moveit_planners/chomp/chomp_interface -DCMAKE_BUILD_TYPE=Release -DCMAKE_INSTALL_PREFIX=/home/chathura/Documents/git-projects/Robotics-and-Automation-Labs/lab5/src/install/moveit_planners_chomp
[0.117s] -- The C compiler identification is GNU 11.4.0
[0.176s] -- The CXX compiler identification is GNU 11.4.0
[0.183s] -- Detecting C compiler ABI info
[0.256s] -- Detecting C compiler ABI info - done
[0.262s] -- Check for working C compiler: /usr/bin/cc - skipped
[0.262s] -- Detecting C compile features
[0.262s] -- Detecting C compile features - done
[0.265s] -- Detecting CXX compiler ABI info
[0.347s] -- Detecting CXX compiler ABI info - done
[0.354s] -- Check for working CXX compiler: /usr/bin/c++ - skipped
[0.354s] -- Detecting CXX compile features
[0.355s] -- Detecting CXX compile features - done
[0.356s] -- Found moveit_common: 2.5.5 (/home/chathura/Documents/git-projects/Robotics-and-Automation-Labs/lab5/src/install/moveit_common/share/moveit_common/cmake)
[0.359s] -- Found ament_cmake: 1.3.8 (/opt/ros/humble/share/ament_cmake/cmake)
[0.504s] -- Found Python3: /usr/bin/python3 (found version "3.10.12") found components: Interpreter 
[0.677s] -- Found libdw: /usr/lib/x86_64-linux-gnu/libdw.so  
[0.684s] -- Could NOT find libbfd (missing: LIBBFD_LIBRARY LIBBFD_INCLUDE_DIR) 
[0.685s] -- BACKWARD_HAS_UNWIND=1
[0.685s] -- BACKWARD_HAS_BACKTRACE=0
[0.685s] -- BACKWARD_HAS_BACKTRACE_SYMBOL=0
[0.685s] -- BACKWARD_HAS_DW=1
[0.685s] -- BACKWARD_HAS_BFD=0
[0.685s] -- Found Backward: /opt/ros/humble/share/backward_ros/cmake  
[0.686s] -- Found moveit_core: 2.5.5 (/home/chathura/Documents/git-projects/Robotics-and-Automation-Labs/lab5/src/install/moveit_core/share/moveit_core/cmake)
[0.938s] -- Found Boost: /usr/lib/x86_64-linux-gnu/cmake/Boost-1.74.0/BoostConfig.cmake (found version "1.74.0") found components: chrono date_time filesystem iostreams program_options regex serialization system thread 
[0.992s] -- Found parameter_traits: 0.3.7 (/opt/ros/humble/share/parameter_traits/cmake)
[1.039s] -- Found rosidl_generator_c: 3.1.5 (/opt/ros/humble/share/rosidl_generator_c/cmake)
[1.045s] -- Found rosidl_adapter: 3.1.5 (/opt/ros/humble/share/rosidl_adapter/cmake)
[1.055s] -- Found rosidl_generator_cpp: 3.1.5 (/opt/ros/humble/share/rosidl_generator_cpp/cmake)
[1.070s] -- Using all available rosidl_typesupport_c: rosidl_typesupport_fastrtps_c;rosidl_typesupport_introspection_c
[1.091s] -- Using all available rosidl_typesupport_cpp: rosidl_typesupport_fastrtps_cpp;rosidl_typesupport_introspection_cpp
[1.165s] -- Found rmw_implementation_cmake: 6.1.1 (/opt/ros/humble/share/rmw_implementation_cmake/cmake)
[1.170s] -- Found rmw_fastrtps_cpp: 6.2.6 (/opt/ros/humble/share/rmw_fastrtps_cpp/cmake)
[1.280s] -- Found OpenSSL: /usr/lib/x86_64-linux-gnu/libcrypto.so (found version "3.0.2")  
[1.309s] -- Found FastRTPS: /opt/ros/humble/include  
[1.364s] -- Using RMW implementation 'rmw_fastrtps_cpp' as default
[1.376s] -- Found Threads: TRUE  
[1.542s] -- Found Eigen3: TRUE (found version "3.4.0") 
[1.546s] -- Found rclcpp_lifecycle: 16.0.8 (/opt/ros/humble/share/rclcpp_lifecycle/cmake)
[1.591s] -- Found Boost: /usr/lib/x86_64-linux-gnu/cmake/Boost-1.74.0/BoostConfig.cmake (found version "1.74.0") found components: filesystem 
[1.740s] -- library: /usr/lib/x86_64-linux-gnu/libcurl.so
[2.001s] -- Ensuring Eigen3 include directory is part of orocos-kdl CMake target
[2.938s] -- Found chomp_motion_planner: 2.5.5 (/home/chathura/Documents/git-projects/Robotics-and-Automation-Labs/lab5/src/install/chomp_motion_planner/share/chomp_motion_planner/cmake)
[2.947s] -- Found ament_lint_auto: 0.12.10 (/opt/ros/humble/share/ament_lint_auto/cmake)
[2.962s] -- Added test 'cppcheck' to perform static code analysis on C / C++ code
[2.962s] -- Configured cppcheck include dirs: /home/chathura/Documents/git-projects/Robotics-and-Automation-Labs/lab5/src/moveit2/moveit_planners/chomp/chomp_interface/include
[2.962s] -- Configured cppcheck exclude dirs and/or files: 
[2.963s] -- Added test 'xmllint' to check XML markup files
[2.964s] -- Configuring done
[3.006s] -- Generating done
[3.008s] -- Build files have been written to: /home/chathura/Documents/git-projects/Robotics-and-Automation-Labs/lab5/src/build/moveit_planners_chomp
[3.023s] Invoked command in '/home/chathura/Documents/git-projects/Robotics-and-Automation-Labs/lab5/src/build/moveit_planners_chomp' returned '0': AMENT_PREFIX_PATH=/home/chathura/Documents/git-projects/Robotics-and-Automation-Labs/lab5/src/install/chomp_motion_planner:/home/chathura/Documents/git-projects/Robotics-and-Automation-Labs/lab5/src/install/moveit_core:/home/chathura/Documents/git-projects/Robotics-and-Automation-Labs/lab5/src/install/srdfdom:/home/chathura/Documents/git-projects/Robotics-and-Automation-Labs/lab5/src/install/moveit_common:${AMENT_PREFIX_PATH} CMAKE_PREFIX_PATH=/home/chathura/Documents/git-projects/Robotics-and-Automation-Labs/lab5/src/install/chomp_motion_planner:/home/chathura/Documents/git-projects/Robotics-and-Automation-Labs/lab5/src/install/moveit_core:/home/chathura/Documents/git-projects/Robotics-and-Automation-Labs/lab5/src/install/srdfdom:/home/chathura/Documents/git-projects/Robotics-and-Automation-Labs/lab5/src/install/moveit_common:/opt/ros/humble LD_LIBRARY_PATH=/home/chathura/Documents/git-projects/Robotics-and-Automation-Labs/lab5/src/install/chomp_motion_planner/lib:/home/chathura/Documents/git-projects/Robotics-and-Automation-Labs/lab5/src/install/moveit_core/lib:/home/chathura/Documents/git-projects/Robotics-and-Automation-Labs/lab5/src/install/srdfdom/lib:${LD_LIBRARY_PATH} PATH=/home/chathura/Documents/git-projects/Robotics-and-Automation-Labs/lab5/src/install/moveit_core/bin:${PATH} PYTHONPATH=/home/chathura/Documents/git-projects/Robotics-and-Automation-Labs/lab5/src/install/srdfdom/local/lib/python3.10/dist-packages:${PYTHONPATH} /usr/bin/cmake /home/chathura/Documents/git-projects/Robotics-and-Automation-Labs/lab5/src/moveit2/moveit_planners/chomp/chomp_interface -DCMAKE_BUILD_TYPE=Release -DCMAKE_INSTALL_PREFIX=/home/chathura/Documents/git-projects/Robotics-and-Automation-Labs/lab5/src/install/moveit_planners_chomp
[3.025s] Invoking command in '/home/chathura/Documents/git-projects/Robotics-and-Automation-Labs/lab5/src/build/moveit_planners_chomp': AMENT_PREFIX_PATH=/home/chathura/Documents/git-projects/Robotics-and-Automation-Labs/lab5/src/install/chomp_motion_planner:/home/chathura/Documents/git-projects/Robotics-and-Automation-Labs/lab5/src/install/moveit_core:/home/chathura/Documents/git-projects/Robotics-and-Automation-Labs/lab5/src/install/srdfdom:/home/chathura/Documents/git-projects/Robotics-and-Automation-Labs/lab5/src/install/moveit_common:${AMENT_PREFIX_PATH} CMAKE_PREFIX_PATH=/home/chathura/Documents/git-projects/Robotics-and-Automation-Labs/lab5/src/install/chomp_motion_planner:/home/chathura/Documents/git-projects/Robotics-and-Automation-Labs/lab5/src/install/moveit_core:/home/chathura/Documents/git-projects/Robotics-and-Automation-Labs/lab5/src/install/srdfdom:/home/chathura/Documents/git-projects/Robotics-and-Automation-Labs/lab5/src/install/moveit_common:/opt/ros/humble LD_LIBRARY_PATH=/home/chathura/Documents/git-projects/Robotics-and-Automation-Labs/lab5/src/install/chomp_motion_planner/lib:/home/chathura/Documents/git-projects/Robotics-and-Automation-Labs/lab5/src/install/moveit_core/lib:/home/chathura/Documents/git-projects/Robotics-and-Automation-Labs/lab5/src/install/srdfdom/lib:${LD_LIBRARY_PATH} PATH=/home/chathura/Documents/git-projects/Robotics-and-Automation-Labs/lab5/src/install/moveit_core/bin:${PATH} PYTHONPATH=/home/chathura/Documents/git-projects/Robotics-and-Automation-Labs/lab5/src/install/srdfdom/local/lib/python3.10/dist-packages:${PYTHONPATH} /usr/bin/cmake --build /home/chathura/Documents/git-projects/Robotics-and-Automation-Labs/lab5/src/build/moveit_planners_chomp -- -j16 -l16
[3.081s] [ 40%] [32mBuilding CXX object CMakeFiles/moveit_chomp_interface.dir/src/chomp_planning_context.cpp.o[0m
[3.081s] [ 40%] [32mBuilding CXX object CMakeFiles/moveit_chomp_interface.dir/src/chomp_interface.cpp.o[0m
[14.140s] [ 60%] [32m[1mLinking CXX shared library libmoveit_chomp_interface.so[0m
[14.580s] [ 60%] Built target moveit_chomp_interface
[14.621s] [ 80%] [32mBuilding CXX object CMakeFiles/moveit_chomp_planner_plugin.dir/src/chomp_plugin.cpp.o[0m
[26.209s] [100%] [32m[1mLinking CXX shared library libmoveit_chomp_planner_plugin.so[0m
[26.361s] [100%] Built target moveit_chomp_planner_plugin
[26.376s] Invoked command in '/home/chathura/Documents/git-projects/Robotics-and-Automation-Labs/lab5/src/build/moveit_planners_chomp' returned '0': AMENT_PREFIX_PATH=/home/chathura/Documents/git-projects/Robotics-and-Automation-Labs/lab5/src/install/chomp_motion_planner:/home/chathura/Documents/git-projects/Robotics-and-Automation-Labs/lab5/src/install/moveit_core:/home/chathura/Documents/git-projects/Robotics-and-Automation-Labs/lab5/src/install/srdfdom:/home/chathura/Documents/git-projects/Robotics-and-Automation-Labs/lab5/src/install/moveit_common:${AMENT_PREFIX_PATH} CMAKE_PREFIX_PATH=/home/chathura/Documents/git-projects/Robotics-and-Automation-Labs/lab5/src/install/chomp_motion_planner:/home/chathura/Documents/git-projects/Robotics-and-Automation-Labs/lab5/src/install/moveit_core:/home/chathura/Documents/git-projects/Robotics-and-Automation-Labs/lab5/src/install/srdfdom:/home/chathura/Documents/git-projects/Robotics-and-Automation-Labs/lab5/src/install/moveit_common:/opt/ros/humble LD_LIBRARY_PATH=/home/chathura/Documents/git-projects/Robotics-and-Automation-Labs/lab5/src/install/chomp_motion_planner/lib:/home/chathura/Documents/git-projects/Robotics-and-Automation-Labs/lab5/src/install/moveit_core/lib:/home/chathura/Documents/git-projects/Robotics-and-Automation-Labs/lab5/src/install/srdfdom/lib:${LD_LIBRARY_PATH} PATH=/home/chathura/Documents/git-projects/Robotics-and-Automation-Labs/lab5/src/install/moveit_core/bin:${PATH} PYTHONPATH=/home/chathura/Documents/git-projects/Robotics-and-Automation-Labs/lab5/src/install/srdfdom/local/lib/python3.10/dist-packages:${PYTHONPATH} /usr/bin/cmake --build /home/chathura/Documents/git-projects/Robotics-and-Automation-Labs/lab5/src/build/moveit_planners_chomp -- -j16 -l16
[26.411s] Invoking command in '/home/chathura/Documents/git-projects/Robotics-and-Automation-Labs/lab5/src/build/moveit_planners_chomp': AMENT_PREFIX_PATH=/home/chathura/Documents/git-projects/Robotics-and-Automation-Labs/lab5/src/install/chomp_motion_planner:/home/chathura/Documents/git-projects/Robotics-and-Automation-Labs/lab5/src/install/moveit_core:/home/chathura/Documents/git-projects/Robotics-and-Automation-Labs/lab5/src/install/srdfdom:/home/chathura/Documents/git-projects/Robotics-and-Automation-Labs/lab5/src/install/moveit_common:${AMENT_PREFIX_PATH} CMAKE_PREFIX_PATH=/home/chathura/Documents/git-projects/Robotics-and-Automation-Labs/lab5/src/install/chomp_motion_planner:/home/chathura/Documents/git-projects/Robotics-and-Automation-Labs/lab5/src/install/moveit_core:/home/chathura/Documents/git-projects/Robotics-and-Automation-Labs/lab5/src/install/srdfdom:/home/chathura/Documents/git-projects/Robotics-and-Automation-Labs/lab5/src/install/moveit_common:/opt/ros/humble LD_LIBRARY_PATH=/home/chathura/Documents/git-projects/Robotics-and-Automation-Labs/lab5/src/install/chomp_motion_planner/lib:/home/chathura/Documents/git-projects/Robotics-and-Automation-Labs/lab5/src/install/moveit_core/lib:/home/chathura/Documents/git-projects/Robotics-and-Automation-Labs/lab5/src/install/srdfdom/lib:${LD_LIBRARY_PATH} PATH=/home/chathura/Documents/git-projects/Robotics-and-Automation-Labs/lab5/src/install/moveit_core/bin:${PATH} PYTHONPATH=/home/chathura/Documents/git-projects/Robotics-and-Automation-Labs/lab5/src/install/srdfdom/local/lib/python3.10/dist-packages:${PYTHONPATH} /usr/bin/cmake --install /home/chathura/Documents/git-projects/Robotics-and-Automation-Labs/lab5/src/build/moveit_planners_chomp
[26.418s] -- Install configuration: "Release"
[26.418s] -- Installing: /home/chathura/Documents/git-projects/Robotics-and-Automation-Labs/lab5/src/install/moveit_planners_chomp/lib/libmoveit_chomp_interface.so.2.5.5
[26.419s] -- Set runtime path of "/home/chathura/Documents/git-projects/Robotics-and-Automation-Labs/lab5/src/install/moveit_planners_chomp/lib/libmoveit_chomp_interface.so.2.5.5" to ""
[26.419s] -- Installing: /home/chathura/Documents/git-projects/Robotics-and-Automation-Labs/lab5/src/install/moveit_planners_chomp/lib/libmoveit_chomp_interface.so
[26.419s] -- Installing: /home/chathura/Documents/git-projects/Robotics-and-Automation-Labs/lab5/src/install/moveit_planners_chomp/lib/libmoveit_chomp_planner_plugin.so
[26.420s] -- Set runtime path of "/home/chathura/Documents/git-projects/Robotics-and-Automation-Labs/lab5/src/install/moveit_planners_chomp/lib/libmoveit_chomp_planner_plugin.so" to ""
[26.420s] -- Installing: /home/chathura/Documents/git-projects/Robotics-and-Automation-Labs/lab5/src/install/moveit_planners_chomp/share/moveit_planners_chomp/environment/library_path.sh
[26.420s] -- Installing: /home/chathura/Documents/git-projects/Robotics-and-Automation-Labs/lab5/src/install/moveit_planners_chomp/share/moveit_planners_chomp/environment/library_path.dsv
[26.420s] -- Installing: /home/chathura/Documents/git-projects/Robotics-and-Automation-Labs/lab5/src/install/moveit_planners_chomp/share/moveit_planners_chomp/chomp_interface_plugin_description.xml
[26.420s] -- Installing: /home/chathura/Documents/git-projects/Robotics-and-Automation-Labs/lab5/src/install/moveit_planners_chomp/share/ament_index/resource_index/package_run_dependencies/moveit_planners_chomp
[26.421s] -- Installing: /home/chathura/Documents/git-projects/Robotics-and-Automation-Labs/lab5/src/install/moveit_planners_chomp/share/ament_index/resource_index/parent_prefix_path/moveit_planners_chomp
[26.421s] -- Installing: /home/chathura/Documents/git-projects/Robotics-and-Automation-Labs/lab5/src/install/moveit_planners_chomp/share/moveit_planners_chomp/environment/ament_prefix_path.sh
[26.421s] -- Installing: /home/chathura/Documents/git-projects/Robotics-and-Automation-Labs/lab5/src/install/moveit_planners_chomp/share/moveit_planners_chomp/environment/ament_prefix_path.dsv
[26.421s] -- Installing: /home/chathura/Documents/git-projects/Robotics-and-Automation-Labs/lab5/src/install/moveit_planners_chomp/share/moveit_planners_chomp/environment/path.sh
[26.421s] -- Installing: /home/chathura/Documents/git-projects/Robotics-and-Automation-Labs/lab5/src/install/moveit_planners_chomp/share/moveit_planners_chomp/environment/path.dsv
[26.421s] -- Installing: /home/chathura/Documents/git-projects/Robotics-and-Automation-Labs/lab5/src/install/moveit_planners_chomp/share/moveit_planners_chomp/local_setup.bash
[26.422s] -- Installing: /home/chathura/Documents/git-projects/Robotics-and-Automation-Labs/lab5/src/install/moveit_planners_chomp/share/moveit_planners_chomp/local_setup.sh
[26.422s] -- Installing: /home/chathura/Documents/git-projects/Robotics-and-Automation-Labs/lab5/src/install/moveit_planners_chomp/share/moveit_planners_chomp/local_setup.zsh
[26.422s] -- Installing: /home/chathura/Documents/git-projects/Robotics-and-Automation-Labs/lab5/src/install/moveit_planners_chomp/share/moveit_planners_chomp/local_setup.dsv
[26.422s] -- Installing: /home/chathura/Documents/git-projects/Robotics-and-Automation-Labs/lab5/src/install/moveit_planners_chomp/share/moveit_planners_chomp/package.dsv
[26.422s] -- Installing: /home/chathura/Documents/git-projects/Robotics-and-Automation-Labs/lab5/src/install/moveit_planners_chomp/share/ament_index/resource_index/packages/moveit_planners_chomp
[26.422s] -- Installing: /home/chathura/Documents/git-projects/Robotics-and-Automation-Labs/lab5/src/install/moveit_planners_chomp/share/ament_index/resource_index/moveit_core__pluginlib__plugin/moveit_planners_chomp
[26.423s] -- Installing: /home/chathura/Documents/git-projects/Robotics-and-Automation-Labs/lab5/src/install/moveit_planners_chomp/share/moveit_planners_chomp/cmake/moveit_planners_chompTargetsExport.cmake
[26.423s] -- Installing: /home/chathura/Documents/git-projects/Robotics-and-Automation-Labs/lab5/src/install/moveit_planners_chomp/share/moveit_planners_chomp/cmake/moveit_planners_chompTargetsExport-release.cmake
[26.423s] -- Installing: /home/chathura/Documents/git-projects/Robotics-and-Automation-Labs/lab5/src/install/moveit_planners_chomp/share/moveit_planners_chomp/cmake/ament_cmake_export_targets-extras.cmake
[26.423s] -- Installing: /home/chathura/Documents/git-projects/Robotics-and-Automation-Labs/lab5/src/install/moveit_planners_chomp/share/moveit_planners_chomp/cmake/ament_cmake_export_dependencies-extras.cmake
[26.423s] -- Installing: /home/chathura/Documents/git-projects/Robotics-and-Automation-Labs/lab5/src/install/moveit_planners_chomp/share/moveit_planners_chomp/cmake/moveit_planners_chompConfig.cmake
[26.423s] -- Installing: /home/chathura/Documents/git-projects/Robotics-and-Automation-Labs/lab5/src/install/moveit_planners_chomp/share/moveit_planners_chomp/cmake/moveit_planners_chompConfig-version.cmake
[26.423s] -- Installing: /home/chathura/Documents/git-projects/Robotics-and-Automation-Labs/lab5/src/install/moveit_planners_chomp/share/moveit_planners_chomp/package.xml
[26.426s] Invoked command in '/home/chathura/Documents/git-projects/Robotics-and-Automation-Labs/lab5/src/build/moveit_planners_chomp' returned '0': AMENT_PREFIX_PATH=/home/chathura/Documents/git-projects/Robotics-and-Automation-Labs/lab5/src/install/chomp_motion_planner:/home/chathura/Documents/git-projects/Robotics-and-Automation-Labs/lab5/src/install/moveit_core:/home/chathura/Documents/git-projects/Robotics-and-Automation-Labs/lab5/src/install/srdfdom:/home/chathura/Documents/git-projects/Robotics-and-Automation-Labs/lab5/src/install/moveit_common:${AMENT_PREFIX_PATH} CMAKE_PREFIX_PATH=/home/chathura/Documents/git-projects/Robotics-and-Automation-Labs/lab5/src/install/chomp_motion_planner:/home/chathura/Documents/git-projects/Robotics-and-Automation-Labs/lab5/src/install/moveit_core:/home/chathura/Documents/git-projects/Robotics-and-Automation-Labs/lab5/src/install/srdfdom:/home/chathura/Documents/git-projects/Robotics-and-Automation-Labs/lab5/src/install/moveit_common:/opt/ros/humble LD_LIBRARY_PATH=/home/chathura/Documents/git-projects/Robotics-and-Automation-Labs/lab5/src/install/chomp_motion_planner/lib:/home/chathura/Documents/git-projects/Robotics-and-Automation-Labs/lab5/src/install/moveit_core/lib:/home/chathura/Documents/git-projects/Robotics-and-Automation-Labs/lab5/src/install/srdfdom/lib:${LD_LIBRARY_PATH} PATH=/home/chathura/Documents/git-projects/Robotics-and-Automation-Labs/lab5/src/install/moveit_core/bin:${PATH} PYTHONPATH=/home/chathura/Documents/git-projects/Robotics-and-Automation-Labs/lab5/src/install/srdfdom/local/lib/python3.10/dist-packages:${PYTHONPATH} /usr/bin/cmake --install /home/chathura/Documents/git-projects/Robotics-and-Automation-Labs/lab5/src/build/moveit_planners_chomp
