[0.232s] Invoking command in '/home/chathura/Documents/git-projects/Robotics-and-Automation-Labs/lab5/src/build/moveit_ros_occupancy_map_monitor': AMENT_PREFIX_PATH=/home/chathura/Documents/git-projects/Robotics-and-Automation-Labs/lab5/src/install/moveit_core:/home/chathura/Documents/git-projects/Robotics-and-Automation-Labs/lab5/src/install/srdfdom:/home/chathura/Documents/git-projects/Robotics-and-Automation-Labs/lab5/src/install/moveit_common:${AMENT_PREFIX_PATH} CMAKE_PREFIX_PATH=/home/chathura/Documents/git-projects/Robotics-and-Automation-Labs/lab5/src/install/moveit_core:/home/chathura/Documents/git-projects/Robotics-and-Automation-Labs/lab5/src/install/srdfdom:/home/chathura/Documents/git-projects/Robotics-and-Automation-Labs/lab5/src/install/moveit_common:/opt/ros/humble LD_LIBRARY_PATH=/home/chathura/Documents/git-projects/Robotics-and-Automation-Labs/lab5/src/install/moveit_core/lib:/home/chathura/Documents/git-projects/Robotics-and-Automation-Labs/lab5/src/install/srdfdom/lib:${LD_LIBRARY_PATH} PATH=/home/chathura/Documents/git-projects/Robotics-and-Automation-Labs/lab5/src/install/moveit_core/bin:${PATH} PYTHONPATH=/home/chathura/Documents/git-projects/Robotics-and-Automation-Labs/lab5/src/install/srdfdom/local/lib/python3.10/dist-packages:${PYTHONPATH} /usr/bin/cmake /home/chathura/Documents/git-projects/Robotics-and-Automation-Labs/lab5/src/moveit2/moveit_ros/occupancy_map_monitor -DCMAKE_BUILD_TYPE=Release -DCMAKE_INSTALL_PREFIX=/home/chathura/Documents/git-projects/Robotics-and-Automation-Labs/lab5/src/install/moveit_ros_occupancy_map_monitor
[0.291s] -- The C compiler identification is GNU 11.4.0
[0.344s] -- The CXX compiler identification is GNU 11.4.0
[0.355s] -- Detecting C compiler ABI info
[0.421s] -- Detecting C compiler ABI info - done
[0.427s] -- Check for working C compiler: /usr/bin/cc - skipped
[0.428s] -- Detecting C compile features
[0.428s] -- Detecting C compile features - done
[0.431s] -- Detecting CXX compiler ABI info
[0.506s] -- Detecting CXX compiler ABI info - done
[0.514s] -- Check for working CXX compiler: /usr/bin/c++ - skipped
[0.514s] -- Detecting CXX compile features
[0.515s] -- Detecting CXX compile features - done
[0.516s] -- Found moveit_common: 2.5.5 (/home/chathura/Documents/git-projects/Robotics-and-Automation-Labs/lab5/src/install/moveit_common/share/moveit_common/cmake)
[0.522s] -- Found ament_cmake: 1.3.8 (/opt/ros/humble/share/ament_cmake/cmake)
[0.685s] -- Found Python3: /usr/bin/python3 (found version "3.10.12") found components: Interpreter 
[0.889s] -- Found libdw: /usr/lib/x86_64-linux-gnu/libdw.so  
[0.897s] -- Could NOT find libbfd (missing: LIBBFD_LIBRARY LIBBFD_INCLUDE_DIR) 
[0.897s] -- BACKWARD_HAS_UNWIND=1
[0.897s] -- BACKWARD_HAS_BACKTRACE=0
[0.897s] -- BACKWARD_HAS_BACKTRACE_SYMBOL=0
[0.897s] -- BACKWARD_HAS_DW=1
[0.897s] -- BACKWARD_HAS_BFD=0
[0.898s] -- Found Backward: /opt/ros/humble/share/backward_ros/cmake  
[0.899s] -- Found moveit_core: 2.5.5 (/home/chathura/Documents/git-projects/Robotics-and-Automation-Labs/lab5/src/install/moveit_core/share/moveit_core/cmake)
[1.145s] -- Found Boost: /usr/lib/x86_64-linux-gnu/cmake/Boost-1.74.0/BoostConfig.cmake (found version "1.74.0") found components: chrono date_time filesystem iostreams program_options regex serialization system thread 
[1.192s] -- Found parameter_traits: 0.3.7 (/opt/ros/humble/share/parameter_traits/cmake)
[1.235s] -- Found rosidl_generator_c: 3.1.5 (/opt/ros/humble/share/rosidl_generator_c/cmake)
[1.241s] -- Found rosidl_adapter: 3.1.5 (/opt/ros/humble/share/rosidl_adapter/cmake)
[1.250s] -- Found rosidl_generator_cpp: 3.1.5 (/opt/ros/humble/share/rosidl_generator_cpp/cmake)
[1.264s] -- Using all available rosidl_typesupport_c: rosidl_typesupport_fastrtps_c;rosidl_typesupport_introspection_c
[1.283s] -- Using all available rosidl_typesupport_cpp: rosidl_typesupport_fastrtps_cpp;rosidl_typesupport_introspection_cpp
[1.348s] -- Found rmw_implementation_cmake: 6.1.1 (/opt/ros/humble/share/rmw_implementation_cmake/cmake)
[1.351s] -- Found rmw_fastrtps_cpp: 6.2.6 (/opt/ros/humble/share/rmw_fastrtps_cpp/cmake)
[1.455s] -- Found OpenSSL: /usr/lib/x86_64-linux-gnu/libcrypto.so (found version "3.0.2")  
[1.482s] -- Found FastRTPS: /opt/ros/humble/include  
[1.534s] -- Using RMW implementation 'rmw_fastrtps_cpp' as default
[1.544s] -- Found Threads: TRUE  
[1.704s] -- Found Eigen3: TRUE (found version "3.4.0") 
[1.707s] -- Found rclcpp_lifecycle: 16.0.8 (/opt/ros/humble/share/rclcpp_lifecycle/cmake)
[1.751s] -- Found Boost: /usr/lib/x86_64-linux-gnu/cmake/Boost-1.74.0/BoostConfig.cmake (found version "1.74.0") found components: filesystem 
[1.899s] -- library: /usr/lib/x86_64-linux-gnu/libcurl.so
[2.176s] -- Ensuring Eigen3 include directory is part of orocos-kdl CMake target
[3.272s] -- Found ament_lint_auto: 0.12.10 (/opt/ros/humble/share/ament_lint_auto/cmake)
[3.293s] -- Found gmock sources under '/opt/ros/humble/src/gmock_vendor': C++ tests using 'Google Mock' will be built
[3.300s] -- Found ament_cmake_gtest: 1.3.8 (/opt/ros/humble/share/ament_cmake_gtest/cmake)
[3.302s] -- Found gtest sources under '/opt/ros/humble/src/gtest_vendor': C++ tests using 'Google Test' will be built
[3.309s] -- Added test 'cppcheck' to perform static code analysis on C / C++ code
[3.309s] -- Configured cppcheck include dirs: /home/chathura/Documents/git-projects/Robotics-and-Automation-Labs/lab5/src/moveit2/moveit_ros/occupancy_map_monitor/include
[3.309s] -- Configured cppcheck exclude dirs and/or files: 
[3.310s] -- Added test 'lint_cmake' to check CMake code style
[3.311s] -- Added test 'xmllint' to check XML markup files
[3.313s] -- Configuring done
[3.369s] -- Generating done
[3.372s] -- Build files have been written to: /home/chathura/Documents/git-projects/Robotics-and-Automation-Labs/lab5/src/build/moveit_ros_occupancy_map_monitor
[3.398s] Invoked command in '/home/chathura/Documents/git-projects/Robotics-and-Automation-Labs/lab5/src/build/moveit_ros_occupancy_map_monitor' returned '0': AMENT_PREFIX_PATH=/home/chathura/Documents/git-projects/Robotics-and-Automation-Labs/lab5/src/install/moveit_core:/home/chathura/Documents/git-projects/Robotics-and-Automation-Labs/lab5/src/install/srdfdom:/home/chathura/Documents/git-projects/Robotics-and-Automation-Labs/lab5/src/install/moveit_common:${AMENT_PREFIX_PATH} CMAKE_PREFIX_PATH=/home/chathura/Documents/git-projects/Robotics-and-Automation-Labs/lab5/src/install/moveit_core:/home/chathura/Documents/git-projects/Robotics-and-Automation-Labs/lab5/src/install/srdfdom:/home/chathura/Documents/git-projects/Robotics-and-Automation-Labs/lab5/src/install/moveit_common:/opt/ros/humble LD_LIBRARY_PATH=/home/chathura/Documents/git-projects/Robotics-and-Automation-Labs/lab5/src/install/moveit_core/lib:/home/chathura/Documents/git-projects/Robotics-and-Automation-Labs/lab5/src/install/srdfdom/lib:${LD_LIBRARY_PATH} PATH=/home/chathura/Documents/git-projects/Robotics-and-Automation-Labs/lab5/src/install/moveit_core/bin:${PATH} PYTHONPATH=/home/chathura/Documents/git-projects/Robotics-and-Automation-Labs/lab5/src/install/srdfdom/local/lib/python3.10/dist-packages:${PYTHONPATH} /usr/bin/cmake /home/chathura/Documents/git-projects/Robotics-and-Automation-Labs/lab5/src/moveit2/moveit_ros/occupancy_map_monitor -DCMAKE_BUILD_TYPE=Release -DCMAKE_INSTALL_PREFIX=/home/chathura/Documents/git-projects/Robotics-and-Automation-Labs/lab5/src/install/moveit_ros_occupancy_map_monitor
[3.399s] Invoking command in '/home/chathura/Documents/git-projects/Robotics-and-Automation-Labs/lab5/src/build/moveit_ros_occupancy_map_monitor': AMENT_PREFIX_PATH=/home/chathura/Documents/git-projects/Robotics-and-Automation-Labs/lab5/src/install/moveit_core:/home/chathura/Documents/git-projects/Robotics-and-Automation-Labs/lab5/src/install/srdfdom:/home/chathura/Documents/git-projects/Robotics-and-Automation-Labs/lab5/src/install/moveit_common:${AMENT_PREFIX_PATH} CMAKE_PREFIX_PATH=/home/chathura/Documents/git-projects/Robotics-and-Automation-Labs/lab5/src/install/moveit_core:/home/chathura/Documents/git-projects/Robotics-and-Automation-Labs/lab5/src/install/srdfdom:/home/chathura/Documents/git-projects/Robotics-and-Automation-Labs/lab5/src/install/moveit_common:/opt/ros/humble LD_LIBRARY_PATH=/home/chathura/Documents/git-projects/Robotics-and-Automation-Labs/lab5/src/install/moveit_core/lib:/home/chathura/Documents/git-projects/Robotics-and-Automation-Labs/lab5/src/install/srdfdom/lib:${LD_LIBRARY_PATH} PATH=/home/chathura/Documents/git-projects/Robotics-and-Automation-Labs/lab5/src/install/moveit_core/bin:${PATH} PYTHONPATH=/home/chathura/Documents/git-projects/Robotics-and-Automation-Labs/lab5/src/install/srdfdom/local/lib/python3.10/dist-packages:${PYTHONPATH} /usr/bin/cmake --build /home/chathura/Documents/git-projects/Robotics-and-Automation-Labs/lab5/src/build/moveit_ros_occupancy_map_monitor -- -j16 -l16
[3.472s] [  7%] [32mBuilding CXX object gmock/CMakeFiles/gmock_main.dir/src/gmock_main.cc.o[0m
[3.473s] [ 15%] [32mBuilding CXX object CMakeFiles/moveit_ros_occupancy_map_monitor.dir/src/occupancy_map_monitor.cpp.o[0m
[3.476s] [ 23%] [32mBuilding CXX object gmock/CMakeFiles/gmock.dir/opt/ros/humble/src/gtest_vendor/src/gtest-all.cc.o[0m
[3.476s] [ 38%] [32mBuilding CXX object CMakeFiles/moveit_ros_occupancy_map_monitor.dir/src/occupancy_map_monitor_middleware_handle.cpp.o[0m
[3.477s] [ 38%] [32mBuilding CXX object CMakeFiles/moveit_ros_occupancy_map_monitor.dir/src/occupancy_map_updater.cpp.o[0m
[3.488s] [ 46%] [32mBuilding CXX object gmock/CMakeFiles/gmock.dir/src/gmock-all.cc.o[0m
[5.625s] [ 53%] [32m[1mLinking CXX static library libgmock_main.a[0m
[5.812s] [ 53%] Built target gmock_main
[15.031s] [ 61%] [32m[1mLinking CXX static library libgmock.a[0m
[15.088s] [ 61%] Built target gmock
[18.060s] [ 69%] [32m[1mLinking CXX shared library libmoveit_ros_occupancy_map_monitor.so[0m
[18.290s] [ 69%] Built target moveit_ros_occupancy_map_monitor
[18.314s] [ 76%] [32mBuilding CXX object CMakeFiles/moveit_ros_occupancy_map_server.dir/src/occupancy_map_server.cpp.o[0m
[18.315s] [ 84%] [32mBuilding CXX object CMakeFiles/occupancy_map_monitor_tests.dir/test/occupancy_map_monitor_tests.cpp.o[0m
[24.748s] [ 92%] [32m[1mLinking CXX executable occupancy_map_monitor_tests[0m
[24.985s] [ 92%] Built target occupancy_map_monitor_tests
[29.618s] [100%] [32m[1mLinking CXX executable moveit_ros_occupancy_map_server[0m
[29.851s] [100%] Built target moveit_ros_occupancy_map_server
[29.866s] Invoked command in '/home/chathura/Documents/git-projects/Robotics-and-Automation-Labs/lab5/src/build/moveit_ros_occupancy_map_monitor' returned '0': AMENT_PREFIX_PATH=/home/chathura/Documents/git-projects/Robotics-and-Automation-Labs/lab5/src/install/moveit_core:/home/chathura/Documents/git-projects/Robotics-and-Automation-Labs/lab5/src/install/srdfdom:/home/chathura/Documents/git-projects/Robotics-and-Automation-Labs/lab5/src/install/moveit_common:${AMENT_PREFIX_PATH} CMAKE_PREFIX_PATH=/home/chathura/Documents/git-projects/Robotics-and-Automation-Labs/lab5/src/install/moveit_core:/home/chathura/Documents/git-projects/Robotics-and-Automation-Labs/lab5/src/install/srdfdom:/home/chathura/Documents/git-projects/Robotics-and-Automation-Labs/lab5/src/install/moveit_common:/opt/ros/humble LD_LIBRARY_PATH=/home/chathura/Documents/git-projects/Robotics-and-Automation-Labs/lab5/src/install/moveit_core/lib:/home/chathura/Documents/git-projects/Robotics-and-Automation-Labs/lab5/src/install/srdfdom/lib:${LD_LIBRARY_PATH} PATH=/home/chathura/Documents/git-projects/Robotics-and-Automation-Labs/lab5/src/install/moveit_core/bin:${PATH} PYTHONPATH=/home/chathura/Documents/git-projects/Robotics-and-Automation-Labs/lab5/src/install/srdfdom/local/lib/python3.10/dist-packages:${PYTHONPATH} /usr/bin/cmake --build /home/chathura/Documents/git-projects/Robotics-and-Automation-Labs/lab5/src/build/moveit_ros_occupancy_map_monitor -- -j16 -l16
[29.908s] Invoking command in '/home/chathura/Documents/git-projects/Robotics-and-Automation-Labs/lab5/src/build/moveit_ros_occupancy_map_monitor': AMENT_PREFIX_PATH=/home/chathura/Documents/git-projects/Robotics-and-Automation-Labs/lab5/src/install/moveit_core:/home/chathura/Documents/git-projects/Robotics-and-Automation-Labs/lab5/src/install/srdfdom:/home/chathura/Documents/git-projects/Robotics-and-Automation-Labs/lab5/src/install/moveit_common:${AMENT_PREFIX_PATH} CMAKE_PREFIX_PATH=/home/chathura/Documents/git-projects/Robotics-and-Automation-Labs/lab5/src/install/moveit_core:/home/chathura/Documents/git-projects/Robotics-and-Automation-Labs/lab5/src/install/srdfdom:/home/chathura/Documents/git-projects/Robotics-and-Automation-Labs/lab5/src/install/moveit_common:/opt/ros/humble LD_LIBRARY_PATH=/home/chathura/Documents/git-projects/Robotics-and-Automation-Labs/lab5/src/install/moveit_core/lib:/home/chathura/Documents/git-projects/Robotics-and-Automation-Labs/lab5/src/install/srdfdom/lib:${LD_LIBRARY_PATH} PATH=/home/chathura/Documents/git-projects/Robotics-and-Automation-Labs/lab5/src/install/moveit_core/bin:${PATH} PYTHONPATH=/home/chathura/Documents/git-projects/Robotics-and-Automation-Labs/lab5/src/install/srdfdom/local/lib/python3.10/dist-packages:${PYTHONPATH} /usr/bin/cmake --install /home/chathura/Documents/git-projects/Robotics-and-Automation-Labs/lab5/src/build/moveit_ros_occupancy_map_monitor
[29.916s] -- Install configuration: "Release"
[29.916s] -- Installing: /home/chathura/Documents/git-projects/Robotics-and-Automation-Labs/lab5/src/install/moveit_ros_occupancy_map_monitor/lib/libmoveit_ros_occupancy_map_monitor.so.2.5.5
[29.918s] -- Set runtime path of "/home/chathura/Documents/git-projects/Robotics-and-Automation-Labs/lab5/src/install/moveit_ros_occupancy_map_monitor/lib/libmoveit_ros_occupancy_map_monitor.so.2.5.5" to ""
[29.918s] -- Installing: /home/chathura/Documents/git-projects/Robotics-and-Automation-Labs/lab5/src/install/moveit_ros_occupancy_map_monitor/lib/libmoveit_ros_occupancy_map_monitor.so
[29.918s] -- Installing: /home/chathura/Documents/git-projects/Robotics-and-Automation-Labs/lab5/src/install/moveit_ros_occupancy_map_monitor/lib/moveit_ros_occupancy_map_monitor/moveit_ros_occupancy_map_server
[29.920s] -- Set runtime path of "/home/chathura/Documents/git-projects/Robotics-and-Automation-Labs/lab5/src/install/moveit_ros_occupancy_map_monitor/lib/moveit_ros_occupancy_map_monitor/moveit_ros_occupancy_map_server" to ""
[29.920s] -- Installing: /home/chathura/Documents/git-projects/Robotics-and-Automation-Labs/lab5/src/install/moveit_ros_occupancy_map_monitor/include
[29.920s] -- Installing: /home/chathura/Documents/git-projects/Robotics-and-Automation-Labs/lab5/src/install/moveit_ros_occupancy_map_monitor/include/moveit
[29.920s] -- Installing: /home/chathura/Documents/git-projects/Robotics-and-Automation-Labs/lab5/src/install/moveit_ros_occupancy_map_monitor/include/moveit/occupancy_map_monitor
[29.920s] -- Installing: /home/chathura/Documents/git-projects/Robotics-and-Automation-Labs/lab5/src/install/moveit_ros_occupancy_map_monitor/include/moveit/occupancy_map_monitor/occupancy_map_updater.h
[29.920s] -- Installing: /home/chathura/Documents/git-projects/Robotics-and-Automation-Labs/lab5/src/install/moveit_ros_occupancy_map_monitor/include/moveit/occupancy_map_monitor/occupancy_map_monitor_middleware_handle.hpp
[29.920s] -- Installing: /home/chathura/Documents/git-projects/Robotics-and-Automation-Labs/lab5/src/install/moveit_ros_occupancy_map_monitor/include/moveit/occupancy_map_monitor/occupancy_map_monitor.h
[29.920s] -- Installing: /home/chathura/Documents/git-projects/Robotics-and-Automation-Labs/lab5/src/install/moveit_ros_occupancy_map_monitor/share/moveit_ros_occupancy_map_monitor/environment/library_path.sh
[29.921s] -- Installing: /home/chathura/Documents/git-projects/Robotics-and-Automation-Labs/lab5/src/install/moveit_ros_occupancy_map_monitor/share/moveit_ros_occupancy_map_monitor/environment/library_path.dsv
[29.921s] -- Installing: /home/chathura/Documents/git-projects/Robotics-and-Automation-Labs/lab5/src/install/moveit_ros_occupancy_map_monitor/share/ament_index/resource_index/package_run_dependencies/moveit_ros_occupancy_map_monitor
[29.921s] -- Installing: /home/chathura/Documents/git-projects/Robotics-and-Automation-Labs/lab5/src/install/moveit_ros_occupancy_map_monitor/share/ament_index/resource_index/parent_prefix_path/moveit_ros_occupancy_map_monitor
[29.921s] -- Installing: /home/chathura/Documents/git-projects/Robotics-and-Automation-Labs/lab5/src/install/moveit_ros_occupancy_map_monitor/share/moveit_ros_occupancy_map_monitor/environment/ament_prefix_path.sh
[29.922s] -- Installing: /home/chathura/Documents/git-projects/Robotics-and-Automation-Labs/lab5/src/install/moveit_ros_occupancy_map_monitor/share/moveit_ros_occupancy_map_monitor/environment/ament_prefix_path.dsv
[29.922s] -- Installing: /home/chathura/Documents/git-projects/Robotics-and-Automation-Labs/lab5/src/install/moveit_ros_occupancy_map_monitor/share/moveit_ros_occupancy_map_monitor/environment/path.sh
[29.922s] -- Installing: /home/chathura/Documents/git-projects/Robotics-and-Automation-Labs/lab5/src/install/moveit_ros_occupancy_map_monitor/share/moveit_ros_occupancy_map_monitor/environment/path.dsv
[29.922s] -- Installing: /home/chathura/Documents/git-projects/Robotics-and-Automation-Labs/lab5/src/install/moveit_ros_occupancy_map_monitor/share/moveit_ros_occupancy_map_monitor/local_setup.bash
[29.922s] -- Installing: /home/chathura/Documents/git-projects/Robotics-and-Automation-Labs/lab5/src/install/moveit_ros_occupancy_map_monitor/share/moveit_ros_occupancy_map_monitor/local_setup.sh
[29.922s] -- Installing: /home/chathura/Documents/git-projects/Robotics-and-Automation-Labs/lab5/src/install/moveit_ros_occupancy_map_monitor/share/moveit_ros_occupancy_map_monitor/local_setup.zsh
[29.922s] -- Installing: /home/chathura/Documents/git-projects/Robotics-and-Automation-Labs/lab5/src/install/moveit_ros_occupancy_map_monitor/share/moveit_ros_occupancy_map_monitor/local_setup.dsv
[29.923s] -- Installing: /home/chathura/Documents/git-projects/Robotics-and-Automation-Labs/lab5/src/install/moveit_ros_occupancy_map_monitor/share/moveit_ros_occupancy_map_monitor/package.dsv
[29.923s] -- Installing: /home/chathura/Documents/git-projects/Robotics-and-Automation-Labs/lab5/src/install/moveit_ros_occupancy_map_monitor/share/ament_index/resource_index/packages/moveit_ros_occupancy_map_monitor
[29.923s] -- Installing: /home/chathura/Documents/git-projects/Robotics-and-Automation-Labs/lab5/src/install/moveit_ros_occupancy_map_monitor/share/moveit_ros_occupancy_map_monitor/cmake/export_moveit_ros_occupancy_map_monitorExport.cmake
[29.923s] -- Installing: /home/chathura/Documents/git-projects/Robotics-and-Automation-Labs/lab5/src/install/moveit_ros_occupancy_map_monitor/share/moveit_ros_occupancy_map_monitor/cmake/export_moveit_ros_occupancy_map_monitorExport-release.cmake
[29.923s] -- Installing: /home/chathura/Documents/git-projects/Robotics-and-Automation-Labs/lab5/src/install/moveit_ros_occupancy_map_monitor/share/moveit_ros_occupancy_map_monitor/cmake/ament_cmake_export_targets-extras.cmake
[29.924s] -- Installing: /home/chathura/Documents/git-projects/Robotics-and-Automation-Labs/lab5/src/install/moveit_ros_occupancy_map_monitor/share/moveit_ros_occupancy_map_monitor/cmake/ament_cmake_export_dependencies-extras.cmake
[29.924s] -- Installing: /home/chathura/Documents/git-projects/Robotics-and-Automation-Labs/lab5/src/install/moveit_ros_occupancy_map_monitor/share/moveit_ros_occupancy_map_monitor/cmake/moveit_ros_occupancy_map_monitorConfig.cmake
[29.924s] -- Installing: /home/chathura/Documents/git-projects/Robotics-and-Automation-Labs/lab5/src/install/moveit_ros_occupancy_map_monitor/share/moveit_ros_occupancy_map_monitor/cmake/moveit_ros_occupancy_map_monitorConfig-version.cmake
[29.924s] -- Installing: /home/chathura/Documents/git-projects/Robotics-and-Automation-Labs/lab5/src/install/moveit_ros_occupancy_map_monitor/share/moveit_ros_occupancy_map_monitor/package.xml
[29.926s] Invoked command in '/home/chathura/Documents/git-projects/Robotics-and-Automation-Labs/lab5/src/build/moveit_ros_occupancy_map_monitor' returned '0': AMENT_PREFIX_PATH=/home/chathura/Documents/git-projects/Robotics-and-Automation-Labs/lab5/src/install/moveit_core:/home/chathura/Documents/git-projects/Robotics-and-Automation-Labs/lab5/src/install/srdfdom:/home/chathura/Documents/git-projects/Robotics-and-Automation-Labs/lab5/src/install/moveit_common:${AMENT_PREFIX_PATH} CMAKE_PREFIX_PATH=/home/chathura/Documents/git-projects/Robotics-and-Automation-Labs/lab5/src/install/moveit_core:/home/chathura/Documents/git-projects/Robotics-and-Automation-Labs/lab5/src/install/srdfdom:/home/chathura/Documents/git-projects/Robotics-and-Automation-Labs/lab5/src/install/moveit_common:/opt/ros/humble LD_LIBRARY_PATH=/home/chathura/Documents/git-projects/Robotics-and-Automation-Labs/lab5/src/install/moveit_core/lib:/home/chathura/Documents/git-projects/Robotics-and-Automation-Labs/lab5/src/install/srdfdom/lib:${LD_LIBRARY_PATH} PATH=/home/chathura/Documents/git-projects/Robotics-and-Automation-Labs/lab5/src/install/moveit_core/bin:${PATH} PYTHONPATH=/home/chathura/Documents/git-projects/Robotics-and-Automation-Labs/lab5/src/install/srdfdom/local/lib/python3.10/dist-packages:${PYTHONPATH} /usr/bin/cmake --install /home/chathura/Documents/git-projects/Robotics-and-Automation-Labs/lab5/src/build/moveit_ros_occupancy_map_monitor
