[0.809s] Invoking command in '/home/chathura/Documents/git-projects/Robotics-and-Automation-Labs/lab5/src/moveit2/moveit_configs_utils': AMENT_PREFIX_PATH=/home/chathura/Documents/git-projects/Robotics-and-Automation-Labs/lab5/src/install/srdfdom:/home/chathura/Documents/git-projects/Robotics-and-Automation-Labs/lab5/src/install/launch_param_builder:${AMENT_PREFIX_PATH} CMAKE_PREFIX_PATH=/home/chathura/Documents/git-projects/Robotics-and-Automation-Labs/lab5/src/install/srdfdom LD_LIBRARY_PATH=/home/chathura/Documents/git-projects/Robotics-and-Automation-Labs/lab5/src/install/srdfdom/lib:${LD_LIBRARY_PATH} PYTHONPATH=/home/chathura/Documents/git-projects/Robotics-and-Automation-Labs/lab5/src/build/moveit_configs_utils/prefix_override:/home/chathura/Documents/git-projects/Robotics-and-Automation-Labs/lab5/src/install/moveit_configs_utils/lib/python3.10/site-packages:/home/chathura/Documents/git-projects/Robotics-and-Automation-Labs/lab5/src/install/srdfdom/local/lib/python3.10/dist-packages:/home/chathura/Documents/git-projects/Robotics-and-Automation-Labs/lab5/src/install/launch_param_builder/lib/python3.10/site-packages:${PYTHONPATH} /usr/bin/python3 setup.py egg_info --egg-base ../../build/moveit_configs_utils build --build-base /home/chathura/Documents/git-projects/Robotics-and-Automation-Labs/lab5/src/build/moveit_configs_utils/build install --record /home/chathura/Documents/git-projects/Robotics-and-Automation-Labs/lab5/src/build/moveit_configs_utils/install.log --single-version-externally-managed
[1.038s] running egg_info
[1.038s] creating ../../build/moveit_configs_utils/moveit_configs_utils.egg-info
[1.039s] writing ../../build/moveit_configs_utils/moveit_configs_utils.egg-info/PKG-INFO
[1.039s] writing dependency_links to ../../build/moveit_configs_utils/moveit_configs_utils.egg-info/dependency_links.txt
[1.039s] writing entry points to ../../build/moveit_configs_utils/moveit_configs_utils.egg-info/entry_points.txt
[1.039s] writing requirements to ../../build/moveit_configs_utils/moveit_configs_utils.egg-info/requires.txt
[1.039s] writing top-level names to ../../build/moveit_configs_utils/moveit_configs_utils.egg-info/top_level.txt
[1.039s] writing manifest file '../../build/moveit_configs_utils/moveit_configs_utils.egg-info/SOURCES.txt'
[1.041s] reading manifest file '../../build/moveit_configs_utils/moveit_configs_utils.egg-info/SOURCES.txt'
[1.042s] writing manifest file '../../build/moveit_configs_utils/moveit_configs_utils.egg-info/SOURCES.txt'
[1.042s] running build
[1.042s] running build_py
[1.042s] creating /home/chathura/Documents/git-projects/Robotics-and-Automation-Labs/lab5/src/build/moveit_configs_utils/build
[1.043s] creating /home/chathura/Documents/git-projects/Robotics-and-Automation-Labs/lab5/src/build/moveit_configs_utils/build/lib
[1.043s] creating /home/chathura/Documents/git-projects/Robotics-and-Automation-Labs/lab5/src/build/moveit_configs_utils/build/lib/moveit_configs_utils
[1.043s] copying moveit_configs_utils/launches.py -> /home/chathura/Documents/git-projects/Robotics-and-Automation-Labs/lab5/src/build/moveit_configs_utils/build/lib/moveit_configs_utils
[1.043s] copying moveit_configs_utils/launch_utils.py -> /home/chathura/Documents/git-projects/Robotics-and-Automation-Labs/lab5/src/build/moveit_configs_utils/build/lib/moveit_configs_utils
[1.043s] copying moveit_configs_utils/moveit_configs_builder.py -> /home/chathura/Documents/git-projects/Robotics-and-Automation-Labs/lab5/src/build/moveit_configs_utils/build/lib/moveit_configs_utils
[1.043s] copying moveit_configs_utils/__init__.py -> /home/chathura/Documents/git-projects/Robotics-and-Automation-Labs/lab5/src/build/moveit_configs_utils/build/lib/moveit_configs_utils
[1.043s] creating /home/chathura/Documents/git-projects/Robotics-and-Automation-Labs/lab5/src/build/moveit_configs_utils/build/lib/moveit_configs_utils/substitutions
[1.043s] copying moveit_configs_utils/substitutions/__init__.py -> /home/chathura/Documents/git-projects/Robotics-and-Automation-Labs/lab5/src/build/moveit_configs_utils/build/lib/moveit_configs_utils/substitutions
[1.043s] copying moveit_configs_utils/substitutions/xacro.py -> /home/chathura/Documents/git-projects/Robotics-and-Automation-Labs/lab5/src/build/moveit_configs_utils/build/lib/moveit_configs_utils/substitutions
[1.043s] running install
[1.044s] /usr/lib/python3/dist-packages/setuptools/command/install.py:34: SetuptoolsDeprecationWarning: setup.py install is deprecated. Use build and pip and other standards-based tools.
[1.044s]   warnings.warn(
[1.044s] running install_lib
[1.044s] creating /home/chathura/Documents/git-projects/Robotics-and-Automation-Labs/lab5/src/install/moveit_configs_utils/lib/python3.10/site-packages/moveit_configs_utils
[1.045s] copying /home/chathura/Documents/git-projects/Robotics-and-Automation-Labs/lab5/src/build/moveit_configs_utils/build/lib/moveit_configs_utils/launches.py -> /home/chathura/Documents/git-projects/Robotics-and-Automation-Labs/lab5/src/install/moveit_configs_utils/lib/python3.10/site-packages/moveit_configs_utils
[1.045s] copying /home/chathura/Documents/git-projects/Robotics-and-Automation-Labs/lab5/src/build/moveit_configs_utils/build/lib/moveit_configs_utils/launch_utils.py -> /home/chathura/Documents/git-projects/Robotics-and-Automation-Labs/lab5/src/install/moveit_configs_utils/lib/python3.10/site-packages/moveit_configs_utils
[1.045s] copying /home/chathura/Documents/git-projects/Robotics-and-Automation-Labs/lab5/src/build/moveit_configs_utils/build/lib/moveit_configs_utils/moveit_configs_builder.py -> /home/chathura/Documents/git-projects/Robotics-and-Automation-Labs/lab5/src/install/moveit_configs_utils/lib/python3.10/site-packages/moveit_configs_utils
[1.045s] copying /home/chathura/Documents/git-projects/Robotics-and-Automation-Labs/lab5/src/build/moveit_configs_utils/build/lib/moveit_configs_utils/__init__.py -> /home/chathura/Documents/git-projects/Robotics-and-Automation-Labs/lab5/src/install/moveit_configs_utils/lib/python3.10/site-packages/moveit_configs_utils
[1.045s] creating /home/chathura/Documents/git-projects/Robotics-and-Automation-Labs/lab5/src/install/moveit_configs_utils/lib/python3.10/site-packages/moveit_configs_utils/substitutions
[1.045s] copying /home/chathura/Documents/git-projects/Robotics-and-Automation-Labs/lab5/src/build/moveit_configs_utils/build/lib/moveit_configs_utils/substitutions/__init__.py -> /home/chathura/Documents/git-projects/Robotics-and-Automation-Labs/lab5/src/install/moveit_configs_utils/lib/python3.10/site-packages/moveit_configs_utils/substitutions
[1.045s] copying /home/chathura/Documents/git-projects/Robotics-and-Automation-Labs/lab5/src/build/moveit_configs_utils/build/lib/moveit_configs_utils/substitutions/xacro.py -> /home/chathura/Documents/git-projects/Robotics-and-Automation-Labs/lab5/src/install/moveit_configs_utils/lib/python3.10/site-packages/moveit_configs_utils/substitutions
[1.046s] byte-compiling /home/chathura/Documents/git-projects/Robotics-and-Automation-Labs/lab5/src/install/moveit_configs_utils/lib/python3.10/site-packages/moveit_configs_utils/launches.py to launches.cpython-310.pyc
[1.047s] byte-compiling /home/chathura/Documents/git-projects/Robotics-and-Automation-Labs/lab5/src/install/moveit_configs_utils/lib/python3.10/site-packages/moveit_configs_utils/launch_utils.py to launch_utils.cpython-310.pyc
[1.047s] byte-compiling /home/chathura/Documents/git-projects/Robotics-and-Automation-Labs/lab5/src/install/moveit_configs_utils/lib/python3.10/site-packages/moveit_configs_utils/moveit_configs_builder.py to moveit_configs_builder.cpython-310.pyc
[1.049s] byte-compiling /home/chathura/Documents/git-projects/Robotics-and-Automation-Labs/lab5/src/install/moveit_configs_utils/lib/python3.10/site-packages/moveit_configs_utils/__init__.py to __init__.cpython-310.pyc
[1.050s] byte-compiling /home/chathura/Documents/git-projects/Robotics-and-Automation-Labs/lab5/src/install/moveit_configs_utils/lib/python3.10/site-packages/moveit_configs_utils/substitutions/__init__.py to __init__.cpython-310.pyc
[1.050s] byte-compiling /home/chathura/Documents/git-projects/Robotics-and-Automation-Labs/lab5/src/install/moveit_configs_utils/lib/python3.10/site-packages/moveit_configs_utils/substitutions/xacro.py to xacro.cpython-310.pyc
[1.050s] running install_data
[1.051s] creating /home/chathura/Documents/git-projects/Robotics-and-Automation-Labs/lab5/src/install/moveit_configs_utils/share/ament_index
[1.051s] creating /home/chathura/Documents/git-projects/Robotics-and-Automation-Labs/lab5/src/install/moveit_configs_utils/share/ament_index/resource_index
[1.051s] creating /home/chathura/Documents/git-projects/Robotics-and-Automation-Labs/lab5/src/install/moveit_configs_utils/share/ament_index/resource_index/packages
[1.051s] copying resource/moveit_configs_utils -> /home/chathura/Documents/git-projects/Robotics-and-Automation-Labs/lab5/src/install/moveit_configs_utils/share/ament_index/resource_index/packages
[1.051s] copying package.xml -> /home/chathura/Documents/git-projects/Robotics-and-Automation-Labs/lab5/src/install/moveit_configs_utils/share/moveit_configs_utils
[1.051s] creating /home/chathura/Documents/git-projects/Robotics-and-Automation-Labs/lab5/src/install/moveit_configs_utils/share/moveit_configs_utils/default_configs
[1.051s] copying default_configs/ompl_planning.yaml -> /home/chathura/Documents/git-projects/Robotics-and-Automation-Labs/lab5/src/install/moveit_configs_utils/share/moveit_configs_utils/default_configs
[1.051s] copying default_configs/pilz_industrial_motion_planner_planning.yaml -> /home/chathura/Documents/git-projects/Robotics-and-Automation-Labs/lab5/src/install/moveit_configs_utils/share/moveit_configs_utils/default_configs
[1.052s] copying default_configs/ompl_defaults.yaml -> /home/chathura/Documents/git-projects/Robotics-and-Automation-Labs/lab5/src/install/moveit_configs_utils/share/moveit_configs_utils/default_configs
[1.052s] copying default_configs/chomp_planning.yaml -> /home/chathura/Documents/git-projects/Robotics-and-Automation-Labs/lab5/src/install/moveit_configs_utils/share/moveit_configs_utils/default_configs
[1.052s] running install_egg_info
[1.053s] Copying ../../build/moveit_configs_utils/moveit_configs_utils.egg-info to /home/chathura/Documents/git-projects/Robotics-and-Automation-Labs/lab5/src/install/moveit_configs_utils/lib/python3.10/site-packages/moveit_configs_utils-2.5.5-py3.10.egg-info
[1.054s] running install_scripts
[1.072s] writing list of installed files to '/home/chathura/Documents/git-projects/Robotics-and-Automation-Labs/lab5/src/build/moveit_configs_utils/install.log'
[1.100s] Invoked command in '/home/chathura/Documents/git-projects/Robotics-and-Automation-Labs/lab5/src/moveit2/moveit_configs_utils' returned '0': AMENT_PREFIX_PATH=/home/chathura/Documents/git-projects/Robotics-and-Automation-Labs/lab5/src/install/srdfdom:/home/chathura/Documents/git-projects/Robotics-and-Automation-Labs/lab5/src/install/launch_param_builder:${AMENT_PREFIX_PATH} CMAKE_PREFIX_PATH=/home/chathura/Documents/git-projects/Robotics-and-Automation-Labs/lab5/src/install/srdfdom LD_LIBRARY_PATH=/home/chathura/Documents/git-projects/Robotics-and-Automation-Labs/lab5/src/install/srdfdom/lib:${LD_LIBRARY_PATH} PYTHONPATH=/home/chathura/Documents/git-projects/Robotics-and-Automation-Labs/lab5/src/build/moveit_configs_utils/prefix_override:/home/chathura/Documents/git-projects/Robotics-and-Automation-Labs/lab5/src/install/moveit_configs_utils/lib/python3.10/site-packages:/home/chathura/Documents/git-projects/Robotics-and-Automation-Labs/lab5/src/install/srdfdom/local/lib/python3.10/dist-packages:/home/chathura/Documents/git-projects/Robotics-and-Automation-Labs/lab5/src/install/launch_param_builder/lib/python3.10/site-packages:${PYTHONPATH} /usr/bin/python3 setup.py egg_info --egg-base ../../build/moveit_configs_utils build --build-base /home/chathura/Documents/git-projects/Robotics-and-Automation-Labs/lab5/src/build/moveit_configs_utils/build install --record /home/chathura/Documents/git-projects/Robotics-and-Automation-Labs/lab5/src/build/moveit_configs_utils/install.log --single-version-externally-managed
