[0.393s] Invoking command in '/home/chathura/Documents/git-projects/Robotics-and-Automation-Labs/lab5/src/build/moveit_resources_pr2_description': CMAKE_PREFIX_PATH=/opt/ros/humble /usr/bin/cmake /home/chathura/Documents/git-projects/Robotics-and-Automation-Labs/lab5/src/moveit_resources/pr2_description -DCMAKE_BUILD_TYPE=Release -DCMAKE_INSTALL_PREFIX=/home/chathura/Documents/git-projects/Robotics-and-Automation-Labs/lab5/src/install/moveit_resources_pr2_description
[0.460s] -- The C compiler identification is GNU 11.4.0
[0.509s] -- The CXX compiler identification is GNU 11.4.0
[0.517s] -- Detecting C compiler ABI info
[0.586s] -- Detecting C compiler ABI info - done
[0.592s] -- Check for working C compiler: /usr/bin/cc - skipped
[0.593s] -- Detecting C compile features
[0.593s] -- Detecting C compile features - done
[0.596s] -- Detecting CXX compiler ABI info
[0.672s] -- Detecting CXX compiler ABI info - done
[0.679s] -- Check for working CXX compiler: /usr/bin/c++ - skipped
[0.679s] -- Detecting CXX compile features
[0.679s] -- Detecting CXX compile features - done
[0.682s] -- Found ament_cmake: 1.3.8 (/opt/ros/humble/share/ament_cmake/cmake)
[0.828s] -- Found Python3: /usr/bin/python3 (found version "3.10.12") found components: Interpreter 
[1.004s] -- Configuring done
[1.008s] -- Generating done
[1.008s] -- Build files have been written to: /home/chathura/Documents/git-projects/Robotics-and-Automation-Labs/lab5/src/build/moveit_resources_pr2_description
[1.013s] Invoked command in '/home/chathura/Documents/git-projects/Robotics-and-Automation-Labs/lab5/src/build/moveit_resources_pr2_description' returned '0': CMAKE_PREFIX_PATH=/opt/ros/humble /usr/bin/cmake /home/chathura/Documents/git-projects/Robotics-and-Automation-Labs/lab5/src/moveit_resources/pr2_description -DCMAKE_BUILD_TYPE=Release -DCMAKE_INSTALL_PREFIX=/home/chathura/Documents/git-projects/Robotics-and-Automation-Labs/lab5/src/install/moveit_resources_pr2_description
[1.016s] Invoking command in '/home/chathura/Documents/git-projects/Robotics-and-Automation-Labs/lab5/src/build/moveit_resources_pr2_description': CMAKE_PREFIX_PATH=/opt/ros/humble /usr/bin/cmake --build /home/chathura/Documents/git-projects/Robotics-and-Automation-Labs/lab5/src/build/moveit_resources_pr2_description -- -j16 -l16
[1.055s] Invoked command in '/home/chathura/Documents/git-projects/Robotics-and-Automation-Labs/lab5/src/build/moveit_resources_pr2_description' returned '0': CMAKE_PREFIX_PATH=/opt/ros/humble /usr/bin/cmake --build /home/chathura/Documents/git-projects/Robotics-and-Automation-Labs/lab5/src/build/moveit_resources_pr2_description -- -j16 -l16
[1.081s] Invoking command in '/home/chathura/Documents/git-projects/Robotics-and-Automation-Labs/lab5/src/build/moveit_resources_pr2_description': CMAKE_PREFIX_PATH=/opt/ros/humble /usr/bin/cmake --install /home/chathura/Documents/git-projects/Robotics-and-Automation-Labs/lab5/src/build/moveit_resources_pr2_description
[1.086s] -- Install configuration: "Release"
[1.087s] -- Installing: /home/chathura/Documents/git-projects/Robotics-and-Automation-Labs/lab5/src/install/moveit_resources_pr2_description/share/ament_index/resource_index/package_run_dependencies/moveit_resources_pr2_description
[1.087s] -- Installing: /home/chathura/Documents/git-projects/Robotics-and-Automation-Labs/lab5/src/install/moveit_resources_pr2_description/share/ament_index/resource_index/parent_prefix_path/moveit_resources_pr2_description
[1.087s] -- Installing: /home/chathura/Documents/git-projects/Robotics-and-Automation-Labs/lab5/src/install/moveit_resources_pr2_description/share/moveit_resources_pr2_description/environment/ament_prefix_path.sh
[1.088s] -- Installing: /home/chathura/Documents/git-projects/Robotics-and-Automation-Labs/lab5/src/install/moveit_resources_pr2_description/share/moveit_resources_pr2_description/environment/ament_prefix_path.dsv
[1.088s] -- Installing: /home/chathura/Documents/git-projects/Robotics-and-Automation-Labs/lab5/src/install/moveit_resources_pr2_description/share/moveit_resources_pr2_description/environment/path.sh
[1.088s] -- Installing: /home/chathura/Documents/git-projects/Robotics-and-Automation-Labs/lab5/src/install/moveit_resources_pr2_description/share/moveit_resources_pr2_description/environment/path.dsv
[1.088s] -- Installing: /home/chathura/Documents/git-projects/Robotics-and-Automation-Labs/lab5/src/install/moveit_resources_pr2_description/share/moveit_resources_pr2_description/local_setup.bash
[1.088s] -- Installing: /home/chathura/Documents/git-projects/Robotics-and-Automation-Labs/lab5/src/install/moveit_resources_pr2_description/share/moveit_resources_pr2_description/local_setup.sh
[1.089s] -- Installing: /home/chathura/Documents/git-projects/Robotics-and-Automation-Labs/lab5/src/install/moveit_resources_pr2_description/share/moveit_resources_pr2_description/local_setup.zsh
[1.089s] -- Installing: /home/chathura/Documents/git-projects/Robotics-and-Automation-Labs/lab5/src/install/moveit_resources_pr2_description/share/moveit_resources_pr2_description/local_setup.dsv
[1.089s] -- Installing: /home/chathura/Documents/git-projects/Robotics-and-Automation-Labs/lab5/src/install/moveit_resources_pr2_description/share/moveit_resources_pr2_description/package.dsv
[1.089s] -- Installing: /home/chathura/Documents/git-projects/Robotics-and-Automation-Labs/lab5/src/install/moveit_resources_pr2_description/share/ament_index/resource_index/packages/moveit_resources_pr2_description
[1.089s] -- Installing: /home/chathura/Documents/git-projects/Robotics-and-Automation-Labs/lab5/src/install/moveit_resources_pr2_description/share/moveit_resources_pr2_description/cmake/moveit_resources_pr2_descriptionConfig.cmake
[1.089s] -- Installing: /home/chathura/Documents/git-projects/Robotics-and-Automation-Labs/lab5/src/install/moveit_resources_pr2_description/share/moveit_resources_pr2_description/cmake/moveit_resources_pr2_descriptionConfig-version.cmake
[1.090s] -- Installing: /home/chathura/Documents/git-projects/Robotics-and-Automation-Labs/lab5/src/install/moveit_resources_pr2_description/share/moveit_resources_pr2_description/package.xml
[1.090s] -- Installing: /home/chathura/Documents/git-projects/Robotics-and-Automation-Labs/lab5/src/install/moveit_resources_pr2_description/share/moveit_resources_pr2_description/srdf
[1.090s] -- Installing: /home/chathura/Documents/git-projects/Robotics-and-Automation-Labs/lab5/src/install/moveit_resources_pr2_description/share/moveit_resources_pr2_description/srdf/robot.xml
[1.090s] -- Installing: /home/chathura/Documents/git-projects/Robotics-and-Automation-Labs/lab5/src/install/moveit_resources_pr2_description/share/moveit_resources_pr2_description/urdf
[1.091s] -- Installing: /home/chathura/Documents/git-projects/Robotics-and-Automation-Labs/lab5/src/install/moveit_resources_pr2_description/share/moveit_resources_pr2_description/urdf/meshes
[1.091s] -- Installing: /home/chathura/Documents/git-projects/Robotics-and-Automation-Labs/lab5/src/install/moveit_resources_pr2_description/share/moveit_resources_pr2_description/urdf/meshes/gripper_v0
[1.091s] -- Installing: /home/chathura/Documents/git-projects/Robotics-and-Automation-Labs/lab5/src/install/moveit_resources_pr2_description/share/moveit_resources_pr2_description/urdf/meshes/gripper_v0/gripper_palm_normals.tif
[1.094s] -- Installing: /home/chathura/Documents/git-projects/Robotics-and-Automation-Labs/lab5/src/install/moveit_resources_pr2_description/share/moveit_resources_pr2_description/urdf/meshes/gripper_v0/finger_tip_r.stl
[1.094s] -- Installing: /home/chathura/Documents/git-projects/Robotics-and-Automation-Labs/lab5/src/install/moveit_resources_pr2_description/share/moveit_resources_pr2_description/urdf/meshes/gripper_v0/upper_finger_r.stl
[1.094s] -- Installing: /home/chathura/Documents/git-projects/Robotics-and-Automation-Labs/lab5/src/install/moveit_resources_pr2_description/share/moveit_resources_pr2_description/urdf/meshes/gripper_v0/finger_H_Color_100430.tif
[1.095s] -- Installing: /home/chathura/Documents/git-projects/Robotics-and-Automation-Labs/lab5/src/install/moveit_resources_pr2_description/share/moveit_resources_pr2_description/urdf/meshes/gripper_v0/l_finger.dae
[1.095s] -- Installing: /home/chathura/Documents/git-projects/Robotics-and-Automation-Labs/lab5/src/install/moveit_resources_pr2_description/share/moveit_resources_pr2_description/urdf/meshes/gripper_v0/fingertip_H_Color_100430.tif
[1.095s] -- Installing: /home/chathura/Documents/git-projects/Robotics-and-Automation-Labs/lab5/src/install/moveit_resources_pr2_description/share/moveit_resources_pr2_description/urdf/meshes/gripper_v0/l_finger_color.tif
[1.095s] -- Installing: /home/chathura/Documents/git-projects/Robotics-and-Automation-Labs/lab5/src/install/moveit_resources_pr2_description/share/moveit_resources_pr2_description/urdf/meshes/gripper_v0/l_finger_tip.dae
[1.096s] -- Installing: /home/chathura/Documents/git-projects/Robotics-and-Automation-Labs/lab5/src/install/moveit_resources_pr2_description/share/moveit_resources_pr2_description/urdf/meshes/gripper_v0/l_float_color.tif
[1.096s] -- Installing: /home/chathura/Documents/git-projects/Robotics-and-Automation-Labs/lab5/src/install/moveit_resources_pr2_description/share/moveit_resources_pr2_description/urdf/meshes/gripper_v0/l_finger_tip_normals.tif
[1.096s] -- Installing: /home/chathura/Documents/git-projects/Robotics-and-Automation-Labs/lab5/src/install/moveit_resources_pr2_description/share/moveit_resources_pr2_description/urdf/meshes/gripper_v0/float_H_UV_100430.dae
[1.098s] -- Installing: /home/chathura/Documents/git-projects/Robotics-and-Automation-Labs/lab5/src/install/moveit_resources_pr2_description/share/moveit_resources_pr2_description/urdf/meshes/gripper_v0/convex
[1.098s] -- Installing: /home/chathura/Documents/git-projects/Robotics-and-Automation-Labs/lab5/src/install/moveit_resources_pr2_description/share/moveit_resources_pr2_description/urdf/meshes/gripper_v0/convex/finger_tip_pad2_l.xml
[1.098s] -- Installing: /home/chathura/Documents/git-projects/Robotics-and-Automation-Labs/lab5/src/install/moveit_resources_pr2_description/share/moveit_resources_pr2_description/urdf/meshes/gripper_v0/convex/upper_finger_l_convex.stla
[1.098s] -- Installing: /home/chathura/Documents/git-projects/Robotics-and-Automation-Labs/lab5/src/install/moveit_resources_pr2_description/share/moveit_resources_pr2_description/urdf/meshes/gripper_v0/convex/l_finger_tip.xml
[1.099s] -- Installing: /home/chathura/Documents/git-projects/Robotics-and-Automation-Labs/lab5/src/install/moveit_resources_pr2_description/share/moveit_resources_pr2_description/urdf/meshes/gripper_v0/convex/finger_tip_l.xml
[1.099s] -- Installing: /home/chathura/Documents/git-projects/Robotics-and-Automation-Labs/lab5/src/install/moveit_resources_pr2_description/share/moveit_resources_pr2_description/urdf/meshes/gripper_v0/convex/finger_tip_l_convex.stlb
[1.099s] -- Installing: /home/chathura/Documents/git-projects/Robotics-and-Automation-Labs/lab5/src/install/moveit_resources_pr2_description/share/moveit_resources_pr2_description/urdf/meshes/gripper_v0/convex/l_finger.dae
[1.099s] -- Installing: /home/chathura/Documents/git-projects/Robotics-and-Automation-Labs/lab5/src/install/moveit_resources_pr2_description/share/moveit_resources_pr2_description/urdf/meshes/gripper_v0/convex/l_finger_tip.dae
[1.100s] -- Installing: /home/chathura/Documents/git-projects/Robotics-and-Automation-Labs/lab5/src/install/moveit_resources_pr2_description/share/moveit_resources_pr2_description/urdf/meshes/gripper_v0/convex/finger_tip_pad2_r.dae
[1.100s] -- Installing: /home/chathura/Documents/git-projects/Robotics-and-Automation-Labs/lab5/src/install/moveit_resources_pr2_description/share/moveit_resources_pr2_description/urdf/meshes/gripper_v0/convex/finger_tip_pad2_r_convex.stla
[1.100s] -- Installing: /home/chathura/Documents/git-projects/Robotics-and-Automation-Labs/lab5/src/install/moveit_resources_pr2_description/share/moveit_resources_pr2_description/urdf/meshes/gripper_v0/convex/l_finger_convex.stla
[1.100s] -- Installing: /home/chathura/Documents/git-projects/Robotics-and-Automation-Labs/lab5/src/install/moveit_resources_pr2_description/share/moveit_resources_pr2_description/urdf/meshes/gripper_v0/convex/finger_tip_l.dae
[1.100s] -- Installing: /home/chathura/Documents/git-projects/Robotics-and-Automation-Labs/lab5/src/install/moveit_resources_pr2_description/share/moveit_resources_pr2_description/urdf/meshes/gripper_v0/convex/finger_tip_r.dae
[1.101s] -- Installing: /home/chathura/Documents/git-projects/Robotics-and-Automation-Labs/lab5/src/install/moveit_resources_pr2_description/share/moveit_resources_pr2_description/urdf/meshes/gripper_v0/convex/finger_tip_r_convex.stla
[1.101s] -- Installing: /home/chathura/Documents/git-projects/Robotics-and-Automation-Labs/lab5/src/install/moveit_resources_pr2_description/share/moveit_resources_pr2_description/urdf/meshes/gripper_v0/convex/upper_finger_r_convex.stla
[1.101s] -- Installing: /home/chathura/Documents/git-projects/Robotics-and-Automation-Labs/lab5/src/install/moveit_resources_pr2_description/share/moveit_resources_pr2_description/urdf/meshes/gripper_v0/convex/upper_finger_l.dae
[1.101s] -- Installing: /home/chathura/Documents/git-projects/Robotics-and-Automation-Labs/lab5/src/install/moveit_resources_pr2_description/share/moveit_resources_pr2_description/urdf/meshes/gripper_v0/convex/finger_tip_pad2_r.xml
[1.101s] -- Installing: /home/chathura/Documents/git-projects/Robotics-and-Automation-Labs/lab5/src/install/moveit_resources_pr2_description/share/moveit_resources_pr2_description/urdf/meshes/gripper_v0/convex/l_floating.dae
[1.101s] -- Installing: /home/chathura/Documents/git-projects/Robotics-and-Automation-Labs/lab5/src/install/moveit_resources_pr2_description/share/moveit_resources_pr2_description/urdf/meshes/gripper_v0/convex/finger_tip_pad2_r_convex.stlb
[1.101s] -- Installing: /home/chathura/Documents/git-projects/Robotics-and-Automation-Labs/lab5/src/install/moveit_resources_pr2_description/share/moveit_resources_pr2_description/urdf/meshes/gripper_v0/convex/l_finger_tip_convex.stla
[1.102s] -- Installing: /home/chathura/Documents/git-projects/Robotics-and-Automation-Labs/lab5/src/install/moveit_resources_pr2_description/share/moveit_resources_pr2_description/urdf/meshes/gripper_v0/convex/finger_tip_l_convex.stla
[1.102s] -- Installing: /home/chathura/Documents/git-projects/Robotics-and-Automation-Labs/lab5/src/install/moveit_resources_pr2_description/share/moveit_resources_pr2_description/urdf/meshes/gripper_v0/convex/l_finger_tip_convex.stlb
[1.102s] -- Installing: /home/chathura/Documents/git-projects/Robotics-and-Automation-Labs/lab5/src/install/moveit_resources_pr2_description/share/moveit_resources_pr2_description/urdf/meshes/gripper_v0/convex/finger_tip_r.xml
[1.102s] -- Installing: /home/chathura/Documents/git-projects/Robotics-and-Automation-Labs/lab5/src/install/moveit_resources_pr2_description/share/moveit_resources_pr2_description/urdf/meshes/gripper_v0/convex/finger_tip_pad2_l_convex.stla
[1.102s] -- Installing: /home/chathura/Documents/git-projects/Robotics-and-Automation-Labs/lab5/src/install/moveit_resources_pr2_description/share/moveit_resources_pr2_description/urdf/meshes/gripper_v0/convex/l_floating.xml
[1.102s] -- Installing: /home/chathura/Documents/git-projects/Robotics-and-Automation-Labs/lab5/src/install/moveit_resources_pr2_description/share/moveit_resources_pr2_description/urdf/meshes/gripper_v0/convex/finger_tip_r_convex.stlb
[1.102s] -- Installing: /home/chathura/Documents/git-projects/Robotics-and-Automation-Labs/lab5/src/install/moveit_resources_pr2_description/share/moveit_resources_pr2_description/urdf/meshes/gripper_v0/convex/upper_finger_l.xml
[1.103s] -- Installing: /home/chathura/Documents/git-projects/Robotics-and-Automation-Labs/lab5/src/install/moveit_resources_pr2_description/share/moveit_resources_pr2_description/urdf/meshes/gripper_v0/convex/l_floating_convex.stla
[1.103s] -- Installing: /home/chathura/Documents/git-projects/Robotics-and-Automation-Labs/lab5/src/install/moveit_resources_pr2_description/share/moveit_resources_pr2_description/urdf/meshes/gripper_v0/convex/upper_finger_r_convex.stlb
[1.103s] -- Installing: /home/chathura/Documents/git-projects/Robotics-and-Automation-Labs/lab5/src/install/moveit_resources_pr2_description/share/moveit_resources_pr2_description/urdf/meshes/gripper_v0/convex/l_finger_convex.stlb
[1.103s] -- Installing: /home/chathura/Documents/git-projects/Robotics-and-Automation-Labs/lab5/src/install/moveit_resources_pr2_description/share/moveit_resources_pr2_description/urdf/meshes/gripper_v0/convex/gripper_palm_convex.stla
[1.103s] -- Installing: /home/chathura/Documents/git-projects/Robotics-and-Automation-Labs/lab5/src/install/moveit_resources_pr2_description/share/moveit_resources_pr2_description/urdf/meshes/gripper_v0/convex/gripper_palm_convex.stlb
[1.103s] -- Installing: /home/chathura/Documents/git-projects/Robotics-and-Automation-Labs/lab5/src/install/moveit_resources_pr2_description/share/moveit_resources_pr2_description/urdf/meshes/gripper_v0/convex/gripper_palm.xml
[1.103s] -- Installing: /home/chathura/Documents/git-projects/Robotics-and-Automation-Labs/lab5/src/install/moveit_resources_pr2_description/share/moveit_resources_pr2_description/urdf/meshes/gripper_v0/convex/upper_finger_r.dae
[1.103s] -- Installing: /home/chathura/Documents/git-projects/Robotics-and-Automation-Labs/lab5/src/install/moveit_resources_pr2_description/share/moveit_resources_pr2_description/urdf/meshes/gripper_v0/convex/finger_tip_pad2_l.dae
[1.104s] -- Installing: /home/chathura/Documents/git-projects/Robotics-and-Automation-Labs/lab5/src/install/moveit_resources_pr2_description/share/moveit_resources_pr2_description/urdf/meshes/gripper_v0/convex/finger_tip_pad2_l_convex.stlb
[1.104s] -- Installing: /home/chathura/Documents/git-projects/Robotics-and-Automation-Labs/lab5/src/install/moveit_resources_pr2_description/share/moveit_resources_pr2_description/urdf/meshes/gripper_v0/convex/upper_finger_r.xml
[1.104s] -- Installing: /home/chathura/Documents/git-projects/Robotics-and-Automation-Labs/lab5/src/install/moveit_resources_pr2_description/share/moveit_resources_pr2_description/urdf/meshes/gripper_v0/convex/upper_finger_l_convex.stlb
[1.104s] -- Installing: /home/chathura/Documents/git-projects/Robotics-and-Automation-Labs/lab5/src/install/moveit_resources_pr2_description/share/moveit_resources_pr2_description/urdf/meshes/gripper_v0/convex/gripper_palm.dae
[1.104s] -- Installing: /home/chathura/Documents/git-projects/Robotics-and-Automation-Labs/lab5/src/install/moveit_resources_pr2_description/share/moveit_resources_pr2_description/urdf/meshes/gripper_v0/convex/l_floating_convex.stlb
[1.104s] -- Installing: /home/chathura/Documents/git-projects/Robotics-and-Automation-Labs/lab5/src/install/moveit_resources_pr2_description/share/moveit_resources_pr2_description/urdf/meshes/gripper_v0/convex/l_finger.xml
[1.104s] -- Installing: /home/chathura/Documents/git-projects/Robotics-and-Automation-Labs/lab5/src/install/moveit_resources_pr2_description/share/moveit_resources_pr2_description/urdf/meshes/gripper_v0/l_float_normals.tif
[1.106s] -- Installing: /home/chathura/Documents/git-projects/Robotics-and-Automation-Labs/lab5/src/install/moveit_resources_pr2_description/share/moveit_resources_pr2_description/urdf/meshes/gripper_v0/l_float.dae
[1.106s] -- Installing: /home/chathura/Documents/git-projects/Robotics-and-Automation-Labs/lab5/src/install/moveit_resources_pr2_description/share/moveit_resources_pr2_description/urdf/meshes/gripper_v0/finger_tip_H_UV_100430.dae
[1.109s] -- Installing: /home/chathura/Documents/git-projects/Robotics-and-Automation-Labs/lab5/src/install/moveit_resources_pr2_description/share/moveit_resources_pr2_description/urdf/meshes/gripper_v0/finger_tip_l.stl
[1.109s] -- Installing: /home/chathura/Documents/git-projects/Robotics-and-Automation-Labs/lab5/src/install/moveit_resources_pr2_description/share/moveit_resources_pr2_description/urdf/meshes/gripper_v0/finger_tip_pad2_l.stl
[1.110s] -- Installing: /home/chathura/Documents/git-projects/Robotics-and-Automation-Labs/lab5/src/install/moveit_resources_pr2_description/share/moveit_resources_pr2_description/urdf/meshes/gripper_v0/finger_tip_pad2_r.stl
[1.110s] -- Installing: /home/chathura/Documents/git-projects/Robotics-and-Automation-Labs/lab5/src/install/moveit_resources_pr2_description/share/moveit_resources_pr2_description/urdf/meshes/gripper_v0/l_finger_tip_color.tif
[1.110s] -- Installing: /home/chathura/Documents/git-projects/Robotics-and-Automation-Labs/lab5/src/install/moveit_resources_pr2_description/share/moveit_resources_pr2_description/urdf/meshes/gripper_v0/l_floating.stl
[1.110s] -- Installing: /home/chathura/Documents/git-projects/Robotics-and-Automation-Labs/lab5/src/install/moveit_resources_pr2_description/share/moveit_resources_pr2_description/urdf/meshes/gripper_v0/upper_finger_l.stl
[1.111s] -- Installing: /home/chathura/Documents/git-projects/Robotics-and-Automation-Labs/lab5/src/install/moveit_resources_pr2_description/share/moveit_resources_pr2_description/urdf/meshes/gripper_v0/l_finger.stl
[1.111s] -- Installing: /home/chathura/Documents/git-projects/Robotics-and-Automation-Labs/lab5/src/install/moveit_resources_pr2_description/share/moveit_resources_pr2_description/urdf/meshes/gripper_v0/gripper_palm.stl
[1.111s] -- Installing: /home/chathura/Documents/git-projects/Robotics-and-Automation-Labs/lab5/src/install/moveit_resources_pr2_description/share/moveit_resources_pr2_description/urdf/meshes/gripper_v0/l_finger_tip.stl
[1.111s] -- Installing: /home/chathura/Documents/git-projects/Robotics-and-Automation-Labs/lab5/src/install/moveit_resources_pr2_description/share/moveit_resources_pr2_description/urdf/meshes/gripper_v0/palm_H_Color_100430.tif
[1.111s] -- Installing: /home/chathura/Documents/git-projects/Robotics-and-Automation-Labs/lab5/src/install/moveit_resources_pr2_description/share/moveit_resources_pr2_description/urdf/meshes/gripper_v0/finger_H_UV_100430.dae
[1.115s] -- Installing: /home/chathura/Documents/git-projects/Robotics-and-Automation-Labs/lab5/src/install/moveit_resources_pr2_description/share/moveit_resources_pr2_description/urdf/meshes/gripper_v0/palm_H_UV_100430.dae
[1.116s] -- Installing: /home/chathura/Documents/git-projects/Robotics-and-Automation-Labs/lab5/src/install/moveit_resources_pr2_description/share/moveit_resources_pr2_description/urdf/meshes/gripper_v0/l_finger_normals.tif
[1.117s] -- Installing: /home/chathura/Documents/git-projects/Robotics-and-Automation-Labs/lab5/src/install/moveit_resources_pr2_description/share/moveit_resources_pr2_description/urdf/meshes/gripper_v0/gripper_palm.dae
[1.117s] -- Installing: /home/chathura/Documents/git-projects/Robotics-and-Automation-Labs/lab5/src/install/moveit_resources_pr2_description/share/moveit_resources_pr2_description/urdf/meshes/gripper_v0/gripper_palm_color.tif
[1.118s] -- Installing: /home/chathura/Documents/git-projects/Robotics-and-Automation-Labs/lab5/src/install/moveit_resources_pr2_description/share/moveit_resources_pr2_description/urdf/meshes/gripper_v0/float_H_Color_100430.tif
[1.118s] -- Installing: /home/chathura/Documents/git-projects/Robotics-and-Automation-Labs/lab5/src/install/moveit_resources_pr2_description/share/moveit_resources_pr2_description/urdf/meshes/forearm_v0
[1.118s] -- Installing: /home/chathura/Documents/git-projects/Robotics-and-Automation-Labs/lab5/src/install/moveit_resources_pr2_description/share/moveit_resources_pr2_description/urdf/meshes/forearm_v0/forearm_normals.tif
[1.121s] -- Installing: /home/chathura/Documents/git-projects/Robotics-and-Automation-Labs/lab5/src/install/moveit_resources_pr2_description/share/moveit_resources_pr2_description/urdf/meshes/forearm_v0/forearm_color.tif
[1.124s] -- Installing: /home/chathura/Documents/git-projects/Robotics-and-Automation-Labs/lab5/src/install/moveit_resources_pr2_description/share/moveit_resources_pr2_description/urdf/meshes/forearm_v0/forearm.dae
[1.124s] -- Installing: /home/chathura/Documents/git-projects/Robotics-and-Automation-Labs/lab5/src/install/moveit_resources_pr2_description/share/moveit_resources_pr2_description/urdf/meshes/forearm_v0/forearm.stl
[1.124s] -- Installing: /home/chathura/Documents/git-projects/Robotics-and-Automation-Labs/lab5/src/install/moveit_resources_pr2_description/share/moveit_resources_pr2_description/urdf/meshes/forearm_v0/wrist_flex.stl
[1.125s] -- Installing: /home/chathura/Documents/git-projects/Robotics-and-Automation-Labs/lab5/src/install/moveit_resources_pr2_description/share/moveit_resources_pr2_description/urdf/meshes/forearm_v0/convex
[1.125s] -- Installing: /home/chathura/Documents/git-projects/Robotics-and-Automation-Labs/lab5/src/install/moveit_resources_pr2_description/share/moveit_resources_pr2_description/urdf/meshes/forearm_v0/convex/forearm_convex.stlb
[1.125s] -- Installing: /home/chathura/Documents/git-projects/Robotics-and-Automation-Labs/lab5/src/install/moveit_resources_pr2_description/share/moveit_resources_pr2_description/urdf/meshes/forearm_v0/convex/wrist_roll_L.dae
[1.125s] -- Installing: /home/chathura/Documents/git-projects/Robotics-and-Automation-Labs/lab5/src/install/moveit_resources_pr2_description/share/moveit_resources_pr2_description/urdf/meshes/forearm_v0/convex/forearm.dae
[1.125s] -- Installing: /home/chathura/Documents/git-projects/Robotics-and-Automation-Labs/lab5/src/install/moveit_resources_pr2_description/share/moveit_resources_pr2_description/urdf/meshes/forearm_v0/convex/wrist_roll.xml
[1.125s] -- Installing: /home/chathura/Documents/git-projects/Robotics-and-Automation-Labs/lab5/src/install/moveit_resources_pr2_description/share/moveit_resources_pr2_description/urdf/meshes/forearm_v0/convex/wrist_roll_convex.stla
[1.126s] -- Installing: /home/chathura/Documents/git-projects/Robotics-and-Automation-Labs/lab5/src/install/moveit_resources_pr2_description/share/moveit_resources_pr2_description/urdf/meshes/forearm_v0/convex/wrist_roll_L_convex.stlb
[1.126s] -- Installing: /home/chathura/Documents/git-projects/Robotics-and-Automation-Labs/lab5/src/install/moveit_resources_pr2_description/share/moveit_resources_pr2_description/urdf/meshes/forearm_v0/convex/wrist_roll_convex.stlb
[1.126s] -- Installing: /home/chathura/Documents/git-projects/Robotics-and-Automation-Labs/lab5/src/install/moveit_resources_pr2_description/share/moveit_resources_pr2_description/urdf/meshes/forearm_v0/convex/wrist_roll.dae
[1.126s] -- Installing: /home/chathura/Documents/git-projects/Robotics-and-Automation-Labs/lab5/src/install/moveit_resources_pr2_description/share/moveit_resources_pr2_description/urdf/meshes/forearm_v0/convex/wrist_flex_convex.stlb
[1.126s] -- Installing: /home/chathura/Documents/git-projects/Robotics-and-Automation-Labs/lab5/src/install/moveit_resources_pr2_description/share/moveit_resources_pr2_description/urdf/meshes/forearm_v0/convex/wrist_flex.xml
[1.126s] -- Installing: /home/chathura/Documents/git-projects/Robotics-and-Automation-Labs/lab5/src/install/moveit_resources_pr2_description/share/moveit_resources_pr2_description/urdf/meshes/forearm_v0/convex/wrist_roll_L.xml
[1.126s] -- Installing: /home/chathura/Documents/git-projects/Robotics-and-Automation-Labs/lab5/src/install/moveit_resources_pr2_description/share/moveit_resources_pr2_description/urdf/meshes/forearm_v0/convex/wrist_roll_L_convex.stla
[1.127s] -- Installing: /home/chathura/Documents/git-projects/Robotics-and-Automation-Labs/lab5/src/install/moveit_resources_pr2_description/share/moveit_resources_pr2_description/urdf/meshes/forearm_v0/convex/wrist_flex.dae
[1.127s] -- Installing: /home/chathura/Documents/git-projects/Robotics-and-Automation-Labs/lab5/src/install/moveit_resources_pr2_description/share/moveit_resources_pr2_description/urdf/meshes/forearm_v0/convex/forearm_convex.stla
[1.127s] -- Installing: /home/chathura/Documents/git-projects/Robotics-and-Automation-Labs/lab5/src/install/moveit_resources_pr2_description/share/moveit_resources_pr2_description/urdf/meshes/forearm_v0/convex/wrist_flex_convex.stla
[1.127s] -- Installing: /home/chathura/Documents/git-projects/Robotics-and-Automation-Labs/lab5/src/install/moveit_resources_pr2_description/share/moveit_resources_pr2_description/urdf/meshes/forearm_v0/convex/forearm.xml
[1.127s] -- Installing: /home/chathura/Documents/git-projects/Robotics-and-Automation-Labs/lab5/src/install/moveit_resources_pr2_description/share/moveit_resources_pr2_description/urdf/meshes/forearm_v0/wrist_roll.stl
[1.128s] -- Installing: /home/chathura/Documents/git-projects/Robotics-and-Automation-Labs/lab5/src/install/moveit_resources_pr2_description/share/moveit_resources_pr2_description/urdf/meshes/forearm_v0/wrist_roll_L.stl
[1.128s] -- Installing: /home/chathura/Documents/git-projects/Robotics-and-Automation-Labs/lab5/src/install/moveit_resources_pr2_description/share/moveit_resources_pr2_description/urdf/meshes/forearm_v0/forearm.jpg
[1.128s] -- Installing: /home/chathura/Documents/git-projects/Robotics-and-Automation-Labs/lab5/src/install/moveit_resources_pr2_description/share/moveit_resources_pr2_description/urdf/meshes/forearm_v0/wrist_color.tif
[1.128s] -- Installing: /home/chathura/Documents/git-projects/Robotics-and-Automation-Labs/lab5/src/install/moveit_resources_pr2_description/share/moveit_resources_pr2_description/urdf/meshes/forearm_v0/wrist_flex.dae
[1.129s] -- Installing: /home/chathura/Documents/git-projects/Robotics-and-Automation-Labs/lab5/src/install/moveit_resources_pr2_description/share/moveit_resources_pr2_description/urdf/meshes/forearm_v0/wrist_normals.tif
[1.129s] -- Installing: /home/chathura/Documents/git-projects/Robotics-and-Automation-Labs/lab5/src/install/moveit_resources_pr2_description/share/moveit_resources_pr2_description/urdf/meshes/upper_arm_v0
[1.130s] -- Installing: /home/chathura/Documents/git-projects/Robotics-and-Automation-Labs/lab5/src/install/moveit_resources_pr2_description/share/moveit_resources_pr2_description/urdf/meshes/upper_arm_v0/upper_arm.jpg
[1.130s] -- Installing: /home/chathura/Documents/git-projects/Robotics-and-Automation-Labs/lab5/src/install/moveit_resources_pr2_description/share/moveit_resources_pr2_description/urdf/meshes/upper_arm_v0/upper_arm.dae
[1.130s] -- Installing: /home/chathura/Documents/git-projects/Robotics-and-Automation-Labs/lab5/src/install/moveit_resources_pr2_description/share/moveit_resources_pr2_description/urdf/meshes/upper_arm_v0/forearm_roll_L.stl
[1.130s] -- Installing: /home/chathura/Documents/git-projects/Robotics-and-Automation-Labs/lab5/src/install/moveit_resources_pr2_description/share/moveit_resources_pr2_description/urdf/meshes/upper_arm_v0/upper_arm_normals.tif
[1.133s] -- Installing: /home/chathura/Documents/git-projects/Robotics-and-Automation-Labs/lab5/src/install/moveit_resources_pr2_description/share/moveit_resources_pr2_description/urdf/meshes/upper_arm_v0/forearm_roll.stl
[1.133s] -- Installing: /home/chathura/Documents/git-projects/Robotics-and-Automation-Labs/lab5/src/install/moveit_resources_pr2_description/share/moveit_resources_pr2_description/urdf/meshes/upper_arm_v0/upper_arm.stl
[1.133s] -- Installing: /home/chathura/Documents/git-projects/Robotics-and-Automation-Labs/lab5/src/install/moveit_resources_pr2_description/share/moveit_resources_pr2_description/urdf/meshes/upper_arm_v0/convex
[1.133s] -- Installing: /home/chathura/Documents/git-projects/Robotics-and-Automation-Labs/lab5/src/install/moveit_resources_pr2_description/share/moveit_resources_pr2_description/urdf/meshes/upper_arm_v0/convex/upper_arm.dae
[1.133s] -- Installing: /home/chathura/Documents/git-projects/Robotics-and-Automation-Labs/lab5/src/install/moveit_resources_pr2_description/share/moveit_resources_pr2_description/urdf/meshes/upper_arm_v0/convex/forearm_roll_convex.stla
[1.133s] -- Installing: /home/chathura/Documents/git-projects/Robotics-and-Automation-Labs/lab5/src/install/moveit_resources_pr2_description/share/moveit_resources_pr2_description/urdf/meshes/upper_arm_v0/convex/forearm_roll_convex.stlb
[1.134s] -- Installing: /home/chathura/Documents/git-projects/Robotics-and-Automation-Labs/lab5/src/install/moveit_resources_pr2_description/share/moveit_resources_pr2_description/urdf/meshes/upper_arm_v0/convex/upper_arm_convex.stla
[1.134s] -- Installing: /home/chathura/Documents/git-projects/Robotics-and-Automation-Labs/lab5/src/install/moveit_resources_pr2_description/share/moveit_resources_pr2_description/urdf/meshes/upper_arm_v0/convex/upper_arm.xml
[1.134s] -- Installing: /home/chathura/Documents/git-projects/Robotics-and-Automation-Labs/lab5/src/install/moveit_resources_pr2_description/share/moveit_resources_pr2_description/urdf/meshes/upper_arm_v0/convex/forearm_roll_L.dae
[1.134s] -- Installing: /home/chathura/Documents/git-projects/Robotics-and-Automation-Labs/lab5/src/install/moveit_resources_pr2_description/share/moveit_resources_pr2_description/urdf/meshes/upper_arm_v0/convex/forearm_roll_L_convex.stla
[1.134s] -- Installing: /home/chathura/Documents/git-projects/Robotics-and-Automation-Labs/lab5/src/install/moveit_resources_pr2_description/share/moveit_resources_pr2_description/urdf/meshes/upper_arm_v0/convex/elbow_flex_convex.stla
[1.135s] -- Installing: /home/chathura/Documents/git-projects/Robotics-and-Automation-Labs/lab5/src/install/moveit_resources_pr2_description/share/moveit_resources_pr2_description/urdf/meshes/upper_arm_v0/convex/elbow_flex_convex.stlb
[1.135s] -- Installing: /home/chathura/Documents/git-projects/Robotics-and-Automation-Labs/lab5/src/install/moveit_resources_pr2_description/share/moveit_resources_pr2_description/urdf/meshes/upper_arm_v0/convex/elbow_flex.xml
[1.135s] -- Installing: /home/chathura/Documents/git-projects/Robotics-and-Automation-Labs/lab5/src/install/moveit_resources_pr2_description/share/moveit_resources_pr2_description/urdf/meshes/upper_arm_v0/convex/forearm_roll.dae
[1.135s] -- Installing: /home/chathura/Documents/git-projects/Robotics-and-Automation-Labs/lab5/src/install/moveit_resources_pr2_description/share/moveit_resources_pr2_description/urdf/meshes/upper_arm_v0/convex/elbow_flex.dae
[1.135s] -- Installing: /home/chathura/Documents/git-projects/Robotics-and-Automation-Labs/lab5/src/install/moveit_resources_pr2_description/share/moveit_resources_pr2_description/urdf/meshes/upper_arm_v0/convex/upper_arm_convex.stlb
[1.135s] -- Installing: /home/chathura/Documents/git-projects/Robotics-and-Automation-Labs/lab5/src/install/moveit_resources_pr2_description/share/moveit_resources_pr2_description/urdf/meshes/upper_arm_v0/convex/forearm_roll_L_convex.stlb
[1.135s] -- Installing: /home/chathura/Documents/git-projects/Robotics-and-Automation-Labs/lab5/src/install/moveit_resources_pr2_description/share/moveit_resources_pr2_description/urdf/meshes/upper_arm_v0/convex/forearm_roll.xml
[1.136s] -- Installing: /home/chathura/Documents/git-projects/Robotics-and-Automation-Labs/lab5/src/install/moveit_resources_pr2_description/share/moveit_resources_pr2_description/urdf/meshes/upper_arm_v0/convex/forearm_roll_L.xml
[1.136s] -- Installing: /home/chathura/Documents/git-projects/Robotics-and-Automation-Labs/lab5/src/install/moveit_resources_pr2_description/share/moveit_resources_pr2_description/urdf/meshes/upper_arm_v0/elbow_flex.stl
[1.136s] -- Installing: /home/chathura/Documents/git-projects/Robotics-and-Automation-Labs/lab5/src/install/moveit_resources_pr2_description/share/moveit_resources_pr2_description/urdf/meshes/upper_arm_v0/upper_arm_color.tif
[1.137s] -- Installing: /home/chathura/Documents/git-projects/Robotics-and-Automation-Labs/lab5/src/install/moveit_resources_pr2_description/share/moveit_resources_pr2_description/urdf/meshes/upper_arm_v0/elbow_flex_color.tif
[1.137s] -- Installing: /home/chathura/Documents/git-projects/Robotics-and-Automation-Labs/lab5/src/install/moveit_resources_pr2_description/share/moveit_resources_pr2_description/urdf/meshes/upper_arm_v0/elbow_flex_normals.tif
[1.138s] -- Installing: /home/chathura/Documents/git-projects/Robotics-and-Automation-Labs/lab5/src/install/moveit_resources_pr2_description/share/moveit_resources_pr2_description/urdf/meshes/upper_arm_v0/elbow_flex.dae
[1.138s] -- Installing: /home/chathura/Documents/git-projects/Robotics-and-Automation-Labs/lab5/src/install/moveit_resources_pr2_description/share/moveit_resources_pr2_description/urdf/meshes/torso_v0
[1.138s] -- Installing: /home/chathura/Documents/git-projects/Robotics-and-Automation-Labs/lab5/src/install/moveit_resources_pr2_description/share/moveit_resources_pr2_description/urdf/meshes/torso_v0/torso_lift.stl
[1.138s] -- Installing: /home/chathura/Documents/git-projects/Robotics-and-Automation-Labs/lab5/src/install/moveit_resources_pr2_description/share/moveit_resources_pr2_description/urdf/meshes/torso_v0/torso.stl
[1.138s] -- Installing: /home/chathura/Documents/git-projects/Robotics-and-Automation-Labs/lab5/src/install/moveit_resources_pr2_description/share/moveit_resources_pr2_description/urdf/meshes/torso_v0/torso_lift_normals.tif
[1.140s] -- Installing: /home/chathura/Documents/git-projects/Robotics-and-Automation-Labs/lab5/src/install/moveit_resources_pr2_description/share/moveit_resources_pr2_description/urdf/meshes/torso_v0/convex
[1.140s] -- Installing: /home/chathura/Documents/git-projects/Robotics-and-Automation-Labs/lab5/src/install/moveit_resources_pr2_description/share/moveit_resources_pr2_description/urdf/meshes/torso_v0/convex/torso.xml
[1.140s] -- Installing: /home/chathura/Documents/git-projects/Robotics-and-Automation-Labs/lab5/src/install/moveit_resources_pr2_description/share/moveit_resources_pr2_description/urdf/meshes/torso_v0/convex/torso_lift_L_convex.stlb
[1.140s] -- Installing: /home/chathura/Documents/git-projects/Robotics-and-Automation-Labs/lab5/src/install/moveit_resources_pr2_description/share/moveit_resources_pr2_description/urdf/meshes/torso_v0/convex/torso_lift_convex.stlb
[1.140s] -- Installing: /home/chathura/Documents/git-projects/Robotics-and-Automation-Labs/lab5/src/install/moveit_resources_pr2_description/share/moveit_resources_pr2_description/urdf/meshes/torso_v0/convex/torso_lift_L.dae
[1.140s] -- Installing: /home/chathura/Documents/git-projects/Robotics-and-Automation-Labs/lab5/src/install/moveit_resources_pr2_description/share/moveit_resources_pr2_description/urdf/meshes/torso_v0/convex/torso_lift_L.xml
[1.141s] -- Installing: /home/chathura/Documents/git-projects/Robotics-and-Automation-Labs/lab5/src/install/moveit_resources_pr2_description/share/moveit_resources_pr2_description/urdf/meshes/torso_v0/convex/torso_convex.stlb
[1.141s] -- Installing: /home/chathura/Documents/git-projects/Robotics-and-Automation-Labs/lab5/src/install/moveit_resources_pr2_description/share/moveit_resources_pr2_description/urdf/meshes/torso_v0/convex/torso_lift.dae
[1.141s] -- Installing: /home/chathura/Documents/git-projects/Robotics-and-Automation-Labs/lab5/src/install/moveit_resources_pr2_description/share/moveit_resources_pr2_description/urdf/meshes/torso_v0/convex/torso.dae
[1.141s] -- Installing: /home/chathura/Documents/git-projects/Robotics-and-Automation-Labs/lab5/src/install/moveit_resources_pr2_description/share/moveit_resources_pr2_description/urdf/meshes/torso_v0/convex/torso_lift.xml
[1.141s] -- Installing: /home/chathura/Documents/git-projects/Robotics-and-Automation-Labs/lab5/src/install/moveit_resources_pr2_description/share/moveit_resources_pr2_description/urdf/meshes/torso_v0/convex/torso_convex.stla
[1.141s] -- Installing: /home/chathura/Documents/git-projects/Robotics-and-Automation-Labs/lab5/src/install/moveit_resources_pr2_description/share/moveit_resources_pr2_description/urdf/meshes/torso_v0/convex/torso_lift_L_convex.stla
[1.141s] -- Installing: /home/chathura/Documents/git-projects/Robotics-and-Automation-Labs/lab5/src/install/moveit_resources_pr2_description/share/moveit_resources_pr2_description/urdf/meshes/torso_v0/convex/torso_lift_convex.stla
[1.141s] -- Installing: /home/chathura/Documents/git-projects/Robotics-and-Automation-Labs/lab5/src/install/moveit_resources_pr2_description/share/moveit_resources_pr2_description/urdf/meshes/torso_v0/torso_lift.dae
[1.142s] -- Installing: /home/chathura/Documents/git-projects/Robotics-and-Automation-Labs/lab5/src/install/moveit_resources_pr2_description/share/moveit_resources_pr2_description/urdf/meshes/torso_v0/torso_lift_L.stl
[1.142s] -- Installing: /home/chathura/Documents/git-projects/Robotics-and-Automation-Labs/lab5/src/install/moveit_resources_pr2_description/share/moveit_resources_pr2_description/urdf/meshes/torso_v0/torso_lift_color.tif
[1.142s] -- Installing: /home/chathura/Documents/git-projects/Robotics-and-Automation-Labs/lab5/src/install/moveit_resources_pr2_description/share/moveit_resources_pr2_description/urdf/meshes/base_v0
[1.142s] -- Installing: /home/chathura/Documents/git-projects/Robotics-and-Automation-Labs/lab5/src/install/moveit_resources_pr2_description/share/moveit_resources_pr2_description/urdf/meshes/base_v0/pr2_wheel.stl
[1.142s] -- Installing: /home/chathura/Documents/git-projects/Robotics-and-Automation-Labs/lab5/src/install/moveit_resources_pr2_description/share/moveit_resources_pr2_description/urdf/meshes/base_v0/wheel_h_color.tif
[1.143s] -- Installing: /home/chathura/Documents/git-projects/Robotics-and-Automation-Labs/lab5/src/install/moveit_resources_pr2_description/share/moveit_resources_pr2_description/urdf/meshes/base_v0/wheel_color.tif
[1.143s] -- Installing: /home/chathura/Documents/git-projects/Robotics-and-Automation-Labs/lab5/src/install/moveit_resources_pr2_description/share/moveit_resources_pr2_description/urdf/meshes/base_v0/base_L.stl
[1.143s] -- Installing: /home/chathura/Documents/git-projects/Robotics-and-Automation-Labs/lab5/src/install/moveit_resources_pr2_description/share/moveit_resources_pr2_description/urdf/meshes/base_v0/wheel.dae
[1.143s] -- Installing: /home/chathura/Documents/git-projects/Robotics-and-Automation-Labs/lab5/src/install/moveit_resources_pr2_description/share/moveit_resources_pr2_description/urdf/meshes/base_v0/base.dae
[1.144s] -- Installing: /home/chathura/Documents/git-projects/Robotics-and-Automation-Labs/lab5/src/install/moveit_resources_pr2_description/share/moveit_resources_pr2_description/urdf/meshes/base_v0/convex
[1.144s] -- Installing: /home/chathura/Documents/git-projects/Robotics-and-Automation-Labs/lab5/src/install/moveit_resources_pr2_description/share/moveit_resources_pr2_description/urdf/meshes/base_v0/convex/wheel.xml
[1.144s] -- Installing: /home/chathura/Documents/git-projects/Robotics-and-Automation-Labs/lab5/src/install/moveit_resources_pr2_description/share/moveit_resources_pr2_description/urdf/meshes/base_v0/convex/base_L_convex.stla
[1.144s] -- Installing: /home/chathura/Documents/git-projects/Robotics-and-Automation-Labs/lab5/src/install/moveit_resources_pr2_description/share/moveit_resources_pr2_description/urdf/meshes/base_v0/convex/base.xml
[1.144s] -- Installing: /home/chathura/Documents/git-projects/Robotics-and-Automation-Labs/lab5/src/install/moveit_resources_pr2_description/share/moveit_resources_pr2_description/urdf/meshes/base_v0/convex/caster_convex.stla
[1.144s] -- Installing: /home/chathura/Documents/git-projects/Robotics-and-Automation-Labs/lab5/src/install/moveit_resources_pr2_description/share/moveit_resources_pr2_description/urdf/meshes/base_v0/convex/pr2_wheel.dae
[1.145s] -- Installing: /home/chathura/Documents/git-projects/Robotics-and-Automation-Labs/lab5/src/install/moveit_resources_pr2_description/share/moveit_resources_pr2_description/urdf/meshes/base_v0/convex/caster.xml
[1.145s] -- Installing: /home/chathura/Documents/git-projects/Robotics-and-Automation-Labs/lab5/src/install/moveit_resources_pr2_description/share/moveit_resources_pr2_description/urdf/meshes/base_v0/convex/caster_convex.stlb
[1.145s] -- Installing: /home/chathura/Documents/git-projects/Robotics-and-Automation-Labs/lab5/src/install/moveit_resources_pr2_description/share/moveit_resources_pr2_description/urdf/meshes/base_v0/convex/pr2_wheel.xml
[1.145s] -- Installing: /home/chathura/Documents/git-projects/Robotics-and-Automation-Labs/lab5/src/install/moveit_resources_pr2_description/share/moveit_resources_pr2_description/urdf/meshes/base_v0/convex/wheel.dae
[1.145s] -- Installing: /home/chathura/Documents/git-projects/Robotics-and-Automation-Labs/lab5/src/install/moveit_resources_pr2_description/share/moveit_resources_pr2_description/urdf/meshes/base_v0/convex/base.dae
[1.146s] -- Installing: /home/chathura/Documents/git-projects/Robotics-and-Automation-Labs/lab5/src/install/moveit_resources_pr2_description/share/moveit_resources_pr2_description/urdf/meshes/base_v0/convex/caster_L_convex.stla
[1.146s] -- Installing: /home/chathura/Documents/git-projects/Robotics-and-Automation-Labs/lab5/src/install/moveit_resources_pr2_description/share/moveit_resources_pr2_description/urdf/meshes/base_v0/convex/wheel_convex.stlb
[1.146s] -- Installing: /home/chathura/Documents/git-projects/Robotics-and-Automation-Labs/lab5/src/install/moveit_resources_pr2_description/share/moveit_resources_pr2_description/urdf/meshes/base_v0/convex/base_L.xml
[1.146s] -- Installing: /home/chathura/Documents/git-projects/Robotics-and-Automation-Labs/lab5/src/install/moveit_resources_pr2_description/share/moveit_resources_pr2_description/urdf/meshes/base_v0/convex/pr2_wheel_convex.stla
[1.146s] -- Installing: /home/chathura/Documents/git-projects/Robotics-and-Automation-Labs/lab5/src/install/moveit_resources_pr2_description/share/moveit_resources_pr2_description/urdf/meshes/base_v0/convex/base_L_convex.stlb
[1.146s] -- Installing: /home/chathura/Documents/git-projects/Robotics-and-Automation-Labs/lab5/src/install/moveit_resources_pr2_description/share/moveit_resources_pr2_description/urdf/meshes/base_v0/convex/base_convex.stlb
[1.146s] -- Installing: /home/chathura/Documents/git-projects/Robotics-and-Automation-Labs/lab5/src/install/moveit_resources_pr2_description/share/moveit_resources_pr2_description/urdf/meshes/base_v0/convex/caster_L_convex.stlb
[1.147s] -- Installing: /home/chathura/Documents/git-projects/Robotics-and-Automation-Labs/lab5/src/install/moveit_resources_pr2_description/share/moveit_resources_pr2_description/urdf/meshes/base_v0/convex/caster_L.dae
[1.147s] -- Installing: /home/chathura/Documents/git-projects/Robotics-and-Automation-Labs/lab5/src/install/moveit_resources_pr2_description/share/moveit_resources_pr2_description/urdf/meshes/base_v0/convex/base_convex.stla
[1.147s] -- Installing: /home/chathura/Documents/git-projects/Robotics-and-Automation-Labs/lab5/src/install/moveit_resources_pr2_description/share/moveit_resources_pr2_description/urdf/meshes/base_v0/convex/wheel_convex.stla
[1.147s] -- Installing: /home/chathura/Documents/git-projects/Robotics-and-Automation-Labs/lab5/src/install/moveit_resources_pr2_description/share/moveit_resources_pr2_description/urdf/meshes/base_v0/convex/caster_L.xml
[1.148s] -- Installing: /home/chathura/Documents/git-projects/Robotics-and-Automation-Labs/lab5/src/install/moveit_resources_pr2_description/share/moveit_resources_pr2_description/urdf/meshes/base_v0/convex/base_L.dae
[1.148s] -- Installing: /home/chathura/Documents/git-projects/Robotics-and-Automation-Labs/lab5/src/install/moveit_resources_pr2_description/share/moveit_resources_pr2_description/urdf/meshes/base_v0/convex/pr2_wheel_convex.stlb
[1.148s] -- Installing: /home/chathura/Documents/git-projects/Robotics-and-Automation-Labs/lab5/src/install/moveit_resources_pr2_description/share/moveit_resources_pr2_description/urdf/meshes/base_v0/convex/caster.dae
[1.148s] -- Installing: /home/chathura/Documents/git-projects/Robotics-and-Automation-Labs/lab5/src/install/moveit_resources_pr2_description/share/moveit_resources_pr2_description/urdf/meshes/base_v0/wheel.stl
[1.148s] -- Installing: /home/chathura/Documents/git-projects/Robotics-and-Automation-Labs/lab5/src/install/moveit_resources_pr2_description/share/moveit_resources_pr2_description/urdf/meshes/base_v0/wheel_h.dae
[1.150s] -- Installing: /home/chathura/Documents/git-projects/Robotics-and-Automation-Labs/lab5/src/install/moveit_resources_pr2_description/share/moveit_resources_pr2_description/urdf/meshes/base_v0/base_color.tif
[1.151s] -- Installing: /home/chathura/Documents/git-projects/Robotics-and-Automation-Labs/lab5/src/install/moveit_resources_pr2_description/share/moveit_resources_pr2_description/urdf/meshes/base_v0/caster.stl
[1.151s] -- Installing: /home/chathura/Documents/git-projects/Robotics-and-Automation-Labs/lab5/src/install/moveit_resources_pr2_description/share/moveit_resources_pr2_description/urdf/meshes/base_v0/base_normals.tif
[1.152s] -- Installing: /home/chathura/Documents/git-projects/Robotics-and-Automation-Labs/lab5/src/install/moveit_resources_pr2_description/share/moveit_resources_pr2_description/urdf/meshes/base_v0/caster_L.stl
[1.152s] -- Installing: /home/chathura/Documents/git-projects/Robotics-and-Automation-Labs/lab5/src/install/moveit_resources_pr2_description/share/moveit_resources_pr2_description/urdf/meshes/base_v0/wheel_normals.tif
[1.154s] -- Installing: /home/chathura/Documents/git-projects/Robotics-and-Automation-Labs/lab5/src/install/moveit_resources_pr2_description/share/moveit_resources_pr2_description/urdf/meshes/base_v0/base.stl
[1.154s] -- Installing: /home/chathura/Documents/git-projects/Robotics-and-Automation-Labs/lab5/src/install/moveit_resources_pr2_description/share/moveit_resources_pr2_description/urdf/meshes/tilting_laser_v0
[1.155s] -- Installing: /home/chathura/Documents/git-projects/Robotics-and-Automation-Labs/lab5/src/install/moveit_resources_pr2_description/share/moveit_resources_pr2_description/urdf/meshes/tilting_laser_v0/tilting_hokuyo_color.tif
[1.155s] -- Installing: /home/chathura/Documents/git-projects/Robotics-and-Automation-Labs/lab5/src/install/moveit_resources_pr2_description/share/moveit_resources_pr2_description/urdf/meshes/tilting_laser_v0/hok_tilt.stl
[1.155s] -- Installing: /home/chathura/Documents/git-projects/Robotics-and-Automation-Labs/lab5/src/install/moveit_resources_pr2_description/share/moveit_resources_pr2_description/urdf/meshes/tilting_laser_v0/convex
[1.155s] -- Installing: /home/chathura/Documents/git-projects/Robotics-and-Automation-Labs/lab5/src/install/moveit_resources_pr2_description/share/moveit_resources_pr2_description/urdf/meshes/tilting_laser_v0/convex/hok_tilt.dae
[1.155s] -- Installing: /home/chathura/Documents/git-projects/Robotics-and-Automation-Labs/lab5/src/install/moveit_resources_pr2_description/share/moveit_resources_pr2_description/urdf/meshes/tilting_laser_v0/convex/hok_tilt_convex.stlb
[1.155s] -- Installing: /home/chathura/Documents/git-projects/Robotics-and-Automation-Labs/lab5/src/install/moveit_resources_pr2_description/share/moveit_resources_pr2_description/urdf/meshes/tilting_laser_v0/convex/tilting_hokuyo_L_convex.stla
[1.156s] -- Installing: /home/chathura/Documents/git-projects/Robotics-and-Automation-Labs/lab5/src/install/moveit_resources_pr2_description/share/moveit_resources_pr2_description/urdf/meshes/tilting_laser_v0/convex/tilting_hokuyo_L.xml
[1.156s] -- Installing: /home/chathura/Documents/git-projects/Robotics-and-Automation-Labs/lab5/src/install/moveit_resources_pr2_description/share/moveit_resources_pr2_description/urdf/meshes/tilting_laser_v0/convex/tilting_hokuyo_L.dae
[1.156s] -- Installing: /home/chathura/Documents/git-projects/Robotics-and-Automation-Labs/lab5/src/install/moveit_resources_pr2_description/share/moveit_resources_pr2_description/urdf/meshes/tilting_laser_v0/convex/tilting_hokuyo.xml
[1.156s] -- Installing: /home/chathura/Documents/git-projects/Robotics-and-Automation-Labs/lab5/src/install/moveit_resources_pr2_description/share/moveit_resources_pr2_description/urdf/meshes/tilting_laser_v0/convex/tilting_hokuyo.dae
[1.156s] -- Installing: /home/chathura/Documents/git-projects/Robotics-and-Automation-Labs/lab5/src/install/moveit_resources_pr2_description/share/moveit_resources_pr2_description/urdf/meshes/tilting_laser_v0/convex/hok_tilt.xml
[1.156s] -- Installing: /home/chathura/Documents/git-projects/Robotics-and-Automation-Labs/lab5/src/install/moveit_resources_pr2_description/share/moveit_resources_pr2_description/urdf/meshes/tilting_laser_v0/convex/hok_tilt_convex.stla
[1.156s] -- Installing: /home/chathura/Documents/git-projects/Robotics-and-Automation-Labs/lab5/src/install/moveit_resources_pr2_description/share/moveit_resources_pr2_description/urdf/meshes/tilting_laser_v0/convex/tilting_hokuyo_convex.stlb
[1.157s] -- Installing: /home/chathura/Documents/git-projects/Robotics-and-Automation-Labs/lab5/src/install/moveit_resources_pr2_description/share/moveit_resources_pr2_description/urdf/meshes/tilting_laser_v0/convex/tilting_hokuyo_convex.stla
[1.157s] -- Installing: /home/chathura/Documents/git-projects/Robotics-and-Automation-Labs/lab5/src/install/moveit_resources_pr2_description/share/moveit_resources_pr2_description/urdf/meshes/tilting_laser_v0/convex/tilting_hokuyo_L_convex.stlb
[1.157s] -- Installing: /home/chathura/Documents/git-projects/Robotics-and-Automation-Labs/lab5/src/install/moveit_resources_pr2_description/share/moveit_resources_pr2_description/urdf/meshes/tilting_laser_v0/tilting_hokuyo_L.stl
[1.157s] -- Installing: /home/chathura/Documents/git-projects/Robotics-and-Automation-Labs/lab5/src/install/moveit_resources_pr2_description/share/moveit_resources_pr2_description/urdf/meshes/tilting_laser_v0/tilting_hokuyo.stl
[1.157s] -- Installing: /home/chathura/Documents/git-projects/Robotics-and-Automation-Labs/lab5/src/install/moveit_resources_pr2_description/share/moveit_resources_pr2_description/urdf/meshes/tilting_laser_v0/tilting_hokuyo.dae
[1.158s] -- Installing: /home/chathura/Documents/git-projects/Robotics-and-Automation-Labs/lab5/src/install/moveit_resources_pr2_description/share/moveit_resources_pr2_description/urdf/meshes/tilting_laser_v0/tilting_hokuyo_normals.tif
[1.159s] -- Installing: /home/chathura/Documents/git-projects/Robotics-and-Automation-Labs/lab5/src/install/moveit_resources_pr2_description/share/moveit_resources_pr2_description/urdf/meshes/head_v0
[1.159s] -- Installing: /home/chathura/Documents/git-projects/Robotics-and-Automation-Labs/lab5/src/install/moveit_resources_pr2_description/share/moveit_resources_pr2_description/urdf/meshes/head_v0/head_tilt.dae
[1.159s] -- Installing: /home/chathura/Documents/git-projects/Robotics-and-Automation-Labs/lab5/src/install/moveit_resources_pr2_description/share/moveit_resources_pr2_description/urdf/meshes/head_v0/head_tilt_green.tif
[1.160s] -- Installing: /home/chathura/Documents/git-projects/Robotics-and-Automation-Labs/lab5/src/install/moveit_resources_pr2_description/share/moveit_resources_pr2_description/urdf/meshes/head_v0/head_tilt_L.stl
[1.160s] -- Installing: /home/chathura/Documents/git-projects/Robotics-and-Automation-Labs/lab5/src/install/moveit_resources_pr2_description/share/moveit_resources_pr2_description/urdf/meshes/head_v0/head_tilt_normals.tif
[1.162s] -- Installing: /home/chathura/Documents/git-projects/Robotics-and-Automation-Labs/lab5/src/install/moveit_resources_pr2_description/share/moveit_resources_pr2_description/urdf/meshes/head_v0/head_pan_color.tif
[1.162s] -- Installing: /home/chathura/Documents/git-projects/Robotics-and-Automation-Labs/lab5/src/install/moveit_resources_pr2_description/share/moveit_resources_pr2_description/urdf/meshes/head_v0/head_pan.stl
[1.162s] -- Installing: /home/chathura/Documents/git-projects/Robotics-and-Automation-Labs/lab5/src/install/moveit_resources_pr2_description/share/moveit_resources_pr2_description/urdf/meshes/head_v0/convex
[1.162s] -- Installing: /home/chathura/Documents/git-projects/Robotics-and-Automation-Labs/lab5/src/install/moveit_resources_pr2_description/share/moveit_resources_pr2_description/urdf/meshes/head_v0/convex/head_tilt_L_convex.stlb
[1.162s] -- Installing: /home/chathura/Documents/git-projects/Robotics-and-Automation-Labs/lab5/src/install/moveit_resources_pr2_description/share/moveit_resources_pr2_description/urdf/meshes/head_v0/convex/head_tilt.dae
[1.162s] -- Installing: /home/chathura/Documents/git-projects/Robotics-and-Automation-Labs/lab5/src/install/moveit_resources_pr2_description/share/moveit_resources_pr2_description/urdf/meshes/head_v0/convex/head_tilt_convex.stlb
[1.162s] -- Installing: /home/chathura/Documents/git-projects/Robotics-and-Automation-Labs/lab5/src/install/moveit_resources_pr2_description/share/moveit_resources_pr2_description/urdf/meshes/head_v0/convex/head_pan_L_convex.stlb
[1.162s] -- Installing: /home/chathura/Documents/git-projects/Robotics-and-Automation-Labs/lab5/src/install/moveit_resources_pr2_description/share/moveit_resources_pr2_description/urdf/meshes/head_v0/convex/head_tilt.xml
[1.162s] -- Installing: /home/chathura/Documents/git-projects/Robotics-and-Automation-Labs/lab5/src/install/moveit_resources_pr2_description/share/moveit_resources_pr2_description/urdf/meshes/head_v0/convex/head_pan_convex.stla
[1.162s] -- Installing: /home/chathura/Documents/git-projects/Robotics-and-Automation-Labs/lab5/src/install/moveit_resources_pr2_description/share/moveit_resources_pr2_description/urdf/meshes/head_v0/convex/head_pan.xml
[1.163s] -- Installing: /home/chathura/Documents/git-projects/Robotics-and-Automation-Labs/lab5/src/install/moveit_resources_pr2_description/share/moveit_resources_pr2_description/urdf/meshes/head_v0/convex/head_tilt_convex.stla
[1.163s] -- Installing: /home/chathura/Documents/git-projects/Robotics-and-Automation-Labs/lab5/src/install/moveit_resources_pr2_description/share/moveit_resources_pr2_description/urdf/meshes/head_v0/convex/head_tilt_L.xml
[1.163s] -- Installing: /home/chathura/Documents/git-projects/Robotics-and-Automation-Labs/lab5/src/install/moveit_resources_pr2_description/share/moveit_resources_pr2_description/urdf/meshes/head_v0/convex/head_pan_L.xml
[1.163s] -- Installing: /home/chathura/Documents/git-projects/Robotics-and-Automation-Labs/lab5/src/install/moveit_resources_pr2_description/share/moveit_resources_pr2_description/urdf/meshes/head_v0/convex/head_tilt_L_convex.stla
[1.163s] -- Installing: /home/chathura/Documents/git-projects/Robotics-and-Automation-Labs/lab5/src/install/moveit_resources_pr2_description/share/moveit_resources_pr2_description/urdf/meshes/head_v0/convex/head_pan.dae
[1.163s] -- Installing: /home/chathura/Documents/git-projects/Robotics-and-Automation-Labs/lab5/src/install/moveit_resources_pr2_description/share/moveit_resources_pr2_description/urdf/meshes/head_v0/convex/head_tilt_L.dae
[1.163s] -- Installing: /home/chathura/Documents/git-projects/Robotics-and-Automation-Labs/lab5/src/install/moveit_resources_pr2_description/share/moveit_resources_pr2_description/urdf/meshes/head_v0/convex/head_pan_L.dae
[1.163s] -- Installing: /home/chathura/Documents/git-projects/Robotics-and-Automation-Labs/lab5/src/install/moveit_resources_pr2_description/share/moveit_resources_pr2_description/urdf/meshes/head_v0/convex/head_pan_L_convex.stla
[1.164s] -- Installing: /home/chathura/Documents/git-projects/Robotics-and-Automation-Labs/lab5/src/install/moveit_resources_pr2_description/share/moveit_resources_pr2_description/urdf/meshes/head_v0/convex/head_pan_convex.stlb
[1.164s] -- Installing: /home/chathura/Documents/git-projects/Robotics-and-Automation-Labs/lab5/src/install/moveit_resources_pr2_description/share/moveit_resources_pr2_description/urdf/meshes/head_v0/head_tilt.stl
[1.164s] -- Installing: /home/chathura/Documents/git-projects/Robotics-and-Automation-Labs/lab5/src/install/moveit_resources_pr2_description/share/moveit_resources_pr2_description/urdf/meshes/head_v0/head_pan.dae
[1.164s] -- Installing: /home/chathura/Documents/git-projects/Robotics-and-Automation-Labs/lab5/src/install/moveit_resources_pr2_description/share/moveit_resources_pr2_description/urdf/meshes/head_v0/head_tilt_color_yellow.tif
[1.164s] -- Installing: /home/chathura/Documents/git-projects/Robotics-and-Automation-Labs/lab5/src/install/moveit_resources_pr2_description/share/moveit_resources_pr2_description/urdf/meshes/head_v0/head_pan_L.stl
[1.165s] -- Installing: /home/chathura/Documents/git-projects/Robotics-and-Automation-Labs/lab5/src/install/moveit_resources_pr2_description/share/moveit_resources_pr2_description/urdf/meshes/head_v0/head_pan_normals.tif
[1.167s] -- Installing: /home/chathura/Documents/git-projects/Robotics-and-Automation-Labs/lab5/src/install/moveit_resources_pr2_description/share/moveit_resources_pr2_description/urdf/meshes/head_v0/head_tilt_color_red.tif
[1.167s] -- Installing: /home/chathura/Documents/git-projects/Robotics-and-Automation-Labs/lab5/src/install/moveit_resources_pr2_description/share/moveit_resources_pr2_description/urdf/meshes/head_v0/head_tilt_color.tif
[1.173s] -- Installing: /home/chathura/Documents/git-projects/Robotics-and-Automation-Labs/lab5/src/install/moveit_resources_pr2_description/share/moveit_resources_pr2_description/urdf/meshes/shoulder_v0
[1.173s] -- Installing: /home/chathura/Documents/git-projects/Robotics-and-Automation-Labs/lab5/src/install/moveit_resources_pr2_description/share/moveit_resources_pr2_description/urdf/meshes/shoulder_v0/shoulder_lift.dae
[1.173s] -- Installing: /home/chathura/Documents/git-projects/Robotics-and-Automation-Labs/lab5/src/install/moveit_resources_pr2_description/share/moveit_resources_pr2_description/urdf/meshes/shoulder_v0/shoulder_lift.stl
[1.173s] -- Installing: /home/chathura/Documents/git-projects/Robotics-and-Automation-Labs/lab5/src/install/moveit_resources_pr2_description/share/moveit_resources_pr2_description/urdf/meshes/shoulder_v0/upper_arm_roll_L.stl
[1.173s] -- Installing: /home/chathura/Documents/git-projects/Robotics-and-Automation-Labs/lab5/src/install/moveit_resources_pr2_description/share/moveit_resources_pr2_description/urdf/meshes/shoulder_v0/upper_arm_roll_normals.tif
[1.174s] -- Installing: /home/chathura/Documents/git-projects/Robotics-and-Automation-Labs/lab5/src/install/moveit_resources_pr2_description/share/moveit_resources_pr2_description/urdf/meshes/shoulder_v0/shoulder_lift_normals.tif
[1.175s] -- Installing: /home/chathura/Documents/git-projects/Robotics-and-Automation-Labs/lab5/src/install/moveit_resources_pr2_description/share/moveit_resources_pr2_description/urdf/meshes/shoulder_v0/upper_arm_roll.dae
[1.175s] -- Installing: /home/chathura/Documents/git-projects/Robotics-and-Automation-Labs/lab5/src/install/moveit_resources_pr2_description/share/moveit_resources_pr2_description/urdf/meshes/shoulder_v0/upper_arm_roll_color.tif
[1.175s] -- Installing: /home/chathura/Documents/git-projects/Robotics-and-Automation-Labs/lab5/src/install/moveit_resources_pr2_description/share/moveit_resources_pr2_description/urdf/meshes/shoulder_v0/convex
[1.175s] -- Installing: /home/chathura/Documents/git-projects/Robotics-and-Automation-Labs/lab5/src/install/moveit_resources_pr2_description/share/moveit_resources_pr2_description/urdf/meshes/shoulder_v0/convex/shoulder_lift.dae
[1.175s] -- Installing: /home/chathura/Documents/git-projects/Robotics-and-Automation-Labs/lab5/src/install/moveit_resources_pr2_description/share/moveit_resources_pr2_description/urdf/meshes/shoulder_v0/convex/shoulder_lift_convex.stlb
[1.176s] -- Installing: /home/chathura/Documents/git-projects/Robotics-and-Automation-Labs/lab5/src/install/moveit_resources_pr2_description/share/moveit_resources_pr2_description/urdf/meshes/shoulder_v0/convex/upper_arm_roll_convex.stla
[1.176s] -- Installing: /home/chathura/Documents/git-projects/Robotics-and-Automation-Labs/lab5/src/install/moveit_resources_pr2_description/share/moveit_resources_pr2_description/urdf/meshes/shoulder_v0/convex/shoulder_yaw_convex.stlb
[1.176s] -- Installing: /home/chathura/Documents/git-projects/Robotics-and-Automation-Labs/lab5/src/install/moveit_resources_pr2_description/share/moveit_resources_pr2_description/urdf/meshes/shoulder_v0/convex/shoulder_lift_convex.stla
[1.176s] -- Installing: /home/chathura/Documents/git-projects/Robotics-and-Automation-Labs/lab5/src/install/moveit_resources_pr2_description/share/moveit_resources_pr2_description/urdf/meshes/shoulder_v0/convex/upper_arm_roll.dae
[1.176s] -- Installing: /home/chathura/Documents/git-projects/Robotics-and-Automation-Labs/lab5/src/install/moveit_resources_pr2_description/share/moveit_resources_pr2_description/urdf/meshes/shoulder_v0/convex/shoulder_pan.xml
[1.177s] -- Installing: /home/chathura/Documents/git-projects/Robotics-and-Automation-Labs/lab5/src/install/moveit_resources_pr2_description/share/moveit_resources_pr2_description/urdf/meshes/shoulder_v0/convex/shoulder_lift.xml
[1.177s] -- Installing: /home/chathura/Documents/git-projects/Robotics-and-Automation-Labs/lab5/src/install/moveit_resources_pr2_description/share/moveit_resources_pr2_description/urdf/meshes/shoulder_v0/convex/shoulder_yaw_convex.stla
[1.177s] -- Installing: /home/chathura/Documents/git-projects/Robotics-and-Automation-Labs/lab5/src/install/moveit_resources_pr2_description/share/moveit_resources_pr2_description/urdf/meshes/shoulder_v0/convex/shoulder_yaw.xml
[1.177s] -- Installing: /home/chathura/Documents/git-projects/Robotics-and-Automation-Labs/lab5/src/install/moveit_resources_pr2_description/share/moveit_resources_pr2_description/urdf/meshes/shoulder_v0/convex/shoulder_pan_convex.stlb
[1.178s] -- Installing: /home/chathura/Documents/git-projects/Robotics-and-Automation-Labs/lab5/src/install/moveit_resources_pr2_description/share/moveit_resources_pr2_description/urdf/meshes/shoulder_v0/convex/upper_arm_roll_L_convex.stla
[1.178s] -- Installing: /home/chathura/Documents/git-projects/Robotics-and-Automation-Labs/lab5/src/install/moveit_resources_pr2_description/share/moveit_resources_pr2_description/urdf/meshes/shoulder_v0/convex/shoulder_pan.dae
[1.179s] -- Installing: /home/chathura/Documents/git-projects/Robotics-and-Automation-Labs/lab5/src/install/moveit_resources_pr2_description/share/moveit_resources_pr2_description/urdf/meshes/shoulder_v0/convex/upper_arm_roll_L.dae
[1.180s] -- Installing: /home/chathura/Documents/git-projects/Robotics-and-Automation-Labs/lab5/src/install/moveit_resources_pr2_description/share/moveit_resources_pr2_description/urdf/meshes/shoulder_v0/convex/shoulder_yaw.dae
[1.180s] -- Installing: /home/chathura/Documents/git-projects/Robotics-and-Automation-Labs/lab5/src/install/moveit_resources_pr2_description/share/moveit_resources_pr2_description/urdf/meshes/shoulder_v0/convex/upper_arm_roll_L_convex.stlb
[1.180s] -- Installing: /home/chathura/Documents/git-projects/Robotics-and-Automation-Labs/lab5/src/install/moveit_resources_pr2_description/share/moveit_resources_pr2_description/urdf/meshes/shoulder_v0/convex/upper_arm_roll.xml
[1.180s] -- Installing: /home/chathura/Documents/git-projects/Robotics-and-Automation-Labs/lab5/src/install/moveit_resources_pr2_description/share/moveit_resources_pr2_description/urdf/meshes/shoulder_v0/convex/upper_arm_roll_L.xml
[1.181s] -- Installing: /home/chathura/Documents/git-projects/Robotics-and-Automation-Labs/lab5/src/install/moveit_resources_pr2_description/share/moveit_resources_pr2_description/urdf/meshes/shoulder_v0/convex/upper_arm_roll_convex.stlb
[1.181s] -- Installing: /home/chathura/Documents/git-projects/Robotics-and-Automation-Labs/lab5/src/install/moveit_resources_pr2_description/share/moveit_resources_pr2_description/urdf/meshes/shoulder_v0/convex/shoulder_pan_convex.stla
[1.181s] -- Installing: /home/chathura/Documents/git-projects/Robotics-and-Automation-Labs/lab5/src/install/moveit_resources_pr2_description/share/moveit_resources_pr2_description/urdf/meshes/shoulder_v0/shoulder_pan.stl
[1.182s] -- Installing: /home/chathura/Documents/git-projects/Robotics-and-Automation-Labs/lab5/src/install/moveit_resources_pr2_description/share/moveit_resources_pr2_description/urdf/meshes/shoulder_v0/shoulder_pan_color.tif
[1.183s] -- Installing: /home/chathura/Documents/git-projects/Robotics-and-Automation-Labs/lab5/src/install/moveit_resources_pr2_description/share/moveit_resources_pr2_description/urdf/meshes/shoulder_v0/upper_arm_roll.stl
[1.184s] -- Installing: /home/chathura/Documents/git-projects/Robotics-and-Automation-Labs/lab5/src/install/moveit_resources_pr2_description/share/moveit_resources_pr2_description/urdf/meshes/shoulder_v0/shoulder_pan_normals.tif
[1.185s] -- Installing: /home/chathura/Documents/git-projects/Robotics-and-Automation-Labs/lab5/src/install/moveit_resources_pr2_description/share/moveit_resources_pr2_description/urdf/meshes/shoulder_v0/shoulder_yaw.stl
[1.186s] -- Installing: /home/chathura/Documents/git-projects/Robotics-and-Automation-Labs/lab5/src/install/moveit_resources_pr2_description/share/moveit_resources_pr2_description/urdf/meshes/shoulder_v0/shoulder_pan.dae
[1.186s] -- Installing: /home/chathura/Documents/git-projects/Robotics-and-Automation-Labs/lab5/src/install/moveit_resources_pr2_description/share/moveit_resources_pr2_description/urdf/meshes/shoulder_v0/shoulder_lift_color.tif
[1.186s] -- Installing: /home/chathura/Documents/git-projects/Robotics-and-Automation-Labs/lab5/src/install/moveit_resources_pr2_description/share/moveit_resources_pr2_description/urdf/meshes/sensors
[1.186s] -- Installing: /home/chathura/Documents/git-projects/Robotics-and-Automation-Labs/lab5/src/install/moveit_resources_pr2_description/share/moveit_resources_pr2_description/urdf/meshes/sensors/kinect_v0
[1.187s] -- Installing: /home/chathura/Documents/git-projects/Robotics-and-Automation-Labs/lab5/src/install/moveit_resources_pr2_description/share/moveit_resources_pr2_description/urdf/meshes/sensors/kinect_v0/kinect_mount.stl
[1.187s] -- Installing: /home/chathura/Documents/git-projects/Robotics-and-Automation-Labs/lab5/src/install/moveit_resources_pr2_description/share/moveit_resources_pr2_description/urdf/meshes/sensors/kinect_v0/kinect.dae
[1.187s] -- Installing: /home/chathura/Documents/git-projects/Robotics-and-Automation-Labs/lab5/src/install/moveit_resources_pr2_description/share/moveit_resources_pr2_description/urdf/meshes/sensors/kinect_v0/kinect.tga
[1.188s] -- Installing: /home/chathura/Documents/git-projects/Robotics-and-Automation-Labs/lab5/src/install/moveit_resources_pr2_description/share/moveit_resources_pr2_description/urdf/meshes/sensors/kinect_v0/kinect_color.tga
[1.188s] -- Installing: /home/chathura/Documents/git-projects/Robotics-and-Automation-Labs/lab5/src/install/moveit_resources_pr2_description/share/moveit_resources_pr2_description/urdf/meshes/sensors/kinect_prosilica_v0
[1.188s] -- Installing: /home/chathura/Documents/git-projects/Robotics-and-Automation-Labs/lab5/src/install/moveit_resources_pr2_description/share/moveit_resources_pr2_description/urdf/meshes/sensors/kinect_prosilica_v0/115x100_swept_fwd--coarse.STL
[1.190s] -- Installing: /home/chathura/Documents/git-projects/Robotics-and-Automation-Labs/lab5/src/install/moveit_resources_pr2_description/share/moveit_resources_pr2_description/urdf/meshes/sensors/kinect_prosilica_v0/115x100_swept_back--coarse.STL
[1.191s] -- Installing: /home/chathura/Documents/git-projects/Robotics-and-Automation-Labs/lab5/src/install/moveit_resources_pr2_description/share/moveit_resources_pr2_description/urdf/meshes/sensors/kinect_prosilica_v0/68-04546_Kinect_Sensor--coarse.STL
[1.191s] -- Installing: /home/chathura/Documents/git-projects/Robotics-and-Automation-Labs/lab5/src/install/moveit_resources_pr2_description/share/moveit_resources_pr2_description/urdf/meshes/sensors/kinect_prosilica_v0/115x100_swept_fwd_no_sensors--coarse.STL
[1.192s] -- Installing: /home/chathura/Documents/git-projects/Robotics-and-Automation-Labs/lab5/src/install/moveit_resources_pr2_description/share/moveit_resources_pr2_description/urdf/meshes/sensors/kinect_prosilica_v0/Prosilica_w_Lens--coarse.STL
[1.194s] -- Installing: /home/chathura/Documents/git-projects/Robotics-and-Automation-Labs/lab5/src/install/moveit_resources_pr2_description/share/moveit_resources_pr2_description/urdf/meshes/sensors/kinect_prosilica_v0/115x100_swept_back_no_sensors--coarse.STL
[1.195s] -- Installing: /home/chathura/Documents/git-projects/Robotics-and-Automation-Labs/lab5/src/install/moveit_resources_pr2_description/share/moveit_resources_pr2_description/urdf/robot.xml
[1.196s] -- Installing: /home/chathura/Documents/git-projects/Robotics-and-Automation-Labs/lab5/src/install/moveit_resources_pr2_description/share/moveit_resources_pr2_description/urdf/materials
[1.196s] -- Installing: /home/chathura/Documents/git-projects/Robotics-and-Automation-Labs/lab5/src/install/moveit_resources_pr2_description/share/moveit_resources_pr2_description/urdf/materials/textures
[1.196s] -- Installing: /home/chathura/Documents/git-projects/Robotics-and-Automation-Labs/lab5/src/install/moveit_resources_pr2_description/share/moveit_resources_pr2_description/urdf/materials/textures/pr2_wheel_right.png
[1.196s] -- Installing: /home/chathura/Documents/git-projects/Robotics-and-Automation-Labs/lab5/src/install/moveit_resources_pr2_description/share/moveit_resources_pr2_description/urdf/materials/textures/pr2_wheel_left.png
[1.196s] -- Installing: /home/chathura/Documents/git-projects/Robotics-and-Automation-Labs/lab5/src/install/moveit_resources_pr2_description/share/moveit_resources_pr2_description/urdf/materials/textures/pr2_caster_texture.png
[1.196s] -- Installing: /home/chathura/Documents/git-projects/Robotics-and-Automation-Labs/lab5/src/install/moveit_resources_pr2_description/share/moveit_resources_pr2_description/kinect.dae
[1.361s] Invoked command in '/home/chathura/Documents/git-projects/Robotics-and-Automation-Labs/lab5/src/build/moveit_resources_pr2_description' returned '0': CMAKE_PREFIX_PATH=/opt/ros/humble /usr/bin/cmake --install /home/chathura/Documents/git-projects/Robotics-and-Automation-Labs/lab5/src/build/moveit_resources_pr2_description
