[1.086s] DEBUG:colcon:Command line arguments: ['/usr/bin/colcon', 'build']
[1.086s] DEBUG:colcon:Parsed command line arguments: Namespace(log_base=None, log_level=None, verb_name='build', build_base='build', install_base='install', merge_install=False, symlink_install=False, test_result_base=None, continue_on_error=False, executor='parallel', parallel_workers=16, event_handlers=None, ignore_user_meta=False, metas=['./colcon.meta'], base_paths=['.'], packages_ignore=None, packages_ignore_regex=None, paths=None, packages_up_to=None, packages_up_to_regex=None, packages_above=None, packages_above_and_dependencies=None, packages_above_depth=None, packages_select_by_dep=None, packages_skip_by_dep=None, packages_skip_up_to=None, packages_select_build_failed=False, packages_skip_build_finished=False, packages_select_test_failures=False, packages_skip_test_passed=False, packages_select=None, packages_skip=None, packages_select_regex=None, packages_skip_regex=None, packages_start=None, packages_end=None, allow_overriding=[], cmake_args=None, cmake_target=None, cmake_target_skip_unavailable=False, cmake_clean_cache=False, cmake_clean_first=False, cmake_force_configure=False, ament_cmake_args=None, catkin_cmake_args=None, catkin_skip_building_tests=False, mixin_files=None, mixin=None, verb_parser=<colcon_mixin.mixin.mixin_argument.MixinArgumentDecorator object at 0x764f1bfceb60>, verb_extension=<colcon_core.verb.build.BuildVerb object at 0x764f1bfc2b30>, main=<bound method BuildVerb.main of <colcon_core.verb.build.BuildVerb object at 0x764f1bfc2b30>>, mixin_verb=('build',))
[1.130s] Level 1:colcon.colcon_core.package_discovery:discover_packages(colcon_meta) check parameters
[1.130s] Level 1:colcon.colcon_core.package_discovery:discover_packages(recursive) check parameters
[1.130s] Level 1:colcon.colcon_core.package_discovery:discover_packages(ignore) check parameters
[1.130s] Level 1:colcon.colcon_core.package_discovery:discover_packages(path) check parameters
[1.130s] Level 1:colcon.colcon_core.package_discovery:discover_packages(colcon_meta) discover
[1.130s] Level 1:colcon.colcon_core.package_discovery:discover_packages(recursive) discover
[1.130s] INFO:colcon.colcon_core.package_discovery:Crawling recursively for packages in '/home/chathura/Documents/git-projects/Robotics-and-Automation-Labs/Lab7/advanced_sim'
[1.130s] Level 1:colcon.colcon_core.package_identification:_identify(.) by extensions ['ignore', 'ignore_ament_install']
[1.131s] Level 1:colcon.colcon_core.package_identification:_identify(.) by extension 'ignore'
[1.131s] Level 1:colcon.colcon_core.package_identification:_identify(.) by extension 'ignore_ament_install'
[1.131s] Level 1:colcon.colcon_core.package_identification:_identify(.) by extensions ['colcon_pkg']
[1.131s] Level 1:colcon.colcon_core.package_identification:_identify(.) by extension 'colcon_pkg'
[1.131s] Level 1:colcon.colcon_core.package_identification:_identify(.) by extensions ['colcon_meta']
[1.131s] Level 1:colcon.colcon_core.package_identification:_identify(.) by extension 'colcon_meta'
[1.131s] Level 1:colcon.colcon_core.package_identification:_identify(.) by extensions ['ros']
[1.131s] Level 1:colcon.colcon_core.package_identification:_identify(.) by extension 'ros'
[1.138s] Level 1:colcon.colcon_core.package_identification:_identify(.) by extensions ['cmake', 'python']
[1.139s] Level 1:colcon.colcon_core.package_identification:_identify(.) by extension 'cmake'
[1.139s] Level 1:colcon.colcon_core.package_identification:_identify(.) by extension 'python'
[1.139s] Level 1:colcon.colcon_core.package_identification:_identify(.) by extensions ['python_setup_py']
[1.139s] Level 1:colcon.colcon_core.package_identification:_identify(.) by extension 'python_setup_py'
[1.139s] Level 1:colcon.colcon_core.package_identification:_identify(build) by extensions ['ignore', 'ignore_ament_install']
[1.139s] Level 1:colcon.colcon_core.package_identification:_identify(build) by extension 'ignore'
[1.139s] Level 1:colcon.colcon_core.package_identification:_identify(build) ignored
[1.139s] Level 1:colcon.colcon_core.package_identification:_identify(install) by extensions ['ignore', 'ignore_ament_install']
[1.139s] Level 1:colcon.colcon_core.package_identification:_identify(install) by extension 'ignore'
[1.139s] Level 1:colcon.colcon_core.package_identification:_identify(install) ignored
[1.139s] Level 1:colcon.colcon_core.package_identification:_identify(log) by extensions ['ignore', 'ignore_ament_install']
[1.139s] Level 1:colcon.colcon_core.package_identification:_identify(log) by extension 'ignore'
[1.139s] Level 1:colcon.colcon_core.package_identification:_identify(log) ignored
[1.139s] Level 1:colcon.colcon_core.package_identification:_identify(sim_robot) by extensions ['ignore', 'ignore_ament_install']
[1.139s] Level 1:colcon.colcon_core.package_identification:_identify(sim_robot) by extension 'ignore'
[1.139s] Level 1:colcon.colcon_core.package_identification:_identify(sim_robot) by extension 'ignore_ament_install'
[1.139s] Level 1:colcon.colcon_core.package_identification:_identify(sim_robot) by extensions ['colcon_pkg']
[1.139s] Level 1:colcon.colcon_core.package_identification:_identify(sim_robot) by extension 'colcon_pkg'
[1.139s] Level 1:colcon.colcon_core.package_identification:_identify(sim_robot) by extensions ['colcon_meta']
[1.140s] Level 1:colcon.colcon_core.package_identification:_identify(sim_robot) by extension 'colcon_meta'
[1.140s] Level 1:colcon.colcon_core.package_identification:_identify(sim_robot) by extensions ['ros']
[1.140s] Level 1:colcon.colcon_core.package_identification:_identify(sim_robot) by extension 'ros'
[1.142s] DEBUG:colcon.colcon_core.package_identification:Package 'sim_robot' with type 'ros.ament_python' and name 'sim_robot'
[1.142s] Level 1:colcon.colcon_core.package_discovery:discover_packages(recursive) using defaults
[1.142s] Level 1:colcon.colcon_core.package_discovery:discover_packages(ignore) discover
[1.142s] Level 1:colcon.colcon_core.package_discovery:discover_packages(ignore) using defaults
[1.142s] Level 1:colcon.colcon_core.package_discovery:discover_packages(path) discover
[1.142s] Level 1:colcon.colcon_core.package_discovery:discover_packages(path) using defaults
[1.222s] Level 1:colcon.colcon_core.package_discovery:discover_packages(prefix_path) check parameters
[1.222s] Level 1:colcon.colcon_core.package_discovery:discover_packages(prefix_path) discover
[1.250s] DEBUG:colcon.colcon_installed_package_information.package_discovery:Found 424 installed packages in /opt/ros/humble
[1.251s] Level 1:colcon.colcon_core.package_discovery:discover_packages(prefix_path) using defaults
[1.338s] Level 5:colcon.colcon_core.verb:set package 'sim_robot' build argument 'cmake_args' from command line to 'None'
[1.338s] Level 5:colcon.colcon_core.verb:set package 'sim_robot' build argument 'cmake_target' from command line to 'None'
[1.338s] Level 5:colcon.colcon_core.verb:set package 'sim_robot' build argument 'cmake_target_skip_unavailable' from command line to 'False'
[1.338s] Level 5:colcon.colcon_core.verb:set package 'sim_robot' build argument 'cmake_clean_cache' from command line to 'False'
[1.338s] Level 5:colcon.colcon_core.verb:set package 'sim_robot' build argument 'cmake_clean_first' from command line to 'False'
[1.338s] Level 5:colcon.colcon_core.verb:set package 'sim_robot' build argument 'cmake_force_configure' from command line to 'False'
[1.338s] Level 5:colcon.colcon_core.verb:set package 'sim_robot' build argument 'ament_cmake_args' from command line to 'None'
[1.338s] Level 5:colcon.colcon_core.verb:set package 'sim_robot' build argument 'catkin_cmake_args' from command line to 'None'
[1.338s] Level 5:colcon.colcon_core.verb:set package 'sim_robot' build argument 'catkin_skip_building_tests' from command line to 'False'
[1.338s] DEBUG:colcon.colcon_core.verb:Building package 'sim_robot' with the following arguments: {'ament_cmake_args': None, 'build_base': '/home/chathura/Documents/git-projects/Robotics-and-Automation-Labs/Lab7/advanced_sim/build/sim_robot', 'catkin_cmake_args': None, 'catkin_skip_building_tests': False, 'cmake_args': None, 'cmake_clean_cache': False, 'cmake_clean_first': False, 'cmake_force_configure': False, 'cmake_target': None, 'cmake_target_skip_unavailable': False, 'install_base': '/home/chathura/Documents/git-projects/Robotics-and-Automation-Labs/Lab7/advanced_sim/install/sim_robot', 'merge_install': False, 'path': '/home/chathura/Documents/git-projects/Robotics-and-Automation-Labs/Lab7/advanced_sim/sim_robot', 'symlink_install': False, 'test_result_base': None}
[1.351s] INFO:colcon.colcon_core.executor:Executing jobs using 'parallel' executor
[1.364s] DEBUG:colcon.colcon_parallel_executor.executor.parallel:run_until_complete
[1.365s] INFO:colcon.colcon_ros.task.ament_python.build:Building ROS package in '/home/chathura/Documents/git-projects/Robotics-and-Automation-Labs/Lab7/advanced_sim/sim_robot' with build type 'ament_python'
[1.365s] Level 1:colcon.colcon_core.shell:create_environment_hook('sim_robot', 'ament_prefix_path')
[1.379s] INFO:colcon.colcon_core.plugin_system:Skipping extension 'colcon_core.shell.bat': Not used on non-Windows systems
[1.379s] INFO:colcon.colcon_core.shell:Creating environment hook '/home/chathura/Documents/git-projects/Robotics-and-Automation-Labs/Lab7/advanced_sim/install/sim_robot/share/sim_robot/hook/ament_prefix_path.ps1'
[1.380s] INFO:colcon.colcon_core.shell:Creating environment descriptor '/home/chathura/Documents/git-projects/Robotics-and-Automation-Labs/Lab7/advanced_sim/install/sim_robot/share/sim_robot/hook/ament_prefix_path.dsv'
[1.380s] INFO:colcon.colcon_core.shell:Creating environment hook '/home/chathura/Documents/git-projects/Robotics-and-Automation-Labs/Lab7/advanced_sim/install/sim_robot/share/sim_robot/hook/ament_prefix_path.sh'
[1.393s] INFO:colcon.colcon_core.shell:Skip shell extension 'powershell' for command environment: Not usable outside of PowerShell
[1.393s] DEBUG:colcon.colcon_core.shell:Skip shell extension 'dsv' for command environment
[1.623s] INFO:colcon.colcon_core.task.python.build:Building Python package in '/home/chathura/Documents/git-projects/Robotics-and-Automation-Labs/Lab7/advanced_sim/sim_robot'
[1.636s] INFO:colcon.colcon_core.shell:Skip shell extension 'powershell' for command environment: Not usable outside of PowerShell
[1.636s] DEBUG:colcon.colcon_core.shell:Skip shell extension 'dsv' for command environment
[1.937s] DEBUG:colcon.colcon_core.event_handler.log_command:Invoking command in '/home/chathura/Documents/git-projects/Robotics-and-Automation-Labs/Lab7/advanced_sim/sim_robot': PYTHONPATH=/home/chathura/Documents/git-projects/Robotics-and-Automation-Labs/Lab7/advanced_sim/build/sim_robot/prefix_override:/home/chathura/Documents/git-projects/Robotics-and-Automation-Labs/Lab7/advanced_sim/install/sim_robot/lib/python3.10/site-packages:${PYTHONPATH} /usr/bin/python3 setup.py egg_info --egg-base ../build/sim_robot build --build-base /home/chathura/Documents/git-projects/Robotics-and-Automation-Labs/Lab7/advanced_sim/build/sim_robot/build install --record /home/chathura/Documents/git-projects/Robotics-and-Automation-Labs/Lab7/advanced_sim/build/sim_robot/install.log --single-version-externally-managed
[2.163s] DEBUG:colcon.colcon_core.event_handler.log_command:Invoked command in '/home/chathura/Documents/git-projects/Robotics-and-Automation-Labs/Lab7/advanced_sim/sim_robot' returned '0': PYTHONPATH=/home/chathura/Documents/git-projects/Robotics-and-Automation-Labs/Lab7/advanced_sim/build/sim_robot/prefix_override:/home/chathura/Documents/git-projects/Robotics-and-Automation-Labs/Lab7/advanced_sim/install/sim_robot/lib/python3.10/site-packages:${PYTHONPATH} /usr/bin/python3 setup.py egg_info --egg-base ../build/sim_robot build --build-base /home/chathura/Documents/git-projects/Robotics-and-Automation-Labs/Lab7/advanced_sim/build/sim_robot/build install --record /home/chathura/Documents/git-projects/Robotics-and-Automation-Labs/Lab7/advanced_sim/build/sim_robot/install.log --single-version-externally-managed
[2.177s] Level 1:colcon.colcon_core.environment:checking '/home/chathura/Documents/git-projects/Robotics-and-Automation-Labs/Lab7/advanced_sim/install/sim_robot' for CMake module files
[2.177s] Level 1:colcon.colcon_core.environment:checking '/home/chathura/Documents/git-projects/Robotics-and-Automation-Labs/Lab7/advanced_sim/install/sim_robot' for CMake config files
[2.178s] Level 1:colcon.colcon_core.environment:checking '/home/chathura/Documents/git-projects/Robotics-and-Automation-Labs/Lab7/advanced_sim/install/sim_robot/lib'
[2.178s] Level 1:colcon.colcon_core.environment:checking '/home/chathura/Documents/git-projects/Robotics-and-Automation-Labs/Lab7/advanced_sim/install/sim_robot/bin'
[2.178s] Level 1:colcon.colcon_core.environment:checking '/home/chathura/Documents/git-projects/Robotics-and-Automation-Labs/Lab7/advanced_sim/install/sim_robot/lib/pkgconfig/sim_robot.pc'
[2.178s] Level 1:colcon.colcon_core.environment:checking '/home/chathura/Documents/git-projects/Robotics-and-Automation-Labs/Lab7/advanced_sim/install/sim_robot/lib/python3.10/site-packages'
[2.178s] Level 1:colcon.colcon_core.shell:create_environment_hook('sim_robot', 'pythonpath')
[2.191s] INFO:colcon.colcon_core.shell:Creating environment hook '/home/chathura/Documents/git-projects/Robotics-and-Automation-Labs/Lab7/advanced_sim/install/sim_robot/share/sim_robot/hook/pythonpath.ps1'
[2.191s] INFO:colcon.colcon_core.shell:Creating environment descriptor '/home/chathura/Documents/git-projects/Robotics-and-Automation-Labs/Lab7/advanced_sim/install/sim_robot/share/sim_robot/hook/pythonpath.dsv'
[2.191s] INFO:colcon.colcon_core.shell:Creating environment hook '/home/chathura/Documents/git-projects/Robotics-and-Automation-Labs/Lab7/advanced_sim/install/sim_robot/share/sim_robot/hook/pythonpath.sh'
[2.192s] Level 1:colcon.colcon_core.environment:checking '/home/chathura/Documents/git-projects/Robotics-and-Automation-Labs/Lab7/advanced_sim/install/sim_robot/bin'
[2.192s] Level 1:colcon.colcon_core.environment:create_environment_scripts_only(sim_robot)
[2.205s] INFO:colcon.colcon_core.shell:Creating package script '/home/chathura/Documents/git-projects/Robotics-and-Automation-Labs/Lab7/advanced_sim/install/sim_robot/share/sim_robot/package.ps1'
[2.205s] INFO:colcon.colcon_core.shell:Creating package descriptor '/home/chathura/Documents/git-projects/Robotics-and-Automation-Labs/Lab7/advanced_sim/install/sim_robot/share/sim_robot/package.dsv'
[2.206s] INFO:colcon.colcon_core.shell:Creating package script '/home/chathura/Documents/git-projects/Robotics-and-Automation-Labs/Lab7/advanced_sim/install/sim_robot/share/sim_robot/package.sh'
[2.206s] INFO:colcon.colcon_core.shell:Creating package script '/home/chathura/Documents/git-projects/Robotics-and-Automation-Labs/Lab7/advanced_sim/install/sim_robot/share/sim_robot/package.bash'
[2.207s] INFO:colcon.colcon_core.shell:Creating package script '/home/chathura/Documents/git-projects/Robotics-and-Automation-Labs/Lab7/advanced_sim/install/sim_robot/share/sim_robot/package.zsh'
[2.207s] Level 1:colcon.colcon_core.environment:create_file_with_runtime_dependencies(/home/chathura/Documents/git-projects/Robotics-and-Automation-Labs/Lab7/advanced_sim/install/sim_robot/share/colcon-core/packages/sim_robot)
[2.207s] DEBUG:colcon.colcon_parallel_executor.executor.parallel:closing loop
[2.208s] DEBUG:colcon.colcon_parallel_executor.executor.parallel:loop closed
[2.208s] DEBUG:colcon.colcon_parallel_executor.executor.parallel:run_until_complete finished with '0'
[2.208s] DEBUG:colcon.colcon_core.event_reactor:joining thread
[2.225s] INFO:colcon.colcon_core.plugin_system:Skipping extension 'colcon_notification.desktop_notification.terminal_notifier': Not used on non-Darwin systems
[2.225s] INFO:colcon.colcon_core.plugin_system:Skipping extension 'colcon_notification.desktop_notification.win32': Not used on non-Windows systems
[2.225s] INFO:colcon.colcon_notification.desktop_notification:Sending desktop notification using 'notify2'
[2.234s] DEBUG:colcon.colcon_core.event_reactor:joined thread
[2.247s] INFO:colcon.colcon_core.shell:Creating prefix script '/home/chathura/Documents/git-projects/Robotics-and-Automation-Labs/Lab7/advanced_sim/install/local_setup.ps1'
[2.248s] INFO:colcon.colcon_core.shell:Creating prefix util module '/home/chathura/Documents/git-projects/Robotics-and-Automation-Labs/Lab7/advanced_sim/install/_local_setup_util_ps1.py'
[2.249s] INFO:colcon.colcon_core.shell:Creating prefix chain script '/home/chathura/Documents/git-projects/Robotics-and-Automation-Labs/Lab7/advanced_sim/install/setup.ps1'
[2.262s] INFO:colcon.colcon_core.shell:Creating prefix script '/home/chathura/Documents/git-projects/Robotics-and-Automation-Labs/Lab7/advanced_sim/install/local_setup.sh'
[2.262s] INFO:colcon.colcon_core.shell:Creating prefix util module '/home/chathura/Documents/git-projects/Robotics-and-Automation-Labs/Lab7/advanced_sim/install/_local_setup_util_sh.py'
[2.262s] INFO:colcon.colcon_core.shell:Creating prefix chain script '/home/chathura/Documents/git-projects/Robotics-and-Automation-Labs/Lab7/advanced_sim/install/setup.sh'
[2.276s] INFO:colcon.colcon_core.shell:Creating prefix script '/home/chathura/Documents/git-projects/Robotics-and-Automation-Labs/Lab7/advanced_sim/install/local_setup.bash'
[2.276s] INFO:colcon.colcon_core.shell:Creating prefix chain script '/home/chathura/Documents/git-projects/Robotics-and-Automation-Labs/Lab7/advanced_sim/install/setup.bash'
[2.289s] INFO:colcon.colcon_core.shell:Creating prefix script '/home/chathura/Documents/git-projects/Robotics-and-Automation-Labs/Lab7/advanced_sim/install/local_setup.zsh'
[2.290s] INFO:colcon.colcon_core.shell:Creating prefix chain script '/home/chathura/Documents/git-projects/Robotics-and-Automation-Labs/Lab7/advanced_sim/install/setup.zsh'
