[0.685s] Invoking command in '/home/chathura/Documents/git-projects/Robotics-and-Automation-Labs/lab5/src/launch_param_builder': PYTHONPATH=/home/chathura/Documents/git-projects/Robotics-and-Automation-Labs/lab5/build/launch_param_builder/prefix_override:/home/chathura/Documents/git-projects/Robotics-and-Automation-Labs/lab5/install/launch_param_builder/lib/python3.10/site-packages:${PYTHONPATH} /usr/bin/python3 setup.py egg_info --egg-base ../../build/launch_param_builder build --build-base /home/chathura/Documents/git-projects/Robotics-and-Automation-Labs/lab5/build/launch_param_builder/build install --record /home/chathura/Documents/git-projects/Robotics-and-Automation-Labs/lab5/build/launch_param_builder/install.log --single-version-externally-managed
[0.866s] running egg_info
[0.867s] creating ../../build/launch_param_builder/launch_param_builder.egg-info
[0.867s] writing ../../build/launch_param_builder/launch_param_builder.egg-info/PKG-INFO
[0.867s] writing dependency_links to ../../build/launch_param_builder/launch_param_builder.egg-info/dependency_links.txt
[0.867s] writing entry points to ../../build/launch_param_builder/launch_param_builder.egg-info/entry_points.txt
[0.867s] writing requirements to ../../build/launch_param_builder/launch_param_builder.egg-info/requires.txt
[0.868s] writing top-level names to ../../build/launch_param_builder/launch_param_builder.egg-info/top_level.txt
[0.868s] writing manifest file '../../build/launch_param_builder/launch_param_builder.egg-info/SOURCES.txt'
[0.881s] reading manifest file '../../build/launch_param_builder/launch_param_builder.egg-info/SOURCES.txt'
[0.881s] adding license file 'LICENSE'
[0.881s] writing manifest file '../../build/launch_param_builder/launch_param_builder.egg-info/SOURCES.txt'
[0.881s] running build
[0.881s] running build_py
[0.882s] creating /home/chathura/Documents/git-projects/Robotics-and-Automation-Labs/lab5/build/launch_param_builder/build
[0.882s] creating /home/chathura/Documents/git-projects/Robotics-and-Automation-Labs/lab5/build/launch_param_builder/build/lib
[0.882s] creating /home/chathura/Documents/git-projects/Robotics-and-Automation-Labs/lab5/build/launch_param_builder/build/lib/launch_param_builder
[0.882s] copying launch_param_builder/utils.py -> /home/chathura/Documents/git-projects/Robotics-and-Automation-Labs/lab5/build/launch_param_builder/build/lib/launch_param_builder
[0.882s] copying launch_param_builder/launch_param_builder.py -> /home/chathura/Documents/git-projects/Robotics-and-Automation-Labs/lab5/build/launch_param_builder/build/lib/launch_param_builder
[0.882s] copying launch_param_builder/__init__.py -> /home/chathura/Documents/git-projects/Robotics-and-Automation-Labs/lab5/build/launch_param_builder/build/lib/launch_param_builder
[0.882s] running install
[0.883s] /usr/lib/python3/dist-packages/setuptools/command/install.py:34: SetuptoolsDeprecationWarning: setup.py install is deprecated. Use build and pip and other standards-based tools.
[0.883s]   warnings.warn(
[0.883s] running install_lib
[0.883s] creating /home/chathura/Documents/git-projects/Robotics-and-Automation-Labs/lab5/install/launch_param_builder/lib/python3.10/site-packages/launch_param_builder
[0.884s] copying /home/chathura/Documents/git-projects/Robotics-and-Automation-Labs/lab5/build/launch_param_builder/build/lib/launch_param_builder/utils.py -> /home/chathura/Documents/git-projects/Robotics-and-Automation-Labs/lab5/install/launch_param_builder/lib/python3.10/site-packages/launch_param_builder
[0.884s] copying /home/chathura/Documents/git-projects/Robotics-and-Automation-Labs/lab5/build/launch_param_builder/build/lib/launch_param_builder/launch_param_builder.py -> /home/chathura/Documents/git-projects/Robotics-and-Automation-Labs/lab5/install/launch_param_builder/lib/python3.10/site-packages/launch_param_builder
[0.884s] copying /home/chathura/Documents/git-projects/Robotics-and-Automation-Labs/lab5/build/launch_param_builder/build/lib/launch_param_builder/__init__.py -> /home/chathura/Documents/git-projects/Robotics-and-Automation-Labs/lab5/install/launch_param_builder/lib/python3.10/site-packages/launch_param_builder
[0.884s] byte-compiling /home/chathura/Documents/git-projects/Robotics-and-Automation-Labs/lab5/install/launch_param_builder/lib/python3.10/site-packages/launch_param_builder/utils.py to utils.cpython-310.pyc
[0.885s] byte-compiling /home/chathura/Documents/git-projects/Robotics-and-Automation-Labs/lab5/install/launch_param_builder/lib/python3.10/site-packages/launch_param_builder/launch_param_builder.py to launch_param_builder.cpython-310.pyc
[0.885s] byte-compiling /home/chathura/Documents/git-projects/Robotics-and-Automation-Labs/lab5/install/launch_param_builder/lib/python3.10/site-packages/launch_param_builder/__init__.py to __init__.cpython-310.pyc
[0.885s] running install_data
[0.885s] creating /home/chathura/Documents/git-projects/Robotics-and-Automation-Labs/lab5/install/launch_param_builder/share/ament_index
[0.885s] creating /home/chathura/Documents/git-projects/Robotics-and-Automation-Labs/lab5/install/launch_param_builder/share/ament_index/resource_index
[0.886s] creating /home/chathura/Documents/git-projects/Robotics-and-Automation-Labs/lab5/install/launch_param_builder/share/ament_index/resource_index/packages
[0.886s] copying resource/launch_param_builder -> /home/chathura/Documents/git-projects/Robotics-and-Automation-Labs/lab5/install/launch_param_builder/share/ament_index/resource_index/packages
[0.886s] creating /home/chathura/Documents/git-projects/Robotics-and-Automation-Labs/lab5/install/launch_param_builder/share/launch_param_builder/launch
[0.886s] copying example/launch_param_builder_example.launch.py -> /home/chathura/Documents/git-projects/Robotics-and-Automation-Labs/lab5/install/launch_param_builder/share/launch_param_builder/launch
[0.886s] creating /home/chathura/Documents/git-projects/Robotics-and-Automation-Labs/lab5/install/launch_param_builder/share/launch_param_builder/config
[0.886s] copying test/data/parameters.yaml -> /home/chathura/Documents/git-projects/Robotics-and-Automation-Labs/lab5/install/launch_param_builder/share/launch_param_builder/config
[0.886s] copying test/data/param_file_to_inject.yaml -> /home/chathura/Documents/git-projects/Robotics-and-Automation-Labs/lab5/install/launch_param_builder/share/launch_param_builder/config
[0.886s] copying test/data/parameter_file -> /home/chathura/Documents/git-projects/Robotics-and-Automation-Labs/lab5/install/launch_param_builder/share/launch_param_builder/config
[0.887s] copying test/data/parameters_injection.yaml -> /home/chathura/Documents/git-projects/Robotics-and-Automation-Labs/lab5/install/launch_param_builder/share/launch_param_builder/config
[0.887s] copying test/data/parameter.xacro -> /home/chathura/Documents/git-projects/Robotics-and-Automation-Labs/lab5/install/launch_param_builder/share/launch_param_builder/config
[0.887s] copying package.xml -> /home/chathura/Documents/git-projects/Robotics-and-Automation-Labs/lab5/install/launch_param_builder/share/launch_param_builder
[0.887s] creating /home/chathura/Documents/git-projects/Robotics-and-Automation-Labs/lab5/install/launch_param_builder/lib/launch_param_builder
[0.887s] copying example/example_node.py -> /home/chathura/Documents/git-projects/Robotics-and-Automation-Labs/lab5/install/launch_param_builder/lib/launch_param_builder
[0.887s] running install_egg_info
[0.888s] Copying ../../build/launch_param_builder/launch_param_builder.egg-info to /home/chathura/Documents/git-projects/Robotics-and-Automation-Labs/lab5/install/launch_param_builder/lib/python3.10/site-packages/launch_param_builder-0.1.1-py3.10.egg-info
[0.889s] running install_scripts
[0.904s] writing list of installed files to '/home/chathura/Documents/git-projects/Robotics-and-Automation-Labs/lab5/build/launch_param_builder/install.log'
[0.920s] Invoked command in '/home/chathura/Documents/git-projects/Robotics-and-Automation-Labs/lab5/src/launch_param_builder' returned '0': PYTHONPATH=/home/chathura/Documents/git-projects/Robotics-and-Automation-Labs/lab5/build/launch_param_builder/prefix_override:/home/chathura/Documents/git-projects/Robotics-and-Automation-Labs/lab5/install/launch_param_builder/lib/python3.10/site-packages:${PYTHONPATH} /usr/bin/python3 setup.py egg_info --egg-base ../../build/launch_param_builder build --build-base /home/chathura/Documents/git-projects/Robotics-and-Automation-Labs/lab5/build/launch_param_builder/build install --record /home/chathura/Documents/git-projects/Robotics-and-Automation-Labs/lab5/build/launch_param_builder/install.log --single-version-externally-managed
