[0.066s] Invoking command in '/home/chathura/Documents/git-projects/Robotics-and-Automation-Labs/lab5/src/build/moveit_ros_control_interface': AMENT_PREFIX_PATH=/home/chathura/Documents/git-projects/Robotics-and-Automation-Labs/lab5/src/install/moveit_simple_controller_manager:/home/chathura/Documents/git-projects/Robotics-and-Automation-Labs/lab5/src/install/moveit_core:/home/chathura/Documents/git-projects/Robotics-and-Automation-Labs/lab5/src/install/srdfdom:/home/chathura/Documents/git-projects/Robotics-and-Automation-Labs/lab5/src/install/moveit_common:${AMENT_PREFIX_PATH} CMAKE_PREFIX_PATH=/home/chathura/Documents/git-projects/Robotics-and-Automation-Labs/lab5/src/install/moveit_simple_controller_manager:/home/chathura/Documents/git-projects/Robotics-and-Automation-Labs/lab5/src/install/moveit_core:/home/chathura/Documents/git-projects/Robotics-and-Automation-Labs/lab5/src/install/srdfdom:/home/chathura/Documents/git-projects/Robotics-and-Automation-Labs/lab5/src/install/moveit_common:/opt/ros/humble LD_LIBRARY_PATH=/home/chathura/Documents/git-projects/Robotics-and-Automation-Labs/lab5/src/install/moveit_simple_controller_manager/lib:/home/chathura/Documents/git-projects/Robotics-and-Automation-Labs/lab5/src/install/moveit_core/lib:/home/chathura/Documents/git-projects/Robotics-and-Automation-Labs/lab5/src/install/srdfdom/lib:${LD_LIBRARY_PATH} PATH=/home/chathura/Documents/git-projects/Robotics-and-Automation-Labs/lab5/src/install/moveit_core/bin:${PATH} PYTHONPATH=/home/chathura/Documents/git-projects/Robotics-and-Automation-Labs/lab5/src/install/srdfdom/local/lib/python3.10/dist-packages:${PYTHONPATH} /usr/bin/cmake /home/chathura/Documents/git-projects/Robotics-and-Automation-Labs/lab5/src/moveit2/moveit_plugins/moveit_ros_control_interface -DCMAKE_BUILD_TYPE=Release -DCMAKE_INSTALL_PREFIX=/home/chathura/Documents/git-projects/Robotics-and-Automation-Labs/lab5/src/install/moveit_ros_control_interface
[0.125s] -- The C compiler identification is GNU 11.4.0
[0.184s] -- The CXX compiler identification is GNU 11.4.0
[0.191s] -- Detecting C compiler ABI info
[0.266s] -- Detecting C compiler ABI info - done
[0.272s] -- Check for working C compiler: /usr/bin/cc - skipped
[0.272s] -- Detecting C compile features
[0.272s] -- Detecting C compile features - done
[0.275s] -- Detecting CXX compiler ABI info
[0.360s] -- Detecting CXX compiler ABI info - done
[0.372s] -- Check for working CXX compiler: /usr/bin/c++ - skipped
[0.372s] -- Detecting CXX compile features
[0.373s] -- Detecting CXX compile features - done
[0.378s] -- Found ament_cmake: 1.3.8 (/opt/ros/humble/share/ament_cmake/cmake)
[0.535s] -- Found Python3: /usr/bin/python3 (found version "3.10.12") found components: Interpreter 
[0.634s] -- Found rclcpp_action: 16.0.8 (/opt/ros/humble/share/rclcpp_action/cmake)
[0.683s] -- Found rosidl_generator_c: 3.1.5 (/opt/ros/humble/share/rosidl_generator_c/cmake)
[0.690s] -- Found rosidl_adapter: 3.1.5 (/opt/ros/humble/share/rosidl_adapter/cmake)
[0.700s] -- Found rosidl_generator_cpp: 3.1.5 (/opt/ros/humble/share/rosidl_generator_cpp/cmake)
[0.716s] -- Using all available rosidl_typesupport_c: rosidl_typesupport_fastrtps_c;rosidl_typesupport_introspection_c
[0.737s] -- Using all available rosidl_typesupport_cpp: rosidl_typesupport_fastrtps_cpp;rosidl_typesupport_introspection_cpp
[0.901s] -- Found rmw_implementation_cmake: 6.1.1 (/opt/ros/humble/share/rmw_implementation_cmake/cmake)
[0.905s] -- Found rmw_fastrtps_cpp: 6.2.6 (/opt/ros/humble/share/rmw_fastrtps_cpp/cmake)
[1.031s] -- Found OpenSSL: /usr/lib/x86_64-linux-gnu/libcrypto.so (found version "3.0.2")  
[1.063s] -- Found FastRTPS: /opt/ros/humble/include  
[1.122s] -- Using RMW implementation 'rmw_fastrtps_cpp' as default
[1.134s] -- Looking for pthread.h
[1.206s] -- Looking for pthread.h - found
[1.207s] -- Performing Test CMAKE_HAVE_LIBC_PTHREAD
[1.283s] -- Performing Test CMAKE_HAVE_LIBC_PTHREAD - Success
[1.285s] -- Found Threads: TRUE  
[1.468s] -- Found controller_manager_msgs: 2.39.1 (/opt/ros/humble/share/controller_manager_msgs/cmake)
[1.525s] -- Found moveit_core: 2.5.5 (/home/chathura/Documents/git-projects/Robotics-and-Automation-Labs/lab5/src/install/moveit_core/share/moveit_core/cmake)
[1.568s] -- Found Boost: /usr/lib/x86_64-linux-gnu/cmake/Boost-1.74.0/BoostConfig.cmake (found version "1.74.0") found components: chrono date_time filesystem iostreams program_options regex serialization system thread 
[1.622s] -- Found parameter_traits: 0.3.7 (/opt/ros/humble/share/parameter_traits/cmake)
[1.639s] -- Found Eigen3: TRUE (found version "3.4.0") 
[1.642s] -- Found rclcpp_lifecycle: 16.0.8 (/opt/ros/humble/share/rclcpp_lifecycle/cmake)
[1.668s] -- Found Boost: /usr/lib/x86_64-linux-gnu/cmake/Boost-1.74.0/BoostConfig.cmake (found version "1.74.0") found components: filesystem 
[1.830s] -- library: /usr/lib/x86_64-linux-gnu/libcurl.so
[2.124s] -- Ensuring Eigen3 include directory is part of orocos-kdl CMake target
[3.020s] -- Found moveit_simple_controller_manager: 2.5.5 (/home/chathura/Documents/git-projects/Robotics-and-Automation-Labs/lab5/src/install/moveit_simple_controller_manager/share/moveit_simple_controller_manager/cmake)
[3.024s] -- Found Boost: /usr/lib/x86_64-linux-gnu/cmake/Boost-1.74.0/BoostConfig.cmake (found version "1.74.0") found components: thread 
[3.391s] -- Found moveit_common: 2.5.5 (/home/chathura/Documents/git-projects/Robotics-and-Automation-Labs/lab5/src/install/moveit_common/share/moveit_common/cmake)
[3.463s] -- Found libdw: /usr/lib/x86_64-linux-gnu/libdw.so  
[3.465s] -- Could NOT find libbfd (missing: LIBBFD_LIBRARY LIBBFD_INCLUDE_DIR) 
[3.465s] -- BACKWARD_HAS_UNWIND=1
[3.465s] -- BACKWARD_HAS_BACKTRACE=0
[3.466s] -- BACKWARD_HAS_BACKTRACE_SYMBOL=0
[3.466s] -- BACKWARD_HAS_DW=1
[3.466s] -- BACKWARD_HAS_BFD=0
[3.466s] -- Found Backward: /opt/ros/humble/share/backward_ros/cmake  
[3.470s] -- Found Boost: /usr/lib/x86_64-linux-gnu/cmake/Boost-1.74.0/BoostConfig.cmake (found version "1.74.0") found components: system thread 
[3.487s] -- Found ament_lint_auto: 0.12.10 (/opt/ros/humble/share/ament_lint_auto/cmake)
[3.508s] -- Added test 'cppcheck' to perform static code analysis on C / C++ code
[3.509s] -- Configured cppcheck include dirs: /home/chathura/Documents/git-projects/Robotics-and-Automation-Labs/lab5/src/moveit2/moveit_plugins/moveit_ros_control_interface/include
[3.509s] -- Configured cppcheck exclude dirs and/or files: 
[3.510s] -- Added test 'lint_cmake' to check CMake code style
[3.511s] -- Added test 'xmllint' to check XML markup files
[3.513s] -- Configuring done
[3.584s] -- Generating done
[3.587s] -- Build files have been written to: /home/chathura/Documents/git-projects/Robotics-and-Automation-Labs/lab5/src/build/moveit_ros_control_interface
[3.603s] Invoked command in '/home/chathura/Documents/git-projects/Robotics-and-Automation-Labs/lab5/src/build/moveit_ros_control_interface' returned '0': AMENT_PREFIX_PATH=/home/chathura/Documents/git-projects/Robotics-and-Automation-Labs/lab5/src/install/moveit_simple_controller_manager:/home/chathura/Documents/git-projects/Robotics-and-Automation-Labs/lab5/src/install/moveit_core:/home/chathura/Documents/git-projects/Robotics-and-Automation-Labs/lab5/src/install/srdfdom:/home/chathura/Documents/git-projects/Robotics-and-Automation-Labs/lab5/src/install/moveit_common:${AMENT_PREFIX_PATH} CMAKE_PREFIX_PATH=/home/chathura/Documents/git-projects/Robotics-and-Automation-Labs/lab5/src/install/moveit_simple_controller_manager:/home/chathura/Documents/git-projects/Robotics-and-Automation-Labs/lab5/src/install/moveit_core:/home/chathura/Documents/git-projects/Robotics-and-Automation-Labs/lab5/src/install/srdfdom:/home/chathura/Documents/git-projects/Robotics-and-Automation-Labs/lab5/src/install/moveit_common:/opt/ros/humble LD_LIBRARY_PATH=/home/chathura/Documents/git-projects/Robotics-and-Automation-Labs/lab5/src/install/moveit_simple_controller_manager/lib:/home/chathura/Documents/git-projects/Robotics-and-Automation-Labs/lab5/src/install/moveit_core/lib:/home/chathura/Documents/git-projects/Robotics-and-Automation-Labs/lab5/src/install/srdfdom/lib:${LD_LIBRARY_PATH} PATH=/home/chathura/Documents/git-projects/Robotics-and-Automation-Labs/lab5/src/install/moveit_core/bin:${PATH} PYTHONPATH=/home/chathura/Documents/git-projects/Robotics-and-Automation-Labs/lab5/src/install/srdfdom/local/lib/python3.10/dist-packages:${PYTHONPATH} /usr/bin/cmake /home/chathura/Documents/git-projects/Robotics-and-Automation-Labs/lab5/src/moveit2/moveit_plugins/moveit_ros_control_interface -DCMAKE_BUILD_TYPE=Release -DCMAKE_INSTALL_PREFIX=/home/chathura/Documents/git-projects/Robotics-and-Automation-Labs/lab5/src/install/moveit_ros_control_interface
[3.605s] Invoking command in '/home/chathura/Documents/git-projects/Robotics-and-Automation-Labs/lab5/src/build/moveit_ros_control_interface': AMENT_PREFIX_PATH=/home/chathura/Documents/git-projects/Robotics-and-Automation-Labs/lab5/src/install/moveit_simple_controller_manager:/home/chathura/Documents/git-projects/Robotics-and-Automation-Labs/lab5/src/install/moveit_core:/home/chathura/Documents/git-projects/Robotics-and-Automation-Labs/lab5/src/install/srdfdom:/home/chathura/Documents/git-projects/Robotics-and-Automation-Labs/lab5/src/install/moveit_common:${AMENT_PREFIX_PATH} CMAKE_PREFIX_PATH=/home/chathura/Documents/git-projects/Robotics-and-Automation-Labs/lab5/src/install/moveit_simple_controller_manager:/home/chathura/Documents/git-projects/Robotics-and-Automation-Labs/lab5/src/install/moveit_core:/home/chathura/Documents/git-projects/Robotics-and-Automation-Labs/lab5/src/install/srdfdom:/home/chathura/Documents/git-projects/Robotics-and-Automation-Labs/lab5/src/install/moveit_common:/opt/ros/humble LD_LIBRARY_PATH=/home/chathura/Documents/git-projects/Robotics-and-Automation-Labs/lab5/src/install/moveit_simple_controller_manager/lib:/home/chathura/Documents/git-projects/Robotics-and-Automation-Labs/lab5/src/install/moveit_core/lib:/home/chathura/Documents/git-projects/Robotics-and-Automation-Labs/lab5/src/install/srdfdom/lib:${LD_LIBRARY_PATH} PATH=/home/chathura/Documents/git-projects/Robotics-and-Automation-Labs/lab5/src/install/moveit_core/bin:${PATH} PYTHONPATH=/home/chathura/Documents/git-projects/Robotics-and-Automation-Labs/lab5/src/install/srdfdom/local/lib/python3.10/dist-packages:${PYTHONPATH} /usr/bin/cmake --build /home/chathura/Documents/git-projects/Robotics-and-Automation-Labs/lab5/src/build/moveit_ros_control_interface -- -j16 -l16
[3.666s] [ 37%] [32mBuilding CXX object CMakeFiles/moveit_ros_control_interface_trajectory_plugin.dir/src/joint_trajectory_controller_plugin.cpp.o[0m
[3.666s] [ 37%] [32mBuilding CXX object CMakeFiles/moveit_ros_control_interface_empty_plugin.dir/src/empty_controller_plugin.cpp.o[0m
[3.667s] [ 37%] [32mBuilding CXX object CMakeFiles/moveit_ros_control_interface_gripper_plugin.dir/src/gripper_controller_plugin.cpp.o[0m
[3.674s] [ 50%] [32mBuilding CXX object CMakeFiles/moveit_ros_control_interface_plugin.dir/src/controller_manager_plugin.cpp.o[0m
[6.863s] [ 62%] [32m[1mLinking CXX shared library libmoveit_ros_control_interface_empty_plugin.so[0m
[7.078s] [ 62%] Built target moveit_ros_control_interface_empty_plugin
[8.715s] [ 75%] [32m[1mLinking CXX shared library libmoveit_ros_control_interface_trajectory_plugin.so[0m
[8.717s] [ 87%] [32m[1mLinking CXX shared library libmoveit_ros_control_interface_gripper_plugin.so[0m
[8.898s] [ 87%] Built target moveit_ros_control_interface_trajectory_plugin
[8.905s] [ 87%] Built target moveit_ros_control_interface_gripper_plugin
[15.247s] [100%] [32m[1mLinking CXX shared library libmoveit_ros_control_interface_plugin.so[0m
[15.440s] [100%] Built target moveit_ros_control_interface_plugin
[15.454s] Invoked command in '/home/chathura/Documents/git-projects/Robotics-and-Automation-Labs/lab5/src/build/moveit_ros_control_interface' returned '0': AMENT_PREFIX_PATH=/home/chathura/Documents/git-projects/Robotics-and-Automation-Labs/lab5/src/install/moveit_simple_controller_manager:/home/chathura/Documents/git-projects/Robotics-and-Automation-Labs/lab5/src/install/moveit_core:/home/chathura/Documents/git-projects/Robotics-and-Automation-Labs/lab5/src/install/srdfdom:/home/chathura/Documents/git-projects/Robotics-and-Automation-Labs/lab5/src/install/moveit_common:${AMENT_PREFIX_PATH} CMAKE_PREFIX_PATH=/home/chathura/Documents/git-projects/Robotics-and-Automation-Labs/lab5/src/install/moveit_simple_controller_manager:/home/chathura/Documents/git-projects/Robotics-and-Automation-Labs/lab5/src/install/moveit_core:/home/chathura/Documents/git-projects/Robotics-and-Automation-Labs/lab5/src/install/srdfdom:/home/chathura/Documents/git-projects/Robotics-and-Automation-Labs/lab5/src/install/moveit_common:/opt/ros/humble LD_LIBRARY_PATH=/home/chathura/Documents/git-projects/Robotics-and-Automation-Labs/lab5/src/install/moveit_simple_controller_manager/lib:/home/chathura/Documents/git-projects/Robotics-and-Automation-Labs/lab5/src/install/moveit_core/lib:/home/chathura/Documents/git-projects/Robotics-and-Automation-Labs/lab5/src/install/srdfdom/lib:${LD_LIBRARY_PATH} PATH=/home/chathura/Documents/git-projects/Robotics-and-Automation-Labs/lab5/src/install/moveit_core/bin:${PATH} PYTHONPATH=/home/chathura/Documents/git-projects/Robotics-and-Automation-Labs/lab5/src/install/srdfdom/local/lib/python3.10/dist-packages:${PYTHONPATH} /usr/bin/cmake --build /home/chathura/Documents/git-projects/Robotics-and-Automation-Labs/lab5/src/build/moveit_ros_control_interface -- -j16 -l16
[15.491s] Invoking command in '/home/chathura/Documents/git-projects/Robotics-and-Automation-Labs/lab5/src/build/moveit_ros_control_interface': AMENT_PREFIX_PATH=/home/chathura/Documents/git-projects/Robotics-and-Automation-Labs/lab5/src/install/moveit_simple_controller_manager:/home/chathura/Documents/git-projects/Robotics-and-Automation-Labs/lab5/src/install/moveit_core:/home/chathura/Documents/git-projects/Robotics-and-Automation-Labs/lab5/src/install/srdfdom:/home/chathura/Documents/git-projects/Robotics-and-Automation-Labs/lab5/src/install/moveit_common:${AMENT_PREFIX_PATH} CMAKE_PREFIX_PATH=/home/chathura/Documents/git-projects/Robotics-and-Automation-Labs/lab5/src/install/moveit_simple_controller_manager:/home/chathura/Documents/git-projects/Robotics-and-Automation-Labs/lab5/src/install/moveit_core:/home/chathura/Documents/git-projects/Robotics-and-Automation-Labs/lab5/src/install/srdfdom:/home/chathura/Documents/git-projects/Robotics-and-Automation-Labs/lab5/src/install/moveit_common:/opt/ros/humble LD_LIBRARY_PATH=/home/chathura/Documents/git-projects/Robotics-and-Automation-Labs/lab5/src/install/moveit_simple_controller_manager/lib:/home/chathura/Documents/git-projects/Robotics-and-Automation-Labs/lab5/src/install/moveit_core/lib:/home/chathura/Documents/git-projects/Robotics-and-Automation-Labs/lab5/src/install/srdfdom/lib:${LD_LIBRARY_PATH} PATH=/home/chathura/Documents/git-projects/Robotics-and-Automation-Labs/lab5/src/install/moveit_core/bin:${PATH} PYTHONPATH=/home/chathura/Documents/git-projects/Robotics-and-Automation-Labs/lab5/src/install/srdfdom/local/lib/python3.10/dist-packages:${PYTHONPATH} /usr/bin/cmake --install /home/chathura/Documents/git-projects/Robotics-and-Automation-Labs/lab5/src/build/moveit_ros_control_interface
[15.498s] -- Install configuration: "Release"
[15.498s] -- Installing: /home/chathura/Documents/git-projects/Robotics-and-Automation-Labs/lab5/src/install/moveit_ros_control_interface/lib/libmoveit_ros_control_interface_plugin.so.2.5.5
[15.500s] -- Set runtime path of "/home/chathura/Documents/git-projects/Robotics-and-Automation-Labs/lab5/src/install/moveit_ros_control_interface/lib/libmoveit_ros_control_interface_plugin.so.2.5.5" to ""
[15.500s] -- Installing: /home/chathura/Documents/git-projects/Robotics-and-Automation-Labs/lab5/src/install/moveit_ros_control_interface/lib/libmoveit_ros_control_interface_plugin.so
[15.500s] -- Installing: /home/chathura/Documents/git-projects/Robotics-and-Automation-Labs/lab5/src/install/moveit_ros_control_interface/lib/libmoveit_ros_control_interface_trajectory_plugin.so.2.5.5
[15.500s] -- Set runtime path of "/home/chathura/Documents/git-projects/Robotics-and-Automation-Labs/lab5/src/install/moveit_ros_control_interface/lib/libmoveit_ros_control_interface_trajectory_plugin.so.2.5.5" to ""
[15.501s] -- Installing: /home/chathura/Documents/git-projects/Robotics-and-Automation-Labs/lab5/src/install/moveit_ros_control_interface/lib/libmoveit_ros_control_interface_trajectory_plugin.so
[15.501s] -- Installing: /home/chathura/Documents/git-projects/Robotics-and-Automation-Labs/lab5/src/install/moveit_ros_control_interface/lib/libmoveit_ros_control_interface_gripper_plugin.so.2.5.5
[15.501s] -- Set runtime path of "/home/chathura/Documents/git-projects/Robotics-and-Automation-Labs/lab5/src/install/moveit_ros_control_interface/lib/libmoveit_ros_control_interface_gripper_plugin.so.2.5.5" to ""
[15.501s] -- Installing: /home/chathura/Documents/git-projects/Robotics-and-Automation-Labs/lab5/src/install/moveit_ros_control_interface/lib/libmoveit_ros_control_interface_gripper_plugin.so
[15.502s] -- Installing: /home/chathura/Documents/git-projects/Robotics-and-Automation-Labs/lab5/src/install/moveit_ros_control_interface/lib/libmoveit_ros_control_interface_empty_plugin.so.2.5.5
[15.502s] -- Set runtime path of "/home/chathura/Documents/git-projects/Robotics-and-Automation-Labs/lab5/src/install/moveit_ros_control_interface/lib/libmoveit_ros_control_interface_empty_plugin.so.2.5.5" to ""
[15.502s] -- Installing: /home/chathura/Documents/git-projects/Robotics-and-Automation-Labs/lab5/src/install/moveit_ros_control_interface/lib/libmoveit_ros_control_interface_empty_plugin.so
[15.502s] -- Installing: /home/chathura/Documents/git-projects/Robotics-and-Automation-Labs/lab5/src/install/moveit_ros_control_interface/include
[15.502s] -- Installing: /home/chathura/Documents/git-projects/Robotics-and-Automation-Labs/lab5/src/install/moveit_ros_control_interface/include/moveit_ros_control_interface
[15.502s] -- Installing: /home/chathura/Documents/git-projects/Robotics-and-Automation-Labs/lab5/src/install/moveit_ros_control_interface/include/moveit_ros_control_interface/ControllerHandle.h
[15.502s] -- Installing: /home/chathura/Documents/git-projects/Robotics-and-Automation-Labs/lab5/src/install/moveit_ros_control_interface/share/moveit_ros_control_interface/moveit_core_plugins.xml
[15.503s] -- Installing: /home/chathura/Documents/git-projects/Robotics-and-Automation-Labs/lab5/src/install/moveit_ros_control_interface/share/moveit_ros_control_interface/moveit_ros_control_interface_plugins.xml
[15.503s] -- Installing: /home/chathura/Documents/git-projects/Robotics-and-Automation-Labs/lab5/src/install/moveit_ros_control_interface/share/moveit_ros_control_interface/environment/library_path.sh
[15.503s] -- Installing: /home/chathura/Documents/git-projects/Robotics-and-Automation-Labs/lab5/src/install/moveit_ros_control_interface/share/moveit_ros_control_interface/environment/library_path.dsv
[15.503s] -- Installing: /home/chathura/Documents/git-projects/Robotics-and-Automation-Labs/lab5/src/install/moveit_ros_control_interface/share/ament_index/resource_index/package_run_dependencies/moveit_ros_control_interface
[15.504s] -- Installing: /home/chathura/Documents/git-projects/Robotics-and-Automation-Labs/lab5/src/install/moveit_ros_control_interface/share/ament_index/resource_index/parent_prefix_path/moveit_ros_control_interface
[15.504s] -- Installing: /home/chathura/Documents/git-projects/Robotics-and-Automation-Labs/lab5/src/install/moveit_ros_control_interface/share/moveit_ros_control_interface/environment/ament_prefix_path.sh
[15.504s] -- Installing: /home/chathura/Documents/git-projects/Robotics-and-Automation-Labs/lab5/src/install/moveit_ros_control_interface/share/moveit_ros_control_interface/environment/ament_prefix_path.dsv
[15.504s] -- Installing: /home/chathura/Documents/git-projects/Robotics-and-Automation-Labs/lab5/src/install/moveit_ros_control_interface/share/moveit_ros_control_interface/environment/path.sh
[15.504s] -- Installing: /home/chathura/Documents/git-projects/Robotics-and-Automation-Labs/lab5/src/install/moveit_ros_control_interface/share/moveit_ros_control_interface/environment/path.dsv
[15.504s] -- Installing: /home/chathura/Documents/git-projects/Robotics-and-Automation-Labs/lab5/src/install/moveit_ros_control_interface/share/moveit_ros_control_interface/local_setup.bash
[15.504s] -- Installing: /home/chathura/Documents/git-projects/Robotics-and-Automation-Labs/lab5/src/install/moveit_ros_control_interface/share/moveit_ros_control_interface/local_setup.sh
[15.505s] -- Installing: /home/chathura/Documents/git-projects/Robotics-and-Automation-Labs/lab5/src/install/moveit_ros_control_interface/share/moveit_ros_control_interface/local_setup.zsh
[15.505s] -- Installing: /home/chathura/Documents/git-projects/Robotics-and-Automation-Labs/lab5/src/install/moveit_ros_control_interface/share/moveit_ros_control_interface/local_setup.dsv
[15.505s] -- Installing: /home/chathura/Documents/git-projects/Robotics-and-Automation-Labs/lab5/src/install/moveit_ros_control_interface/share/moveit_ros_control_interface/package.dsv
[15.505s] -- Installing: /home/chathura/Documents/git-projects/Robotics-and-Automation-Labs/lab5/src/install/moveit_ros_control_interface/share/ament_index/resource_index/packages/moveit_ros_control_interface
[15.505s] -- Installing: /home/chathura/Documents/git-projects/Robotics-and-Automation-Labs/lab5/src/install/moveit_ros_control_interface/share/ament_index/resource_index/moveit_core__pluginlib__plugin/moveit_ros_control_interface
[15.506s] -- Installing: /home/chathura/Documents/git-projects/Robotics-and-Automation-Labs/lab5/src/install/moveit_ros_control_interface/share/ament_index/resource_index/moveit_ros_control_interface__pluginlib__plugin/moveit_ros_control_interface
[15.506s] -- Installing: /home/chathura/Documents/git-projects/Robotics-and-Automation-Labs/lab5/src/install/moveit_ros_control_interface/share/moveit_ros_control_interface/cmake/export_moveit_ros_control_interfaceExport.cmake
[15.506s] -- Installing: /home/chathura/Documents/git-projects/Robotics-and-Automation-Labs/lab5/src/install/moveit_ros_control_interface/share/moveit_ros_control_interface/cmake/export_moveit_ros_control_interfaceExport-release.cmake
[15.506s] -- Installing: /home/chathura/Documents/git-projects/Robotics-and-Automation-Labs/lab5/src/install/moveit_ros_control_interface/share/moveit_ros_control_interface/cmake/ConfigExtras.cmake
[15.506s] -- Installing: /home/chathura/Documents/git-projects/Robotics-and-Automation-Labs/lab5/src/install/moveit_ros_control_interface/share/moveit_ros_control_interface/cmake/ament_cmake_export_targets-extras.cmake
[15.506s] -- Installing: /home/chathura/Documents/git-projects/Robotics-and-Automation-Labs/lab5/src/install/moveit_ros_control_interface/share/moveit_ros_control_interface/cmake/ament_cmake_export_dependencies-extras.cmake
[15.507s] -- Installing: /home/chathura/Documents/git-projects/Robotics-and-Automation-Labs/lab5/src/install/moveit_ros_control_interface/share/moveit_ros_control_interface/cmake/moveit_ros_control_interfaceConfig.cmake
[15.507s] -- Installing: /home/chathura/Documents/git-projects/Robotics-and-Automation-Labs/lab5/src/install/moveit_ros_control_interface/share/moveit_ros_control_interface/cmake/moveit_ros_control_interfaceConfig-version.cmake
[15.507s] -- Installing: /home/chathura/Documents/git-projects/Robotics-and-Automation-Labs/lab5/src/install/moveit_ros_control_interface/share/moveit_ros_control_interface/package.xml
[15.509s] Invoked command in '/home/chathura/Documents/git-projects/Robotics-and-Automation-Labs/lab5/src/build/moveit_ros_control_interface' returned '0': AMENT_PREFIX_PATH=/home/chathura/Documents/git-projects/Robotics-and-Automation-Labs/lab5/src/install/moveit_simple_controller_manager:/home/chathura/Documents/git-projects/Robotics-and-Automation-Labs/lab5/src/install/moveit_core:/home/chathura/Documents/git-projects/Robotics-and-Automation-Labs/lab5/src/install/srdfdom:/home/chathura/Documents/git-projects/Robotics-and-Automation-Labs/lab5/src/install/moveit_common:${AMENT_PREFIX_PATH} CMAKE_PREFIX_PATH=/home/chathura/Documents/git-projects/Robotics-and-Automation-Labs/lab5/src/install/moveit_simple_controller_manager:/home/chathura/Documents/git-projects/Robotics-and-Automation-Labs/lab5/src/install/moveit_core:/home/chathura/Documents/git-projects/Robotics-and-Automation-Labs/lab5/src/install/srdfdom:/home/chathura/Documents/git-projects/Robotics-and-Automation-Labs/lab5/src/install/moveit_common:/opt/ros/humble LD_LIBRARY_PATH=/home/chathura/Documents/git-projects/Robotics-and-Automation-Labs/lab5/src/install/moveit_simple_controller_manager/lib:/home/chathura/Documents/git-projects/Robotics-and-Automation-Labs/lab5/src/install/moveit_core/lib:/home/chathura/Documents/git-projects/Robotics-and-Automation-Labs/lab5/src/install/srdfdom/lib:${LD_LIBRARY_PATH} PATH=/home/chathura/Documents/git-projects/Robotics-and-Automation-Labs/lab5/src/install/moveit_core/bin:${PATH} PYTHONPATH=/home/chathura/Documents/git-projects/Robotics-and-Automation-Labs/lab5/src/install/srdfdom/local/lib/python3.10/dist-packages:${PYTHONPATH} /usr/bin/cmake --install /home/chathura/Documents/git-projects/Robotics-and-Automation-Labs/lab5/src/build/moveit_ros_control_interface
