[0.102s] Invoking command in '/home/chathura/Documents/git-projects/Robotics-and-Automation-Labs/lab5/src/build/moveit_ros_perception': AMENT_PREFIX_PATH=/home/chathura/Documents/git-projects/Robotics-and-Automation-Labs/lab5/src/install/moveit_ros_planning:/home/chathura/Documents/git-projects/Robotics-and-Automation-Labs/lab5/src/install/moveit_ros_occupancy_map_monitor:/home/chathura/Documents/git-projects/Robotics-and-Automation-Labs/lab5/src/install/moveit_core:/home/chathura/Documents/git-projects/Robotics-and-Automation-Labs/lab5/src/install/srdfdom:/home/chathura/Documents/git-projects/Robotics-and-Automation-Labs/lab5/src/install/moveit_common:${AMENT_PREFIX_PATH} CMAKE_PREFIX_PATH=/home/chathura/Documents/git-projects/Robotics-and-Automation-Labs/lab5/src/install/moveit_ros_planning:/home/chathura/Documents/git-projects/Robotics-and-Automation-Labs/lab5/src/install/moveit_ros_occupancy_map_monitor:/home/chathura/Documents/git-projects/Robotics-and-Automation-Labs/lab5/src/install/moveit_core:/home/chathura/Documents/git-projects/Robotics-and-Automation-Labs/lab5/src/install/srdfdom:/home/chathura/Documents/git-projects/Robotics-and-Automation-Labs/lab5/src/install/moveit_common:/opt/ros/humble LD_LIBRARY_PATH=/home/chathura/Documents/git-projects/Robotics-and-Automation-Labs/lab5/src/install/moveit_ros_planning/lib:/home/chathura/Documents/git-projects/Robotics-and-Automation-Labs/lab5/src/install/moveit_ros_occupancy_map_monitor/lib:/home/chathura/Documents/git-projects/Robotics-and-Automation-Labs/lab5/src/install/moveit_core/lib:/home/chathura/Documents/git-projects/Robotics-and-Automation-Labs/lab5/src/install/srdfdom/lib:${LD_LIBRARY_PATH} PATH=/home/chathura/Documents/git-projects/Robotics-and-Automation-Labs/lab5/src/install/moveit_core/bin:${PATH} PYTHONPATH=/home/chathura/Documents/git-projects/Robotics-and-Automation-Labs/lab5/src/install/srdfdom/local/lib/python3.10/dist-packages:${PYTHONPATH} /usr/bin/cmake /home/chathura/Documents/git-projects/Robotics-and-Automation-Labs/lab5/src/moveit2/moveit_ros/perception -DCMAKE_BUILD_TYPE=Release -DCMAKE_INSTALL_PREFIX=/home/chathura/Documents/git-projects/Robotics-and-Automation-Labs/lab5/src/install/moveit_ros_perception
[0.178s] -- The C compiler identification is GNU 11.4.0
[0.233s] -- The CXX compiler identification is GNU 11.4.0
[0.241s] -- Detecting C compiler ABI info
[0.310s] -- Detecting C compiler ABI info - done
[0.320s] -- Check for working C compiler: /usr/bin/cc - skipped
[0.320s] -- Detecting C compile features
[0.321s] -- Detecting C compile features - done
[0.323s] -- Detecting CXX compiler ABI info
[0.399s] -- Detecting CXX compiler ABI info - done
[0.410s] -- Check for working CXX compiler: /usr/bin/c++ - skipped
[0.410s] -- Detecting CXX compile features
[0.410s] -- Detecting CXX compile features - done
[0.412s] -- Found moveit_common: 2.5.5 (/home/chathura/Documents/git-projects/Robotics-and-Automation-Labs/lab5/src/install/moveit_common/share/moveit_common/cmake)
[0.416s] -- Found ament_cmake: 1.3.8 (/opt/ros/humble/share/ament_cmake/cmake)
[0.559s] -- Found Python3: /usr/bin/python3 (found version "3.10.12") found components: Interpreter 
[0.732s] -- Found libdw: /usr/lib/x86_64-linux-gnu/libdw.so  
[0.738s] -- Could NOT find libbfd (missing: LIBBFD_LIBRARY LIBBFD_INCLUDE_DIR) 
[0.738s] -- BACKWARD_HAS_UNWIND=1
[0.738s] -- BACKWARD_HAS_BACKTRACE=0
[0.738s] -- BACKWARD_HAS_BACKTRACE_SYMBOL=0
[0.738s] -- BACKWARD_HAS_DW=1
[0.738s] -- BACKWARD_HAS_BFD=0
[0.739s] -- Found Backward: /opt/ros/humble/share/backward_ros/cmake  
[0.745s] -- Found OpenGL: /usr/lib/x86_64-linux-gnu/libOpenGL.so   
[0.789s] -- Found GLEW: /usr/include (found version "2.2.0") 
[0.796s] -- Found PkgConfig: /usr/bin/pkg-config (found version "0.29.2") 
[0.796s] -- Checking for module 'glut'
[0.800s] --   No package 'glut' found
[0.805s] -- Found GLUT: /usr/lib/x86_64-linux-gnu/libglut.so  
[0.809s] -- Found cv_bridge: 3.2.1 (/opt/ros/humble/share/cv_bridge/cmake)
[0.886s] -- Found rosidl_generator_c: 3.1.5 (/opt/ros/humble/share/rosidl_generator_c/cmake)
[0.895s] -- Found rosidl_adapter: 3.1.5 (/opt/ros/humble/share/rosidl_adapter/cmake)
[0.904s] -- Found rosidl_generator_cpp: 3.1.5 (/opt/ros/humble/share/rosidl_generator_cpp/cmake)
[0.918s] -- Using all available rosidl_typesupport_c: rosidl_typesupport_fastrtps_c;rosidl_typesupport_introspection_c
[0.937s] -- Using all available rosidl_typesupport_cpp: rosidl_typesupport_fastrtps_cpp;rosidl_typesupport_introspection_cpp
[1.150s] -- Found moveit_core: 2.5.5 (/home/chathura/Documents/git-projects/Robotics-and-Automation-Labs/lab5/src/install/moveit_core/share/moveit_core/cmake)
[1.413s] -- Found Boost: /usr/lib/x86_64-linux-gnu/cmake/Boost-1.74.0/BoostConfig.cmake (found version "1.74.0") found components: chrono date_time filesystem iostreams program_options regex serialization system thread 
[1.466s] -- Found parameter_traits: 0.3.7 (/opt/ros/humble/share/parameter_traits/cmake)
[1.534s] -- Found rmw_implementation_cmake: 6.1.1 (/opt/ros/humble/share/rmw_implementation_cmake/cmake)
[1.538s] -- Found rmw_fastrtps_cpp: 6.2.6 (/opt/ros/humble/share/rmw_fastrtps_cpp/cmake)
[1.655s] -- Found OpenSSL: /usr/lib/x86_64-linux-gnu/libcrypto.so (found version "3.0.2")  
[1.683s] -- Found FastRTPS: /opt/ros/humble/include  
[1.738s] -- Using RMW implementation 'rmw_fastrtps_cpp' as default
[1.750s] -- Found Threads: TRUE  
[1.890s] -- Found Eigen3: TRUE (found version "3.4.0") 
[1.893s] -- Found rclcpp_lifecycle: 16.0.8 (/opt/ros/humble/share/rclcpp_lifecycle/cmake)
[1.939s] -- Found Boost: /usr/lib/x86_64-linux-gnu/cmake/Boost-1.74.0/BoostConfig.cmake (found version "1.74.0") found components: filesystem 
[2.055s] -- library: /usr/lib/x86_64-linux-gnu/libcurl.so
[2.271s] -- Ensuring Eigen3 include directory is part of orocos-kdl CMake target
[3.418s] -- Found image_transport: 3.1.8 (/opt/ros/humble/share/image_transport/cmake)
[3.431s] -- Found moveit_ros_occupancy_map_monitor: 2.5.5 (/home/chathura/Documents/git-projects/Robotics-and-Automation-Labs/lab5/src/install/moveit_ros_occupancy_map_monitor/share/moveit_ros_occupancy_map_monitor/cmake)
[3.976s] -- Found OpenMP_C: -fopenmp (found version "4.5") 
[4.130s] -- Found OpenMP_CXX: -fopenmp (found version "4.5") 
[4.130s] -- Found OpenMP: TRUE (found version "4.5")  
[4.130s] -- Found OpenCV: /usr (found version "4.5.4") 
[4.136s] -- Found Boost: /usr/lib/x86_64-linux-gnu/cmake/Boost-1.74.0/BoostConfig.cmake (found version "1.74.0") found components: thread 
[4.170s] -- Performing Test COMPILER_HAS_HIDDEN_VISIBILITY
[4.353s] -- Performing Test COMPILER_HAS_HIDDEN_VISIBILITY - Success
[4.355s] -- Performing Test COMPILER_HAS_HIDDEN_INLINE_VISIBILITY
[4.761s] -- Performing Test COMPILER_HAS_HIDDEN_INLINE_VISIBILITY - Success
[4.761s] -- Performing Test COMPILER_HAS_DEPRECATED_ATTR
[5.353s] -- Performing Test COMPILER_HAS_DEPRECATED_ATTR - Success
[5.484s] -- Found ament_lint_auto: 0.12.10 (/opt/ros/humble/share/ament_lint_auto/cmake)
[5.634s] -- Added test 'cppcheck' to perform static code analysis on C / C++ code
[5.660s] -- Configured cppcheck include dirs: /home/chathura/Documents/git-projects/Robotics-and-Automation-Labs/lab5/src/moveit2/moveit_ros/perception/depth_image_octomap_updater/include;/home/chathura/Documents/git-projects/Robotics-and-Automation-Labs/lab5/src/moveit2/moveit_ros/perception/lazy_free_space_updater/include;/home/chathura/Documents/git-projects/Robotics-and-Automation-Labs/lab5/src/moveit2/moveit_ros/perception/mesh_filter/include;/home/chathura/Documents/git-projects/Robotics-and-Automation-Labs/lab5/src/moveit2/moveit_ros/perception/point_containment_filter/include;/home/chathura/Documents/git-projects/Robotics-and-Automation-Labs/lab5/src/moveit2/moveit_ros/perception/pointcloud_octomap_updater/include;/home/chathura/Documents/git-projects/Robotics-and-Automation-Labs/lab5/src/moveit2/moveit_ros/perception/semantic_world/include
[5.660s] -- Configured cppcheck exclude dirs and/or files: 
[5.663s] -- Added test 'lint_cmake' to check CMake code style
[5.666s] -- Added test 'xmllint' to check XML markup files
[5.696s] -- Configuring done
[6.663s] -- Generating done
[6.698s] -- Build files have been written to: /home/chathura/Documents/git-projects/Robotics-and-Automation-Labs/lab5/src/build/moveit_ros_perception
[6.852s] Invoked command in '/home/chathura/Documents/git-projects/Robotics-and-Automation-Labs/lab5/src/build/moveit_ros_perception' returned '0': AMENT_PREFIX_PATH=/home/chathura/Documents/git-projects/Robotics-and-Automation-Labs/lab5/src/install/moveit_ros_planning:/home/chathura/Documents/git-projects/Robotics-and-Automation-Labs/lab5/src/install/moveit_ros_occupancy_map_monitor:/home/chathura/Documents/git-projects/Robotics-and-Automation-Labs/lab5/src/install/moveit_core:/home/chathura/Documents/git-projects/Robotics-and-Automation-Labs/lab5/src/install/srdfdom:/home/chathura/Documents/git-projects/Robotics-and-Automation-Labs/lab5/src/install/moveit_common:${AMENT_PREFIX_PATH} CMAKE_PREFIX_PATH=/home/chathura/Documents/git-projects/Robotics-and-Automation-Labs/lab5/src/install/moveit_ros_planning:/home/chathura/Documents/git-projects/Robotics-and-Automation-Labs/lab5/src/install/moveit_ros_occupancy_map_monitor:/home/chathura/Documents/git-projects/Robotics-and-Automation-Labs/lab5/src/install/moveit_core:/home/chathura/Documents/git-projects/Robotics-and-Automation-Labs/lab5/src/install/srdfdom:/home/chathura/Documents/git-projects/Robotics-and-Automation-Labs/lab5/src/install/moveit_common:/opt/ros/humble LD_LIBRARY_PATH=/home/chathura/Documents/git-projects/Robotics-and-Automation-Labs/lab5/src/install/moveit_ros_planning/lib:/home/chathura/Documents/git-projects/Robotics-and-Automation-Labs/lab5/src/install/moveit_ros_occupancy_map_monitor/lib:/home/chathura/Documents/git-projects/Robotics-and-Automation-Labs/lab5/src/install/moveit_core/lib:/home/chathura/Documents/git-projects/Robotics-and-Automation-Labs/lab5/src/install/srdfdom/lib:${LD_LIBRARY_PATH} PATH=/home/chathura/Documents/git-projects/Robotics-and-Automation-Labs/lab5/src/install/moveit_core/bin:${PATH} PYTHONPATH=/home/chathura/Documents/git-projects/Robotics-and-Automation-Labs/lab5/src/install/srdfdom/local/lib/python3.10/dist-packages:${PYTHONPATH} /usr/bin/cmake /home/chathura/Documents/git-projects/Robotics-and-Automation-Labs/lab5/src/moveit2/moveit_ros/perception -DCMAKE_BUILD_TYPE=Release -DCMAKE_INSTALL_PREFIX=/home/chathura/Documents/git-projects/Robotics-and-Automation-Labs/lab5/src/install/moveit_ros_perception
[6.853s] Invoking command in '/home/chathura/Documents/git-projects/Robotics-and-Automation-Labs/lab5/src/build/moveit_ros_perception': AMENT_PREFIX_PATH=/home/chathura/Documents/git-projects/Robotics-and-Automation-Labs/lab5/src/install/moveit_ros_planning:/home/chathura/Documents/git-projects/Robotics-and-Automation-Labs/lab5/src/install/moveit_ros_occupancy_map_monitor:/home/chathura/Documents/git-projects/Robotics-and-Automation-Labs/lab5/src/install/moveit_core:/home/chathura/Documents/git-projects/Robotics-and-Automation-Labs/lab5/src/install/srdfdom:/home/chathura/Documents/git-projects/Robotics-and-Automation-Labs/lab5/src/install/moveit_common:${AMENT_PREFIX_PATH} CMAKE_PREFIX_PATH=/home/chathura/Documents/git-projects/Robotics-and-Automation-Labs/lab5/src/install/moveit_ros_planning:/home/chathura/Documents/git-projects/Robotics-and-Automation-Labs/lab5/src/install/moveit_ros_occupancy_map_monitor:/home/chathura/Documents/git-projects/Robotics-and-Automation-Labs/lab5/src/install/moveit_core:/home/chathura/Documents/git-projects/Robotics-and-Automation-Labs/lab5/src/install/srdfdom:/home/chathura/Documents/git-projects/Robotics-and-Automation-Labs/lab5/src/install/moveit_common:/opt/ros/humble LD_LIBRARY_PATH=/home/chathura/Documents/git-projects/Robotics-and-Automation-Labs/lab5/src/install/moveit_ros_planning/lib:/home/chathura/Documents/git-projects/Robotics-and-Automation-Labs/lab5/src/install/moveit_ros_occupancy_map_monitor/lib:/home/chathura/Documents/git-projects/Robotics-and-Automation-Labs/lab5/src/install/moveit_core/lib:/home/chathura/Documents/git-projects/Robotics-and-Automation-Labs/lab5/src/install/srdfdom/lib:${LD_LIBRARY_PATH} PATH=/home/chathura/Documents/git-projects/Robotics-and-Automation-Labs/lab5/src/install/moveit_core/bin:${PATH} PYTHONPATH=/home/chathura/Documents/git-projects/Robotics-and-Automation-Labs/lab5/src/install/srdfdom/local/lib/python3.10/dist-packages:${PYTHONPATH} /usr/bin/cmake --build /home/chathura/Documents/git-projects/Robotics-and-Automation-Labs/lab5/src/build/moveit_ros_perception -- -j16 -l16
[7.204s] [  5%] [32mBuilding CXX object point_containment_filter/CMakeFiles/moveit_point_containment_filter.dir/src/shape_mask.cpp.o[0m
[7.237s] [ 10%] [32mBuilding CXX object semantic_world/CMakeFiles/moveit_semantic_world.dir/src/semantic_world.cpp.o[0m
[7.248s] [ 15%] [32mBuilding CXX object lazy_free_space_updater/CMakeFiles/moveit_lazy_free_space_updater.dir/src/lazy_free_space_updater.cpp.o[0m
[7.253s] [ 20%] [32mBuilding CXX object mesh_filter/CMakeFiles/moveit_mesh_filter.dir/src/mesh_filter_base.cpp.o[0m
[7.286s] [ 25%] [32mBuilding CXX object mesh_filter/CMakeFiles/moveit_mesh_filter.dir/src/sensor_model.cpp.o[0m
[7.351s] [ 30%] [32mBuilding CXX object mesh_filter/CMakeFiles/moveit_mesh_filter.dir/src/stereo_camera_model.cpp.o[0m
[7.388s] [ 35%] [32mBuilding CXX object mesh_filter/CMakeFiles/moveit_mesh_filter.dir/src/gl_renderer.cpp.o[0m
[7.433s] [ 40%] [32mBuilding CXX object mesh_filter/CMakeFiles/moveit_mesh_filter.dir/src/gl_mesh.cpp.o[0m
