[0.050s] Invoking command in '/home/chathura/Documents/git-projects/Robotics-and-Automation-Labs/lab5/build/moveit_ros_control_interface': AMENT_PREFIX_PATH=/home/chathura/Documents/git-projects/Robotics-and-Automation-Labs/lab5/install/moveit_simple_controller_manager:/home/chathura/Documents/git-projects/Robotics-and-Automation-Labs/lab5/install/moveit_core:/home/chathura/Documents/git-projects/Robotics-and-Automation-Labs/lab5/install/srdfdom:/home/chathura/Documents/git-projects/Robotics-and-Automation-Labs/lab5/install/moveit_common:${AMENT_PREFIX_PATH} CMAKE_PREFIX_PATH=/home/chathura/Documents/git-projects/Robotics-and-Automation-Labs/lab5/install/moveit_simple_controller_manager:/home/chathura/Documents/git-projects/Robotics-and-Automation-Labs/lab5/install/moveit_core:/home/chathura/Documents/git-projects/Robotics-and-Automation-Labs/lab5/install/srdfdom:/home/chathura/Documents/git-projects/Robotics-and-Automation-Labs/lab5/install/moveit_common:/opt/ros/humble LD_LIBRARY_PATH=/home/chathura/Documents/git-projects/Robotics-and-Automation-Labs/lab5/install/moveit_simple_controller_manager/lib:/home/chathura/Documents/git-projects/Robotics-and-Automation-Labs/lab5/install/moveit_core/lib:/home/chathura/Documents/git-projects/Robotics-and-Automation-Labs/lab5/install/srdfdom/lib:${LD_LIBRARY_PATH} PATH=/home/chathura/Documents/git-projects/Robotics-and-Automation-Labs/lab5/install/moveit_core/bin:${PATH} PYTHONPATH=/home/chathura/Documents/git-projects/Robotics-and-Automation-Labs/lab5/install/srdfdom/local/lib/python3.10/dist-packages:${PYTHONPATH} /usr/bin/cmake /home/chathura/Documents/git-projects/Robotics-and-Automation-Labs/lab5/src/moveit2/moveit_plugins/moveit_ros_control_interface -DCMAKE_BUILD_TYPE=Release -DCMAKE_INSTALL_PREFIX=/home/chathura/Documents/git-projects/Robotics-and-Automation-Labs/lab5/install/moveit_ros_control_interface
[0.095s] -- The C compiler identification is GNU 11.4.0
[0.139s] -- The CXX compiler identification is GNU 11.4.0
[0.144s] -- Detecting C compiler ABI info
[0.203s] -- Detecting C compiler ABI info - done
[0.208s] -- Check for working C compiler: /usr/bin/cc - skipped
[0.209s] -- Detecting C compile features
[0.209s] -- Detecting C compile features - done
[0.211s] -- Detecting CXX compiler ABI info
[0.279s] -- Detecting CXX compiler ABI info - done
[0.283s] -- Check for working CXX compiler: /usr/bin/c++ - skipped
[0.284s] -- Detecting CXX compile features
[0.284s] -- Detecting CXX compile features - done
[0.287s] -- Found ament_cmake: 1.3.8 (/opt/ros/humble/share/ament_cmake/cmake)
[0.400s] -- Found Python3: /usr/bin/python3 (found version "3.10.12") found components: Interpreter 
[0.484s] -- Found rclcpp_action: 16.0.8 (/opt/ros/humble/share/rclcpp_action/cmake)
[0.522s] -- Found rosidl_generator_c: 3.1.5 (/opt/ros/humble/share/rosidl_generator_c/cmake)
[0.527s] -- Found rosidl_adapter: 3.1.5 (/opt/ros/humble/share/rosidl_adapter/cmake)
[0.535s] -- Found rosidl_generator_cpp: 3.1.5 (/opt/ros/humble/share/rosidl_generator_cpp/cmake)
[0.546s] -- Using all available rosidl_typesupport_c: rosidl_typesupport_fastrtps_c;rosidl_typesupport_introspection_c
[0.563s] -- Using all available rosidl_typesupport_cpp: rosidl_typesupport_fastrtps_cpp;rosidl_typesupport_introspection_cpp
[0.673s] -- Found rmw_implementation_cmake: 6.1.1 (/opt/ros/humble/share/rmw_implementation_cmake/cmake)
[0.675s] -- Found rmw_fastrtps_cpp: 6.2.6 (/opt/ros/humble/share/rmw_fastrtps_cpp/cmake)
[0.767s] -- Found OpenSSL: /usr/lib/x86_64-linux-gnu/libcrypto.so (found version "3.0.2")  
[0.793s] -- Found FastRTPS: /opt/ros/humble/include  
[0.836s] -- Using RMW implementation 'rmw_fastrtps_cpp' as default
[0.845s] -- Looking for pthread.h
[0.907s] -- Looking for pthread.h - found
[0.907s] -- Performing Test CMAKE_HAVE_LIBC_PTHREAD
[0.969s] -- Performing Test CMAKE_HAVE_LIBC_PTHREAD - Success
[0.970s] -- Found Threads: TRUE  
[1.104s] -- Found controller_manager_msgs: 2.39.1 (/opt/ros/humble/share/controller_manager_msgs/cmake)
[1.146s] -- Found moveit_core: 2.5.5 (/home/chathura/Documents/git-projects/Robotics-and-Automation-Labs/lab5/install/moveit_core/share/moveit_core/cmake)
[1.181s] -- Found Boost: /usr/lib/x86_64-linux-gnu/cmake/Boost-1.74.0/BoostConfig.cmake (found version "1.74.0") found components: chrono date_time filesystem iostreams program_options regex serialization system thread 
[1.222s] -- Found parameter_traits: 0.3.7 (/opt/ros/humble/share/parameter_traits/cmake)
[1.236s] -- Found Eigen3: TRUE (found version "3.4.0") 
[1.239s] -- Found rclcpp_lifecycle: 16.0.8 (/opt/ros/humble/share/rclcpp_lifecycle/cmake)
[1.259s] -- Found Boost: /usr/lib/x86_64-linux-gnu/cmake/Boost-1.74.0/BoostConfig.cmake (found version "1.74.0") found components: filesystem 
[1.385s] -- library: /usr/lib/x86_64-linux-gnu/libcurl.so
[1.612s] -- Ensuring Eigen3 include directory is part of orocos-kdl CMake target
[2.335s] -- Found moveit_simple_controller_manager: 2.5.5 (/home/chathura/Documents/git-projects/Robotics-and-Automation-Labs/lab5/install/moveit_simple_controller_manager/share/moveit_simple_controller_manager/cmake)
[2.338s] -- Found Boost: /usr/lib/x86_64-linux-gnu/cmake/Boost-1.74.0/BoostConfig.cmake (found version "1.74.0") found components: thread 
[2.645s] -- Found moveit_common: 2.5.5 (/home/chathura/Documents/git-projects/Robotics-and-Automation-Labs/lab5/install/moveit_common/share/moveit_common/cmake)
[2.695s] -- Found libdw: /usr/lib/x86_64-linux-gnu/libdw.so  
[2.697s] -- Could NOT find libbfd (missing: LIBBFD_LIBRARY LIBBFD_INCLUDE_DIR) 
[2.697s] -- BACKWARD_HAS_UNWIND=1
[2.697s] -- BACKWARD_HAS_BACKTRACE=0
[2.697s] -- BACKWARD_HAS_BACKTRACE_SYMBOL=0
[2.697s] -- BACKWARD_HAS_DW=1
[2.697s] -- BACKWARD_HAS_BFD=0
[2.697s] -- Found Backward: /opt/ros/humble/share/backward_ros/cmake  
[2.713s] -- Found Boost: /usr/lib/x86_64-linux-gnu/cmake/Boost-1.74.0/BoostConfig.cmake (found version "1.74.0") found components: system thread 
[2.726s] -- Found ament_lint_auto: 0.12.10 (/opt/ros/humble/share/ament_lint_auto/cmake)
[2.744s] -- Added test 'cppcheck' to perform static code analysis on C / C++ code
[2.744s] -- Configured cppcheck include dirs: /home/chathura/Documents/git-projects/Robotics-and-Automation-Labs/lab5/src/moveit2/moveit_plugins/moveit_ros_control_interface/include
[2.744s] -- Configured cppcheck exclude dirs and/or files: 
[2.745s] -- Added test 'lint_cmake' to check CMake code style
[2.746s] -- Added test 'xmllint' to check XML markup files
[2.748s] -- Configuring done
[2.802s] -- Generating done
[2.804s] -- Build files have been written to: /home/chathura/Documents/git-projects/Robotics-and-Automation-Labs/lab5/build/moveit_ros_control_interface
[2.815s] Invoked command in '/home/chathura/Documents/git-projects/Robotics-and-Automation-Labs/lab5/build/moveit_ros_control_interface' returned '0': AMENT_PREFIX_PATH=/home/chathura/Documents/git-projects/Robotics-and-Automation-Labs/lab5/install/moveit_simple_controller_manager:/home/chathura/Documents/git-projects/Robotics-and-Automation-Labs/lab5/install/moveit_core:/home/chathura/Documents/git-projects/Robotics-and-Automation-Labs/lab5/install/srdfdom:/home/chathura/Documents/git-projects/Robotics-and-Automation-Labs/lab5/install/moveit_common:${AMENT_PREFIX_PATH} CMAKE_PREFIX_PATH=/home/chathura/Documents/git-projects/Robotics-and-Automation-Labs/lab5/install/moveit_simple_controller_manager:/home/chathura/Documents/git-projects/Robotics-and-Automation-Labs/lab5/install/moveit_core:/home/chathura/Documents/git-projects/Robotics-and-Automation-Labs/lab5/install/srdfdom:/home/chathura/Documents/git-projects/Robotics-and-Automation-Labs/lab5/install/moveit_common:/opt/ros/humble LD_LIBRARY_PATH=/home/chathura/Documents/git-projects/Robotics-and-Automation-Labs/lab5/install/moveit_simple_controller_manager/lib:/home/chathura/Documents/git-projects/Robotics-and-Automation-Labs/lab5/install/moveit_core/lib:/home/chathura/Documents/git-projects/Robotics-and-Automation-Labs/lab5/install/srdfdom/lib:${LD_LIBRARY_PATH} PATH=/home/chathura/Documents/git-projects/Robotics-and-Automation-Labs/lab5/install/moveit_core/bin:${PATH} PYTHONPATH=/home/chathura/Documents/git-projects/Robotics-and-Automation-Labs/lab5/install/srdfdom/local/lib/python3.10/dist-packages:${PYTHONPATH} /usr/bin/cmake /home/chathura/Documents/git-projects/Robotics-and-Automation-Labs/lab5/src/moveit2/moveit_plugins/moveit_ros_control_interface -DCMAKE_BUILD_TYPE=Release -DCMAKE_INSTALL_PREFIX=/home/chathura/Documents/git-projects/Robotics-and-Automation-Labs/lab5/install/moveit_ros_control_interface
[2.816s] Invoking command in '/home/chathura/Documents/git-projects/Robotics-and-Automation-Labs/lab5/build/moveit_ros_control_interface': AMENT_PREFIX_PATH=/home/chathura/Documents/git-projects/Robotics-and-Automation-Labs/lab5/install/moveit_simple_controller_manager:/home/chathura/Documents/git-projects/Robotics-and-Automation-Labs/lab5/install/moveit_core:/home/chathura/Documents/git-projects/Robotics-and-Automation-Labs/lab5/install/srdfdom:/home/chathura/Documents/git-projects/Robotics-and-Automation-Labs/lab5/install/moveit_common:${AMENT_PREFIX_PATH} CMAKE_PREFIX_PATH=/home/chathura/Documents/git-projects/Robotics-and-Automation-Labs/lab5/install/moveit_simple_controller_manager:/home/chathura/Documents/git-projects/Robotics-and-Automation-Labs/lab5/install/moveit_core:/home/chathura/Documents/git-projects/Robotics-and-Automation-Labs/lab5/install/srdfdom:/home/chathura/Documents/git-projects/Robotics-and-Automation-Labs/lab5/install/moveit_common:/opt/ros/humble LD_LIBRARY_PATH=/home/chathura/Documents/git-projects/Robotics-and-Automation-Labs/lab5/install/moveit_simple_controller_manager/lib:/home/chathura/Documents/git-projects/Robotics-and-Automation-Labs/lab5/install/moveit_core/lib:/home/chathura/Documents/git-projects/Robotics-and-Automation-Labs/lab5/install/srdfdom/lib:${LD_LIBRARY_PATH} PATH=/home/chathura/Documents/git-projects/Robotics-and-Automation-Labs/lab5/install/moveit_core/bin:${PATH} PYTHONPATH=/home/chathura/Documents/git-projects/Robotics-and-Automation-Labs/lab5/install/srdfdom/local/lib/python3.10/dist-packages:${PYTHONPATH} /usr/bin/cmake --build /home/chathura/Documents/git-projects/Robotics-and-Automation-Labs/lab5/build/moveit_ros_control_interface -- -j16 -l16
[2.865s] [ 50%] [32mBuilding CXX object CMakeFiles/moveit_ros_control_interface_trajectory_plugin.dir/src/joint_trajectory_controller_plugin.cpp.o[0m
[2.866s] [ 50%] [32mBuilding CXX object CMakeFiles/moveit_ros_control_interface_plugin.dir/src/controller_manager_plugin.cpp.o[0m
[2.866s] [ 50%] [32mBuilding CXX object CMakeFiles/moveit_ros_control_interface_gripper_plugin.dir/src/gripper_controller_plugin.cpp.o[0m
[2.866s] [ 50%] [32mBuilding CXX object CMakeFiles/moveit_ros_control_interface_empty_plugin.dir/src/empty_controller_plugin.cpp.o[0m
[5.627s] [ 62%] [32m[1mLinking CXX shared library libmoveit_ros_control_interface_empty_plugin.so[0m
[5.811s] [ 62%] Built target moveit_ros_control_interface_empty_plugin
[7.132s] [ 75%] [32m[1mLinking CXX shared library libmoveit_ros_control_interface_trajectory_plugin.so[0m
[7.205s] [ 87%] [32m[1mLinking CXX shared library libmoveit_ros_control_interface_gripper_plugin.so[0m
[7.291s] [ 87%] Built target moveit_ros_control_interface_trajectory_plugin
[7.367s] [ 87%] Built target moveit_ros_control_interface_gripper_plugin
[12.551s] [100%] [32m[1mLinking CXX shared library libmoveit_ros_control_interface_plugin.so[0m
[12.715s] [100%] Built target moveit_ros_control_interface_plugin
[12.729s] Invoked command in '/home/chathura/Documents/git-projects/Robotics-and-Automation-Labs/lab5/build/moveit_ros_control_interface' returned '0': AMENT_PREFIX_PATH=/home/chathura/Documents/git-projects/Robotics-and-Automation-Labs/lab5/install/moveit_simple_controller_manager:/home/chathura/Documents/git-projects/Robotics-and-Automation-Labs/lab5/install/moveit_core:/home/chathura/Documents/git-projects/Robotics-and-Automation-Labs/lab5/install/srdfdom:/home/chathura/Documents/git-projects/Robotics-and-Automation-Labs/lab5/install/moveit_common:${AMENT_PREFIX_PATH} CMAKE_PREFIX_PATH=/home/chathura/Documents/git-projects/Robotics-and-Automation-Labs/lab5/install/moveit_simple_controller_manager:/home/chathura/Documents/git-projects/Robotics-and-Automation-Labs/lab5/install/moveit_core:/home/chathura/Documents/git-projects/Robotics-and-Automation-Labs/lab5/install/srdfdom:/home/chathura/Documents/git-projects/Robotics-and-Automation-Labs/lab5/install/moveit_common:/opt/ros/humble LD_LIBRARY_PATH=/home/chathura/Documents/git-projects/Robotics-and-Automation-Labs/lab5/install/moveit_simple_controller_manager/lib:/home/chathura/Documents/git-projects/Robotics-and-Automation-Labs/lab5/install/moveit_core/lib:/home/chathura/Documents/git-projects/Robotics-and-Automation-Labs/lab5/install/srdfdom/lib:${LD_LIBRARY_PATH} PATH=/home/chathura/Documents/git-projects/Robotics-and-Automation-Labs/lab5/install/moveit_core/bin:${PATH} PYTHONPATH=/home/chathura/Documents/git-projects/Robotics-and-Automation-Labs/lab5/install/srdfdom/local/lib/python3.10/dist-packages:${PYTHONPATH} /usr/bin/cmake --build /home/chathura/Documents/git-projects/Robotics-and-Automation-Labs/lab5/build/moveit_ros_control_interface -- -j16 -l16
[12.763s] Invoking command in '/home/chathura/Documents/git-projects/Robotics-and-Automation-Labs/lab5/build/moveit_ros_control_interface': AMENT_PREFIX_PATH=/home/chathura/Documents/git-projects/Robotics-and-Automation-Labs/lab5/install/moveit_simple_controller_manager:/home/chathura/Documents/git-projects/Robotics-and-Automation-Labs/lab5/install/moveit_core:/home/chathura/Documents/git-projects/Robotics-and-Automation-Labs/lab5/install/srdfdom:/home/chathura/Documents/git-projects/Robotics-and-Automation-Labs/lab5/install/moveit_common:${AMENT_PREFIX_PATH} CMAKE_PREFIX_PATH=/home/chathura/Documents/git-projects/Robotics-and-Automation-Labs/lab5/install/moveit_simple_controller_manager:/home/chathura/Documents/git-projects/Robotics-and-Automation-Labs/lab5/install/moveit_core:/home/chathura/Documents/git-projects/Robotics-and-Automation-Labs/lab5/install/srdfdom:/home/chathura/Documents/git-projects/Robotics-and-Automation-Labs/lab5/install/moveit_common:/opt/ros/humble LD_LIBRARY_PATH=/home/chathura/Documents/git-projects/Robotics-and-Automation-Labs/lab5/install/moveit_simple_controller_manager/lib:/home/chathura/Documents/git-projects/Robotics-and-Automation-Labs/lab5/install/moveit_core/lib:/home/chathura/Documents/git-projects/Robotics-and-Automation-Labs/lab5/install/srdfdom/lib:${LD_LIBRARY_PATH} PATH=/home/chathura/Documents/git-projects/Robotics-and-Automation-Labs/lab5/install/moveit_core/bin:${PATH} PYTHONPATH=/home/chathura/Documents/git-projects/Robotics-and-Automation-Labs/lab5/install/srdfdom/local/lib/python3.10/dist-packages:${PYTHONPATH} /usr/bin/cmake --install /home/chathura/Documents/git-projects/Robotics-and-Automation-Labs/lab5/build/moveit_ros_control_interface
[12.770s] -- Install configuration: "Release"
[12.770s] -- Installing: /home/chathura/Documents/git-projects/Robotics-and-Automation-Labs/lab5/install/moveit_ros_control_interface/lib/libmoveit_ros_control_interface_plugin.so.2.5.5
[12.771s] -- Set runtime path of "/home/chathura/Documents/git-projects/Robotics-and-Automation-Labs/lab5/install/moveit_ros_control_interface/lib/libmoveit_ros_control_interface_plugin.so.2.5.5" to ""
[12.771s] -- Installing: /home/chathura/Documents/git-projects/Robotics-and-Automation-Labs/lab5/install/moveit_ros_control_interface/lib/libmoveit_ros_control_interface_plugin.so
[12.771s] -- Installing: /home/chathura/Documents/git-projects/Robotics-and-Automation-Labs/lab5/install/moveit_ros_control_interface/lib/libmoveit_ros_control_interface_trajectory_plugin.so.2.5.5
[12.772s] -- Set runtime path of "/home/chathura/Documents/git-projects/Robotics-and-Automation-Labs/lab5/install/moveit_ros_control_interface/lib/libmoveit_ros_control_interface_trajectory_plugin.so.2.5.5" to ""
[12.772s] -- Installing: /home/chathura/Documents/git-projects/Robotics-and-Automation-Labs/lab5/install/moveit_ros_control_interface/lib/libmoveit_ros_control_interface_trajectory_plugin.so
[12.772s] -- Installing: /home/chathura/Documents/git-projects/Robotics-and-Automation-Labs/lab5/install/moveit_ros_control_interface/lib/libmoveit_ros_control_interface_gripper_plugin.so.2.5.5
[12.772s] -- Set runtime path of "/home/chathura/Documents/git-projects/Robotics-and-Automation-Labs/lab5/install/moveit_ros_control_interface/lib/libmoveit_ros_control_interface_gripper_plugin.so.2.5.5" to ""
[12.773s] -- Installing: /home/chathura/Documents/git-projects/Robotics-and-Automation-Labs/lab5/install/moveit_ros_control_interface/lib/libmoveit_ros_control_interface_gripper_plugin.so
[12.773s] -- Installing: /home/chathura/Documents/git-projects/Robotics-and-Automation-Labs/lab5/install/moveit_ros_control_interface/lib/libmoveit_ros_control_interface_empty_plugin.so.2.5.5
[12.773s] -- Set runtime path of "/home/chathura/Documents/git-projects/Robotics-and-Automation-Labs/lab5/install/moveit_ros_control_interface/lib/libmoveit_ros_control_interface_empty_plugin.so.2.5.5" to ""
[12.773s] -- Installing: /home/chathura/Documents/git-projects/Robotics-and-Automation-Labs/lab5/install/moveit_ros_control_interface/lib/libmoveit_ros_control_interface_empty_plugin.so
[12.773s] -- Installing: /home/chathura/Documents/git-projects/Robotics-and-Automation-Labs/lab5/install/moveit_ros_control_interface/include
[12.773s] -- Installing: /home/chathura/Documents/git-projects/Robotics-and-Automation-Labs/lab5/install/moveit_ros_control_interface/include/moveit_ros_control_interface
[12.773s] -- Installing: /home/chathura/Documents/git-projects/Robotics-and-Automation-Labs/lab5/install/moveit_ros_control_interface/include/moveit_ros_control_interface/ControllerHandle.h
[12.773s] -- Installing: /home/chathura/Documents/git-projects/Robotics-and-Automation-Labs/lab5/install/moveit_ros_control_interface/share/moveit_ros_control_interface/moveit_core_plugins.xml
[12.774s] -- Installing: /home/chathura/Documents/git-projects/Robotics-and-Automation-Labs/lab5/install/moveit_ros_control_interface/share/moveit_ros_control_interface/moveit_ros_control_interface_plugins.xml
[12.774s] -- Installing: /home/chathura/Documents/git-projects/Robotics-and-Automation-Labs/lab5/install/moveit_ros_control_interface/share/moveit_ros_control_interface/environment/library_path.sh
[12.774s] -- Installing: /home/chathura/Documents/git-projects/Robotics-and-Automation-Labs/lab5/install/moveit_ros_control_interface/share/moveit_ros_control_interface/environment/library_path.dsv
[12.774s] -- Installing: /home/chathura/Documents/git-projects/Robotics-and-Automation-Labs/lab5/install/moveit_ros_control_interface/share/ament_index/resource_index/package_run_dependencies/moveit_ros_control_interface
[12.775s] -- Installing: /home/chathura/Documents/git-projects/Robotics-and-Automation-Labs/lab5/install/moveit_ros_control_interface/share/ament_index/resource_index/parent_prefix_path/moveit_ros_control_interface
[12.775s] -- Installing: /home/chathura/Documents/git-projects/Robotics-and-Automation-Labs/lab5/install/moveit_ros_control_interface/share/moveit_ros_control_interface/environment/ament_prefix_path.sh
[12.775s] -- Installing: /home/chathura/Documents/git-projects/Robotics-and-Automation-Labs/lab5/install/moveit_ros_control_interface/share/moveit_ros_control_interface/environment/ament_prefix_path.dsv
[12.775s] -- Installing: /home/chathura/Documents/git-projects/Robotics-and-Automation-Labs/lab5/install/moveit_ros_control_interface/share/moveit_ros_control_interface/environment/path.sh
[12.775s] -- Installing: /home/chathura/Documents/git-projects/Robotics-and-Automation-Labs/lab5/install/moveit_ros_control_interface/share/moveit_ros_control_interface/environment/path.dsv
[12.775s] -- Installing: /home/chathura/Documents/git-projects/Robotics-and-Automation-Labs/lab5/install/moveit_ros_control_interface/share/moveit_ros_control_interface/local_setup.bash
[12.775s] -- Installing: /home/chathura/Documents/git-projects/Robotics-and-Automation-Labs/lab5/install/moveit_ros_control_interface/share/moveit_ros_control_interface/local_setup.sh
[12.776s] -- Installing: /home/chathura/Documents/git-projects/Robotics-and-Automation-Labs/lab5/install/moveit_ros_control_interface/share/moveit_ros_control_interface/local_setup.zsh
[12.776s] -- Installing: /home/chathura/Documents/git-projects/Robotics-and-Automation-Labs/lab5/install/moveit_ros_control_interface/share/moveit_ros_control_interface/local_setup.dsv
[12.776s] -- Installing: /home/chathura/Documents/git-projects/Robotics-and-Automation-Labs/lab5/install/moveit_ros_control_interface/share/moveit_ros_control_interface/package.dsv
[12.776s] -- Installing: /home/chathura/Documents/git-projects/Robotics-and-Automation-Labs/lab5/install/moveit_ros_control_interface/share/ament_index/resource_index/packages/moveit_ros_control_interface
[12.776s] -- Installing: /home/chathura/Documents/git-projects/Robotics-and-Automation-Labs/lab5/install/moveit_ros_control_interface/share/ament_index/resource_index/moveit_core__pluginlib__plugin/moveit_ros_control_interface
[12.776s] -- Installing: /home/chathura/Documents/git-projects/Robotics-and-Automation-Labs/lab5/install/moveit_ros_control_interface/share/ament_index/resource_index/moveit_ros_control_interface__pluginlib__plugin/moveit_ros_control_interface
[12.777s] -- Installing: /home/chathura/Documents/git-projects/Robotics-and-Automation-Labs/lab5/install/moveit_ros_control_interface/share/moveit_ros_control_interface/cmake/export_moveit_ros_control_interfaceExport.cmake
[12.777s] -- Installing: /home/chathura/Documents/git-projects/Robotics-and-Automation-Labs/lab5/install/moveit_ros_control_interface/share/moveit_ros_control_interface/cmake/export_moveit_ros_control_interfaceExport-release.cmake
[12.777s] -- Installing: /home/chathura/Documents/git-projects/Robotics-and-Automation-Labs/lab5/install/moveit_ros_control_interface/share/moveit_ros_control_interface/cmake/ConfigExtras.cmake
[12.777s] -- Installing: /home/chathura/Documents/git-projects/Robotics-and-Automation-Labs/lab5/install/moveit_ros_control_interface/share/moveit_ros_control_interface/cmake/ament_cmake_export_targets-extras.cmake
[12.777s] -- Installing: /home/chathura/Documents/git-projects/Robotics-and-Automation-Labs/lab5/install/moveit_ros_control_interface/share/moveit_ros_control_interface/cmake/ament_cmake_export_dependencies-extras.cmake
[12.777s] -- Installing: /home/chathura/Documents/git-projects/Robotics-and-Automation-Labs/lab5/install/moveit_ros_control_interface/share/moveit_ros_control_interface/cmake/moveit_ros_control_interfaceConfig.cmake
[12.777s] -- Installing: /home/chathura/Documents/git-projects/Robotics-and-Automation-Labs/lab5/install/moveit_ros_control_interface/share/moveit_ros_control_interface/cmake/moveit_ros_control_interfaceConfig-version.cmake
[12.778s] -- Installing: /home/chathura/Documents/git-projects/Robotics-and-Automation-Labs/lab5/install/moveit_ros_control_interface/share/moveit_ros_control_interface/package.xml
[12.779s] Invoked command in '/home/chathura/Documents/git-projects/Robotics-and-Automation-Labs/lab5/build/moveit_ros_control_interface' returned '0': AMENT_PREFIX_PATH=/home/chathura/Documents/git-projects/Robotics-and-Automation-Labs/lab5/install/moveit_simple_controller_manager:/home/chathura/Documents/git-projects/Robotics-and-Automation-Labs/lab5/install/moveit_core:/home/chathura/Documents/git-projects/Robotics-and-Automation-Labs/lab5/install/srdfdom:/home/chathura/Documents/git-projects/Robotics-and-Automation-Labs/lab5/install/moveit_common:${AMENT_PREFIX_PATH} CMAKE_PREFIX_PATH=/home/chathura/Documents/git-projects/Robotics-and-Automation-Labs/lab5/install/moveit_simple_controller_manager:/home/chathura/Documents/git-projects/Robotics-and-Automation-Labs/lab5/install/moveit_core:/home/chathura/Documents/git-projects/Robotics-and-Automation-Labs/lab5/install/srdfdom:/home/chathura/Documents/git-projects/Robotics-and-Automation-Labs/lab5/install/moveit_common:/opt/ros/humble LD_LIBRARY_PATH=/home/chathura/Documents/git-projects/Robotics-and-Automation-Labs/lab5/install/moveit_simple_controller_manager/lib:/home/chathura/Documents/git-projects/Robotics-and-Automation-Labs/lab5/install/moveit_core/lib:/home/chathura/Documents/git-projects/Robotics-and-Automation-Labs/lab5/install/srdfdom/lib:${LD_LIBRARY_PATH} PATH=/home/chathura/Documents/git-projects/Robotics-and-Automation-Labs/lab5/install/moveit_core/bin:${PATH} PYTHONPATH=/home/chathura/Documents/git-projects/Robotics-and-Automation-Labs/lab5/install/srdfdom/local/lib/python3.10/dist-packages:${PYTHONPATH} /usr/bin/cmake --install /home/chathura/Documents/git-projects/Robotics-and-Automation-Labs/lab5/build/moveit_ros_control_interface
