[0.039s] Invoking command in '/home/tharusha/Documents/Robotics/lab08/tiago_public_ws/build/pmb2_description': AMENT_PREFIX_PATH=/home/tharusha/Documents/Robotics/lab08/tiago_public_ws/install/pmb2_controller_configuration:/home/tharusha/Documents/Robotics/lab08/tiago_public_ws/install/urdf_test:/home/tharusha/Documents/Robotics/lab08/tiago_public_ws/install/pal_urdf_utils:/home/tharusha/Documents/Robotics/lab08/tiago_public_ws/install/launch_pal:${AMENT_PREFIX_PATH} CMAKE_PREFIX_PATH=/home/tharusha/Documents/Robotics/lab08/tiago_public_ws/install/pmb2_controller_configuration:/home/tharusha/Documents/Robotics/lab08/tiago_public_ws/install/urdf_test:/home/tharusha/Documents/Robotics/lab08/tiago_public_ws/install/pal_urdf_utils:/home/tharusha/lab05/install/pilz_industrial_motion_planner_testutils:/home/tharusha/lab05/install/moveit_runtime:/home/tharusha/lab05/install/moveit2_tutorials:/home/tharusha/lab05/install/moveit:/home/tharusha/lab05/install/moveit_planners:/home/tharusha/lab05/install/pilz_industrial_motion_planner:/home/tharusha/lab05/install/moveit_visual_tools:/home/tharusha/lab05/install/moveit_task_constructor_visualization:/home/tharusha/lab05/install/moveit_task_constructor_demo:/home/tharusha/lab05/install/moveit_task_constructor_capabilities:/home/tharusha/lab05/install/moveit_task_constructor_core:/home/tharusha/lab05/install/moveit_ros_control_interface:/home/tharusha/lab05/install/moveit_plugins:/home/tharusha/lab05/install/moveit_simple_controller_manager:/home/tharusha/lab05/install/moveit_setup_assistant:/home/tharusha/lab05/install/moveit_setup_srdf_plugins:/home/tharusha/lab05/install/moveit_setup_core_plugins:/home/tharusha/lab05/install/moveit_setup_controllers:/home/tharusha/lab05/install/moveit_setup_app_plugins:/home/tharusha/lab05/install/moveit_setup_framework:/home/tharusha/lab05/install/moveit_servo:/home/tharusha/lab05/install/moveit_ros:/home/tharusha/lab05/install/moveit_ros_visualization:/home/tharusha/lab05/install/moveit_hybrid_planning:/home/tharusha/lab05/install/moveit_ros_planning_interface:/home/tharusha/lab05/install/moveit_ros_benchmarks:/home/tharusha/lab05/install/moveit_ros_warehouse:/home/tharusha/lab05/install/moveit_ros_robot_interaction:/home/tharusha/lab05/install/moveit_ros_perception:/home/tharusha/lab05/install/moveit_resources_prbt_pg70_support:/home/tharusha/lab05/install/moveit_resources_prbt_moveit_config:/home/tharusha/lab05/install/moveit_ros_move_group:/home/tharusha/lab05/install/moveit_planners_ompl:/home/tharusha/lab05/install/moveit_ros_planning:/home/tharusha/lab05/install/moveit_ros_occupancy_map_monitor:/home/tharusha/lab05/install/moveit_resources_prbt_ikfast_manipulator_plugin:/home/tharusha/lab05/install/moveit_planners_chomp:/home/tharusha/lab05/install/moveit_kinematics:/home/tharusha/lab05/install/moveit_chomp_optimizer_adapter:/home/tharusha/lab05/install/chomp_motion_planner:/home/tharusha/lab05/install/moveit_core:/home/tharusha/lab05/install/srdfdom:/home/tharusha/lab05/install/rviz_marker_tools:/home/tharusha/lab05/install/rosparam_shortcuts:/home/tharusha/lab05/install/moveit_task_constructor_msgs:/home/tharusha/lab05/install/moveit_resources_prbt_support:/home/tharusha/lab05/install/moveit_resources:/home/tharusha/lab05/install/moveit_resources_pr2_description:/home/tharusha/lab05/install/moveit_resources_panda_moveit_config:/home/tharusha/lab05/install/moveit_resources_panda_description:/home/tharusha/lab05/install/moveit_resources_fanuc_moveit_config:/home/tharusha/lab05/install/moveit_resources_fanuc_description:/home/tharusha/lab05/install/moveit_common:/home/tharusha/robotics/install/launch_param_builder:/home/tharusha/robotics/install/broadcaster_listener:/home/tharusha/lab05/install/moveit_configs_utils:/home/tharusha/lab05/install/launch_param_builder:/opt/ros/humble PYTHONPATH=/home/tharusha/Documents/Robotics/lab08/tiago_public_ws/install/urdf_test/local/lib/python3.10/dist-packages:/home/tharusha/Documents/Robotics/lab08/tiago_public_ws/build/launch_pal:/home/tharusha/Documents/Robotics/lab08/tiago_public_ws/install/launch_pal/lib/python3.10/site-packages:${PYTHONPATH} /usr/bin/cmake /home/tharusha/Documents/Robotics/lab08/tiago_public_ws/src/pmb2_robot/pmb2_description -DAMENT_CMAKE_SYMLINK_INSTALL=1 -DCMAKE_INSTALL_PREFIX=/home/tharusha/Documents/Robotics/lab08/tiago_public_ws/install/pmb2_description
[0.219s] -- The C compiler identification is GNU 11.4.0
[0.318s] -- The CXX compiler identification is GNU 11.4.0
[0.336s] -- Detecting C compiler ABI info
[0.610s] -- Detecting C compiler ABI info - done
[0.642s] -- Check for working C compiler: /usr/bin/cc - skipped
[0.642s] -- Detecting C compile features
[0.642s] -- Detecting C compile features - done
[0.649s] -- Detecting CXX compiler ABI info
[0.900s] -- Detecting CXX compiler ABI info - done
[0.920s] -- Check for working CXX compiler: /usr/bin/c++ - skipped
[0.920s] -- Detecting CXX compile features
[0.920s] -- Detecting CXX compile features - done
[0.941s] -- Found ament_cmake_auto: 1.3.8 (/opt/ros/humble/share/ament_cmake_auto/cmake)
[1.493s] -- Found Python3: /usr/bin/python3 (found version "3.10.12") found components: Interpreter 
[1.769s] -- Override CMake install command with custom implementation using symlinks instead of copying resources
[2.434s] -- Found ament_lint_auto: 0.12.10 (/opt/ros/humble/share/ament_lint_auto/cmake)
[2.818s] -- Found python_cmake_module: 0.10.0 (/opt/ros/humble/share/python_cmake_module/cmake)
[2.945s] -- Found PythonInterp: /usr/bin/python3 (found suitable version "3.10.12", minimum required is "3.6") 
[3.007s] -- Found PythonLibs: /usr/lib/x86_64-linux-gnu/libpython3.10.so (found suitable version "3.10.12", minimum required is "3.5") 
[3.007s] -- Using PYTHON_EXECUTABLE: /usr/bin/python3
[3.008s] -- Using PYTHON_INCLUDE_DIRS: /usr/include/python3.10
[3.008s] -- Using PYTHON_LIBRARIES: /usr/lib/x86_64-linux-gnu/libpython3.10.so
[3.113s] -- Found PythonExtra: .so  
[3.233s] -- Added test 'copyright' to check source files copyright and LICENSE
[3.273s] -- Added test 'flake8' to check Python code syntax and style conventions
[3.282s] -- Added test 'lint_cmake' to check CMake code style
[3.299s] -- Added test 'pep257' to check Python code against some of the docstring style conventions in PEP 257
[3.314s] -- Added test 'xmllint' to check XML markup files
[3.328s] -- Configuring done
[3.339s] -- Generating done
[3.342s] -- Build files have been written to: /home/tharusha/Documents/Robotics/lab08/tiago_public_ws/build/pmb2_description
[3.368s] Invoked command in '/home/tharusha/Documents/Robotics/lab08/tiago_public_ws/build/pmb2_description' returned '0': AMENT_PREFIX_PATH=/home/tharusha/Documents/Robotics/lab08/tiago_public_ws/install/pmb2_controller_configuration:/home/tharusha/Documents/Robotics/lab08/tiago_public_ws/install/urdf_test:/home/tharusha/Documents/Robotics/lab08/tiago_public_ws/install/pal_urdf_utils:/home/tharusha/Documents/Robotics/lab08/tiago_public_ws/install/launch_pal:${AMENT_PREFIX_PATH} CMAKE_PREFIX_PATH=/home/tharusha/Documents/Robotics/lab08/tiago_public_ws/install/pmb2_controller_configuration:/home/tharusha/Documents/Robotics/lab08/tiago_public_ws/install/urdf_test:/home/tharusha/Documents/Robotics/lab08/tiago_public_ws/install/pal_urdf_utils:/home/tharusha/lab05/install/pilz_industrial_motion_planner_testutils:/home/tharusha/lab05/install/moveit_runtime:/home/tharusha/lab05/install/moveit2_tutorials:/home/tharusha/lab05/install/moveit:/home/tharusha/lab05/install/moveit_planners:/home/tharusha/lab05/install/pilz_industrial_motion_planner:/home/tharusha/lab05/install/moveit_visual_tools:/home/tharusha/lab05/install/moveit_task_constructor_visualization:/home/tharusha/lab05/install/moveit_task_constructor_demo:/home/tharusha/lab05/install/moveit_task_constructor_capabilities:/home/tharusha/lab05/install/moveit_task_constructor_core:/home/tharusha/lab05/install/moveit_ros_control_interface:/home/tharusha/lab05/install/moveit_plugins:/home/tharusha/lab05/install/moveit_simple_controller_manager:/home/tharusha/lab05/install/moveit_setup_assistant:/home/tharusha/lab05/install/moveit_setup_srdf_plugins:/home/tharusha/lab05/install/moveit_setup_core_plugins:/home/tharusha/lab05/install/moveit_setup_controllers:/home/tharusha/lab05/install/moveit_setup_app_plugins:/home/tharusha/lab05/install/moveit_setup_framework:/home/tharusha/lab05/install/moveit_servo:/home/tharusha/lab05/install/moveit_ros:/home/tharusha/lab05/install/moveit_ros_visualization:/home/tharusha/lab05/install/moveit_hybrid_planning:/home/tharusha/lab05/install/moveit_ros_planning_interface:/home/tharusha/lab05/install/moveit_ros_benchmarks:/home/tharusha/lab05/install/moveit_ros_warehouse:/home/tharusha/lab05/install/moveit_ros_robot_interaction:/home/tharusha/lab05/install/moveit_ros_perception:/home/tharusha/lab05/install/moveit_resources_prbt_pg70_support:/home/tharusha/lab05/install/moveit_resources_prbt_moveit_config:/home/tharusha/lab05/install/moveit_ros_move_group:/home/tharusha/lab05/install/moveit_planners_ompl:/home/tharusha/lab05/install/moveit_ros_planning:/home/tharusha/lab05/install/moveit_ros_occupancy_map_monitor:/home/tharusha/lab05/install/moveit_resources_prbt_ikfast_manipulator_plugin:/home/tharusha/lab05/install/moveit_planners_chomp:/home/tharusha/lab05/install/moveit_kinematics:/home/tharusha/lab05/install/moveit_chomp_optimizer_adapter:/home/tharusha/lab05/install/chomp_motion_planner:/home/tharusha/lab05/install/moveit_core:/home/tharusha/lab05/install/srdfdom:/home/tharusha/lab05/install/rviz_marker_tools:/home/tharusha/lab05/install/rosparam_shortcuts:/home/tharusha/lab05/install/moveit_task_constructor_msgs:/home/tharusha/lab05/install/moveit_resources_prbt_support:/home/tharusha/lab05/install/moveit_resources:/home/tharusha/lab05/install/moveit_resources_pr2_description:/home/tharusha/lab05/install/moveit_resources_panda_moveit_config:/home/tharusha/lab05/install/moveit_resources_panda_description:/home/tharusha/lab05/install/moveit_resources_fanuc_moveit_config:/home/tharusha/lab05/install/moveit_resources_fanuc_description:/home/tharusha/lab05/install/moveit_common:/home/tharusha/robotics/install/launch_param_builder:/home/tharusha/robotics/install/broadcaster_listener:/home/tharusha/lab05/install/moveit_configs_utils:/home/tharusha/lab05/install/launch_param_builder:/opt/ros/humble PYTHONPATH=/home/tharusha/Documents/Robotics/lab08/tiago_public_ws/install/urdf_test/local/lib/python3.10/dist-packages:/home/tharusha/Documents/Robotics/lab08/tiago_public_ws/build/launch_pal:/home/tharusha/Documents/Robotics/lab08/tiago_public_ws/install/launch_pal/lib/python3.10/site-packages:${PYTHONPATH} /usr/bin/cmake /home/tharusha/Documents/Robotics/lab08/tiago_public_ws/src/pmb2_robot/pmb2_description -DAMENT_CMAKE_SYMLINK_INSTALL=1 -DCMAKE_INSTALL_PREFIX=/home/tharusha/Documents/Robotics/lab08/tiago_public_ws/install/pmb2_description
[3.369s] Invoking command in '/home/tharusha/Documents/Robotics/lab08/tiago_public_ws/build/pmb2_description': AMENT_PREFIX_PATH=/home/tharusha/Documents/Robotics/lab08/tiago_public_ws/install/pmb2_controller_configuration:/home/tharusha/Documents/Robotics/lab08/tiago_public_ws/install/urdf_test:/home/tharusha/Documents/Robotics/lab08/tiago_public_ws/install/pal_urdf_utils:/home/tharusha/Documents/Robotics/lab08/tiago_public_ws/install/launch_pal:${AMENT_PREFIX_PATH} CMAKE_PREFIX_PATH=/home/tharusha/Documents/Robotics/lab08/tiago_public_ws/install/pmb2_controller_configuration:/home/tharusha/Documents/Robotics/lab08/tiago_public_ws/install/urdf_test:/home/tharusha/Documents/Robotics/lab08/tiago_public_ws/install/pal_urdf_utils:/home/tharusha/lab05/install/pilz_industrial_motion_planner_testutils:/home/tharusha/lab05/install/moveit_runtime:/home/tharusha/lab05/install/moveit2_tutorials:/home/tharusha/lab05/install/moveit:/home/tharusha/lab05/install/moveit_planners:/home/tharusha/lab05/install/pilz_industrial_motion_planner:/home/tharusha/lab05/install/moveit_visual_tools:/home/tharusha/lab05/install/moveit_task_constructor_visualization:/home/tharusha/lab05/install/moveit_task_constructor_demo:/home/tharusha/lab05/install/moveit_task_constructor_capabilities:/home/tharusha/lab05/install/moveit_task_constructor_core:/home/tharusha/lab05/install/moveit_ros_control_interface:/home/tharusha/lab05/install/moveit_plugins:/home/tharusha/lab05/install/moveit_simple_controller_manager:/home/tharusha/lab05/install/moveit_setup_assistant:/home/tharusha/lab05/install/moveit_setup_srdf_plugins:/home/tharusha/lab05/install/moveit_setup_core_plugins:/home/tharusha/lab05/install/moveit_setup_controllers:/home/tharusha/lab05/install/moveit_setup_app_plugins:/home/tharusha/lab05/install/moveit_setup_framework:/home/tharusha/lab05/install/moveit_servo:/home/tharusha/lab05/install/moveit_ros:/home/tharusha/lab05/install/moveit_ros_visualization:/home/tharusha/lab05/install/moveit_hybrid_planning:/home/tharusha/lab05/install/moveit_ros_planning_interface:/home/tharusha/lab05/install/moveit_ros_benchmarks:/home/tharusha/lab05/install/moveit_ros_warehouse:/home/tharusha/lab05/install/moveit_ros_robot_interaction:/home/tharusha/lab05/install/moveit_ros_perception:/home/tharusha/lab05/install/moveit_resources_prbt_pg70_support:/home/tharusha/lab05/install/moveit_resources_prbt_moveit_config:/home/tharusha/lab05/install/moveit_ros_move_group:/home/tharusha/lab05/install/moveit_planners_ompl:/home/tharusha/lab05/install/moveit_ros_planning:/home/tharusha/lab05/install/moveit_ros_occupancy_map_monitor:/home/tharusha/lab05/install/moveit_resources_prbt_ikfast_manipulator_plugin:/home/tharusha/lab05/install/moveit_planners_chomp:/home/tharusha/lab05/install/moveit_kinematics:/home/tharusha/lab05/install/moveit_chomp_optimizer_adapter:/home/tharusha/lab05/install/chomp_motion_planner:/home/tharusha/lab05/install/moveit_core:/home/tharusha/lab05/install/srdfdom:/home/tharusha/lab05/install/rviz_marker_tools:/home/tharusha/lab05/install/rosparam_shortcuts:/home/tharusha/lab05/install/moveit_task_constructor_msgs:/home/tharusha/lab05/install/moveit_resources_prbt_support:/home/tharusha/lab05/install/moveit_resources:/home/tharusha/lab05/install/moveit_resources_pr2_description:/home/tharusha/lab05/install/moveit_resources_panda_moveit_config:/home/tharusha/lab05/install/moveit_resources_panda_description:/home/tharusha/lab05/install/moveit_resources_fanuc_moveit_config:/home/tharusha/lab05/install/moveit_resources_fanuc_description:/home/tharusha/lab05/install/moveit_common:/home/tharusha/robotics/install/launch_param_builder:/home/tharusha/robotics/install/broadcaster_listener:/home/tharusha/lab05/install/moveit_configs_utils:/home/tharusha/lab05/install/launch_param_builder:/opt/ros/humble PYTHONPATH=/home/tharusha/Documents/Robotics/lab08/tiago_public_ws/install/urdf_test/local/lib/python3.10/dist-packages:/home/tharusha/Documents/Robotics/lab08/tiago_public_ws/build/launch_pal:/home/tharusha/Documents/Robotics/lab08/tiago_public_ws/install/launch_pal/lib/python3.10/site-packages:${PYTHONPATH} /usr/bin/cmake --build /home/tharusha/Documents/Robotics/lab08/tiago_public_ws/build/pmb2_description -- -j12 -l12
[3.611s] Built target ament_cmake_python_symlink_pmb2_description
[4.150s] running egg_info
[4.151s] creating pmb2_description.egg-info
[4.151s] writing pmb2_description.egg-info/PKG-INFO
[4.152s] writing dependency_links to pmb2_description.egg-info/dependency_links.txt
[4.152s] writing top-level names to pmb2_description.egg-info/top_level.txt
[4.152s] writing manifest file 'pmb2_description.egg-info/SOURCES.txt'
[4.157s] reading manifest file 'pmb2_description.egg-info/SOURCES.txt'
[4.157s] writing manifest file 'pmb2_description.egg-info/SOURCES.txt'
[4.214s] Built target ament_cmake_python_build_pmb2_description_egg
[4.242s] Invoked command in '/home/tharusha/Documents/Robotics/lab08/tiago_public_ws/build/pmb2_description' returned '0': AMENT_PREFIX_PATH=/home/tharusha/Documents/Robotics/lab08/tiago_public_ws/install/pmb2_controller_configuration:/home/tharusha/Documents/Robotics/lab08/tiago_public_ws/install/urdf_test:/home/tharusha/Documents/Robotics/lab08/tiago_public_ws/install/pal_urdf_utils:/home/tharusha/Documents/Robotics/lab08/tiago_public_ws/install/launch_pal:${AMENT_PREFIX_PATH} CMAKE_PREFIX_PATH=/home/tharusha/Documents/Robotics/lab08/tiago_public_ws/install/pmb2_controller_configuration:/home/tharusha/Documents/Robotics/lab08/tiago_public_ws/install/urdf_test:/home/tharusha/Documents/Robotics/lab08/tiago_public_ws/install/pal_urdf_utils:/home/tharusha/lab05/install/pilz_industrial_motion_planner_testutils:/home/tharusha/lab05/install/moveit_runtime:/home/tharusha/lab05/install/moveit2_tutorials:/home/tharusha/lab05/install/moveit:/home/tharusha/lab05/install/moveit_planners:/home/tharusha/lab05/install/pilz_industrial_motion_planner:/home/tharusha/lab05/install/moveit_visual_tools:/home/tharusha/lab05/install/moveit_task_constructor_visualization:/home/tharusha/lab05/install/moveit_task_constructor_demo:/home/tharusha/lab05/install/moveit_task_constructor_capabilities:/home/tharusha/lab05/install/moveit_task_constructor_core:/home/tharusha/lab05/install/moveit_ros_control_interface:/home/tharusha/lab05/install/moveit_plugins:/home/tharusha/lab05/install/moveit_simple_controller_manager:/home/tharusha/lab05/install/moveit_setup_assistant:/home/tharusha/lab05/install/moveit_setup_srdf_plugins:/home/tharusha/lab05/install/moveit_setup_core_plugins:/home/tharusha/lab05/install/moveit_setup_controllers:/home/tharusha/lab05/install/moveit_setup_app_plugins:/home/tharusha/lab05/install/moveit_setup_framework:/home/tharusha/lab05/install/moveit_servo:/home/tharusha/lab05/install/moveit_ros:/home/tharusha/lab05/install/moveit_ros_visualization:/home/tharusha/lab05/install/moveit_hybrid_planning:/home/tharusha/lab05/install/moveit_ros_planning_interface:/home/tharusha/lab05/install/moveit_ros_benchmarks:/home/tharusha/lab05/install/moveit_ros_warehouse:/home/tharusha/lab05/install/moveit_ros_robot_interaction:/home/tharusha/lab05/install/moveit_ros_perception:/home/tharusha/lab05/install/moveit_resources_prbt_pg70_support:/home/tharusha/lab05/install/moveit_resources_prbt_moveit_config:/home/tharusha/lab05/install/moveit_ros_move_group:/home/tharusha/lab05/install/moveit_planners_ompl:/home/tharusha/lab05/install/moveit_ros_planning:/home/tharusha/lab05/install/moveit_ros_occupancy_map_monitor:/home/tharusha/lab05/install/moveit_resources_prbt_ikfast_manipulator_plugin:/home/tharusha/lab05/install/moveit_planners_chomp:/home/tharusha/lab05/install/moveit_kinematics:/home/tharusha/lab05/install/moveit_chomp_optimizer_adapter:/home/tharusha/lab05/install/chomp_motion_planner:/home/tharusha/lab05/install/moveit_core:/home/tharusha/lab05/install/srdfdom:/home/tharusha/lab05/install/rviz_marker_tools:/home/tharusha/lab05/install/rosparam_shortcuts:/home/tharusha/lab05/install/moveit_task_constructor_msgs:/home/tharusha/lab05/install/moveit_resources_prbt_support:/home/tharusha/lab05/install/moveit_resources:/home/tharusha/lab05/install/moveit_resources_pr2_description:/home/tharusha/lab05/install/moveit_resources_panda_moveit_config:/home/tharusha/lab05/install/moveit_resources_panda_description:/home/tharusha/lab05/install/moveit_resources_fanuc_moveit_config:/home/tharusha/lab05/install/moveit_resources_fanuc_description:/home/tharusha/lab05/install/moveit_common:/home/tharusha/robotics/install/launch_param_builder:/home/tharusha/robotics/install/broadcaster_listener:/home/tharusha/lab05/install/moveit_configs_utils:/home/tharusha/lab05/install/launch_param_builder:/opt/ros/humble PYTHONPATH=/home/tharusha/Documents/Robotics/lab08/tiago_public_ws/install/urdf_test/local/lib/python3.10/dist-packages:/home/tharusha/Documents/Robotics/lab08/tiago_public_ws/build/launch_pal:/home/tharusha/Documents/Robotics/lab08/tiago_public_ws/install/launch_pal/lib/python3.10/site-packages:${PYTHONPATH} /usr/bin/cmake --build /home/tharusha/Documents/Robotics/lab08/tiago_public_ws/build/pmb2_description -- -j12 -l12
[4.336s] Invoking command in '/home/tharusha/Documents/Robotics/lab08/tiago_public_ws/build/pmb2_description': AMENT_PREFIX_PATH=/home/tharusha/Documents/Robotics/lab08/tiago_public_ws/install/pmb2_controller_configuration:/home/tharusha/Documents/Robotics/lab08/tiago_public_ws/install/urdf_test:/home/tharusha/Documents/Robotics/lab08/tiago_public_ws/install/pal_urdf_utils:/home/tharusha/Documents/Robotics/lab08/tiago_public_ws/install/launch_pal:${AMENT_PREFIX_PATH} CMAKE_PREFIX_PATH=/home/tharusha/Documents/Robotics/lab08/tiago_public_ws/install/pmb2_controller_configuration:/home/tharusha/Documents/Robotics/lab08/tiago_public_ws/install/urdf_test:/home/tharusha/Documents/Robotics/lab08/tiago_public_ws/install/pal_urdf_utils:/home/tharusha/lab05/install/pilz_industrial_motion_planner_testutils:/home/tharusha/lab05/install/moveit_runtime:/home/tharusha/lab05/install/moveit2_tutorials:/home/tharusha/lab05/install/moveit:/home/tharusha/lab05/install/moveit_planners:/home/tharusha/lab05/install/pilz_industrial_motion_planner:/home/tharusha/lab05/install/moveit_visual_tools:/home/tharusha/lab05/install/moveit_task_constructor_visualization:/home/tharusha/lab05/install/moveit_task_constructor_demo:/home/tharusha/lab05/install/moveit_task_constructor_capabilities:/home/tharusha/lab05/install/moveit_task_constructor_core:/home/tharusha/lab05/install/moveit_ros_control_interface:/home/tharusha/lab05/install/moveit_plugins:/home/tharusha/lab05/install/moveit_simple_controller_manager:/home/tharusha/lab05/install/moveit_setup_assistant:/home/tharusha/lab05/install/moveit_setup_srdf_plugins:/home/tharusha/lab05/install/moveit_setup_core_plugins:/home/tharusha/lab05/install/moveit_setup_controllers:/home/tharusha/lab05/install/moveit_setup_app_plugins:/home/tharusha/lab05/install/moveit_setup_framework:/home/tharusha/lab05/install/moveit_servo:/home/tharusha/lab05/install/moveit_ros:/home/tharusha/lab05/install/moveit_ros_visualization:/home/tharusha/lab05/install/moveit_hybrid_planning:/home/tharusha/lab05/install/moveit_ros_planning_interface:/home/tharusha/lab05/install/moveit_ros_benchmarks:/home/tharusha/lab05/install/moveit_ros_warehouse:/home/tharusha/lab05/install/moveit_ros_robot_interaction:/home/tharusha/lab05/install/moveit_ros_perception:/home/tharusha/lab05/install/moveit_resources_prbt_pg70_support:/home/tharusha/lab05/install/moveit_resources_prbt_moveit_config:/home/tharusha/lab05/install/moveit_ros_move_group:/home/tharusha/lab05/install/moveit_planners_ompl:/home/tharusha/lab05/install/moveit_ros_planning:/home/tharusha/lab05/install/moveit_ros_occupancy_map_monitor:/home/tharusha/lab05/install/moveit_resources_prbt_ikfast_manipulator_plugin:/home/tharusha/lab05/install/moveit_planners_chomp:/home/tharusha/lab05/install/moveit_kinematics:/home/tharusha/lab05/install/moveit_chomp_optimizer_adapter:/home/tharusha/lab05/install/chomp_motion_planner:/home/tharusha/lab05/install/moveit_core:/home/tharusha/lab05/install/srdfdom:/home/tharusha/lab05/install/rviz_marker_tools:/home/tharusha/lab05/install/rosparam_shortcuts:/home/tharusha/lab05/install/moveit_task_constructor_msgs:/home/tharusha/lab05/install/moveit_resources_prbt_support:/home/tharusha/lab05/install/moveit_resources:/home/tharusha/lab05/install/moveit_resources_pr2_description:/home/tharusha/lab05/install/moveit_resources_panda_moveit_config:/home/tharusha/lab05/install/moveit_resources_panda_description:/home/tharusha/lab05/install/moveit_resources_fanuc_moveit_config:/home/tharusha/lab05/install/moveit_resources_fanuc_description:/home/tharusha/lab05/install/moveit_common:/home/tharusha/robotics/install/launch_param_builder:/home/tharusha/robotics/install/broadcaster_listener:/home/tharusha/lab05/install/moveit_configs_utils:/home/tharusha/lab05/install/launch_param_builder:/opt/ros/humble PYTHONPATH=/home/tharusha/Documents/Robotics/lab08/tiago_public_ws/install/urdf_test/local/lib/python3.10/dist-packages:/home/tharusha/Documents/Robotics/lab08/tiago_public_ws/build/launch_pal:/home/tharusha/Documents/Robotics/lab08/tiago_public_ws/install/launch_pal/lib/python3.10/site-packages:${PYTHONPATH} /usr/bin/cmake --install /home/tharusha/Documents/Robotics/lab08/tiago_public_ws/build/pmb2_description
[4.355s] -- Install configuration: ""
[4.356s] -- Execute custom install script
[4.356s] -- Symlinking: /home/tharusha/Documents/Robotics/lab08/tiago_public_ws/install/pmb2_description/share/pmb2_description/environment/pythonpath.sh
[4.378s] -- Symlinking: /home/tharusha/Documents/Robotics/lab08/tiago_public_ws/install/pmb2_description/share/pmb2_description/environment/pythonpath.dsv
[4.400s] -- Symlinking: /home/tharusha/Documents/Robotics/lab08/tiago_public_ws/install/pmb2_description/local/lib/python3.10/dist-packages/pmb2_description-5.0.17-py3.10.egg-info/PKG-INFO
[4.421s] -- Symlinking: /home/tharusha/Documents/Robotics/lab08/tiago_public_ws/install/pmb2_description/local/lib/python3.10/dist-packages/pmb2_description-5.0.17-py3.10.egg-info/SOURCES.txt
[4.443s] -- Symlinking: /home/tharusha/Documents/Robotics/lab08/tiago_public_ws/install/pmb2_description/local/lib/python3.10/dist-packages/pmb2_description-5.0.17-py3.10.egg-info/dependency_links.txt
[4.464s] -- Symlinking: /home/tharusha/Documents/Robotics/lab08/tiago_public_ws/install/pmb2_description/local/lib/python3.10/dist-packages/pmb2_description-5.0.17-py3.10.egg-info/top_level.txt
[4.485s] -- Symlinking: /home/tharusha/Documents/Robotics/lab08/tiago_public_ws/install/pmb2_description/local/lib/python3.10/dist-packages/pmb2_description/__init__.py
[4.506s] -- Symlinking: /home/tharusha/Documents/Robotics/lab08/tiago_public_ws/install/pmb2_description/share/pmb2_description/config/joint_limits.yaml
[4.527s] -- Symlinking: /home/tharusha/Documents/Robotics/lab08/tiago_public_ws/install/pmb2_description/share/pmb2_description/gazebo/gazebo.urdf.xacro
[4.550s] -- Symlinking: /home/tharusha/Documents/Robotics/lab08/tiago_public_ws/install/pmb2_description/share/pmb2_description/launch/robot_state_publisher.launch.py
[4.570s] -- Symlinking: /home/tharusha/Documents/Robotics/lab08/tiago_public_ws/install/pmb2_description/share/pmb2_description/launch/show.launch.py
[4.592s] -- Symlinking: /home/tharusha/Documents/Robotics/lab08/tiago_public_ws/install/pmb2_description/share/pmb2_description/Media/materials/scripts/markers.material
[4.613s] -- Symlinking: /home/tharusha/Documents/Robotics/lab08/tiago_public_ws/install/pmb2_description/share/pmb2_description/Media/materials/textures/aruco-26_8cm.png
[4.632s] -- Symlinking: /home/tharusha/Documents/Robotics/lab08/tiago_public_ws/install/pmb2_description/share/pmb2_description/Media/materials/textures/aruco-582_8cm.png
[4.652s] -- Symlinking: /home/tharusha/Documents/Robotics/lab08/tiago_public_ws/install/pmb2_description/share/pmb2_description/Media/materials/textures/pal_logo_1_7cm.jpg
[4.671s] -- Symlinking: /home/tharusha/Documents/Robotics/lab08/tiago_public_ws/install/pmb2_description/share/pmb2_description/Media/materials/textures/pal_logo_2_7cm.jpg
[4.691s] -- Symlinking: /home/tharusha/Documents/Robotics/lab08/tiago_public_ws/install/pmb2_description/share/pmb2_description/Media/materials/textures/pal_logo_3_7cm.jpg
[4.712s] -- Symlinking: /home/tharusha/Documents/Robotics/lab08/tiago_public_ws/install/pmb2_description/share/pmb2_description/meshes/base/base.stl
[4.732s] -- Symlinking: /home/tharusha/Documents/Robotics/lab08/tiago_public_ws/install/pmb2_description/share/pmb2_description/meshes/base/base_collision.dae
[4.751s] -- Symlinking: /home/tharusha/Documents/Robotics/lab08/tiago_public_ws/install/pmb2_description/share/pmb2_description/meshes/base/base_ring.stl
[4.771s] -- Symlinking: /home/tharusha/Documents/Robotics/lab08/tiago_public_ws/install/pmb2_description/share/pmb2_description/meshes/base/high_resolution/base.stl
[4.792s] -- Symlinking: /home/tharusha/Documents/Robotics/lab08/tiago_public_ws/install/pmb2_description/share/pmb2_description/meshes/base/high_resolution/base_collision.stl
[4.812s] -- Symlinking: /home/tharusha/Documents/Robotics/lab08/tiago_public_ws/install/pmb2_description/share/pmb2_description/meshes/cameras_add_on/cameras_add_on.stl
[4.833s] -- Symlinking: /home/tharusha/Documents/Robotics/lab08/tiago_public_ws/install/pmb2_description/share/pmb2_description/meshes/cameras_add_on/cameras_add_on_collision.stl
[4.853s] -- Symlinking: /home/tharusha/Documents/Robotics/lab08/tiago_public_ws/install/pmb2_description/share/pmb2_description/meshes/dock/dock.stl
[4.873s] -- Symlinking: /home/tharusha/Documents/Robotics/lab08/tiago_public_ws/install/pmb2_description/share/pmb2_description/meshes/dock/dock_collision.stl
[4.893s] -- Symlinking: /home/tharusha/Documents/Robotics/lab08/tiago_public_ws/install/pmb2_description/share/pmb2_description/meshes/objects/antenna.stl
[4.913s] -- Symlinking: /home/tharusha/Documents/Robotics/lab08/tiago_public_ws/install/pmb2_description/share/pmb2_description/meshes/objects/cover.stl
[4.934s] -- Symlinking: /home/tharusha/Documents/Robotics/lab08/tiago_public_ws/install/pmb2_description/share/pmb2_description/meshes/objects/high_resolution/cover.stl
[4.954s] -- Symlinking: /home/tharusha/Documents/Robotics/lab08/tiago_public_ws/install/pmb2_description/share/pmb2_description/meshes/sensors/bumper.stl
[4.974s] -- Symlinking: /home/tharusha/Documents/Robotics/lab08/tiago_public_ws/install/pmb2_description/share/pmb2_description/meshes/sensors/bumper_collision.stl
[4.993s] -- Symlinking: /home/tharusha/Documents/Robotics/lab08/tiago_public_ws/install/pmb2_description/share/pmb2_description/meshes/sensors/elp_camera.stl
[5.013s] -- Symlinking: /home/tharusha/Documents/Robotics/lab08/tiago_public_ws/install/pmb2_description/share/pmb2_description/meshes/sensors/high_resolution/bumper.stl
[5.033s] -- Symlinking: /home/tharusha/Documents/Robotics/lab08/tiago_public_ws/install/pmb2_description/share/pmb2_description/meshes/sensors/high_resolution/hokuyo_urg_04lx_ug01.stl
[5.053s] -- Symlinking: /home/tharusha/Documents/Robotics/lab08/tiago_public_ws/install/pmb2_description/share/pmb2_description/meshes/sensors/high_resolution/sick_tim551.stl
[5.073s] -- Symlinking: /home/tharusha/Documents/Robotics/lab08/tiago_public_ws/install/pmb2_description/share/pmb2_description/meshes/sensors/high_resolution/srf05.stl
[5.092s] -- Symlinking: /home/tharusha/Documents/Robotics/lab08/tiago_public_ws/install/pmb2_description/share/pmb2_description/meshes/sensors/high_resolution/xtion_pro_live.stl
[5.112s] -- Symlinking: /home/tharusha/Documents/Robotics/lab08/tiago_public_ws/install/pmb2_description/share/pmb2_description/meshes/sensors/hokuyo_urg_04lx_ug01.stl
[5.131s] -- Symlinking: /home/tharusha/Documents/Robotics/lab08/tiago_public_ws/install/pmb2_description/share/pmb2_description/meshes/sensors/sick_tim551.stl
[5.151s] -- Symlinking: /home/tharusha/Documents/Robotics/lab08/tiago_public_ws/install/pmb2_description/share/pmb2_description/meshes/sensors/srf05.stl
[5.171s] -- Symlinking: /home/tharusha/Documents/Robotics/lab08/tiago_public_ws/install/pmb2_description/share/pmb2_description/meshes/sensors/structure_sensor.stl
[5.189s] -- Symlinking: /home/tharusha/Documents/Robotics/lab08/tiago_public_ws/install/pmb2_description/share/pmb2_description/meshes/sensors/xtion_pro_live.dae
[5.209s] -- Symlinking: /home/tharusha/Documents/Robotics/lab08/tiago_public_ws/install/pmb2_description/share/pmb2_description/meshes/wheels/caster_1.stl
[5.227s] -- Symlinking: /home/tharusha/Documents/Robotics/lab08/tiago_public_ws/install/pmb2_description/share/pmb2_description/meshes/wheels/caster_2.stl
[5.245s] -- Symlinking: /home/tharusha/Documents/Robotics/lab08/tiago_public_ws/install/pmb2_description/share/pmb2_description/meshes/wheels/high_resolution/caster_1.stl
[5.263s] -- Symlinking: /home/tharusha/Documents/Robotics/lab08/tiago_public_ws/install/pmb2_description/share/pmb2_description/meshes/wheels/high_resolution/caster_2.stl
[5.282s] -- Symlinking: /home/tharusha/Documents/Robotics/lab08/tiago_public_ws/install/pmb2_description/share/pmb2_description/meshes/wheels/high_resolution/wheel.stl
[5.302s] -- Symlinking: /home/tharusha/Documents/Robotics/lab08/tiago_public_ws/install/pmb2_description/share/pmb2_description/meshes/wheels/wheel.stl
[5.320s] -- Symlinking: /home/tharusha/Documents/Robotics/lab08/tiago_public_ws/install/pmb2_description/share/pmb2_description/robots/pmb2.urdf.xacro
[5.339s] -- Symlinking: /home/tharusha/Documents/Robotics/lab08/tiago_public_ws/install/pmb2_description/share/pmb2_description/ros2_control/ros2_control.urdf.xacro
[5.358s] -- Symlinking: /home/tharusha/Documents/Robotics/lab08/tiago_public_ws/install/pmb2_description/share/pmb2_description/urdf/base/base.urdf.xacro
[5.384s] -- Symlinking: /home/tharusha/Documents/Robotics/lab08/tiago_public_ws/install/pmb2_description/share/pmb2_description/urdf/base/base_sensors.urdf.xacro
[5.403s] -- Symlinking: /home/tharusha/Documents/Robotics/lab08/tiago_public_ws/install/pmb2_description/share/pmb2_description/urdf/base/footprint.yaml
[5.423s] -- Symlinking: /home/tharusha/Documents/Robotics/lab08/tiago_public_ws/install/pmb2_description/share/pmb2_description/urdf/cameras_add_on/cameras_add_on.urdf.xacro
[5.441s] -- Symlinking: /home/tharusha/Documents/Robotics/lab08/tiago_public_ws/install/pmb2_description/share/pmb2_description/urdf/deg_to_rad.xacro
[5.460s] -- Symlinking: /home/tharusha/Documents/Robotics/lab08/tiago_public_ws/install/pmb2_description/share/pmb2_description/urdf/dock/dock.urdf.xacro
[5.479s] -- Symlinking: /home/tharusha/Documents/Robotics/lab08/tiago_public_ws/install/pmb2_description/share/pmb2_description/urdf/materials.urdf.xacro
[5.500s] -- Symlinking: /home/tharusha/Documents/Robotics/lab08/tiago_public_ws/install/pmb2_description/share/pmb2_description/urdf/objects/antenna.urdf.xacro
[5.521s] -- Symlinking: /home/tharusha/Documents/Robotics/lab08/tiago_public_ws/install/pmb2_description/share/pmb2_description/urdf/objects/cover.urdf.xacro
[5.544s] -- Symlinking: /home/tharusha/Documents/Robotics/lab08/tiago_public_ws/install/pmb2_description/share/pmb2_description/urdf/sensors/bumper.gazebo.xacro
[5.565s] -- Symlinking: /home/tharusha/Documents/Robotics/lab08/tiago_public_ws/install/pmb2_description/share/pmb2_description/urdf/sensors/bumper.urdf.xacro
[5.586s] -- Symlinking: /home/tharusha/Documents/Robotics/lab08/tiago_public_ws/install/pmb2_description/share/pmb2_description/urdf/sensors/courier.urdf.xacro
[5.606s] -- Symlinking: /home/tharusha/Documents/Robotics/lab08/tiago_public_ws/install/pmb2_description/share/pmb2_description/urdf/sensors/elp_rgb.gazebo.xacro
[5.626s] -- Symlinking: /home/tharusha/Documents/Robotics/lab08/tiago_public_ws/install/pmb2_description/share/pmb2_description/urdf/sensors/elp_rgb.urdf.xacro
[5.646s] -- Symlinking: /home/tharusha/Documents/Robotics/lab08/tiago_public_ws/install/pmb2_description/share/pmb2_description/urdf/sensors/hokuyo_urg_04lx_ug01_laser.gazebo.xacro
[5.667s] -- Symlinking: /home/tharusha/Documents/Robotics/lab08/tiago_public_ws/install/pmb2_description/share/pmb2_description/urdf/sensors/hokuyo_urg_04lx_ug01_laser.urdf.xacro
[5.686s] -- Symlinking: /home/tharusha/Documents/Robotics/lab08/tiago_public_ws/install/pmb2_description/share/pmb2_description/urdf/sensors/imu.urdf.xacro
[5.706s] -- Symlinking: /home/tharusha/Documents/Robotics/lab08/tiago_public_ws/install/pmb2_description/share/pmb2_description/urdf/sensors/microphone.urdf.xacro
[5.725s] -- Symlinking: /home/tharusha/Documents/Robotics/lab08/tiago_public_ws/install/pmb2_description/share/pmb2_description/urdf/sensors/range.gazebo.xacro
[5.743s] -- Symlinking: /home/tharusha/Documents/Robotics/lab08/tiago_public_ws/install/pmb2_description/share/pmb2_description/urdf/sensors/range.urdf.xacro
[5.762s] -- Symlinking: /home/tharusha/Documents/Robotics/lab08/tiago_public_ws/install/pmb2_description/share/pmb2_description/urdf/sensors/sensors.ros2_control.xacro
[5.781s] -- Symlinking: /home/tharusha/Documents/Robotics/lab08/tiago_public_ws/install/pmb2_description/share/pmb2_description/urdf/sensors/sick_tim551_laser.gazebo.xacro
[5.801s] -- Symlinking: /home/tharusha/Documents/Robotics/lab08/tiago_public_ws/install/pmb2_description/share/pmb2_description/urdf/sensors/sick_tim551_laser.urdf.xacro
[5.822s] -- Symlinking: /home/tharusha/Documents/Robotics/lab08/tiago_public_ws/install/pmb2_description/share/pmb2_description/urdf/sensors/sick_tim561_laser.gazebo.xacro
[5.843s] -- Symlinking: /home/tharusha/Documents/Robotics/lab08/tiago_public_ws/install/pmb2_description/share/pmb2_description/urdf/sensors/sick_tim561_laser.urdf.xacro
[5.864s] -- Symlinking: /home/tharusha/Documents/Robotics/lab08/tiago_public_ws/install/pmb2_description/share/pmb2_description/urdf/sensors/sick_tim571_laser.gazebo.xacro
[5.887s] -- Symlinking: /home/tharusha/Documents/Robotics/lab08/tiago_public_ws/install/pmb2_description/share/pmb2_description/urdf/sensors/sick_tim571_laser.urdf.xacro
[5.910s] -- Symlinking: /home/tharusha/Documents/Robotics/lab08/tiago_public_ws/install/pmb2_description/share/pmb2_description/urdf/sensors/structure_sensor.gazebo.xacro
[5.930s] -- Symlinking: /home/tharusha/Documents/Robotics/lab08/tiago_public_ws/install/pmb2_description/share/pmb2_description/urdf/sensors/structure_sensor.urdf.xacro
[5.953s] -- Symlinking: /home/tharusha/Documents/Robotics/lab08/tiago_public_ws/install/pmb2_description/share/pmb2_description/urdf/wheels/caster.gazebo.xacro
[5.977s] -- Symlinking: /home/tharusha/Documents/Robotics/lab08/tiago_public_ws/install/pmb2_description/share/pmb2_description/urdf/wheels/caster.urdf.xacro
[5.996s] -- Symlinking: /home/tharusha/Documents/Robotics/lab08/tiago_public_ws/install/pmb2_description/share/pmb2_description/urdf/wheels/wheel.gazebo.xacro
[6.017s] -- Symlinking: /home/tharusha/Documents/Robotics/lab08/tiago_public_ws/install/pmb2_description/share/pmb2_description/urdf/wheels/wheel.ros2_control.xacro
[6.038s] -- Symlinking: /home/tharusha/Documents/Robotics/lab08/tiago_public_ws/install/pmb2_description/share/pmb2_description/urdf/wheels/wheel.urdf.xacro
[6.061s] -- Symlinking: /home/tharusha/Documents/Robotics/lab08/tiago_public_ws/install/pmb2_description/share/ament_index/resource_index/package_run_dependencies/pmb2_description
[6.083s] -- Symlinking: /home/tharusha/Documents/Robotics/lab08/tiago_public_ws/install/pmb2_description/share/ament_index/resource_index/parent_prefix_path/pmb2_description
[6.103s] -- Symlinking: /home/tharusha/Documents/Robotics/lab08/tiago_public_ws/install/pmb2_description/share/pmb2_description/environment/ament_prefix_path.sh
[6.122s] -- Symlinking: /home/tharusha/Documents/Robotics/lab08/tiago_public_ws/install/pmb2_description/share/pmb2_description/environment/ament_prefix_path.dsv
[6.140s] -- Symlinking: /home/tharusha/Documents/Robotics/lab08/tiago_public_ws/install/pmb2_description/share/pmb2_description/environment/path.sh
[6.158s] -- Symlinking: /home/tharusha/Documents/Robotics/lab08/tiago_public_ws/install/pmb2_description/share/pmb2_description/environment/path.dsv
[6.176s] -- Symlinking: /home/tharusha/Documents/Robotics/lab08/tiago_public_ws/install/pmb2_description/share/pmb2_description/local_setup.bash
[6.193s] -- Symlinking: /home/tharusha/Documents/Robotics/lab08/tiago_public_ws/install/pmb2_description/share/pmb2_description/local_setup.sh
[6.211s] -- Symlinking: /home/tharusha/Documents/Robotics/lab08/tiago_public_ws/install/pmb2_description/share/pmb2_description/local_setup.zsh
[6.228s] -- Symlinking: /home/tharusha/Documents/Robotics/lab08/tiago_public_ws/install/pmb2_description/share/pmb2_description/local_setup.dsv
[6.246s] -- Symlinking: /home/tharusha/Documents/Robotics/lab08/tiago_public_ws/install/pmb2_description/share/pmb2_description/package.dsv
[6.265s] -- Symlinking: /home/tharusha/Documents/Robotics/lab08/tiago_public_ws/install/pmb2_description/share/ament_index/resource_index/packages/pmb2_description
[6.283s] -- Symlinking: /home/tharusha/Documents/Robotics/lab08/tiago_public_ws/install/pmb2_description/share/pmb2_description/cmake/pmb2_descriptionConfig.cmake
[6.300s] -- Symlinking: /home/tharusha/Documents/Robotics/lab08/tiago_public_ws/install/pmb2_description/share/pmb2_description/cmake/pmb2_descriptionConfig-version.cmake
[6.317s] -- Symlinking: /home/tharusha/Documents/Robotics/lab08/tiago_public_ws/install/pmb2_description/share/pmb2_description/package.xml
[6.374s] Listing '/home/tharusha/Documents/Robotics/lab08/tiago_public_ws/install/pmb2_description/local/lib/python3.10/dist-packages/pmb2_description'...
[6.375s] Compiling '/home/tharusha/Documents/Robotics/lab08/tiago_public_ws/install/pmb2_description/local/lib/python3.10/dist-packages/pmb2_description/__init__.py'...
[6.383s] Invoked command in '/home/tharusha/Documents/Robotics/lab08/tiago_public_ws/build/pmb2_description' returned '0': AMENT_PREFIX_PATH=/home/tharusha/Documents/Robotics/lab08/tiago_public_ws/install/pmb2_controller_configuration:/home/tharusha/Documents/Robotics/lab08/tiago_public_ws/install/urdf_test:/home/tharusha/Documents/Robotics/lab08/tiago_public_ws/install/pal_urdf_utils:/home/tharusha/Documents/Robotics/lab08/tiago_public_ws/install/launch_pal:${AMENT_PREFIX_PATH} CMAKE_PREFIX_PATH=/home/tharusha/Documents/Robotics/lab08/tiago_public_ws/install/pmb2_controller_configuration:/home/tharusha/Documents/Robotics/lab08/tiago_public_ws/install/urdf_test:/home/tharusha/Documents/Robotics/lab08/tiago_public_ws/install/pal_urdf_utils:/home/tharusha/lab05/install/pilz_industrial_motion_planner_testutils:/home/tharusha/lab05/install/moveit_runtime:/home/tharusha/lab05/install/moveit2_tutorials:/home/tharusha/lab05/install/moveit:/home/tharusha/lab05/install/moveit_planners:/home/tharusha/lab05/install/pilz_industrial_motion_planner:/home/tharusha/lab05/install/moveit_visual_tools:/home/tharusha/lab05/install/moveit_task_constructor_visualization:/home/tharusha/lab05/install/moveit_task_constructor_demo:/home/tharusha/lab05/install/moveit_task_constructor_capabilities:/home/tharusha/lab05/install/moveit_task_constructor_core:/home/tharusha/lab05/install/moveit_ros_control_interface:/home/tharusha/lab05/install/moveit_plugins:/home/tharusha/lab05/install/moveit_simple_controller_manager:/home/tharusha/lab05/install/moveit_setup_assistant:/home/tharusha/lab05/install/moveit_setup_srdf_plugins:/home/tharusha/lab05/install/moveit_setup_core_plugins:/home/tharusha/lab05/install/moveit_setup_controllers:/home/tharusha/lab05/install/moveit_setup_app_plugins:/home/tharusha/lab05/install/moveit_setup_framework:/home/tharusha/lab05/install/moveit_servo:/home/tharusha/lab05/install/moveit_ros:/home/tharusha/lab05/install/moveit_ros_visualization:/home/tharusha/lab05/install/moveit_hybrid_planning:/home/tharusha/lab05/install/moveit_ros_planning_interface:/home/tharusha/lab05/install/moveit_ros_benchmarks:/home/tharusha/lab05/install/moveit_ros_warehouse:/home/tharusha/lab05/install/moveit_ros_robot_interaction:/home/tharusha/lab05/install/moveit_ros_perception:/home/tharusha/lab05/install/moveit_resources_prbt_pg70_support:/home/tharusha/lab05/install/moveit_resources_prbt_moveit_config:/home/tharusha/lab05/install/moveit_ros_move_group:/home/tharusha/lab05/install/moveit_planners_ompl:/home/tharusha/lab05/install/moveit_ros_planning:/home/tharusha/lab05/install/moveit_ros_occupancy_map_monitor:/home/tharusha/lab05/install/moveit_resources_prbt_ikfast_manipulator_plugin:/home/tharusha/lab05/install/moveit_planners_chomp:/home/tharusha/lab05/install/moveit_kinematics:/home/tharusha/lab05/install/moveit_chomp_optimizer_adapter:/home/tharusha/lab05/install/chomp_motion_planner:/home/tharusha/lab05/install/moveit_core:/home/tharusha/lab05/install/srdfdom:/home/tharusha/lab05/install/rviz_marker_tools:/home/tharusha/lab05/install/rosparam_shortcuts:/home/tharusha/lab05/install/moveit_task_constructor_msgs:/home/tharusha/lab05/install/moveit_resources_prbt_support:/home/tharusha/lab05/install/moveit_resources:/home/tharusha/lab05/install/moveit_resources_pr2_description:/home/tharusha/lab05/install/moveit_resources_panda_moveit_config:/home/tharusha/lab05/install/moveit_resources_panda_description:/home/tharusha/lab05/install/moveit_resources_fanuc_moveit_config:/home/tharusha/lab05/install/moveit_resources_fanuc_description:/home/tharusha/lab05/install/moveit_common:/home/tharusha/robotics/install/launch_param_builder:/home/tharusha/robotics/install/broadcaster_listener:/home/tharusha/lab05/install/moveit_configs_utils:/home/tharusha/lab05/install/launch_param_builder:/opt/ros/humble PYTHONPATH=/home/tharusha/Documents/Robotics/lab08/tiago_public_ws/install/urdf_test/local/lib/python3.10/dist-packages:/home/tharusha/Documents/Robotics/lab08/tiago_public_ws/build/launch_pal:/home/tharusha/Documents/Robotics/lab08/tiago_public_ws/install/launch_pal/lib/python3.10/site-packages:${PYTHONPATH} /usr/bin/cmake --install /home/tharusha/Documents/Robotics/lab08/tiago_public_ws/build/pmb2_description
