[0.043s] Invoking command in '/home/chathura/Documents/git-projects/Robotics-and-Automation-Labs/lab5/build/srdfdom': CMAKE_PREFIX_PATH=/opt/ros/humble /usr/bin/cmake /home/chathura/Documents/git-projects/Robotics-and-Automation-Labs/lab5/src/srdfdom -DCMAKE_BUILD_TYPE=Release -DCMAKE_INSTALL_PREFIX=/home/chathura/Documents/git-projects/Robotics-and-Automation-Labs/lab5/install/srdfdom
[0.179s] -- The CXX compiler identification is GNU 11.4.0
[0.188s] -- Detecting CXX compiler ABI info
[0.254s] -- Detecting CXX compiler ABI info - done
[0.259s] -- Check for working CXX compiler: /usr/bin/c++ - skipped
[0.260s] -- Detecting CXX compile features
[0.261s] -- Detecting CXX compile features - done
[0.278s] -- Found Boost: /usr/lib/x86_64-linux-gnu/cmake/Boost-1.74.0/BoostConfig.cmake (found version "1.74.0")  
[0.293s] -- Found ament_cmake: 1.3.8 (/opt/ros/humble/share/ament_cmake/cmake)
[0.402s] -- Found Python3: /usr/bin/python3 (found version "3.10.12") found components: Interpreter 
[0.484s] -- Found urdf: 2.6.0 (/opt/ros/humble/share/urdf/cmake)
[0.536s] -- Found TinyXML2 via Config file: TinyXML2_DIR-NOTFOUND
[0.597s] -- Found ament_cmake_gtest: 1.3.8 (/opt/ros/humble/share/ament_cmake_gtest/cmake)
[0.600s] -- Found ament_cmake_pytest: 1.3.8 (/opt/ros/humble/share/ament_cmake_pytest/cmake)
[1.098s] -- Found gtest sources under '/opt/ros/humble/src/gtest_vendor': C++ tests using 'Google Test' will be built
[1.160s] -- The C compiler identification is GNU 11.4.0
[1.167s] -- Detecting C compiler ABI info
[1.224s] -- Detecting C compiler ABI info - done
[1.229s] -- Check for working C compiler: /usr/bin/cc - skipped
[1.230s] -- Detecting C compile features
[1.230s] -- Detecting C compile features - done
[1.233s] -- Looking for C++ include pthread.h
[1.313s] -- Looking for C++ include pthread.h - found
[1.313s] -- Performing Test CMAKE_HAVE_LIBC_PTHREAD
[1.384s] -- Performing Test CMAKE_HAVE_LIBC_PTHREAD - Success
[1.385s] -- Found Threads: TRUE  
[1.388s] -- Found ament_lint_auto: 0.12.10 (/opt/ros/humble/share/ament_lint_auto/cmake)
[1.406s] -- Configuring done
[1.420s] -- Generating done
[1.421s] -- Build files have been written to: /home/chathura/Documents/git-projects/Robotics-and-Automation-Labs/lab5/build/srdfdom
[1.427s] Invoked command in '/home/chathura/Documents/git-projects/Robotics-and-Automation-Labs/lab5/build/srdfdom' returned '0': CMAKE_PREFIX_PATH=/opt/ros/humble /usr/bin/cmake /home/chathura/Documents/git-projects/Robotics-and-Automation-Labs/lab5/src/srdfdom -DCMAKE_BUILD_TYPE=Release -DCMAKE_INSTALL_PREFIX=/home/chathura/Documents/git-projects/Robotics-and-Automation-Labs/lab5/install/srdfdom
[1.428s] Invoking command in '/home/chathura/Documents/git-projects/Robotics-and-Automation-Labs/lab5/build/srdfdom': CMAKE_PREFIX_PATH=/opt/ros/humble /usr/bin/cmake --build /home/chathura/Documents/git-projects/Robotics-and-Automation-Labs/lab5/build/srdfdom -- -j16 -l16
[1.468s] [  9%] [32mBuilding CXX object CMakeFiles/srdfdom.dir/src/model.cpp.o[0m
[1.469s] [ 18%] [32mBuilding CXX object gtest/CMakeFiles/gtest.dir/src/gtest-all.cc.o[0m
[1.469s] [ 27%] [32mBuilding CXX object CMakeFiles/srdfdom.dir/src/srdf_writer.cpp.o[0m
[1.469s] [ 36%] [32mBuilding CXX object gtest/CMakeFiles/gtest_main.dir/src/gtest_main.cc.o[0m
[1.477s] [ 36%] Built target ament_cmake_python_copy_srdfdom
[1.680s] running egg_info
[1.680s] creating srdfdom.egg-info
[1.680s] writing srdfdom.egg-info/PKG-INFO
[1.681s] writing dependency_links to srdfdom.egg-info/dependency_links.txt
[1.681s] writing top-level names to srdfdom.egg-info/top_level.txt
[1.681s] writing manifest file 'srdfdom.egg-info/SOURCES.txt'
[1.683s] reading manifest file 'srdfdom.egg-info/SOURCES.txt'
[1.683s] writing manifest file 'srdfdom.egg-info/SOURCES.txt'
[1.707s] [ 36%] Built target ament_cmake_python_build_srdfdom_egg
[2.025s] [ 45%] [32m[1mLinking CXX static library libgtest_main.a[0m
[2.059s] [ 45%] Built target gtest_main
[3.971s] [ 54%] [32m[1mLinking CXX shared library libsrdfdom.so[0m
[4.057s] [ 54%] Built target srdfdom
[6.580s] [ 63%] [32m[1mLinking CXX static library libgtest.a[0m
[6.620s] [ 63%] Built target gtest
[6.638s] [ 81%] [32mBuilding CXX object CMakeFiles/test_cpp_C.dir/test/test_parser.cpp.o[0m
[6.638s] [ 81%] [32mBuilding CXX object CMakeFiles/test_cpp_nl_NL.UTF-8.dir/test/test_parser.cpp.o[0m
[8.264s] [ 90%] [32m[1mLinking CXX executable test_cpp_nl_NL.UTF-8[0m
[8.267s] [100%] [32m[1mLinking CXX executable test_cpp_C[0m
[8.339s] [100%] Built target test_cpp_nl_NL.UTF-8
[8.341s] [100%] Built target test_cpp_C
[8.351s] Invoked command in '/home/chathura/Documents/git-projects/Robotics-and-Automation-Labs/lab5/build/srdfdom' returned '0': CMAKE_PREFIX_PATH=/opt/ros/humble /usr/bin/cmake --build /home/chathura/Documents/git-projects/Robotics-and-Automation-Labs/lab5/build/srdfdom -- -j16 -l16
[8.385s] Invoking command in '/home/chathura/Documents/git-projects/Robotics-and-Automation-Labs/lab5/build/srdfdom': CMAKE_PREFIX_PATH=/opt/ros/humble /usr/bin/cmake --install /home/chathura/Documents/git-projects/Robotics-and-Automation-Labs/lab5/build/srdfdom
[8.391s] -- Install configuration: "Release"
[8.392s] -- Installing: /home/chathura/Documents/git-projects/Robotics-and-Automation-Labs/lab5/install/srdfdom/lib/libsrdfdom.so.2.0.4
[8.392s] -- Set runtime path of "/home/chathura/Documents/git-projects/Robotics-and-Automation-Labs/lab5/install/srdfdom/lib/libsrdfdom.so.2.0.4" to ""
[8.392s] -- Installing: /home/chathura/Documents/git-projects/Robotics-and-Automation-Labs/lab5/install/srdfdom/lib/libsrdfdom.so
[8.392s] -- Installing: /home/chathura/Documents/git-projects/Robotics-and-Automation-Labs/lab5/install/srdfdom/include/srdfdom
[8.392s] -- Installing: /home/chathura/Documents/git-projects/Robotics-and-Automation-Labs/lab5/install/srdfdom/include/srdfdom/model.h
[8.393s] -- Installing: /home/chathura/Documents/git-projects/Robotics-and-Automation-Labs/lab5/install/srdfdom/include/srdfdom/srdf_writer.h
[8.393s] -- Installing: /home/chathura/Documents/git-projects/Robotics-and-Automation-Labs/lab5/install/srdfdom/include/srdfdom/visibility_control.h
[8.393s] -- Installing: /home/chathura/Documents/git-projects/Robotics-and-Automation-Labs/lab5/install/srdfdom/lib/srdfdom/display_srdf
[8.393s] -- Installing: /home/chathura/Documents/git-projects/Robotics-and-Automation-Labs/lab5/install/srdfdom/share/srdfdom/environment/pythonpath.sh
[8.393s] -- Installing: /home/chathura/Documents/git-projects/Robotics-and-Automation-Labs/lab5/install/srdfdom/share/srdfdom/environment/pythonpath.dsv
[8.394s] -- Installing: /home/chathura/Documents/git-projects/Robotics-and-Automation-Labs/lab5/install/srdfdom/local/lib/python3.10/dist-packages/srdfdom-2.0.4-py3.10.egg-info
[8.394s] -- Installing: /home/chathura/Documents/git-projects/Robotics-and-Automation-Labs/lab5/install/srdfdom/local/lib/python3.10/dist-packages/srdfdom-2.0.4-py3.10.egg-info/dependency_links.txt
[8.394s] -- Installing: /home/chathura/Documents/git-projects/Robotics-and-Automation-Labs/lab5/install/srdfdom/local/lib/python3.10/dist-packages/srdfdom-2.0.4-py3.10.egg-info/top_level.txt
[8.394s] -- Installing: /home/chathura/Documents/git-projects/Robotics-and-Automation-Labs/lab5/install/srdfdom/local/lib/python3.10/dist-packages/srdfdom-2.0.4-py3.10.egg-info/PKG-INFO
[8.394s] -- Installing: /home/chathura/Documents/git-projects/Robotics-and-Automation-Labs/lab5/install/srdfdom/local/lib/python3.10/dist-packages/srdfdom-2.0.4-py3.10.egg-info/SOURCES.txt
[8.394s] -- Installing: /home/chathura/Documents/git-projects/Robotics-and-Automation-Labs/lab5/install/srdfdom/local/lib/python3.10/dist-packages/srdfdom
[8.394s] -- Installing: /home/chathura/Documents/git-projects/Robotics-and-Automation-Labs/lab5/install/srdfdom/local/lib/python3.10/dist-packages/srdfdom/srdf.py
[8.394s] -- Installing: /home/chathura/Documents/git-projects/Robotics-and-Automation-Labs/lab5/install/srdfdom/local/lib/python3.10/dist-packages/srdfdom/__init__.py
[8.419s] Listing '/home/chathura/Documents/git-projects/Robotics-and-Automation-Labs/lab5/install/srdfdom/local/lib/python3.10/dist-packages/srdfdom'...
[8.419s] Compiling '/home/chathura/Documents/git-projects/Robotics-and-Automation-Labs/lab5/install/srdfdom/local/lib/python3.10/dist-packages/srdfdom/__init__.py'...
[8.419s] Compiling '/home/chathura/Documents/git-projects/Robotics-and-Automation-Labs/lab5/install/srdfdom/local/lib/python3.10/dist-packages/srdfdom/srdf.py'...
[8.422s] -- Installing: /home/chathura/Documents/git-projects/Robotics-and-Automation-Labs/lab5/install/srdfdom/share/srdfdom/environment/library_path.sh
[8.423s] -- Installing: /home/chathura/Documents/git-projects/Robotics-and-Automation-Labs/lab5/install/srdfdom/share/srdfdom/environment/library_path.dsv
[8.423s] -- Installing: /home/chathura/Documents/git-projects/Robotics-and-Automation-Labs/lab5/install/srdfdom/share/ament_index/resource_index/package_run_dependencies/srdfdom
[8.423s] -- Installing: /home/chathura/Documents/git-projects/Robotics-and-Automation-Labs/lab5/install/srdfdom/share/ament_index/resource_index/parent_prefix_path/srdfdom
[8.423s] -- Installing: /home/chathura/Documents/git-projects/Robotics-and-Automation-Labs/lab5/install/srdfdom/share/srdfdom/environment/ament_prefix_path.sh
[8.423s] -- Installing: /home/chathura/Documents/git-projects/Robotics-and-Automation-Labs/lab5/install/srdfdom/share/srdfdom/environment/ament_prefix_path.dsv
[8.424s] -- Installing: /home/chathura/Documents/git-projects/Robotics-and-Automation-Labs/lab5/install/srdfdom/share/srdfdom/environment/path.sh
[8.424s] -- Installing: /home/chathura/Documents/git-projects/Robotics-and-Automation-Labs/lab5/install/srdfdom/share/srdfdom/environment/path.dsv
[8.424s] -- Installing: /home/chathura/Documents/git-projects/Robotics-and-Automation-Labs/lab5/install/srdfdom/share/srdfdom/local_setup.bash
[8.424s] -- Installing: /home/chathura/Documents/git-projects/Robotics-and-Automation-Labs/lab5/install/srdfdom/share/srdfdom/local_setup.sh
[8.424s] -- Installing: /home/chathura/Documents/git-projects/Robotics-and-Automation-Labs/lab5/install/srdfdom/share/srdfdom/local_setup.zsh
[8.424s] -- Installing: /home/chathura/Documents/git-projects/Robotics-and-Automation-Labs/lab5/install/srdfdom/share/srdfdom/local_setup.dsv
[8.425s] -- Installing: /home/chathura/Documents/git-projects/Robotics-and-Automation-Labs/lab5/install/srdfdom/share/srdfdom/package.dsv
[8.425s] -- Installing: /home/chathura/Documents/git-projects/Robotics-and-Automation-Labs/lab5/install/srdfdom/share/ament_index/resource_index/packages/srdfdom
[8.425s] -- Installing: /home/chathura/Documents/git-projects/Robotics-and-Automation-Labs/lab5/install/srdfdom/share/srdfdom/cmake/srdfdomTargetsExport.cmake
[8.425s] -- Installing: /home/chathura/Documents/git-projects/Robotics-and-Automation-Labs/lab5/install/srdfdom/share/srdfdom/cmake/srdfdomTargetsExport-release.cmake
[8.425s] -- Installing: /home/chathura/Documents/git-projects/Robotics-and-Automation-Labs/lab5/install/srdfdom/share/srdfdom/cmake/ament_cmake_export_targets-extras.cmake
[8.425s] -- Installing: /home/chathura/Documents/git-projects/Robotics-and-Automation-Labs/lab5/install/srdfdom/share/srdfdom/cmake/ament_cmake_export_dependencies-extras.cmake
[8.425s] -- Installing: /home/chathura/Documents/git-projects/Robotics-and-Automation-Labs/lab5/install/srdfdom/share/srdfdom/cmake/srdfdomConfig.cmake
[8.426s] -- Installing: /home/chathura/Documents/git-projects/Robotics-and-Automation-Labs/lab5/install/srdfdom/share/srdfdom/cmake/srdfdomConfig-version.cmake
[8.426s] -- Installing: /home/chathura/Documents/git-projects/Robotics-and-Automation-Labs/lab5/install/srdfdom/share/srdfdom/package.xml
[8.428s] Invoked command in '/home/chathura/Documents/git-projects/Robotics-and-Automation-Labs/lab5/build/srdfdom' returned '0': CMAKE_PREFIX_PATH=/opt/ros/humble /usr/bin/cmake --install /home/chathura/Documents/git-projects/Robotics-and-Automation-Labs/lab5/build/srdfdom
