[0.048s] Invoking command in '/home/chathura/Documents/git-projects/Robotics-and-Automation-Labs/lab5/build/moveit_core': AMENT_PREFIX_PATH=/home/chathura/Documents/git-projects/Robotics-and-Automation-Labs/lab5/install/moveit_resources_panda_moveit_config:/home/chathura/Documents/git-projects/Robotics-and-Automation-Labs/lab5/install/srdfdom:/home/chathura/Documents/git-projects/Robotics-and-Automation-Labs/lab5/install/moveit_resources_pr2_description:/home/chathura/Documents/git-projects/Robotics-and-Automation-Labs/lab5/install/moveit_resources_panda_description:/home/chathura/Documents/git-projects/Robotics-and-Automation-Labs/lab5/install/moveit_common:${AMENT_PREFIX_PATH} CMAKE_PREFIX_PATH=/home/chathura/Documents/git-projects/Robotics-and-Automation-Labs/lab5/install/moveit_resources_panda_moveit_config:/home/chathura/Documents/git-projects/Robotics-and-Automation-Labs/lab5/install/srdfdom:/home/chathura/Documents/git-projects/Robotics-and-Automation-Labs/lab5/install/moveit_resources_pr2_description:/home/chathura/Documents/git-projects/Robotics-and-Automation-Labs/lab5/install/moveit_resources_panda_description:/home/chathura/Documents/git-projects/Robotics-and-Automation-Labs/lab5/install/moveit_common:/opt/ros/humble LD_LIBRARY_PATH=/home/chathura/Documents/git-projects/Robotics-and-Automation-Labs/lab5/install/srdfdom/lib:${LD_LIBRARY_PATH} PYTHONPATH=/home/chathura/Documents/git-projects/Robotics-and-Automation-Labs/lab5/install/srdfdom/local/lib/python3.10/dist-packages:${PYTHONPATH} /usr/bin/cmake /home/chathura/Documents/git-projects/Robotics-and-Automation-Labs/lab5/src/moveit2/moveit_core -DCMAKE_BUILD_TYPE=Release -DCMAKE_INSTALL_PREFIX=/home/chathura/Documents/git-projects/Robotics-and-Automation-Labs/lab5/install/moveit_core
[0.100s] -- The CXX compiler identification is GNU 11.4.0
[0.106s] -- Detecting CXX compiler ABI info
[0.172s] -- Detecting CXX compiler ABI info - done
[0.177s] -- Check for working CXX compiler: /usr/bin/c++ - skipped
[0.177s] -- Detecting CXX compile features
[0.177s] -- Detecting CXX compile features - done
[0.178s] -- Found moveit_common: 2.5.5 (/home/chathura/Documents/git-projects/Robotics-and-Automation-Labs/lab5/install/moveit_common/share/moveit_common/cmake)
[0.181s] -- Found ament_cmake: 1.3.8 (/opt/ros/humble/share/ament_cmake/cmake)
[0.293s] -- Found Python3: /usr/bin/python3 (found version "3.10.12") found components: Interpreter 
[0.422s] -- Found libdw: /usr/lib/x86_64-linux-gnu/libdw.so  
[0.428s] -- Could NOT find libbfd (missing: LIBBFD_LIBRARY LIBBFD_INCLUDE_DIR) 
[0.428s] -- BACKWARD_HAS_UNWIND=1
[0.428s] -- BACKWARD_HAS_BACKTRACE=0
[0.428s] -- BACKWARD_HAS_BACKTRACE_SYMBOL=0
[0.428s] -- BACKWARD_HAS_DW=1
[0.428s] -- BACKWARD_HAS_BFD=0
[0.428s] -- Found Backward: /opt/ros/humble/share/backward_ros/cmake  
[0.444s] -- Found angles: 1.15.0 (/opt/ros/humble/share/angles/cmake)
[0.457s] -- Found Bullet: /usr/lib/x86_64-linux-gnu/libBulletDynamics.so (Required is at least version "2.87") 
[0.460s] -- Found common_interfaces: 4.2.3 (/opt/ros/humble/share/common_interfaces/cmake)
[0.462s] -- Found eigen_stl_containers: 1.0.0 (/opt/ros/humble/share/eigen_stl_containers/cmake)
[0.472s] -- Found eigen3_cmake_module: 0.1.1 (/opt/ros/humble/share/eigen3_cmake_module/cmake)
[0.476s] -- Found Eigen3: TRUE (found version "3.4.0") 
[0.482s] -- Found generate_parameter_library: 0.3.7 (/opt/ros/humble/share/generate_parameter_library/cmake)
[0.487s] -- Found parameter_traits: 0.3.7 (/opt/ros/humble/share/parameter_traits/cmake)
[0.526s] -- Found rosidl_generator_c: 3.1.5 (/opt/ros/humble/share/rosidl_generator_c/cmake)
[0.532s] -- Found rosidl_adapter: 3.1.5 (/opt/ros/humble/share/rosidl_adapter/cmake)
[0.540s] -- Found rosidl_generator_cpp: 3.1.5 (/opt/ros/humble/share/rosidl_generator_cpp/cmake)
[0.552s] -- Using all available rosidl_typesupport_c: rosidl_typesupport_fastrtps_c;rosidl_typesupport_introspection_c
[0.569s] -- Using all available rosidl_typesupport_cpp: rosidl_typesupport_fastrtps_cpp;rosidl_typesupport_introspection_cpp
[0.629s] -- Found rmw_implementation_cmake: 6.1.1 (/opt/ros/humble/share/rmw_implementation_cmake/cmake)
[0.633s] -- Found rmw_fastrtps_cpp: 6.2.6 (/opt/ros/humble/share/rmw_fastrtps_cpp/cmake)
[0.726s] -- Found OpenSSL: /usr/lib/x86_64-linux-gnu/libcrypto.so (found version "3.0.2")  
[0.749s] -- Found FastRTPS: /opt/ros/humble/include  
[0.795s] -- Using RMW implementation 'rmw_fastrtps_cpp' as default
[0.804s] -- Looking for C++ include pthread.h
[0.892s] -- Looking for C++ include pthread.h - found
[0.892s] -- Performing Test CMAKE_HAVE_LIBC_PTHREAD
[0.980s] -- Performing Test CMAKE_HAVE_LIBC_PTHREAD - Success
[0.981s] -- Found Threads: TRUE  
[1.138s] -- Found rclcpp_lifecycle: 16.0.8 (/opt/ros/humble/share/rclcpp_lifecycle/cmake)
[1.179s] -- Found geometric_shapes: 2.1.3 (/opt/ros/humble/share/geometric_shapes/cmake)
[1.191s] -- Found Boost: /usr/lib/x86_64-linux-gnu/cmake/Boost-1.74.0/BoostConfig.cmake (found version "1.74.0") found components: filesystem 
[1.327s] -- library: /usr/lib/x86_64-linux-gnu/libcurl.so
[1.556s] -- Found kdl_parser: 2.6.4 (/opt/ros/humble/share/kdl_parser/cmake)
[1.566s] -- Ensuring Eigen3 include directory is part of orocos-kdl CMake target
[1.570s] -- Found moveit_msgs: 2.2.1 (/opt/ros/humble/share/moveit_msgs/cmake)
[2.046s] -- Found pluginlib: 5.1.0 (/opt/ros/humble/share/pluginlib/cmake)
[2.081s] -- Found srdfdom: 2.0.4 (/home/chathura/Documents/git-projects/Robotics-and-Automation-Labs/lab5/install/srdfdom/share/srdfdom/cmake)
[2.095s] -- Found tf2_eigen: 0.25.6 (/opt/ros/humble/share/tf2_eigen/cmake)
[2.329s] -- Found tf2_geometry_msgs: 0.25.6 (/opt/ros/humble/share/tf2_geometry_msgs/cmake)
[2.341s] -- Found tf2_kdl: 0.25.6 (/opt/ros/humble/share/tf2_kdl/cmake)
[2.391s] -- Found Boost: /usr/lib/x86_64-linux-gnu/cmake/Boost-1.74.0/BoostConfig.cmake (found version "1.74.0") found components: chrono date_time filesystem iostreams program_options regex serialization system thread 
[2.392s] --  *** Building MoveIt 2.5.5-Alpha ***
[2.396s] -- Performing Test COMPILER_HAS_HIDDEN_VISIBILITY
[2.478s] -- Performing Test COMPILER_HAS_HIDDEN_VISIBILITY - Success
[2.478s] -- Performing Test COMPILER_HAS_HIDDEN_INLINE_VISIBILITY
[2.560s] -- Performing Test COMPILER_HAS_HIDDEN_INLINE_VISIBILITY - Success
[2.560s] -- Performing Test COMPILER_HAS_DEPRECATED_ATTR
[2.642s] -- Performing Test COMPILER_HAS_DEPRECATED_ATTR - Success
[2.646s] -- Found ament_cmake_gtest: 1.3.8 (/opt/ros/humble/share/ament_cmake_gtest/cmake)
[2.648s] -- Found gtest sources under '/opt/ros/humble/src/gtest_vendor': C++ tests using 'Google Test' will be built
[2.682s] -- The C compiler identification is GNU 11.4.0
[2.688s] -- Detecting C compiler ABI info
[2.761s] -- Detecting C compiler ABI info - done
[2.766s] -- Check for working C compiler: /usr/bin/cc - skipped
[2.766s] -- Detecting C compile features
[2.767s] -- Detecting C compile features - done
[2.775s] -- Found ament_cmake_gmock: 1.3.8 (/opt/ros/humble/share/ament_cmake_gmock/cmake)
[2.780s] -- Found gmock sources under '/opt/ros/humble/src/gmock_vendor': C++ tests using 'Google Mock' will be built
[2.782s] -- Found ament_cmake_gtest: 1.3.8 (/opt/ros/humble/share/ament_cmake_gtest/cmake)
[2.783s] -- Found gtest sources under '/opt/ros/humble/src/gtest_vendor': C++ tests using 'Google Test' will be built
[2.790s] -- Found ament_cmake_gtest: 1.3.8 (/opt/ros/humble/share/ament_cmake_gtest/cmake)
[2.791s] -- Found gtest sources under '/opt/ros/humble/src/gtest_vendor': C++ tests using 'Google Test' will be built
[2.806s] -- Found ament_cmake_gtest: 1.3.8 (/opt/ros/humble/share/ament_cmake_gtest/cmake)
[2.807s] -- Found gtest sources under '/opt/ros/humble/src/gtest_vendor': C++ tests using 'Google Test' will be built
[2.819s] -- Found ament_lint_auto: 0.12.10 (/opt/ros/humble/share/ament_lint_auto/cmake)
[2.819s] -- Found ament_cmake_gtest: 1.3.8 (/opt/ros/humble/share/ament_cmake_gtest/cmake)
[2.820s] -- Found gtest sources under '/opt/ros/humble/src/gtest_vendor': C++ tests using 'Google Test' will be built
[2.831s] -- Found ament_cmake_gtest: 1.3.8 (/opt/ros/humble/share/ament_cmake_gtest/cmake)
[2.832s] -- Found gtest sources under '/opt/ros/humble/src/gtest_vendor': C++ tests using 'Google Test' will be built
[2.840s] -- Found ament_cmake_gtest: 1.3.8 (/opt/ros/humble/share/ament_cmake_gtest/cmake)
[2.840s] -- Found gtest sources under '/opt/ros/humble/src/gtest_vendor': C++ tests using 'Google Test' will be built
[2.846s] -- Found ament_cmake_gtest: 1.3.8 (/opt/ros/humble/share/ament_cmake_gtest/cmake)
[2.847s] -- Found gtest sources under '/opt/ros/humble/src/gtest_vendor': C++ tests using 'Google Test' will be built
[2.856s] -- Found gtest sources under '/opt/ros/humble/src/gtest_vendor': C++ tests using 'Google Test' will be built
[2.864s] -- Found gtest sources under '/opt/ros/humble/src/gtest_vendor': C++ tests using 'Google Test' will be built
[2.872s] -- Found ament_cmake_gtest: 1.3.8 (/opt/ros/humble/share/ament_cmake_gtest/cmake)
[2.873s] -- Found gtest sources under '/opt/ros/humble/src/gtest_vendor': C++ tests using 'Google Test' will be built
[2.887s] -- Found gtest sources under '/opt/ros/humble/src/gtest_vendor': C++ tests using 'Google Test' will be built
[2.897s] -- Found gtest sources under '/opt/ros/humble/src/gtest_vendor': C++ tests using 'Google Test' will be built
[2.905s] -- Found gtest sources under '/opt/ros/humble/src/gtest_vendor': C++ tests using 'Google Test' will be built
[2.910s] -- Found ament_lint_auto: 0.12.10 (/opt/ros/humble/share/ament_lint_auto/cmake)
[2.962s] -- Added test 'cppcheck' to perform static code analysis on C / C++ code
[2.964s] -- Configured cppcheck include dirs: /home/chathura/Documents/git-projects/Robotics-and-Automation-Labs/lab5/src/moveit2/moveit_core/exceptions/include;/home/chathura/Documents/git-projects/Robotics-and-Automation-Labs/lab5/src/moveit2/moveit_core/collision_detection/include;/home/chathura/Documents/git-projects/Robotics-and-Automation-Labs/lab5/src/moveit2/moveit_core/collision_detection_fcl/include;/home/chathura/Documents/git-projects/Robotics-and-Automation-Labs/lab5/src/moveit2/moveit_core/collision_detection_bullet/include;/home/chathura/Documents/git-projects/Robotics-and-Automation-Labs/lab5/src/moveit2/moveit_core/constraint_samplers/include;/home/chathura/Documents/git-projects/Robotics-and-Automation-Labs/lab5/src/moveit2/moveit_core/controller_manager/include;/home/chathura/Documents/git-projects/Robotics-and-Automation-Labs/lab5/src/moveit2/moveit_core/distance_field/include;/home/chathura/Documents/git-projects/Robotics-and-Automation-Labs/lab5/src/moveit2/moveit_core/collision_distance_field/include;/home/chathura/Documents/git-projects/Robotics-and-Automation-Labs/lab5/src/moveit2/moveit_core/dynamics_solver/include;/home/chathura/Documents/git-projects/Robotics-and-Automation-Labs/lab5/src/moveit2/moveit_core/kinematics_base/include;/home/chathura/Documents/git-projects/Robotics-and-Automation-Labs/lab5/src/moveit2/moveit_core/kinematics_metrics/include;/home/chathura/Documents/git-projects/Robotics-and-Automation-Labs/lab5/src/moveit2/moveit_core/robot_model/include;/home/chathura/Documents/git-projects/Robotics-and-Automation-Labs/lab5/src/moveit2/moveit_core/transforms/include;/home/chathura/Documents/git-projects/Robotics-and-Automation-Labs/lab5/src/moveit2/moveit_core/robot_state/include;/home/chathura/Documents/git-projects/Robotics-and-Automation-Labs/lab5/src/moveit2/moveit_core/robot_trajectory/include;/home/chathura/Documents/git-projects/Robotics-and-Automation-Labs/lab5/src/moveit2/moveit_core/kinematic_constraints/include;/home/chathura/Documents/git-projects/Robotics-and-Automation-Labs/lab5/src/moveit2/moveit_core/macros/include;/home/chathura/Documents/git-projects/Robotics-and-Automation-Labs/lab5/src/moveit2/moveit_core/online_signal_smoothing/include;/home/chathura/Documents/git-projects/Robotics-and-Automation-Labs/lab5/src/moveit2/moveit_core/planning_interface/include;/home/chathura/Documents/git-projects/Robotics-and-Automation-Labs/lab5/src/moveit2/moveit_core/planning_request_adapter/include;/home/chathura/Documents/git-projects/Robotics-and-Automation-Labs/lab5/src/moveit2/moveit_core/planning_scene/include;/home/chathura/Documents/git-projects/Robotics-and-Automation-Labs/lab5/src/moveit2/moveit_core/sensor_manager/include;/home/chathura/Documents/git-projects/Robotics-and-Automation-Labs/lab5/src/moveit2/moveit_core/trajectory_processing/include;/home/chathura/Documents/git-projects/Robotics-and-Automation-Labs/lab5/src/moveit2/moveit_core/utils/include
[2.964s] -- Configured cppcheck exclude dirs and/or files: 
[2.967s] -- Added test 'pep257' to check Python code against some of the docstring style conventions in PEP 257
[2.970s] -- Added test 'xmllint' to check XML markup files
[2.973s] -- Configuring done
[3.635s] -- Generating done
[3.643s] -- Build files have been written to: /home/chathura/Documents/git-projects/Robotics-and-Automation-Labs/lab5/build/moveit_core
[3.676s] Invoked command in '/home/chathura/Documents/git-projects/Robotics-and-Automation-Labs/lab5/build/moveit_core' returned '0': AMENT_PREFIX_PATH=/home/chathura/Documents/git-projects/Robotics-and-Automation-Labs/lab5/install/moveit_resources_panda_moveit_config:/home/chathura/Documents/git-projects/Robotics-and-Automation-Labs/lab5/install/srdfdom:/home/chathura/Documents/git-projects/Robotics-and-Automation-Labs/lab5/install/moveit_resources_pr2_description:/home/chathura/Documents/git-projects/Robotics-and-Automation-Labs/lab5/install/moveit_resources_panda_description:/home/chathura/Documents/git-projects/Robotics-and-Automation-Labs/lab5/install/moveit_common:${AMENT_PREFIX_PATH} CMAKE_PREFIX_PATH=/home/chathura/Documents/git-projects/Robotics-and-Automation-Labs/lab5/install/moveit_resources_panda_moveit_config:/home/chathura/Documents/git-projects/Robotics-and-Automation-Labs/lab5/install/srdfdom:/home/chathura/Documents/git-projects/Robotics-and-Automation-Labs/lab5/install/moveit_resources_pr2_description:/home/chathura/Documents/git-projects/Robotics-and-Automation-Labs/lab5/install/moveit_resources_panda_description:/home/chathura/Documents/git-projects/Robotics-and-Automation-Labs/lab5/install/moveit_common:/opt/ros/humble LD_LIBRARY_PATH=/home/chathura/Documents/git-projects/Robotics-and-Automation-Labs/lab5/install/srdfdom/lib:${LD_LIBRARY_PATH} PYTHONPATH=/home/chathura/Documents/git-projects/Robotics-and-Automation-Labs/lab5/install/srdfdom/local/lib/python3.10/dist-packages:${PYTHONPATH} /usr/bin/cmake /home/chathura/Documents/git-projects/Robotics-and-Automation-Labs/lab5/src/moveit2/moveit_core -DCMAKE_BUILD_TYPE=Release -DCMAKE_INSTALL_PREFIX=/home/chathura/Documents/git-projects/Robotics-and-Automation-Labs/lab5/install/moveit_core
[3.678s] Invoking command in '/home/chathura/Documents/git-projects/Robotics-and-Automation-Labs/lab5/build/moveit_core': AMENT_PREFIX_PATH=/home/chathura/Documents/git-projects/Robotics-and-Automation-Labs/lab5/install/moveit_resources_panda_moveit_config:/home/chathura/Documents/git-projects/Robotics-and-Automation-Labs/lab5/install/srdfdom:/home/chathura/Documents/git-projects/Robotics-and-Automation-Labs/lab5/install/moveit_resources_pr2_description:/home/chathura/Documents/git-projects/Robotics-and-Automation-Labs/lab5/install/moveit_resources_panda_description:/home/chathura/Documents/git-projects/Robotics-and-Automation-Labs/lab5/install/moveit_common:${AMENT_PREFIX_PATH} CMAKE_PREFIX_PATH=/home/chathura/Documents/git-projects/Robotics-and-Automation-Labs/lab5/install/moveit_resources_panda_moveit_config:/home/chathura/Documents/git-projects/Robotics-and-Automation-Labs/lab5/install/srdfdom:/home/chathura/Documents/git-projects/Robotics-and-Automation-Labs/lab5/install/moveit_resources_pr2_description:/home/chathura/Documents/git-projects/Robotics-and-Automation-Labs/lab5/install/moveit_resources_panda_description:/home/chathura/Documents/git-projects/Robotics-and-Automation-Labs/lab5/install/moveit_common:/opt/ros/humble LD_LIBRARY_PATH=/home/chathura/Documents/git-projects/Robotics-and-Automation-Labs/lab5/install/srdfdom/lib:${LD_LIBRARY_PATH} PYTHONPATH=/home/chathura/Documents/git-projects/Robotics-and-Automation-Labs/lab5/install/srdfdom/local/lib/python3.10/dist-packages:${PYTHONPATH} /usr/bin/cmake --build /home/chathura/Documents/git-projects/Robotics-and-Automation-Labs/lab5/build/moveit_core -- -j16 -l16
[3.733s] [  5%] [32mBuilding CXX object distance_field/CMakeFiles/moveit_distance_field.dir/src/distance_field.cpp.o[0m
[3.733s] [  5%] [34m[1mRunning `/opt/ros/humble/bin/generate_parameter_library_cpp /home/chathura/Documents/git-projects/Robotics-and-Automation-Labs/lab5/build/moveit_core/online_signal_smoothing/moveit_butterworth_parameters/include//moveit_butterworth_parameters.hpp /home/chathura/Documents/git-projects/Robotics-and-Automation-Labs/lab5/src/moveit2/moveit_core/online_signal_smoothing/src/butterworth_parameters.yaml `[0m
[3.733s] [  5%] [32mBuilding CXX object distance_field/CMakeFiles/moveit_distance_field.dir/src/propagation_distance_field.cpp.o[0m
[3.733s] [  5%] [32mBuilding CXX object kinematics_base/CMakeFiles/moveit_kinematics_base.dir/src/kinematics_base.cpp.o[0m
[3.733s] [  5%] [32mBuilding CXX object gtest/CMakeFiles/gtest.dir/src/gtest-all.cc.o[0m
[3.733s] [  5%] [32mBuilding CXX object gmock/CMakeFiles/gmock.dir/src/gmock-all.cc.o[0m
[3.733s] [  5%] [32mBuilding CXX object distance_field/CMakeFiles/moveit_distance_field.dir/src/find_internal_points.cpp.o[0m
[3.733s] [  5%] [32mBuilding CXX object exceptions/CMakeFiles/moveit_exceptions.dir/src/exceptions.cpp.o[0m
[3.733s] [  5%] [32mBuilding CXX object gtest/CMakeFiles/gtest_main.dir/src/gtest_main.cc.o[0m
[3.734s] [  6%] [32mBuilding CXX object version/CMakeFiles/moveit_version.dir/version.cpp.o[0m
[3.734s] [  6%] [32mBuilding CXX object gmock/CMakeFiles/gmock_main.dir/src/gmock_main.cc.o[0m
[3.734s] [  5%] [32mBuilding CXX object transforms/CMakeFiles/moveit_transforms.dir/src/transforms.cpp.o[0m
[3.734s] [  5%] [32mBuilding CXX object gmock/CMakeFiles/gmock.dir/opt/ros/humble/src/gtest_vendor/src/gtest-all.cc.o[0m
[3.734s] [  7%] [32mBuilding CXX object utils/CMakeFiles/moveit_utils.dir/src/lexical_casts.cpp.o[0m
[3.734s] [  7%] [32mBuilding CXX object online_signal_smoothing/CMakeFiles/moveit_smoothing_base.dir/src/smoothing_base_class.cpp.o[0m
[3.734s] [  7%] [32mBuilding CXX object utils/CMakeFiles/moveit_utils.dir/src/message_checks.cpp.o[0m
[3.791s] [  8%] [32m[1mLinking CXX executable moveit_version[0m
[3.892s] [  8%] Built target moveit_version
[3.909s] [  9%] [32mBuilding CXX object utils/CMakeFiles/moveit_utils.dir/src/rclcpp_utils.cpp.o[0m
[3.970s] [  9%] Built target moveit_butterworth_parameters
[4.781s] [ 10%] [32m[1mLinking CXX shared library libmoveit_exceptions.so[0m
[4.993s] [ 10%] Built target moveit_exceptions
[5.013s] [ 10%] [32m[1mLinking CXX static library libgtest_main.a[0m
[5.037s] [ 10%] [32m[1mLinking CXX shared library libmoveit_utils.so[0m
[5.064s] [ 10%] Built target gtest_main
[5.299s] [ 11%] [32m[1mLinking CXX static library libgmock_main.a[0m
[5.337s] [ 11%] Built target gmock_main
[5.919s] [ 11%] Built target moveit_utils
[6.754s] [ 12%] [32m[1mLinking CXX shared library libmoveit_smoothing_base.so[0m
[6.869s] [ 12%] Built target moveit_smoothing_base
[8.717s] [ 13%] [32m[1mLinking CXX shared library libmoveit_kinematics_base.so[0m
[8.843s] [ 13%] Built target moveit_kinematics_base
[8.868s] [ 15%] [32mBuilding CXX object robot_model/CMakeFiles/moveit_robot_model.dir/src/joint_model_group.cpp.o[0m
[8.869s] [ 15%] [32mBuilding CXX object robot_model/CMakeFiles/moveit_robot_model.dir/src/link_model.cpp.o[0m
[8.869s] [ 17%] [32mBuilding CXX object robot_model/CMakeFiles/moveit_robot_model.dir/src/aabb.cpp.o[0m
[8.869s] [ 17%] [32mBuilding CXX object robot_model/CMakeFiles/moveit_robot_model.dir/src/fixed_joint_model.cpp.o[0m
[8.869s] [ 17%] [32mBuilding CXX object robot_model/CMakeFiles/moveit_robot_model.dir/src/floating_joint_model.cpp.o[0m
[8.869s] [ 17%] [32mBuilding CXX object robot_model/CMakeFiles/moveit_robot_model.dir/src/joint_model.cpp.o[0m
[8.870s] [ 18%] [32mBuilding CXX object robot_model/CMakeFiles/moveit_robot_model.dir/src/robot_model.cpp.o[0m
[8.870s] [ 18%] [32mBuilding CXX object robot_model/CMakeFiles/moveit_robot_model.dir/src/planar_joint_model.cpp.o[0m
[8.870s] [ 18%] [32mBuilding CXX object robot_model/CMakeFiles/moveit_robot_model.dir/src/revolute_joint_model.cpp.o[0m
[8.870s] [ 19%] [32mBuilding CXX object robot_model/CMakeFiles/moveit_robot_model.dir/src/prismatic_joint_model.cpp.o[0m
[11.277s] [ 20%] [32m[1mLinking CXX shared library libmoveit_transforms.so[0m
[11.455s] [ 20%] Built target moveit_transforms
[11.596s] [ 21%] [32m[1mLinking CXX static library libgmock.a[0m
[11.644s] [ 21%] Built target gmock
[11.648s] [ 21%] [32m[1mLinking CXX shared library libmoveit_distance_field.so[0m
[11.819s] [ 21%] Built target moveit_distance_field
[11.875s] [ 22%] [32m[1mLinking CXX static library libgtest.a[0m
[11.917s] [ 22%] Built target gtest
[11.941s] [ 23%] [32mBuilding CXX object distance_field/CMakeFiles/test_voxel_grid.dir/test/test_voxel_grid.cpp.o[0m
[11.945s] [ 23%] [32mBuilding CXX object distance_field/CMakeFiles/test_distance_field.dir/test/test_distance_field.cpp.o[0m
[11.946s] [ 23%] [32mBuilding CXX object transforms/CMakeFiles/test_transforms.dir/test/test_transforms.cpp.o[0m
[14.881s] [ 24%] [32m[1mLinking CXX executable test_transforms[0m
[15.025s] [ 24%] Built target test_transforms
[15.895s] [ 24%] [32m[1mLinking CXX executable test_voxel_grid[0m
[16.008s] [ 24%] Built target test_voxel_grid
[17.723s] [ 25%] [32m[1mLinking CXX shared library libmoveit_robot_model.so[0m
[17.859s] [ 25%] Built target moveit_robot_model
[17.879s] [ 29%] [32mBuilding CXX object robot_state/CMakeFiles/moveit_robot_state.dir/src/conversions.cpp.o[0m
[17.879s] [ 29%] [32mBuilding CXX object online_signal_smoothing/CMakeFiles/moveit_butterworth_filter.dir/src/butterworth_filter.cpp.o[0m
[17.879s] [ 29%] [32mBuilding CXX object robot_state/CMakeFiles/moveit_robot_state.dir/src/attached_body.cpp.o[0m
[17.879s] [ 29%] [32mBuilding CXX object robot_state/CMakeFiles/moveit_robot_state.dir/src/robot_state.cpp.o[0m
[17.879s] [ 29%] [32mBuilding CXX object robot_state/CMakeFiles/moveit_robot_state.dir/src/cartesian_interpolator.cpp.o[0m
[17.879s] [ 29%] [32mBuilding CXX object utils/CMakeFiles/moveit_test_utils.dir/src/robot_model_test_utils.cpp.o[0m
[20.220s] [ 30%] [32m[1mLinking CXX executable test_distance_field[0m
[20.442s] [ 30%] Built target test_distance_field
[23.375s] [ 30%] [32m[1mLinking CXX shared library libmoveit_butterworth_filter.so[0m
[23.523s] [ 30%] Built target moveit_butterworth_filter
[23.544s] [ 30%] [32mBuilding CXX object online_signal_smoothing/CMakeFiles/test_butterworth_filter.dir/test/test_butterworth_filter.cpp.o[0m
[25.384s] [ 30%] [32m[1mLinking CXX shared library libmoveit_test_utils.so[0m
[25.521s] [ 30%] Built target moveit_test_utils
[25.542s] [ 31%] [32mBuilding CXX object robot_model/CMakeFiles/test_robot_model.dir/test/test.cpp.o[0m
[28.878s] [ 32%] [32m[1mLinking CXX executable test_butterworth_filter[0m
[29.011s] [ 32%] Built target test_butterworth_filter
[30.109s] [ 32%] [32m[1mLinking CXX executable test_robot_model[0m
[30.302s] [ 32%] Built target test_robot_model
[35.335s] [ 33%] [32m[1mLinking CXX shared library libmoveit_robot_state.so[0m
[35.468s] [ 33%] Built target moveit_robot_state
[35.491s] [ 33%] [32mBuilding CXX object robot_state/CMakeFiles/test_cartesian_interpolator.dir/test/test_cartesian_interpolator.cpp.o[0m
[35.491s] [ 33%] [32mBuilding CXX object robot_trajectory/CMakeFiles/moveit_robot_trajectory.dir/src/robot_trajectory.cpp.o[0m
[35.491s] [ 33%] [32mBuilding CXX object robot_state/CMakeFiles/test_robot_state_benchmark.dir/test/robot_state_benchmark.cpp.o[0m
[35.491s] [ 34%] [32mBuilding CXX object robot_state/CMakeFiles/test_robot_state_complex.dir/test/test_kinematic_complex.cpp.o[0m
[35.491s] [ 34%] [32mBuilding CXX object robot_state/CMakeFiles/test_robot_state.dir/test/robot_state_test.cpp.o[0m
[35.492s] [ 35%] [32mBuilding CXX object dynamics_solver/CMakeFiles/moveit_dynamics_solver.dir/src/dynamics_solver.cpp.o[0m
[35.492s] [ 35%] [32mBuilding CXX object robot_state/CMakeFiles/test_aabb.dir/test/test_aabb.cpp.o[0m
[35.492s] [ 36%] [32mBuilding CXX object collision_detection/CMakeFiles/moveit_collision_detection.dir/src/collision_common.cpp.o[0m
[35.492s] [ 36%] [32mBuilding CXX object kinematics_metrics/CMakeFiles/moveit_kinematics_metrics.dir/src/kinematics_metrics.cpp.o[0m
[35.492s] [ 36%] [32mBuilding CXX object collision_detection/CMakeFiles/moveit_collision_detection.dir/src/allvalid/collision_env_allvalid.cpp.o[0m
[35.492s] [ 37%] [32mBuilding CXX object collision_detection/CMakeFiles/moveit_collision_detection.dir/src/collision_matrix.cpp.o[0m
[35.493s] [ 37%] [32mBuilding CXX object collision_detection/CMakeFiles/moveit_collision_detection.dir/src/collision_octomap_filter.cpp.o[0m
[35.493s] [ 38%] [32mBuilding CXX object collision_detection/CMakeFiles/moveit_collision_detection.dir/src/collision_tools.cpp.o[0m
[35.493s] [ 39%] [32mBuilding CXX object collision_detection/CMakeFiles/moveit_collision_detection.dir/src/world.cpp.o[0m
[35.504s] [ 40%] [32mBuilding CXX object collision_detection/CMakeFiles/moveit_collision_detection.dir/src/world_diff.cpp.o[0m
[35.504s] [ 40%] [32mBuilding CXX object collision_detection/CMakeFiles/moveit_collision_detection.dir/src/collision_env.cpp.o[0m
[38.691s] [ 40%] [32mBuilding CXX object collision_detection/CMakeFiles/moveit_collision_detection.dir/src/collision_plugin_cache.cpp.o[0m
[44.148s] [ 41%] [32m[1mLinking CXX shared library libmoveit_dynamics_solver.so[0m
[44.325s] [ 41%] Built target moveit_dynamics_solver
[44.542s] [ 42%] [32m[1mLinking CXX executable test_cartesian_interpolator[0m
[44.789s] [ 42%] Built target test_cartesian_interpolator
[45.273s] [ 43%] [32m[1mLinking CXX executable test_robot_state_benchmark[0m
[45.546s] [ 43%] Built target test_robot_state_benchmark
[45.987s] [ 44%] [32m[1mLinking CXX executable test_aabb[0m
[46.242s] [ 44%] Built target test_aabb
[46.815s] [ 45%] [32m[1mLinking CXX executable test_robot_state_complex[0m
[47.073s] [ 45%] Built target test_robot_state_complex
[47.162s] [ 46%] [32m[1mLinking CXX shared library libmoveit_robot_trajectory.so[0m
[47.312s] [ 46%] Built target moveit_robot_trajectory
[47.334s] [ 49%] [32mBuilding CXX object planning_interface/CMakeFiles/moveit_planning_interface.dir/src/planning_interface.cpp.o[0m
[47.334s] [ 49%] [32mBuilding CXX object trajectory_processing/CMakeFiles/moveit_trajectory_processing.dir/src/iterative_spline_parameterization.cpp.o[0m
[47.334s] [ 49%] [32mBuilding CXX object trajectory_processing/CMakeFiles/moveit_trajectory_processing.dir/src/ruckig_traj_smoothing.cpp.o[0m
[47.334s] [ 49%] [32mBuilding CXX object robot_trajectory/CMakeFiles/test_robot_trajectory.dir/test/test_robot_trajectory.cpp.o[0m
[47.334s] [ 50%] [32mBuilding CXX object planning_interface/CMakeFiles/moveit_planning_interface.dir/src/planning_response.cpp.o[0m
[47.335s] [ 50%] [32mBuilding CXX object trajectory_processing/CMakeFiles/moveit_trajectory_processing.dir/src/iterative_time_parameterization.cpp.o[0m
[47.336s] [ 50%] [32mBuilding CXX object trajectory_processing/CMakeFiles/moveit_trajectory_processing.dir/src/time_optimal_trajectory_generation.cpp.o[0m
[47.336s] [ 51%] [32mBuilding CXX object trajectory_processing/CMakeFiles/moveit_trajectory_processing.dir/src/trajectory_tools.cpp.o[0m
[48.327s] [ 52%] [32m[1mLinking CXX executable test_robot_state[0m
[48.610s] [ 52%] Built target test_robot_state
[54.207s] [ 53%] [32m[1mLinking CXX shared library libmoveit_collision_detection.so[0m
[54.411s] [ 53%] Built target moveit_collision_detection
[54.438s] [ 54%] [32mBuilding CXX object collision_detection/CMakeFiles/test_all_valid.dir/test/test_all_valid.cpp.o[0m
[54.438s] [ 54%] [32mBuilding CXX object collision_detection/CMakeFiles/test_world_diff.dir/test/test_world_diff.cpp.o[0m
[54.440s] [ 55%] [32mBuilding CXX object collision_detection_fcl/CMakeFiles/moveit_collision_detection_fcl.dir/src/collision_common.cpp.o[0m
[54.440s] [ 55%] [32mBuilding CXX object collision_detection_fcl/CMakeFiles/moveit_collision_detection_fcl.dir/src/collision_env_fcl.cpp.o[0m
[54.442s] [ 56%] [32mBuilding CXX object collision_detection/CMakeFiles/test_world.dir/test/test_world.cpp.o[0m
[54.443s] [ 57%] [32mBuilding CXX object collision_detection_bullet/CMakeFiles/moveit_collision_detection_bullet.dir/src/bullet_integration/bullet_utils.cpp.o[0m
[54.444s] [ 58%] [32mBuilding CXX object collision_detection_bullet/CMakeFiles/moveit_collision_detection_bullet.dir/src/bullet_integration/bullet_cast_bvh_manager.cpp.o[0m
[54.444s] [ 58%] [32mBuilding CXX object collision_detection_bullet/CMakeFiles/moveit_collision_detection_bullet.dir/src/collision_env_bullet.cpp.o[0m
[54.444s] [ 58%] [32mBuilding CXX object collision_detection_bullet/CMakeFiles/moveit_collision_detection_bullet.dir/src/bullet_integration/bullet_discrete_bvh_manager.cpp.o[0m
[54.454s] [ 59%] [32mBuilding CXX object collision_detection_bullet/CMakeFiles/moveit_collision_detection_bullet.dir/src/bullet_integration/bullet_bvh_manager.cpp.o[0m
[54.514s] [ 60%] [32mBuilding CXX object collision_detection_bullet/CMakeFiles/moveit_collision_detection_bullet.dir/src/bullet_integration/contact_checker_common.cpp.o[0m
[56.269s] [ 61%] [32m[1mLinking CXX shared library libmoveit_planning_interface.so[0m
[56.281s] [ 61%] [32m[1mLinking CXX executable test_robot_trajectory[0m
[56.577s] [ 61%] Built target moveit_planning_interface
[56.594s] [ 61%] [32mBuilding CXX object collision_detection_bullet/CMakeFiles/moveit_collision_detection_bullet.dir/src/bullet_integration/ros_bullet_utils.cpp.o[0m
[56.777s] [ 61%] Built target test_robot_trajectory
[57.790s] [ 62%] [32m[1mLinking CXX shared library libmoveit_kinematics_metrics.so[0m
[58.095s] [ 62%] Built target moveit_kinematics_metrics
[59.278s] [ 63%] [32m[1mLinking CXX shared library libmoveit_trajectory_processing.so[0m
[59.489s] [ 63%] Built target moveit_trajectory_processing
[59.518s] [ 64%] [32mBuilding CXX object trajectory_processing/CMakeFiles/test_time_optimal_trajectory_generation.dir/test/test_time_optimal_trajectory_generation.cpp.o[0m
[59.522s] [ 65%] [32mBuilding CXX object trajectory_processing/CMakeFiles/test_ruckig_traj_smoothing.dir/test/test_ruckig_traj_smoothing.cpp.o[0m
[59.523s] [ 65%] [32mBuilding CXX object trajectory_processing/CMakeFiles/test_time_parameterization.dir/test/test_time_parameterization.cpp.o[0m
[62.114s] [ 66%] [32m[1mLinking CXX executable test_world_diff[0m
[62.529s] [ 66%] Built target test_world_diff
[63.418s] [ 66%] [32m[1mLinking CXX executable test_world[0m
[63.674s] [ 66%] Built target test_world
[63.863s] [ 67%] [32m[1mLinking CXX executable test_all_valid[0m
[64.121s] [ 67%] Built target test_all_valid
[64.966s] [ 68%] [32m[1mLinking CXX shared library libmoveit_collision_detection_bullet.so[0m
[65.173s] [ 68%] Built target moveit_collision_detection_bullet
[65.195s] [ 71%] [32mBuilding CXX object collision_detection_bullet/CMakeFiles/test_bullet_collision_detection.dir/test/test_bullet_collision_detection_pr2.cpp.o[0m
[65.195s] [ 71%] [32mBuilding CXX object collision_detection_bullet/CMakeFiles/test_bullet_continuous_collision_checking.dir/test/test_bullet_continuous_collision_checking.cpp.o[0m
[65.195s] [ 71%] [32mBuilding CXX object collision_detection_bullet/CMakeFiles/test_bullet_collision_detection_panda.dir/test/test_bullet_collision_detection_panda.cpp.o[0m
[66.369s] [ 72%] [32m[1mLinking CXX shared library libmoveit_collision_detection_fcl.so[0m
[66.603s] [ 72%] Built target moveit_collision_detection_fcl
[66.628s] [ 73%] [32mBuilding CXX object collision_detection_fcl/CMakeFiles/test_fcl_collision_detection_panda.dir/test/test_fcl_collision_detection_panda.cpp.o[0m
[66.628s] [ 74%] [32mBuilding CXX object collision_detection_fcl/CMakeFiles/test_fcl_collision_detection.dir/test/test_fcl_collision_detection_pr2.cpp.o[0m
[66.634s] [ 76%] [32mBuilding CXX object kinematic_constraints/CMakeFiles/moveit_kinematic_constraints.dir/src/kinematic_constraint.cpp.o[0m
[66.634s] [ 76%] [32mBuilding CXX object collision_detection_fcl/CMakeFiles/test_fcl_collision_env.dir/test/test_fcl_env.cpp.o[0m
[66.635s] [ 76%] [32mBuilding CXX object kinematic_constraints/CMakeFiles/moveit_kinematic_constraints.dir/src/utils.cpp.o[0m
[68.534s] [ 76%] [32m[1mLinking CXX executable test_ruckig_traj_smoothing[0m
[68.838s] [ 76%] Built target test_ruckig_traj_smoothing
[69.237s] [ 77%] [32m[1mLinking CXX executable test_time_parameterization[0m
[69.552s] [ 77%] Built target test_time_parameterization
[70.672s] [ 78%] [32m[1mLinking CXX executable test_time_optimal_trajectory_generation[0m
[70.975s] [ 78%] Built target test_time_optimal_trajectory_generation
[73.293s] [ 78%] [32m[1mLinking CXX executable test_bullet_collision_detection_panda[0m
[73.583s] [ 78%] Built target test_bullet_collision_detection_panda
[74.773s] [ 78%] [32m[1mLinking CXX executable test_bullet_collision_detection[0m
[75.077s] [ 78%] Built target test_bullet_collision_detection
[75.693s] [ 79%] [32m[1mLinking CXX executable test_fcl_collision_env[0m
[76.001s] [ 79%] Built target test_fcl_collision_env
[76.459s] [ 80%] [32m[1mLinking CXX executable test_bullet_continuous_collision_checking[0m
[76.580s] [ 80%] [32m[1mLinking CXX executable test_fcl_collision_detection_panda[0m
[76.733s] [ 80%] Built target test_bullet_continuous_collision_checking
[76.782s] [ 80%] [32m[1mLinking CXX executable test_fcl_collision_detection[0m
[76.842s] [ 80%] Built target test_fcl_collision_detection_panda
[77.036s] [ 80%] Built target test_fcl_collision_detection
[79.600s] [ 81%] [32m[1mLinking CXX shared library libmoveit_kinematic_constraints.so[0m
[79.754s] [ 81%] Built target moveit_kinematic_constraints
[79.774s] [ 82%] [32mBuilding CXX object kinematic_constraints/CMakeFiles/test_orientation_constraints.dir/test/test_orientation_constraints.cpp.o[0m
[79.774s] [ 82%] [32mBuilding CXX object kinematic_constraints/CMakeFiles/test_constraints.dir/test/test_constraints.cpp.o[0m
[79.774s] [ 82%] [32mBuilding CXX object planning_scene/CMakeFiles/moveit_planning_scene.dir/src/planning_scene.cpp.o[0m
[87.639s] [ 83%] [32m[1mLinking CXX executable test_orientation_constraints[0m
[87.875s] [ 83%] Built target test_orientation_constraints
[88.646s] [ 84%] [32m[1mLinking CXX executable test_constraints[0m
[88.871s] [ 84%] Built target test_constraints
[93.244s] [ 84%] [32m[1mLinking CXX shared library libmoveit_planning_scene.so[0m
[93.405s] [ 84%] Built target moveit_planning_scene
[93.427s] [ 84%] [32mBuilding CXX object collision_distance_field/CMakeFiles/moveit_collision_distance_field.dir/src/collision_distance_field_types.cpp.o[0m
[93.427s] [ 85%] [32mBuilding CXX object planning_scene/CMakeFiles/test_planning_scene.dir/test/test_planning_scene.cpp.o[0m
[93.427s] [ 85%] [32mBuilding CXX object collision_detection_fcl/CMakeFiles/collision_detector_fcl_plugin.dir/src/collision_detector_fcl_plugin_loader.cpp.o[0m
[93.428s] [ 86%] [32mBuilding CXX object constraint_samplers/CMakeFiles/moveit_constraint_samplers.dir/src/constraint_sampler.cpp.o[0m
[93.428s] [ 87%] [32mBuilding CXX object planning_request_adapter/CMakeFiles/moveit_planning_request_adapter.dir/src/planning_request_adapter.cpp.o[0m
[93.428s] [ 87%] [32mBuilding CXX object constraint_samplers/CMakeFiles/moveit_constraint_samplers.dir/src/constraint_sampler_manager.cpp.o[0m
[93.428s] [ 87%] [32mBuilding CXX object collision_distance_field/CMakeFiles/moveit_collision_distance_field.dir/src/collision_env_distance_field.cpp.o[0m
[93.428s] [ 86%] [32mBuilding CXX object planning_scene/CMakeFiles/test_collision_objects.dir/test/test_collision_objects.cpp.o[0m
[93.428s] [ 88%] [32mBuilding CXX object planning_scene/CMakeFiles/test_multi_threaded.dir/test/test_multi_threaded.cpp.o[0m
[93.428s] [ 88%] [32mBuilding CXX object collision_distance_field/CMakeFiles/moveit_collision_distance_field.dir/src/collision_common_distance_field.cpp.o[0m
[93.429s] [ 88%] [32mBuilding CXX object constraint_samplers/CMakeFiles/moveit_constraint_samplers.dir/src/constraint_sampler_tools.cpp.o[0m
[93.429s] [ 90%] [32mBuilding CXX object constraint_samplers/CMakeFiles/moveit_constraint_samplers.dir/src/default_constraint_samplers.cpp.o[0m
[93.429s] [ 90%] [32mBuilding CXX object collision_detection_bullet/CMakeFiles/collision_detector_bullet_plugin.dir/src/collision_detector_bullet_plugin_loader.cpp.o[0m
[93.429s] [ 90%] [32mBuilding CXX object collision_distance_field/CMakeFiles/moveit_collision_distance_field.dir/src/collision_env_hybrid.cpp.o[0m
[93.439s] [ 90%] [32mBuilding CXX object constraint_samplers/CMakeFiles/moveit_constraint_samplers.dir/src/union_constraint_sampler.cpp.o[0m
[104.553s] [ 91%] [32m[1mLinking CXX shared library libmoveit_planning_request_adapter.so[0m
[104.725s] [ 92%] [32m[1mLinking CXX shared library libcollision_detector_bullet_plugin.so[0m
[104.808s] [ 92%] Built target moveit_planning_request_adapter
[104.900s] [ 92%] Built target collision_detector_bullet_plugin
[105.701s] [ 93%] [32m[1mLinking CXX executable test_multi_threaded[0m
[105.982s] [ 93%] Built target test_multi_threaded
[106.025s] [ 94%] [32m[1mLinking CXX shared library libcollision_detector_fcl_plugin.so[0m
[106.171s] [ 94%] Built target collision_detector_fcl_plugin
[107.221s] [ 94%] [32m[1mLinking CXX executable test_collision_objects[0m
[107.289s] [ 95%] [32m[1mLinking CXX shared library libmoveit_constraint_samplers.so[0m
[107.455s] [ 95%] Built target moveit_constraint_samplers
[107.473s] [ 95%] Built target test_collision_objects
[107.477s] [ 97%] [32mBuilding CXX object constraint_samplers/CMakeFiles/test_constraint_samplers.dir/test/pr2_arm_kinematics_plugin.cpp.o[0m
[107.477s] [ 97%] [32mBuilding CXX object constraint_samplers/CMakeFiles/test_constraint_samplers.dir/test/pr2_arm_ik.cpp.o[0m
[107.477s] [ 97%] [32mBuilding CXX object constraint_samplers/CMakeFiles/test_constraint_samplers.dir/test/test_constraint_samplers.cpp.o[0m
[110.660s] [ 98%] [32m[1mLinking CXX shared library libmoveit_collision_distance_field.so[0m
[110.679s] [ 98%] [32m[1mLinking CXX executable test_planning_scene[0m
[110.855s] [ 98%] Built target moveit_collision_distance_field
[110.878s] [ 99%] [32mBuilding CXX object collision_distance_field/CMakeFiles/test_collision_distance_field.dir/test/test_collision_distance_field.cpp.o[0m
[110.966s] [ 99%] Built target test_planning_scene
[118.875s] [100%] [32m[1mLinking CXX executable test_constraint_samplers[0m
[119.141s] [100%] Built target test_constraint_samplers
[119.506s] [100%] [32m[1mLinking CXX executable test_collision_distance_field[0m
[119.720s] [100%] Built target test_collision_distance_field
[119.735s] Invoked command in '/home/chathura/Documents/git-projects/Robotics-and-Automation-Labs/lab5/build/moveit_core' returned '0': AMENT_PREFIX_PATH=/home/chathura/Documents/git-projects/Robotics-and-Automation-Labs/lab5/install/moveit_resources_panda_moveit_config:/home/chathura/Documents/git-projects/Robotics-and-Automation-Labs/lab5/install/srdfdom:/home/chathura/Documents/git-projects/Robotics-and-Automation-Labs/lab5/install/moveit_resources_pr2_description:/home/chathura/Documents/git-projects/Robotics-and-Automation-Labs/lab5/install/moveit_resources_panda_description:/home/chathura/Documents/git-projects/Robotics-and-Automation-Labs/lab5/install/moveit_common:${AMENT_PREFIX_PATH} CMAKE_PREFIX_PATH=/home/chathura/Documents/git-projects/Robotics-and-Automation-Labs/lab5/install/moveit_resources_panda_moveit_config:/home/chathura/Documents/git-projects/Robotics-and-Automation-Labs/lab5/install/srdfdom:/home/chathura/Documents/git-projects/Robotics-and-Automation-Labs/lab5/install/moveit_resources_pr2_description:/home/chathura/Documents/git-projects/Robotics-and-Automation-Labs/lab5/install/moveit_resources_panda_description:/home/chathura/Documents/git-projects/Robotics-and-Automation-Labs/lab5/install/moveit_common:/opt/ros/humble LD_LIBRARY_PATH=/home/chathura/Documents/git-projects/Robotics-and-Automation-Labs/lab5/install/srdfdom/lib:${LD_LIBRARY_PATH} PYTHONPATH=/home/chathura/Documents/git-projects/Robotics-and-Automation-Labs/lab5/install/srdfdom/local/lib/python3.10/dist-packages:${PYTHONPATH} /usr/bin/cmake --build /home/chathura/Documents/git-projects/Robotics-and-Automation-Labs/lab5/build/moveit_core -- -j16 -l16
[119.806s] Invoking command in '/home/chathura/Documents/git-projects/Robotics-and-Automation-Labs/lab5/build/moveit_core': AMENT_PREFIX_PATH=/home/chathura/Documents/git-projects/Robotics-and-Automation-Labs/lab5/install/moveit_resources_panda_moveit_config:/home/chathura/Documents/git-projects/Robotics-and-Automation-Labs/lab5/install/srdfdom:/home/chathura/Documents/git-projects/Robotics-and-Automation-Labs/lab5/install/moveit_resources_pr2_description:/home/chathura/Documents/git-projects/Robotics-and-Automation-Labs/lab5/install/moveit_resources_panda_description:/home/chathura/Documents/git-projects/Robotics-and-Automation-Labs/lab5/install/moveit_common:${AMENT_PREFIX_PATH} CMAKE_PREFIX_PATH=/home/chathura/Documents/git-projects/Robotics-and-Automation-Labs/lab5/install/moveit_resources_panda_moveit_config:/home/chathura/Documents/git-projects/Robotics-and-Automation-Labs/lab5/install/srdfdom:/home/chathura/Documents/git-projects/Robotics-and-Automation-Labs/lab5/install/moveit_resources_pr2_description:/home/chathura/Documents/git-projects/Robotics-and-Automation-Labs/lab5/install/moveit_resources_panda_description:/home/chathura/Documents/git-projects/Robotics-and-Automation-Labs/lab5/install/moveit_common:/opt/ros/humble LD_LIBRARY_PATH=/home/chathura/Documents/git-projects/Robotics-and-Automation-Labs/lab5/install/srdfdom/lib:${LD_LIBRARY_PATH} PYTHONPATH=/home/chathura/Documents/git-projects/Robotics-and-Automation-Labs/lab5/install/srdfdom/local/lib/python3.10/dist-packages:${PYTHONPATH} /usr/bin/cmake --install /home/chathura/Documents/git-projects/Robotics-and-Automation-Labs/lab5/build/moveit_core
[119.813s] -- Install configuration: "Release"
[119.813s] -- Installing: /home/chathura/Documents/git-projects/Robotics-and-Automation-Labs/lab5/install/moveit_core/include/moveit/version.h
[119.814s] -- Up-to-date: /home/chathura/Documents/git-projects/Robotics-and-Automation-Labs/lab5/install/moveit_core/include
[119.814s] -- Up-to-date: /home/chathura/Documents/git-projects/Robotics-and-Automation-Labs/lab5/install/moveit_core/include/moveit
[119.814s] -- Installing: /home/chathura/Documents/git-projects/Robotics-and-Automation-Labs/lab5/install/moveit_core/include/moveit/collision_distance_field
[119.814s] -- Installing: /home/chathura/Documents/git-projects/Robotics-and-Automation-Labs/lab5/install/moveit_core/include/moveit/collision_distance_field/collision_common_distance_field.h
[119.814s] -- Installing: /home/chathura/Documents/git-projects/Robotics-and-Automation-Labs/lab5/install/moveit_core/include/moveit/collision_distance_field/collision_detector_allocator_distance_field.h
[119.814s] -- Installing: /home/chathura/Documents/git-projects/Robotics-and-Automation-Labs/lab5/install/moveit_core/include/moveit/collision_distance_field/collision_env_distance_field.h
[119.814s] -- Installing: /home/chathura/Documents/git-projects/Robotics-and-Automation-Labs/lab5/install/moveit_core/include/moveit/collision_distance_field/collision_distance_field_types.h
[119.814s] -- Installing: /home/chathura/Documents/git-projects/Robotics-and-Automation-Labs/lab5/install/moveit_core/include/moveit/collision_distance_field/collision_env_hybrid.h
[119.814s] -- Installing: /home/chathura/Documents/git-projects/Robotics-and-Automation-Labs/lab5/install/moveit_core/include/moveit/collision_distance_field/collision_detector_allocator_hybrid.h
[119.815s] -- Installing: /home/chathura/Documents/git-projects/Robotics-and-Automation-Labs/lab5/install/moveit_core/include/moveit_collision_distance_field_export.h
[119.815s] -- Up-to-date: /home/chathura/Documents/git-projects/Robotics-and-Automation-Labs/lab5/install/moveit_core/include
[119.815s] -- Up-to-date: /home/chathura/Documents/git-projects/Robotics-and-Automation-Labs/lab5/install/moveit_core/include/moveit
[119.815s] -- Installing: /home/chathura/Documents/git-projects/Robotics-and-Automation-Labs/lab5/install/moveit_core/include/moveit/constraint_samplers
[119.815s] -- Installing: /home/chathura/Documents/git-projects/Robotics-and-Automation-Labs/lab5/install/moveit_core/include/moveit/constraint_samplers/constraint_sampler_manager.h
[119.815s] -- Installing: /home/chathura/Documents/git-projects/Robotics-and-Automation-Labs/lab5/install/moveit_core/include/moveit/constraint_samplers/default_constraint_samplers.h
[119.815s] -- Installing: /home/chathura/Documents/git-projects/Robotics-and-Automation-Labs/lab5/install/moveit_core/include/moveit/constraint_samplers/constraint_sampler_tools.h
[119.815s] -- Installing: /home/chathura/Documents/git-projects/Robotics-and-Automation-Labs/lab5/install/moveit_core/include/moveit/constraint_samplers/constraint_sampler.h
[119.816s] -- Installing: /home/chathura/Documents/git-projects/Robotics-and-Automation-Labs/lab5/install/moveit_core/include/moveit/constraint_samplers/union_constraint_sampler.h
[119.816s] -- Installing: /home/chathura/Documents/git-projects/Robotics-and-Automation-Labs/lab5/install/moveit_core/include/moveit/constraint_samplers/constraint_sampler_allocator.h
[119.816s] -- Up-to-date: /home/chathura/Documents/git-projects/Robotics-and-Automation-Labs/lab5/install/moveit_core/include
[119.816s] -- Up-to-date: /home/chathura/Documents/git-projects/Robotics-and-Automation-Labs/lab5/install/moveit_core/include/moveit
[119.816s] -- Installing: /home/chathura/Documents/git-projects/Robotics-and-Automation-Labs/lab5/install/moveit_core/include/moveit/controller_manager
[119.816s] -- Installing: /home/chathura/Documents/git-projects/Robotics-and-Automation-Labs/lab5/install/moveit_core/include/moveit/controller_manager/controller_manager.h
[119.816s] -- Up-to-date: /home/chathura/Documents/git-projects/Robotics-and-Automation-Labs/lab5/install/moveit_core/include
[119.817s] -- Up-to-date: /home/chathura/Documents/git-projects/Robotics-and-Automation-Labs/lab5/install/moveit_core/include/moveit
[119.817s] -- Installing: /home/chathura/Documents/git-projects/Robotics-and-Automation-Labs/lab5/install/moveit_core/include/moveit/distance_field
[119.817s] -- Installing: /home/chathura/Documents/git-projects/Robotics-and-Automation-Labs/lab5/install/moveit_core/include/moveit/distance_field/voxel_grid.h
[119.817s] -- Installing: /home/chathura/Documents/git-projects/Robotics-and-Automation-Labs/lab5/install/moveit_core/include/moveit/distance_field/find_internal_points.h
[119.817s] -- Installing: /home/chathura/Documents/git-projects/Robotics-and-Automation-Labs/lab5/install/moveit_core/include/moveit/distance_field/distance_field.h
[119.817s] -- Installing: /home/chathura/Documents/git-projects/Robotics-and-Automation-Labs/lab5/install/moveit_core/include/moveit/distance_field/propagation_distance_field.h
[119.817s] -- Up-to-date: /home/chathura/Documents/git-projects/Robotics-and-Automation-Labs/lab5/install/moveit_core/include
[119.817s] -- Up-to-date: /home/chathura/Documents/git-projects/Robotics-and-Automation-Labs/lab5/install/moveit_core/include/moveit
[119.817s] -- Installing: /home/chathura/Documents/git-projects/Robotics-and-Automation-Labs/lab5/install/moveit_core/include/moveit/dynamics_solver
[119.817s] -- Installing: /home/chathura/Documents/git-projects/Robotics-and-Automation-Labs/lab5/install/moveit_core/include/moveit/dynamics_solver/dynamics_solver.h
[119.818s] -- Up-to-date: /home/chathura/Documents/git-projects/Robotics-and-Automation-Labs/lab5/install/moveit_core/include
[119.818s] -- Up-to-date: /home/chathura/Documents/git-projects/Robotics-and-Automation-Labs/lab5/install/moveit_core/include/moveit
[119.818s] -- Installing: /home/chathura/Documents/git-projects/Robotics-and-Automation-Labs/lab5/install/moveit_core/include/moveit/exceptions
[119.818s] -- Installing: /home/chathura/Documents/git-projects/Robotics-and-Automation-Labs/lab5/install/moveit_core/include/moveit/exceptions/exceptions.h
[119.818s] -- Up-to-date: /home/chathura/Documents/git-projects/Robotics-and-Automation-Labs/lab5/install/moveit_core/include
[119.818s] -- Up-to-date: /home/chathura/Documents/git-projects/Robotics-and-Automation-Labs/lab5/install/moveit_core/include/moveit
[119.818s] -- Installing: /home/chathura/Documents/git-projects/Robotics-and-Automation-Labs/lab5/install/moveit_core/include/moveit/kinematics_base
[119.818s] -- Installing: /home/chathura/Documents/git-projects/Robotics-and-Automation-Labs/lab5/install/moveit_core/include/moveit/kinematics_base/kinematics_base.h
[119.818s] -- Installing: /home/chathura/Documents/git-projects/Robotics-and-Automation-Labs/lab5/install/moveit_core/include/moveit_kinematics_base_export.h
[119.819s] -- Up-to-date: /home/chathura/Documents/git-projects/Robotics-and-Automation-Labs/lab5/install/moveit_core/include
[119.819s] -- Up-to-date: /home/chathura/Documents/git-projects/Robotics-and-Automation-Labs/lab5/install/moveit_core/include/moveit
[119.819s] -- Installing: /home/chathura/Documents/git-projects/Robotics-and-Automation-Labs/lab5/install/moveit_core/include/moveit/kinematic_constraints
[119.819s] -- Installing: /home/chathura/Documents/git-projects/Robotics-and-Automation-Labs/lab5/install/moveit_core/include/moveit/kinematic_constraints/kinematic_constraint.h
[119.819s] -- Installing: /home/chathura/Documents/git-projects/Robotics-and-Automation-Labs/lab5/install/moveit_core/include/moveit/kinematic_constraints/utils.h
[119.819s] -- Up-to-date: /home/chathura/Documents/git-projects/Robotics-and-Automation-Labs/lab5/install/moveit_core/include
[119.819s] -- Up-to-date: /home/chathura/Documents/git-projects/Robotics-and-Automation-Labs/lab5/install/moveit_core/include/moveit
[119.819s] -- Installing: /home/chathura/Documents/git-projects/Robotics-and-Automation-Labs/lab5/install/moveit_core/include/moveit/kinematics_metrics
[119.819s] -- Installing: /home/chathura/Documents/git-projects/Robotics-and-Automation-Labs/lab5/install/moveit_core/include/moveit/kinematics_metrics/kinematics_metrics.h
[119.819s] -- Up-to-date: /home/chathura/Documents/git-projects/Robotics-and-Automation-Labs/lab5/install/moveit_core/include
[119.820s] -- Up-to-date: /home/chathura/Documents/git-projects/Robotics-and-Automation-Labs/lab5/install/moveit_core/include/moveit
[119.820s] -- Installing: /home/chathura/Documents/git-projects/Robotics-and-Automation-Labs/lab5/install/moveit_core/include/moveit/macros
[119.820s] -- Installing: /home/chathura/Documents/git-projects/Robotics-and-Automation-Labs/lab5/install/moveit_core/include/moveit/macros/class_forward.h
[119.820s] -- Installing: /home/chathura/Documents/git-projects/Robotics-and-Automation-Labs/lab5/install/moveit_core/include/moveit/macros/console_colors.h
[119.820s] -- Installing: /home/chathura/Documents/git-projects/Robotics-and-Automation-Labs/lab5/install/moveit_core/include/moveit/macros/declare_ptr.h
[119.820s] -- Installing: /home/chathura/Documents/git-projects/Robotics-and-Automation-Labs/lab5/install/moveit_core/include/moveit/macros/deprecation.h
[119.820s] -- Installing: /home/chathura/Documents/git-projects/Robotics-and-Automation-Labs/lab5/install/moveit_core/include/moveit_butterworth_parameters
[119.820s] -- Installing: /home/chathura/Documents/git-projects/Robotics-and-Automation-Labs/lab5/install/moveit_core/include/moveit_butterworth_parameters/moveit_butterworth_parameters.hpp
[119.821s] -- Up-to-date: /home/chathura/Documents/git-projects/Robotics-and-Automation-Labs/lab5/install/moveit_core/include
[119.821s] -- Up-to-date: /home/chathura/Documents/git-projects/Robotics-and-Automation-Labs/lab5/install/moveit_core/include/moveit
[119.821s] -- Installing: /home/chathura/Documents/git-projects/Robotics-and-Automation-Labs/lab5/install/moveit_core/include/moveit/online_signal_smoothing
[119.821s] -- Installing: /home/chathura/Documents/git-projects/Robotics-and-Automation-Labs/lab5/install/moveit_core/include/moveit/online_signal_smoothing/butterworth_filter.h
[119.821s] -- Installing: /home/chathura/Documents/git-projects/Robotics-and-Automation-Labs/lab5/install/moveit_core/include/moveit/online_signal_smoothing/smoothing_base_class.h
[119.821s] -- Installing: /home/chathura/Documents/git-projects/Robotics-and-Automation-Labs/lab5/install/moveit_core/include/moveit_smoothing_base_export.h
[119.821s] -- Installing: /home/chathura/Documents/git-projects/Robotics-and-Automation-Labs/lab5/install/moveit_core/include/moveit_butterworth_filter_export.h
[119.821s] -- Up-to-date: /home/chathura/Documents/git-projects/Robotics-and-Automation-Labs/lab5/install/moveit_core/include
[119.821s] -- Up-to-date: /home/chathura/Documents/git-projects/Robotics-and-Automation-Labs/lab5/install/moveit_core/include/moveit
[119.821s] -- Installing: /home/chathura/Documents/git-projects/Robotics-and-Automation-Labs/lab5/install/moveit_core/include/moveit/planning_interface
[119.821s] -- Installing: /home/chathura/Documents/git-projects/Robotics-and-Automation-Labs/lab5/install/moveit_core/include/moveit/planning_interface/planning_response.h
[119.822s] -- Installing: /home/chathura/Documents/git-projects/Robotics-and-Automation-Labs/lab5/install/moveit_core/include/moveit/planning_interface/planning_interface.h
[119.822s] -- Installing: /home/chathura/Documents/git-projects/Robotics-and-Automation-Labs/lab5/install/moveit_core/include/moveit/planning_interface/planning_request.h
[119.822s] -- Up-to-date: /home/chathura/Documents/git-projects/Robotics-and-Automation-Labs/lab5/install/moveit_core/include
[119.822s] -- Up-to-date: /home/chathura/Documents/git-projects/Robotics-and-Automation-Labs/lab5/install/moveit_core/include/moveit
[119.822s] -- Installing: /home/chathura/Documents/git-projects/Robotics-and-Automation-Labs/lab5/install/moveit_core/include/moveit/planning_request_adapter
[119.822s] -- Installing: /home/chathura/Documents/git-projects/Robotics-and-Automation-Labs/lab5/install/moveit_core/include/moveit/planning_request_adapter/planning_request_adapter.h
[119.822s] -- Up-to-date: /home/chathura/Documents/git-projects/Robotics-and-Automation-Labs/lab5/install/moveit_core/include
[119.822s] -- Up-to-date: /home/chathura/Documents/git-projects/Robotics-and-Automation-Labs/lab5/install/moveit_core/include/moveit
[119.822s] -- Installing: /home/chathura/Documents/git-projects/Robotics-and-Automation-Labs/lab5/install/moveit_core/include/moveit/planning_scene
[119.822s] -- Installing: /home/chathura/Documents/git-projects/Robotics-and-Automation-Labs/lab5/install/moveit_core/include/moveit/planning_scene/planning_scene.h
[119.823s] -- Installing: /home/chathura/Documents/git-projects/Robotics-and-Automation-Labs/lab5/install/moveit_core/include/moveit_planning_scene_export.h
[119.823s] -- Up-to-date: /home/chathura/Documents/git-projects/Robotics-and-Automation-Labs/lab5/install/moveit_core/include
[119.823s] -- Up-to-date: /home/chathura/Documents/git-projects/Robotics-and-Automation-Labs/lab5/install/moveit_core/include/moveit
[119.823s] -- Installing: /home/chathura/Documents/git-projects/Robotics-and-Automation-Labs/lab5/install/moveit_core/include/moveit/robot_model
[119.823s] -- Installing: /home/chathura/Documents/git-projects/Robotics-and-Automation-Labs/lab5/install/moveit_core/include/moveit/robot_model/floating_joint_model.h
[119.823s] -- Installing: /home/chathura/Documents/git-projects/Robotics-and-Automation-Labs/lab5/install/moveit_core/include/moveit/robot_model/aabb.h
[119.823s] -- Installing: /home/chathura/Documents/git-projects/Robotics-and-Automation-Labs/lab5/install/moveit_core/include/moveit/robot_model/joint_model.h
[119.823s] -- Installing: /home/chathura/Documents/git-projects/Robotics-and-Automation-Labs/lab5/install/moveit_core/include/moveit/robot_model/joint_model_group.h
[119.823s] -- Installing: /home/chathura/Documents/git-projects/Robotics-and-Automation-Labs/lab5/install/moveit_core/include/moveit/robot_model/link_model.h
[119.824s] -- Installing: /home/chathura/Documents/git-projects/Robotics-and-Automation-Labs/lab5/install/moveit_core/include/moveit/robot_model/robot_model.h
[119.824s] -- Installing: /home/chathura/Documents/git-projects/Robotics-and-Automation-Labs/lab5/install/moveit_core/include/moveit/robot_model/revolute_joint_model.h
[119.824s] -- Installing: /home/chathura/Documents/git-projects/Robotics-and-Automation-Labs/lab5/install/moveit_core/include/moveit/robot_model/fixed_joint_model.h
[119.824s] -- Installing: /home/chathura/Documents/git-projects/Robotics-and-Automation-Labs/lab5/install/moveit_core/include/moveit/robot_model/planar_joint_model.h
[119.824s] -- Installing: /home/chathura/Documents/git-projects/Robotics-and-Automation-Labs/lab5/install/moveit_core/include/moveit/robot_model/prismatic_joint_model.h
[119.824s] -- Up-to-date: /home/chathura/Documents/git-projects/Robotics-and-Automation-Labs/lab5/install/moveit_core/include
[119.824s] -- Up-to-date: /home/chathura/Documents/git-projects/Robotics-and-Automation-Labs/lab5/install/moveit_core/include/moveit
[119.824s] -- Installing: /home/chathura/Documents/git-projects/Robotics-and-Automation-Labs/lab5/install/moveit_core/include/moveit/robot_state
[119.824s] -- Installing: /home/chathura/Documents/git-projects/Robotics-and-Automation-Labs/lab5/install/moveit_core/include/moveit/robot_state/robot_state.h
[119.825s] -- Installing: /home/chathura/Documents/git-projects/Robotics-and-Automation-Labs/lab5/install/moveit_core/include/moveit/robot_state/cartesian_interpolator.h
[119.825s] -- Installing: /home/chathura/Documents/git-projects/Robotics-and-Automation-Labs/lab5/install/moveit_core/include/moveit/robot_state/conversions.h
[119.825s] -- Installing: /home/chathura/Documents/git-projects/Robotics-and-Automation-Labs/lab5/install/moveit_core/include/moveit/robot_state/attached_body.h
[119.825s] -- Up-to-date: /home/chathura/Documents/git-projects/Robotics-and-Automation-Labs/lab5/install/moveit_core/include
[119.825s] -- Up-to-date: /home/chathura/Documents/git-projects/Robotics-and-Automation-Labs/lab5/install/moveit_core/include/moveit
[119.825s] -- Installing: /home/chathura/Documents/git-projects/Robotics-and-Automation-Labs/lab5/install/moveit_core/include/moveit/robot_trajectory
[119.825s] -- Installing: /home/chathura/Documents/git-projects/Robotics-and-Automation-Labs/lab5/install/moveit_core/include/moveit/robot_trajectory/robot_trajectory.h
[119.826s] -- Up-to-date: /home/chathura/Documents/git-projects/Robotics-and-Automation-Labs/lab5/install/moveit_core/include
[119.826s] -- Up-to-date: /home/chathura/Documents/git-projects/Robotics-and-Automation-Labs/lab5/install/moveit_core/include/moveit
[119.826s] -- Installing: /home/chathura/Documents/git-projects/Robotics-and-Automation-Labs/lab5/install/moveit_core/include/moveit/sensor_manager
[119.826s] -- Installing: /home/chathura/Documents/git-projects/Robotics-and-Automation-Labs/lab5/install/moveit_core/include/moveit/sensor_manager/sensor_manager.h
[119.826s] -- Up-to-date: /home/chathura/Documents/git-projects/Robotics-and-Automation-Labs/lab5/install/moveit_core/include
[119.826s] -- Up-to-date: /home/chathura/Documents/git-projects/Robotics-and-Automation-Labs/lab5/install/moveit_core/include/moveit
[119.826s] -- Installing: /home/chathura/Documents/git-projects/Robotics-and-Automation-Labs/lab5/install/moveit_core/include/moveit/trajectory_processing
[119.826s] -- Installing: /home/chathura/Documents/git-projects/Robotics-and-Automation-Labs/lab5/install/moveit_core/include/moveit/trajectory_processing/time_parameterization.h
[119.826s] -- Installing: /home/chathura/Documents/git-projects/Robotics-and-Automation-Labs/lab5/install/moveit_core/include/moveit/trajectory_processing/ruckig_traj_smoothing.h
[119.826s] -- Installing: /home/chathura/Documents/git-projects/Robotics-and-Automation-Labs/lab5/install/moveit_core/include/moveit/trajectory_processing/trajectory_tools.h
[119.827s] -- Installing: /home/chathura/Documents/git-projects/Robotics-and-Automation-Labs/lab5/install/moveit_core/include/moveit/trajectory_processing/time_optimal_trajectory_generation.h
[119.827s] -- Installing: /home/chathura/Documents/git-projects/Robotics-and-Automation-Labs/lab5/install/moveit_core/include/moveit/trajectory_processing/iterative_spline_parameterization.h
[119.827s] -- Installing: /home/chathura/Documents/git-projects/Robotics-and-Automation-Labs/lab5/install/moveit_core/include/moveit/trajectory_processing/iterative_time_parameterization.h
[119.827s] -- Up-to-date: /home/chathura/Documents/git-projects/Robotics-and-Automation-Labs/lab5/install/moveit_core/include
[119.827s] -- Up-to-date: /home/chathura/Documents/git-projects/Robotics-and-Automation-Labs/lab5/install/moveit_core/include/moveit
[119.827s] -- Installing: /home/chathura/Documents/git-projects/Robotics-and-Automation-Labs/lab5/install/moveit_core/include/moveit/transforms
[119.827s] -- Installing: /home/chathura/Documents/git-projects/Robotics-and-Automation-Labs/lab5/install/moveit_core/include/moveit/transforms/transforms.h
[119.827s] -- Up-to-date: /home/chathura/Documents/git-projects/Robotics-and-Automation-Labs/lab5/install/moveit_core/include
[119.827s] -- Up-to-date: /home/chathura/Documents/git-projects/Robotics-and-Automation-Labs/lab5/install/moveit_core/include/moveit
[119.827s] -- Installing: /home/chathura/Documents/git-projects/Robotics-and-Automation-Labs/lab5/install/moveit_core/include/moveit/utils
[119.828s] -- Installing: /home/chathura/Documents/git-projects/Robotics-and-Automation-Labs/lab5/install/moveit_core/include/moveit/utils/moveit_error_code.h
[119.828s] -- Installing: /home/chathura/Documents/git-projects/Robotics-and-Automation-Labs/lab5/install/moveit_core/include/moveit/utils/rclcpp_utils.h
[119.828s] -- Installing: /home/chathura/Documents/git-projects/Robotics-and-Automation-Labs/lab5/install/moveit_core/include/moveit/utils/robot_model_test_utils.h
[119.828s] -- Installing: /home/chathura/Documents/git-projects/Robotics-and-Automation-Labs/lab5/install/moveit_core/include/moveit/utils/message_checks.h
[119.828s] -- Installing: /home/chathura/Documents/git-projects/Robotics-and-Automation-Labs/lab5/install/moveit_core/include/moveit/utils/lexical_casts.h
[119.828s] -- Installing: /home/chathura/Documents/git-projects/Robotics-and-Automation-Labs/lab5/install/moveit_core/bin/moveit_version
[119.829s] -- Up-to-date: /home/chathura/Documents/git-projects/Robotics-and-Automation-Labs/lab5/install/moveit_core/include
[119.829s] -- Up-to-date: /home/chathura/Documents/git-projects/Robotics-and-Automation-Labs/lab5/install/moveit_core/include/moveit
[119.829s] -- Installing: /home/chathura/Documents/git-projects/Robotics-and-Automation-Labs/lab5/install/moveit_core/include/moveit/collision_detection
[119.829s] -- Installing: /home/chathura/Documents/git-projects/Robotics-and-Automation-Labs/lab5/install/moveit_core/include/moveit/collision_detection/collision_plugin_cache.h
[119.829s] -- Installing: /home/chathura/Documents/git-projects/Robotics-and-Automation-Labs/lab5/install/moveit_core/include/moveit/collision_detection/allvalid
[119.829s] -- Installing: /home/chathura/Documents/git-projects/Robotics-and-Automation-Labs/lab5/install/moveit_core/include/moveit/collision_detection/allvalid/collision_env_allvalid.h
[119.829s] -- Installing: /home/chathura/Documents/git-projects/Robotics-and-Automation-Labs/lab5/install/moveit_core/include/moveit/collision_detection/allvalid/collision_detector_allocator_allvalid.h
[119.829s] -- Installing: /home/chathura/Documents/git-projects/Robotics-and-Automation-Labs/lab5/install/moveit_core/include/moveit/collision_detection/collision_tools.h
[119.829s] -- Installing: /home/chathura/Documents/git-projects/Robotics-and-Automation-Labs/lab5/install/moveit_core/include/moveit/collision_detection/world_diff.h
[119.830s] -- Installing: /home/chathura/Documents/git-projects/Robotics-and-Automation-Labs/lab5/install/moveit_core/include/moveit/collision_detection/world.h
[119.830s] -- Installing: /home/chathura/Documents/git-projects/Robotics-and-Automation-Labs/lab5/install/moveit_core/include/moveit/collision_detection/collision_detector_allocator.h
[119.830s] -- Installing: /home/chathura/Documents/git-projects/Robotics-and-Automation-Labs/lab5/install/moveit_core/include/moveit/collision_detection/collision_env.h
[119.830s] -- Installing: /home/chathura/Documents/git-projects/Robotics-and-Automation-Labs/lab5/install/moveit_core/include/moveit/collision_detection/test_collision_common_panda.h
[119.830s] -- Installing: /home/chathura/Documents/git-projects/Robotics-and-Automation-Labs/lab5/install/moveit_core/include/moveit/collision_detection/collision_matrix.h
[119.830s] -- Installing: /home/chathura/Documents/git-projects/Robotics-and-Automation-Labs/lab5/install/moveit_core/include/moveit/collision_detection/occupancy_map.h
[119.830s] -- Installing: /home/chathura/Documents/git-projects/Robotics-and-Automation-Labs/lab5/install/moveit_core/include/moveit/collision_detection/collision_plugin.h
[119.830s] -- Installing: /home/chathura/Documents/git-projects/Robotics-and-Automation-Labs/lab5/install/moveit_core/include/moveit/collision_detection/test_collision_common_pr2.h
[119.831s] -- Installing: /home/chathura/Documents/git-projects/Robotics-and-Automation-Labs/lab5/install/moveit_core/include/moveit/collision_detection/collision_common.h
[119.831s] -- Installing: /home/chathura/Documents/git-projects/Robotics-and-Automation-Labs/lab5/install/moveit_core/include/moveit/collision_detection/collision_octomap_filter.h
[119.831s] -- Installing: /home/chathura/Documents/git-projects/Robotics-and-Automation-Labs/lab5/install/moveit_core/include/moveit_collision_detection_export.h
[119.831s] -- Up-to-date: /home/chathura/Documents/git-projects/Robotics-and-Automation-Labs/lab5/install/moveit_core/include
[119.831s] -- Up-to-date: /home/chathura/Documents/git-projects/Robotics-and-Automation-Labs/lab5/install/moveit_core/include/moveit
[119.831s] -- Installing: /home/chathura/Documents/git-projects/Robotics-and-Automation-Labs/lab5/install/moveit_core/include/moveit/collision_detection_bullet
[119.831s] -- Installing: /home/chathura/Documents/git-projects/Robotics-and-Automation-Labs/lab5/install/moveit_core/include/moveit/collision_detection_bullet/collision_env_bullet.h
[119.831s] -- Installing: /home/chathura/Documents/git-projects/Robotics-and-Automation-Labs/lab5/install/moveit_core/include/moveit/collision_detection_bullet/collision_detector_bullet_plugin_loader.h
[119.832s] -- Installing: /home/chathura/Documents/git-projects/Robotics-and-Automation-Labs/lab5/install/moveit_core/include/moveit/collision_detection_bullet/collision_detector_allocator_bullet.h
[119.832s] -- Installing: /home/chathura/Documents/git-projects/Robotics-and-Automation-Labs/lab5/install/moveit_core/include/moveit/collision_detection_bullet/bullet_integration
[119.832s] -- Installing: /home/chathura/Documents/git-projects/Robotics-and-Automation-Labs/lab5/install/moveit_core/include/moveit/collision_detection_bullet/bullet_integration/contact_checker_common.h
[119.832s] -- Installing: /home/chathura/Documents/git-projects/Robotics-and-Automation-Labs/lab5/install/moveit_core/include/moveit/collision_detection_bullet/bullet_integration/bullet_cast_bvh_manager.h
[119.832s] -- Installing: /home/chathura/Documents/git-projects/Robotics-and-Automation-Labs/lab5/install/moveit_core/include/moveit/collision_detection_bullet/bullet_integration/ros_bullet_utils.h
[119.832s] -- Installing: /home/chathura/Documents/git-projects/Robotics-and-Automation-Labs/lab5/install/moveit_core/include/moveit/collision_detection_bullet/bullet_integration/bullet_discrete_bvh_manager.h
[119.832s] -- Installing: /home/chathura/Documents/git-projects/Robotics-and-Automation-Labs/lab5/install/moveit_core/include/moveit/collision_detection_bullet/bullet_integration/bullet_bvh_manager.h
[119.832s] -- Installing: /home/chathura/Documents/git-projects/Robotics-and-Automation-Labs/lab5/install/moveit_core/include/moveit/collision_detection_bullet/bullet_integration/basic_types.h
[119.832s] -- Installing: /home/chathura/Documents/git-projects/Robotics-and-Automation-Labs/lab5/install/moveit_core/include/moveit/collision_detection_bullet/bullet_integration/bullet_utils.h
[119.833s] -- Installing: /home/chathura/Documents/git-projects/Robotics-and-Automation-Labs/lab5/install/moveit_core/include/moveit_collision_detection_bullet_export.h
[119.833s] -- Up-to-date: /home/chathura/Documents/git-projects/Robotics-and-Automation-Labs/lab5/install/moveit_core/include
[119.833s] -- Up-to-date: /home/chathura/Documents/git-projects/Robotics-and-Automation-Labs/lab5/install/moveit_core/include/moveit
[119.833s] -- Installing: /home/chathura/Documents/git-projects/Robotics-and-Automation-Labs/lab5/install/moveit_core/include/moveit/collision_detection_fcl
[119.833s] -- Installing: /home/chathura/Documents/git-projects/Robotics-and-Automation-Labs/lab5/install/moveit_core/include/moveit/collision_detection_fcl/collision_detector_fcl_plugin_loader.h
[119.833s] -- Installing: /home/chathura/Documents/git-projects/Robotics-and-Automation-Labs/lab5/install/moveit_core/include/moveit/collision_detection_fcl/collision_detector_allocator_fcl.h
[119.833s] -- Installing: /home/chathura/Documents/git-projects/Robotics-and-Automation-Labs/lab5/install/moveit_core/include/moveit/collision_detection_fcl/collision_env_fcl.h
[119.833s] -- Installing: /home/chathura/Documents/git-projects/Robotics-and-Automation-Labs/lab5/install/moveit_core/include/moveit/collision_detection_fcl/collision_common.h
[119.834s] -- Installing: /home/chathura/Documents/git-projects/Robotics-and-Automation-Labs/lab5/install/moveit_core/include/moveit/collision_detection_fcl/fcl_compat.h
[119.834s] -- Installing: /home/chathura/Documents/git-projects/Robotics-and-Automation-Labs/lab5/install/moveit_core/include/moveit_collision_detection_fcl_export.h
[119.834s] -- Installing: /home/chathura/Documents/git-projects/Robotics-and-Automation-Labs/lab5/install/moveit_core/lib/libcollision_detector_bullet_plugin.so.2.5.5
[119.834s] -- Set runtime path of "/home/chathura/Documents/git-projects/Robotics-and-Automation-Labs/lab5/install/moveit_core/lib/libcollision_detector_bullet_plugin.so.2.5.5" to ""
[119.834s] -- Installing: /home/chathura/Documents/git-projects/Robotics-and-Automation-Labs/lab5/install/moveit_core/lib/libcollision_detector_bullet_plugin.so
[119.835s] -- Installing: /home/chathura/Documents/git-projects/Robotics-and-Automation-Labs/lab5/install/moveit_core/lib/libmoveit_butterworth_filter.so.2.5.5
[119.835s] -- Set runtime path of "/home/chathura/Documents/git-projects/Robotics-and-Automation-Labs/lab5/install/moveit_core/lib/libmoveit_butterworth_filter.so.2.5.5" to ""
[119.835s] -- Installing: /home/chathura/Documents/git-projects/Robotics-and-Automation-Labs/lab5/install/moveit_core/lib/libmoveit_butterworth_filter.so
[119.835s] -- Installing: /home/chathura/Documents/git-projects/Robotics-and-Automation-Labs/lab5/install/moveit_core/lib/libmoveit_collision_distance_field.so.2.5.5
[119.836s] -- Set runtime path of "/home/chathura/Documents/git-projects/Robotics-and-Automation-Labs/lab5/install/moveit_core/lib/libmoveit_collision_distance_field.so.2.5.5" to ""
[119.836s] -- Installing: /home/chathura/Documents/git-projects/Robotics-and-Automation-Labs/lab5/install/moveit_core/lib/libmoveit_collision_distance_field.so
[119.836s] -- Installing: /home/chathura/Documents/git-projects/Robotics-and-Automation-Labs/lab5/install/moveit_core/lib/libmoveit_collision_detection.so.2.5.5
[119.837s] -- Set runtime path of "/home/chathura/Documents/git-projects/Robotics-and-Automation-Labs/lab5/install/moveit_core/lib/libmoveit_collision_detection.so.2.5.5" to ""
[119.838s] -- Installing: /home/chathura/Documents/git-projects/Robotics-and-Automation-Labs/lab5/install/moveit_core/lib/libmoveit_collision_detection.so
[119.838s] -- Installing: /home/chathura/Documents/git-projects/Robotics-and-Automation-Labs/lab5/install/moveit_core/lib/libmoveit_collision_detection_fcl.so.2.5.5
[119.838s] -- Set runtime path of "/home/chathura/Documents/git-projects/Robotics-and-Automation-Labs/lab5/install/moveit_core/lib/libmoveit_collision_detection_fcl.so.2.5.5" to ""
[119.838s] -- Installing: /home/chathura/Documents/git-projects/Robotics-and-Automation-Labs/lab5/install/moveit_core/lib/libmoveit_collision_detection_fcl.so
[119.838s] -- Installing: /home/chathura/Documents/git-projects/Robotics-and-Automation-Labs/lab5/install/moveit_core/lib/libmoveit_collision_detection_bullet.so.2.5.5
[119.839s] -- Set runtime path of "/home/chathura/Documents/git-projects/Robotics-and-Automation-Labs/lab5/install/moveit_core/lib/libmoveit_collision_detection_bullet.so.2.5.5" to ""
[119.839s] -- Installing: /home/chathura/Documents/git-projects/Robotics-and-Automation-Labs/lab5/install/moveit_core/lib/libmoveit_collision_detection_bullet.so
[119.839s] -- Installing: /home/chathura/Documents/git-projects/Robotics-and-Automation-Labs/lab5/install/moveit_core/lib/libmoveit_dynamics_solver.so.2.5.5
[119.840s] -- Set runtime path of "/home/chathura/Documents/git-projects/Robotics-and-Automation-Labs/lab5/install/moveit_core/lib/libmoveit_dynamics_solver.so.2.5.5" to ""
[119.840s] -- Installing: /home/chathura/Documents/git-projects/Robotics-and-Automation-Labs/lab5/install/moveit_core/lib/libmoveit_dynamics_solver.so
[119.840s] -- Installing: /home/chathura/Documents/git-projects/Robotics-and-Automation-Labs/lab5/install/moveit_core/lib/libmoveit_constraint_samplers.so.2.5.5
[119.840s] -- Set runtime path of "/home/chathura/Documents/git-projects/Robotics-and-Automation-Labs/lab5/install/moveit_core/lib/libmoveit_constraint_samplers.so.2.5.5" to ""
[119.840s] -- Installing: /home/chathura/Documents/git-projects/Robotics-and-Automation-Labs/lab5/install/moveit_core/lib/libmoveit_constraint_samplers.so
[119.841s] -- Installing: /home/chathura/Documents/git-projects/Robotics-and-Automation-Labs/lab5/install/moveit_core/lib/libmoveit_distance_field.so.2.5.5
[119.841s] -- Set runtime path of "/home/chathura/Documents/git-projects/Robotics-and-Automation-Labs/lab5/install/moveit_core/lib/libmoveit_distance_field.so.2.5.5" to ""
[119.841s] -- Installing: /home/chathura/Documents/git-projects/Robotics-and-Automation-Labs/lab5/install/moveit_core/lib/libmoveit_distance_field.so
[119.841s] -- Installing: /home/chathura/Documents/git-projects/Robotics-and-Automation-Labs/lab5/install/moveit_core/lib/libmoveit_exceptions.so.2.5.5
[119.842s] -- Set runtime path of "/home/chathura/Documents/git-projects/Robotics-and-Automation-Labs/lab5/install/moveit_core/lib/libmoveit_exceptions.so.2.5.5" to ""
[119.842s] -- Installing: /home/chathura/Documents/git-projects/Robotics-and-Automation-Labs/lab5/install/moveit_core/lib/libmoveit_exceptions.so
[119.842s] -- Installing: /home/chathura/Documents/git-projects/Robotics-and-Automation-Labs/lab5/install/moveit_core/lib/libmoveit_kinematics_base.so
[119.842s] -- Set runtime path of "/home/chathura/Documents/git-projects/Robotics-and-Automation-Labs/lab5/install/moveit_core/lib/libmoveit_kinematics_base.so" to ""
[119.842s] -- Installing: /home/chathura/Documents/git-projects/Robotics-and-Automation-Labs/lab5/install/moveit_core/lib/libmoveit_kinematic_constraints.so.2.5.5
[119.843s] -- Set runtime path of "/home/chathura/Documents/git-projects/Robotics-and-Automation-Labs/lab5/install/moveit_core/lib/libmoveit_kinematic_constraints.so.2.5.5" to ""
[119.843s] -- Installing: /home/chathura/Documents/git-projects/Robotics-and-Automation-Labs/lab5/install/moveit_core/lib/libmoveit_kinematic_constraints.so
[119.843s] -- Installing: /home/chathura/Documents/git-projects/Robotics-and-Automation-Labs/lab5/install/moveit_core/lib/libmoveit_kinematics_metrics.so.2.5.5
[119.844s] -- Set runtime path of "/home/chathura/Documents/git-projects/Robotics-and-Automation-Labs/lab5/install/moveit_core/lib/libmoveit_kinematics_metrics.so.2.5.5" to ""
[119.844s] -- Installing: /home/chathura/Documents/git-projects/Robotics-and-Automation-Labs/lab5/install/moveit_core/lib/libmoveit_kinematics_metrics.so
[119.844s] -- Installing: /home/chathura/Documents/git-projects/Robotics-and-Automation-Labs/lab5/install/moveit_core/lib/libmoveit_planning_interface.so.2.5.5
[119.844s] -- Set runtime path of "/home/chathura/Documents/git-projects/Robotics-and-Automation-Labs/lab5/install/moveit_core/lib/libmoveit_planning_interface.so.2.5.5" to ""
[119.844s] -- Installing: /home/chathura/Documents/git-projects/Robotics-and-Automation-Labs/lab5/install/moveit_core/lib/libmoveit_planning_interface.so
[119.844s] -- Installing: /home/chathura/Documents/git-projects/Robotics-and-Automation-Labs/lab5/install/moveit_core/lib/libmoveit_planning_scene.so.2.5.5
[119.846s] -- Set runtime path of "/home/chathura/Documents/git-projects/Robotics-and-Automation-Labs/lab5/install/moveit_core/lib/libmoveit_planning_scene.so.2.5.5" to ""
[119.846s] -- Installing: /home/chathura/Documents/git-projects/Robotics-and-Automation-Labs/lab5/install/moveit_core/lib/libmoveit_planning_scene.so
[119.846s] -- Installing: /home/chathura/Documents/git-projects/Robotics-and-Automation-Labs/lab5/install/moveit_core/lib/libmoveit_planning_request_adapter.so.2.5.5
[119.846s] -- Set runtime path of "/home/chathura/Documents/git-projects/Robotics-and-Automation-Labs/lab5/install/moveit_core/lib/libmoveit_planning_request_adapter.so.2.5.5" to ""
[119.846s] -- Installing: /home/chathura/Documents/git-projects/Robotics-and-Automation-Labs/lab5/install/moveit_core/lib/libmoveit_planning_request_adapter.so
[119.846s] -- Installing: /home/chathura/Documents/git-projects/Robotics-and-Automation-Labs/lab5/install/moveit_core/lib/libmoveit_robot_model.so.2.5.5
[119.847s] -- Set runtime path of "/home/chathura/Documents/git-projects/Robotics-and-Automation-Labs/lab5/install/moveit_core/lib/libmoveit_robot_model.so.2.5.5" to ""
[119.847s] -- Installing: /home/chathura/Documents/git-projects/Robotics-and-Automation-Labs/lab5/install/moveit_core/lib/libmoveit_robot_model.so
[119.847s] -- Installing: /home/chathura/Documents/git-projects/Robotics-and-Automation-Labs/lab5/install/moveit_core/lib/libmoveit_robot_state.so.2.5.5
[119.848s] -- Set runtime path of "/home/chathura/Documents/git-projects/Robotics-and-Automation-Labs/lab5/install/moveit_core/lib/libmoveit_robot_state.so.2.5.5" to ""
[119.848s] -- Installing: /home/chathura/Documents/git-projects/Robotics-and-Automation-Labs/lab5/install/moveit_core/lib/libmoveit_robot_state.so
[119.848s] -- Installing: /home/chathura/Documents/git-projects/Robotics-and-Automation-Labs/lab5/install/moveit_core/lib/libmoveit_robot_trajectory.so.2.5.5
[119.849s] -- Set runtime path of "/home/chathura/Documents/git-projects/Robotics-and-Automation-Labs/lab5/install/moveit_core/lib/libmoveit_robot_trajectory.so.2.5.5" to ""
[119.849s] -- Installing: /home/chathura/Documents/git-projects/Robotics-and-Automation-Labs/lab5/install/moveit_core/lib/libmoveit_robot_trajectory.so
[119.849s] -- Installing: /home/chathura/Documents/git-projects/Robotics-and-Automation-Labs/lab5/install/moveit_core/lib/libmoveit_smoothing_base.so.2.5.5
[119.849s] -- Set runtime path of "/home/chathura/Documents/git-projects/Robotics-and-Automation-Labs/lab5/install/moveit_core/lib/libmoveit_smoothing_base.so.2.5.5" to ""
[119.849s] -- Installing: /home/chathura/Documents/git-projects/Robotics-and-Automation-Labs/lab5/install/moveit_core/lib/libmoveit_smoothing_base.so
[119.849s] -- Installing: /home/chathura/Documents/git-projects/Robotics-and-Automation-Labs/lab5/install/moveit_core/lib/libmoveit_test_utils.so.2.5.5
[119.850s] -- Set runtime path of "/home/chathura/Documents/git-projects/Robotics-and-Automation-Labs/lab5/install/moveit_core/lib/libmoveit_test_utils.so.2.5.5" to ""
[119.850s] -- Installing: /home/chathura/Documents/git-projects/Robotics-and-Automation-Labs/lab5/install/moveit_core/lib/libmoveit_test_utils.so
[119.850s] -- Installing: /home/chathura/Documents/git-projects/Robotics-and-Automation-Labs/lab5/install/moveit_core/lib/libmoveit_trajectory_processing.so.2.5.5
[119.851s] -- Set runtime path of "/home/chathura/Documents/git-projects/Robotics-and-Automation-Labs/lab5/install/moveit_core/lib/libmoveit_trajectory_processing.so.2.5.5" to ""
[119.851s] -- Installing: /home/chathura/Documents/git-projects/Robotics-and-Automation-Labs/lab5/install/moveit_core/lib/libmoveit_trajectory_processing.so
[119.851s] -- Installing: /home/chathura/Documents/git-projects/Robotics-and-Automation-Labs/lab5/install/moveit_core/lib/libmoveit_transforms.so.2.5.5
[119.852s] -- Set runtime path of "/home/chathura/Documents/git-projects/Robotics-and-Automation-Labs/lab5/install/moveit_core/lib/libmoveit_transforms.so.2.5.5" to ""
[119.852s] -- Installing: /home/chathura/Documents/git-projects/Robotics-and-Automation-Labs/lab5/install/moveit_core/lib/libmoveit_transforms.so
[119.852s] -- Installing: /home/chathura/Documents/git-projects/Robotics-and-Automation-Labs/lab5/install/moveit_core/lib/libmoveit_utils.so.2.5.5
[119.852s] -- Set runtime path of "/home/chathura/Documents/git-projects/Robotics-and-Automation-Labs/lab5/install/moveit_core/lib/libmoveit_utils.so.2.5.5" to ""
[119.852s] -- Installing: /home/chathura/Documents/git-projects/Robotics-and-Automation-Labs/lab5/install/moveit_core/lib/libmoveit_utils.so
[119.852s] -- Installing: /home/chathura/Documents/git-projects/Robotics-and-Automation-Labs/lab5/install/moveit_core/share/moveit_core/environment/library_path.sh
[119.852s] -- Installing: /home/chathura/Documents/git-projects/Robotics-and-Automation-Labs/lab5/install/moveit_core/share/moveit_core/environment/library_path.dsv
[119.853s] -- Installing: /home/chathura/Documents/git-projects/Robotics-and-Automation-Labs/lab5/install/moveit_core/share/moveit_core/collision_detector_fcl_description.xml
[119.853s] -- Installing: /home/chathura/Documents/git-projects/Robotics-and-Automation-Labs/lab5/install/moveit_core/share/moveit_core/collision_detector_bullet_description.xml
[119.853s] -- Installing: /home/chathura/Documents/git-projects/Robotics-and-Automation-Labs/lab5/install/moveit_core/share/moveit_core/filter_plugin_butterworth.xml
[119.853s] -- Installing: /home/chathura/Documents/git-projects/Robotics-and-Automation-Labs/lab5/install/moveit_core/share/ament_index/resource_index/package_run_dependencies/moveit_core
[119.854s] -- Installing: /home/chathura/Documents/git-projects/Robotics-and-Automation-Labs/lab5/install/moveit_core/share/ament_index/resource_index/parent_prefix_path/moveit_core
[119.854s] -- Installing: /home/chathura/Documents/git-projects/Robotics-and-Automation-Labs/lab5/install/moveit_core/share/moveit_core/environment/ament_prefix_path.sh
[119.854s] -- Installing: /home/chathura/Documents/git-projects/Robotics-and-Automation-Labs/lab5/install/moveit_core/share/moveit_core/environment/ament_prefix_path.dsv
[119.854s] -- Installing: /home/chathura/Documents/git-projects/Robotics-and-Automation-Labs/lab5/install/moveit_core/share/moveit_core/environment/path.sh
[119.854s] -- Installing: /home/chathura/Documents/git-projects/Robotics-and-Automation-Labs/lab5/install/moveit_core/share/moveit_core/environment/path.dsv
[119.854s] -- Installing: /home/chathura/Documents/git-projects/Robotics-and-Automation-Labs/lab5/install/moveit_core/share/moveit_core/local_setup.bash
[119.854s] -- Installing: /home/chathura/Documents/git-projects/Robotics-and-Automation-Labs/lab5/install/moveit_core/share/moveit_core/local_setup.sh
[119.855s] -- Installing: /home/chathura/Documents/git-projects/Robotics-and-Automation-Labs/lab5/install/moveit_core/share/moveit_core/local_setup.zsh
[119.855s] -- Installing: /home/chathura/Documents/git-projects/Robotics-and-Automation-Labs/lab5/install/moveit_core/share/moveit_core/local_setup.dsv
[119.855s] -- Installing: /home/chathura/Documents/git-projects/Robotics-and-Automation-Labs/lab5/install/moveit_core/share/moveit_core/package.dsv
[119.855s] -- Installing: /home/chathura/Documents/git-projects/Robotics-and-Automation-Labs/lab5/install/moveit_core/share/ament_index/resource_index/packages/moveit_core
[119.855s] -- Installing: /home/chathura/Documents/git-projects/Robotics-and-Automation-Labs/lab5/install/moveit_core/share/ament_index/resource_index/moveit_core__pluginlib__plugin/moveit_core
[119.855s] -- Installing: /home/chathura/Documents/git-projects/Robotics-and-Automation-Labs/lab5/install/moveit_core/share/moveit_core/cmake/export_moveit_coreExport.cmake
[119.856s] -- Installing: /home/chathura/Documents/git-projects/Robotics-and-Automation-Labs/lab5/install/moveit_core/share/moveit_core/cmake/export_moveit_coreExport-release.cmake
[119.856s] -- Installing: /home/chathura/Documents/git-projects/Robotics-and-Automation-Labs/lab5/install/moveit_core/share/moveit_core/cmake/ConfigExtras.cmake
[119.856s] -- Installing: /home/chathura/Documents/git-projects/Robotics-and-Automation-Labs/lab5/install/moveit_core/share/moveit_core/cmake/ament_cmake_export_targets-extras.cmake
[119.856s] -- Installing: /home/chathura/Documents/git-projects/Robotics-and-Automation-Labs/lab5/install/moveit_core/share/moveit_core/cmake/ament_cmake_export_dependencies-extras.cmake
[119.856s] -- Installing: /home/chathura/Documents/git-projects/Robotics-and-Automation-Labs/lab5/install/moveit_core/share/moveit_core/cmake/moveit_coreConfig.cmake
[119.856s] -- Installing: /home/chathura/Documents/git-projects/Robotics-and-Automation-Labs/lab5/install/moveit_core/share/moveit_core/cmake/moveit_coreConfig-version.cmake
[119.856s] -- Installing: /home/chathura/Documents/git-projects/Robotics-and-Automation-Labs/lab5/install/moveit_core/share/moveit_core/package.xml
[119.859s] Invoked command in '/home/chathura/Documents/git-projects/Robotics-and-Automation-Labs/lab5/build/moveit_core' returned '0': AMENT_PREFIX_PATH=/home/chathura/Documents/git-projects/Robotics-and-Automation-Labs/lab5/install/moveit_resources_panda_moveit_config:/home/chathura/Documents/git-projects/Robotics-and-Automation-Labs/lab5/install/srdfdom:/home/chathura/Documents/git-projects/Robotics-and-Automation-Labs/lab5/install/moveit_resources_pr2_description:/home/chathura/Documents/git-projects/Robotics-and-Automation-Labs/lab5/install/moveit_resources_panda_description:/home/chathura/Documents/git-projects/Robotics-and-Automation-Labs/lab5/install/moveit_common:${AMENT_PREFIX_PATH} CMAKE_PREFIX_PATH=/home/chathura/Documents/git-projects/Robotics-and-Automation-Labs/lab5/install/moveit_resources_panda_moveit_config:/home/chathura/Documents/git-projects/Robotics-and-Automation-Labs/lab5/install/srdfdom:/home/chathura/Documents/git-projects/Robotics-and-Automation-Labs/lab5/install/moveit_resources_pr2_description:/home/chathura/Documents/git-projects/Robotics-and-Automation-Labs/lab5/install/moveit_resources_panda_description:/home/chathura/Documents/git-projects/Robotics-and-Automation-Labs/lab5/install/moveit_common:/opt/ros/humble LD_LIBRARY_PATH=/home/chathura/Documents/git-projects/Robotics-and-Automation-Labs/lab5/install/srdfdom/lib:${LD_LIBRARY_PATH} PYTHONPATH=/home/chathura/Documents/git-projects/Robotics-and-Automation-Labs/lab5/install/srdfdom/local/lib/python3.10/dist-packages:${PYTHONPATH} /usr/bin/cmake --install /home/chathura/Documents/git-projects/Robotics-and-Automation-Labs/lab5/build/moveit_core
