[0.074s] Invoking command in '/home/chathura/Documents/git-projects/Robotics-and-Automation-Labs/lab5/build/pilz_industrial_motion_planner': AMENT_PREFIX_PATH=/home/chathura/Documents/git-projects/Robotics-and-Automation-Labs/lab5/install/moveit_resources_prbt_pg70_support:/home/chathura/Documents/git-projects/Robotics-and-Automation-Labs/lab5/install/moveit_ros_planning_interface:/home/chathura/Documents/git-projects/Robotics-and-Automation-Labs/lab5/install/moveit_resources_prbt_moveit_config:/home/chathura/Documents/git-projects/Robotics-and-Automation-Labs/lab5/install/moveit_ros_move_group:/home/chathura/Documents/git-projects/Robotics-and-Automation-Labs/lab5/install/moveit_ros_warehouse:/home/chathura/Documents/git-projects/Robotics-and-Automation-Labs/lab5/install/moveit_kinematics:/home/chathura/Documents/git-projects/Robotics-and-Automation-Labs/lab5/install/moveit_ros_planning:/home/chathura/Documents/git-projects/Robotics-and-Automation-Labs/lab5/install/pilz_industrial_motion_planner_testutils:/home/chathura/Documents/git-projects/Robotics-and-Automation-Labs/lab5/install/moveit_ros_occupancy_map_monitor:/home/chathura/Documents/git-projects/Robotics-and-Automation-Labs/lab5/install/moveit_resources_prbt_ikfast_manipulator_plugin:/home/chathura/Documents/git-projects/Robotics-and-Automation-Labs/lab5/install/moveit_core:/home/chathura/Documents/git-projects/Robotics-and-Automation-Labs/lab5/install/moveit_resources_panda_moveit_config:/home/chathura/Documents/git-projects/Robotics-and-Automation-Labs/lab5/install/moveit_configs_utils:/home/chathura/Documents/git-projects/Robotics-and-Automation-Labs/lab5/install/srdfdom:/home/chathura/Documents/git-projects/Robotics-and-Automation-Labs/lab5/install/moveit_resources_prbt_support:/home/chathura/Documents/git-projects/Robotics-and-Automation-Labs/lab5/install/moveit_resources_panda_description:/home/chathura/Documents/git-projects/Robotics-and-Automation-Labs/lab5/install/moveit_common:/home/chathura/Documents/git-projects/Robotics-and-Automation-Labs/lab5/install/launch_param_builder:${AMENT_PREFIX_PATH} CMAKE_PREFIX_PATH=/home/chathura/Documents/git-projects/Robotics-and-Automation-Labs/lab5/install/moveit_resources_prbt_pg70_support:/home/chathura/Documents/git-projects/Robotics-and-Automation-Labs/lab5/install/moveit_ros_planning_interface:/home/chathura/Documents/git-projects/Robotics-and-Automation-Labs/lab5/install/moveit_resources_prbt_moveit_config:/home/chathura/Documents/git-projects/Robotics-and-Automation-Labs/lab5/install/moveit_ros_move_group:/home/chathura/Documents/git-projects/Robotics-and-Automation-Labs/lab5/install/moveit_ros_warehouse:/home/chathura/Documents/git-projects/Robotics-and-Automation-Labs/lab5/install/moveit_kinematics:/home/chathura/Documents/git-projects/Robotics-and-Automation-Labs/lab5/install/moveit_ros_planning:/home/chathura/Documents/git-projects/Robotics-and-Automation-Labs/lab5/install/pilz_industrial_motion_planner_testutils:/home/chathura/Documents/git-projects/Robotics-and-Automation-Labs/lab5/install/moveit_ros_occupancy_map_monitor:/home/chathura/Documents/git-projects/Robotics-and-Automation-Labs/lab5/install/moveit_resources_prbt_ikfast_manipulator_plugin:/home/chathura/Documents/git-projects/Robotics-and-Automation-Labs/lab5/install/moveit_core:/home/chathura/Documents/git-projects/Robotics-and-Automation-Labs/lab5/install/moveit_resources_panda_moveit_config:/home/chathura/Documents/git-projects/Robotics-and-Automation-Labs/lab5/install/srdfdom:/home/chathura/Documents/git-projects/Robotics-and-Automation-Labs/lab5/install/moveit_resources_prbt_support:/home/chathura/Documents/git-projects/Robotics-and-Automation-Labs/lab5/install/moveit_resources_panda_description:/home/chathura/Documents/git-projects/Robotics-and-Automation-Labs/lab5/install/moveit_common:/opt/ros/humble LD_LIBRARY_PATH=/home/chathura/Documents/git-projects/Robotics-and-Automation-Labs/lab5/install/moveit_ros_planning_interface/lib:/home/chathura/Documents/git-projects/Robotics-and-Automation-Labs/lab5/install/moveit_ros_move_group/lib:/home/chathura/Documents/git-projects/Robotics-and-Automation-Labs/lab5/install/moveit_ros_warehouse/lib:/home/chathura/Documents/git-projects/Robotics-and-Automation-Labs/lab5/install/moveit_kinematics/lib:/home/chathura/Documents/git-projects/Robotics-and-Automation-Labs/lab5/install/moveit_ros_planning/lib:/home/chathura/Documents/git-projects/Robotics-and-Automation-Labs/lab5/install/pilz_industrial_motion_planner_testutils/lib:/home/chathura/Documents/git-projects/Robotics-and-Automation-Labs/lab5/install/moveit_ros_occupancy_map_monitor/lib:/home/chathura/Documents/git-projects/Robotics-and-Automation-Labs/lab5/install/moveit_resources_prbt_ikfast_manipulator_plugin/lib:/home/chathura/Documents/git-projects/Robotics-and-Automation-Labs/lab5/install/moveit_core/lib:/home/chathura/Documents/git-projects/Robotics-and-Automation-Labs/lab5/install/srdfdom/lib:${LD_LIBRARY_PATH} PATH=/home/chathura/Documents/git-projects/Robotics-and-Automation-Labs/lab5/install/moveit_core/bin:${PATH} PYTHONPATH=/home/chathura/Documents/git-projects/Robotics-and-Automation-Labs/lab5/install/moveit_configs_utils/lib/python3.10/site-packages:/home/chathura/Documents/git-projects/Robotics-and-Automation-Labs/lab5/install/srdfdom/local/lib/python3.10/dist-packages:/home/chathura/Documents/git-projects/Robotics-and-Automation-Labs/lab5/install/launch_param_builder/lib/python3.10/site-packages:${PYTHONPATH} /usr/bin/cmake /home/chathura/Documents/git-projects/Robotics-and-Automation-Labs/lab5/src/moveit2/moveit_planners/pilz_industrial_motion_planner -DCMAKE_BUILD_TYPE=Release -DCMAKE_INSTALL_PREFIX=/home/chathura/Documents/git-projects/Robotics-and-Automation-Labs/lab5/install/pilz_industrial_motion_planner
[0.123s] -- The C compiler identification is GNU 11.4.0
[0.169s] -- The CXX compiler identification is GNU 11.4.0
[0.176s] -- Detecting C compiler ABI info
[0.240s] -- Detecting C compiler ABI info - done
[0.245s] -- Check for working C compiler: /usr/bin/cc - skipped
[0.245s] -- Detecting C compile features
[0.245s] -- Detecting C compile features - done
[0.247s] -- Detecting CXX compiler ABI info
[0.321s] -- Detecting CXX compiler ABI info - done
[0.326s] -- Check for working CXX compiler: /usr/bin/c++ - skipped
[0.326s] -- Detecting CXX compile features
[0.326s] -- Detecting CXX compile features - done
[0.329s] -- Found moveit_common: 2.5.5 (/home/chathura/Documents/git-projects/Robotics-and-Automation-Labs/lab5/install/moveit_common/share/moveit_common/cmake)
[0.333s] -- Found ament_cmake: 1.3.8 (/opt/ros/humble/share/ament_cmake/cmake)
[0.455s] -- Found Python3: /usr/bin/python3 (found version "3.10.12") found components: Interpreter 
[0.616s] -- Found libdw: /usr/lib/x86_64-linux-gnu/libdw.so  
[0.622s] -- Could NOT find libbfd (missing: LIBBFD_LIBRARY LIBBFD_INCLUDE_DIR) 
[0.622s] -- BACKWARD_HAS_UNWIND=1
[0.622s] -- BACKWARD_HAS_BACKTRACE=0
[0.622s] -- BACKWARD_HAS_BACKTRACE_SYMBOL=0
[0.622s] -- BACKWARD_HAS_DW=1
[0.622s] -- BACKWARD_HAS_BFD=0
[0.622s] -- Found Backward: /opt/ros/humble/share/backward_ros/cmake  
[0.626s] -- Found eigen3_cmake_module: 0.1.1 (/opt/ros/humble/share/eigen3_cmake_module/cmake)
[0.634s] -- Found Eigen3: TRUE (found version "3.4.0") 
[0.638s] -- Found geometry_msgs: 4.2.3 (/opt/ros/humble/share/geometry_msgs/cmake)
[0.681s] -- Found rosidl_generator_c: 3.1.5 (/opt/ros/humble/share/rosidl_generator_c/cmake)
[0.689s] -- Found rosidl_adapter: 3.1.5 (/opt/ros/humble/share/rosidl_adapter/cmake)
[0.699s] -- Found rosidl_generator_cpp: 3.1.5 (/opt/ros/humble/share/rosidl_generator_cpp/cmake)
[0.714s] -- Using all available rosidl_typesupport_c: rosidl_typesupport_fastrtps_c;rosidl_typesupport_introspection_c
[0.735s] -- Using all available rosidl_typesupport_cpp: rosidl_typesupport_fastrtps_cpp;rosidl_typesupport_introspection_cpp
[0.823s] -- Found moveit_core: 2.5.5 (/home/chathura/Documents/git-projects/Robotics-and-Automation-Labs/lab5/install/moveit_core/share/moveit_core/cmake)
[1.045s] -- Found Boost: /usr/lib/x86_64-linux-gnu/cmake/Boost-1.74.0/BoostConfig.cmake (found version "1.74.0") found components: chrono date_time filesystem iostreams program_options regex serialization system thread 
[1.092s] -- Found parameter_traits: 0.3.7 (/opt/ros/humble/share/parameter_traits/cmake)
[1.160s] -- Found rmw_implementation_cmake: 6.1.1 (/opt/ros/humble/share/rmw_implementation_cmake/cmake)
[1.164s] -- Found rmw_fastrtps_cpp: 6.2.6 (/opt/ros/humble/share/rmw_fastrtps_cpp/cmake)
[1.275s] -- Found OpenSSL: /usr/lib/x86_64-linux-gnu/libcrypto.so (found version "3.0.2")  
[1.300s] -- Found FastRTPS: /opt/ros/humble/include  
[1.349s] -- Using RMW implementation 'rmw_fastrtps_cpp' as default
[1.363s] -- Found Threads: TRUE  
[1.484s] -- Found rclcpp_lifecycle: 16.0.8 (/opt/ros/humble/share/rclcpp_lifecycle/cmake)
[1.524s] -- Found Boost: /usr/lib/x86_64-linux-gnu/cmake/Boost-1.74.0/BoostConfig.cmake (found version "1.74.0") found components: filesystem 
[1.635s] -- library: /usr/lib/x86_64-linux-gnu/libcurl.so
[1.870s] -- Ensuring Eigen3 include directory is part of orocos-kdl CMake target
[2.709s] -- Found moveit_ros_move_group: 2.5.5 (/home/chathura/Documents/git-projects/Robotics-and-Automation-Labs/lab5/install/moveit_ros_move_group/share/moveit_ros_move_group/cmake)
[2.713s] -- Found Boost: /usr/lib/x86_64-linux-gnu/cmake/Boost-1.74.0/BoostConfig.cmake (found version "1.74.0") found components: system filesystem date_time program_options thread 
[2.957s] -- Found Boost: /usr/lib/x86_64-linux-gnu/cmake/Boost-1.74.0/BoostConfig.cmake (found version "1.74.0") found components: system filesystem date_time program_options thread chrono 
[3.211s] -- Found moveit_ros_planning_interface: 2.5.5 (/home/chathura/Documents/git-projects/Robotics-and-Automation-Labs/lab5/install/moveit_ros_planning_interface/share/moveit_ros_planning_interface/cmake)
[3.215s] -- Found Boost: /usr/lib/x86_64-linux-gnu/cmake/Boost-1.74.0/BoostConfig.cmake (found version "1.74.0") found components: date_time filesystem program_options system thread 
[3.352s] -- Found Boost: /usr/lib/x86_64-linux-gnu/cmake/Boost-1.74.0/BoostConfig.cmake (found version "1.74.0") found components: thread system filesystem regex date_time program_options 
[3.644s] -- Found tf2_eigen_kdl: 0.25.6 (/opt/ros/humble/share/tf2_eigen_kdl/cmake)
[3.649s] -- Found Boost: /usr/lib/x86_64-linux-gnu/cmake/Boost-1.74.0/BoostConfig.cmake (found version "1.74.0")  
[3.734s] -- Found ament_cmake_gtest: 1.3.8 (/opt/ros/humble/share/ament_cmake_gtest/cmake)
[3.738s] -- Found ament_cmake_gmock: 1.3.8 (/opt/ros/humble/share/ament_cmake_gmock/cmake)
[3.741s] -- Found ros_testing: 0.4.0 (/opt/ros/humble/share/ros_testing/cmake)
[3.744s] -- Found launch_testing_ament_cmake: 1.0.5 (/opt/ros/humble/share/launch_testing_ament_cmake/cmake)
[3.747s] -- Found python_cmake_module: 0.10.0 (/opt/ros/humble/share/python_cmake_module/cmake)
[3.765s] -- Found PythonInterp: /usr/bin/python3 (found suitable version "3.10.12", minimum required is "3.6") 
[3.770s] -- Found PythonLibs: /usr/lib/x86_64-linux-gnu/libpython3.10.so (found suitable version "3.10.12", minimum required is "3.5") 
[3.770s] -- Using PYTHON_EXECUTABLE: /usr/bin/python3
[3.770s] -- Using PYTHON_INCLUDE_DIRS: /usr/include/python3.10
[3.770s] -- Using PYTHON_LIBRARIES: /usr/lib/x86_64-linux-gnu/libpython3.10.so
[3.787s] -- Found PythonExtra: .so  
[3.789s] -- Found moveit_resources_prbt_support: 2.5.5 (/home/chathura/Documents/git-projects/Robotics-and-Automation-Labs/lab5/install/moveit_resources_prbt_support/share/moveit_resources_prbt_support/cmake)
[3.790s] -- Found moveit_resources_prbt_moveit_config: 2.5.5 (/home/chathura/Documents/git-projects/Robotics-and-Automation-Labs/lab5/install/moveit_resources_prbt_moveit_config/share/moveit_resources_prbt_moveit_config/cmake)
[3.793s] -- Found Boost: /usr/lib/x86_64-linux-gnu/cmake/Boost-1.74.0/BoostConfig.cmake (found version "1.74.0") found components: thread 
[3.794s] -- Found pilz_industrial_motion_planner_testutils: 2.5.5 (/home/chathura/Documents/git-projects/Robotics-and-Automation-Labs/lab5/install/pilz_industrial_motion_planner_testutils/share/pilz_industrial_motion_planner_testutils/cmake)
[3.904s] -- Found gtest sources under '/opt/ros/humble/src/gtest_vendor': C++ tests using 'Google Test' will be built
[3.936s] -- Found gmock sources under '/opt/ros/humble/src/gmock_vendor': C++ tests using 'Google Mock' will be built
[3.941s] -- Found ament_lint_auto: 0.12.10 (/opt/ros/humble/share/ament_lint_auto/cmake)
[4.093s] -- Found launch_testing_ament_cmake: 1.0.5 (/opt/ros/humble/share/launch_testing_ament_cmake/cmake)
[4.094s] -- Found python_cmake_module: 0.10.0 (/opt/ros/humble/share/python_cmake_module/cmake)
[4.112s] -- Using PYTHON_EXECUTABLE: /usr/bin/python3
[4.112s] -- Using PYTHON_INCLUDE_DIRS: /usr/include/python3.10
[4.112s] -- Using PYTHON_LIBRARIES: /usr/lib/x86_64-linux-gnu/libpython3.10.so
[4.126s] -- Added test 'cppcheck' to perform static code analysis on C / C++ code
[4.128s] -- Configured cppcheck include dirs: /home/chathura/Documents/git-projects/Robotics-and-Automation-Labs/lab5/src/moveit2/moveit_planners/pilz_industrial_motion_planner/include
[4.128s] -- Configured cppcheck exclude dirs and/or files: 
[4.129s] -- Added test 'pep257' to check Python code against some of the docstring style conventions in PEP 257
[4.131s] -- Added test 'xmllint' to check XML markup files
[4.133s] -- Configuring done
[4.564s] -- Generating done
[4.568s] -- Build files have been written to: /home/chathura/Documents/git-projects/Robotics-and-Automation-Labs/lab5/build/pilz_industrial_motion_planner
[4.593s] Invoked command in '/home/chathura/Documents/git-projects/Robotics-and-Automation-Labs/lab5/build/pilz_industrial_motion_planner' returned '0': AMENT_PREFIX_PATH=/home/chathura/Documents/git-projects/Robotics-and-Automation-Labs/lab5/install/moveit_resources_prbt_pg70_support:/home/chathura/Documents/git-projects/Robotics-and-Automation-Labs/lab5/install/moveit_ros_planning_interface:/home/chathura/Documents/git-projects/Robotics-and-Automation-Labs/lab5/install/moveit_resources_prbt_moveit_config:/home/chathura/Documents/git-projects/Robotics-and-Automation-Labs/lab5/install/moveit_ros_move_group:/home/chathura/Documents/git-projects/Robotics-and-Automation-Labs/lab5/install/moveit_ros_warehouse:/home/chathura/Documents/git-projects/Robotics-and-Automation-Labs/lab5/install/moveit_kinematics:/home/chathura/Documents/git-projects/Robotics-and-Automation-Labs/lab5/install/moveit_ros_planning:/home/chathura/Documents/git-projects/Robotics-and-Automation-Labs/lab5/install/pilz_industrial_motion_planner_testutils:/home/chathura/Documents/git-projects/Robotics-and-Automation-Labs/lab5/install/moveit_ros_occupancy_map_monitor:/home/chathura/Documents/git-projects/Robotics-and-Automation-Labs/lab5/install/moveit_resources_prbt_ikfast_manipulator_plugin:/home/chathura/Documents/git-projects/Robotics-and-Automation-Labs/lab5/install/moveit_core:/home/chathura/Documents/git-projects/Robotics-and-Automation-Labs/lab5/install/moveit_resources_panda_moveit_config:/home/chathura/Documents/git-projects/Robotics-and-Automation-Labs/lab5/install/moveit_configs_utils:/home/chathura/Documents/git-projects/Robotics-and-Automation-Labs/lab5/install/srdfdom:/home/chathura/Documents/git-projects/Robotics-and-Automation-Labs/lab5/install/moveit_resources_prbt_support:/home/chathura/Documents/git-projects/Robotics-and-Automation-Labs/lab5/install/moveit_resources_panda_description:/home/chathura/Documents/git-projects/Robotics-and-Automation-Labs/lab5/install/moveit_common:/home/chathura/Documents/git-projects/Robotics-and-Automation-Labs/lab5/install/launch_param_builder:${AMENT_PREFIX_PATH} CMAKE_PREFIX_PATH=/home/chathura/Documents/git-projects/Robotics-and-Automation-Labs/lab5/install/moveit_resources_prbt_pg70_support:/home/chathura/Documents/git-projects/Robotics-and-Automation-Labs/lab5/install/moveit_ros_planning_interface:/home/chathura/Documents/git-projects/Robotics-and-Automation-Labs/lab5/install/moveit_resources_prbt_moveit_config:/home/chathura/Documents/git-projects/Robotics-and-Automation-Labs/lab5/install/moveit_ros_move_group:/home/chathura/Documents/git-projects/Robotics-and-Automation-Labs/lab5/install/moveit_ros_warehouse:/home/chathura/Documents/git-projects/Robotics-and-Automation-Labs/lab5/install/moveit_kinematics:/home/chathura/Documents/git-projects/Robotics-and-Automation-Labs/lab5/install/moveit_ros_planning:/home/chathura/Documents/git-projects/Robotics-and-Automation-Labs/lab5/install/pilz_industrial_motion_planner_testutils:/home/chathura/Documents/git-projects/Robotics-and-Automation-Labs/lab5/install/moveit_ros_occupancy_map_monitor:/home/chathura/Documents/git-projects/Robotics-and-Automation-Labs/lab5/install/moveit_resources_prbt_ikfast_manipulator_plugin:/home/chathura/Documents/git-projects/Robotics-and-Automation-Labs/lab5/install/moveit_core:/home/chathura/Documents/git-projects/Robotics-and-Automation-Labs/lab5/install/moveit_resources_panda_moveit_config:/home/chathura/Documents/git-projects/Robotics-and-Automation-Labs/lab5/install/srdfdom:/home/chathura/Documents/git-projects/Robotics-and-Automation-Labs/lab5/install/moveit_resources_prbt_support:/home/chathura/Documents/git-projects/Robotics-and-Automation-Labs/lab5/install/moveit_resources_panda_description:/home/chathura/Documents/git-projects/Robotics-and-Automation-Labs/lab5/install/moveit_common:/opt/ros/humble LD_LIBRARY_PATH=/home/chathura/Documents/git-projects/Robotics-and-Automation-Labs/lab5/install/moveit_ros_planning_interface/lib:/home/chathura/Documents/git-projects/Robotics-and-Automation-Labs/lab5/install/moveit_ros_move_group/lib:/home/chathura/Documents/git-projects/Robotics-and-Automation-Labs/lab5/install/moveit_ros_warehouse/lib:/home/chathura/Documents/git-projects/Robotics-and-Automation-Labs/lab5/install/moveit_kinematics/lib:/home/chathura/Documents/git-projects/Robotics-and-Automation-Labs/lab5/install/moveit_ros_planning/lib:/home/chathura/Documents/git-projects/Robotics-and-Automation-Labs/lab5/install/pilz_industrial_motion_planner_testutils/lib:/home/chathura/Documents/git-projects/Robotics-and-Automation-Labs/lab5/install/moveit_ros_occupancy_map_monitor/lib:/home/chathura/Documents/git-projects/Robotics-and-Automation-Labs/lab5/install/moveit_resources_prbt_ikfast_manipulator_plugin/lib:/home/chathura/Documents/git-projects/Robotics-and-Automation-Labs/lab5/install/moveit_core/lib:/home/chathura/Documents/git-projects/Robotics-and-Automation-Labs/lab5/install/srdfdom/lib:${LD_LIBRARY_PATH} PATH=/home/chathura/Documents/git-projects/Robotics-and-Automation-Labs/lab5/install/moveit_core/bin:${PATH} PYTHONPATH=/home/chathura/Documents/git-projects/Robotics-and-Automation-Labs/lab5/install/moveit_configs_utils/lib/python3.10/site-packages:/home/chathura/Documents/git-projects/Robotics-and-Automation-Labs/lab5/install/srdfdom/local/lib/python3.10/dist-packages:/home/chathura/Documents/git-projects/Robotics-and-Automation-Labs/lab5/install/launch_param_builder/lib/python3.10/site-packages:${PYTHONPATH} /usr/bin/cmake /home/chathura/Documents/git-projects/Robotics-and-Automation-Labs/lab5/src/moveit2/moveit_planners/pilz_industrial_motion_planner -DCMAKE_BUILD_TYPE=Release -DCMAKE_INSTALL_PREFIX=/home/chathura/Documents/git-projects/Robotics-and-Automation-Labs/lab5/install/pilz_industrial_motion_planner
[4.596s] Invoking command in '/home/chathura/Documents/git-projects/Robotics-and-Automation-Labs/lab5/build/pilz_industrial_motion_planner': AMENT_PREFIX_PATH=/home/chathura/Documents/git-projects/Robotics-and-Automation-Labs/lab5/install/moveit_resources_prbt_pg70_support:/home/chathura/Documents/git-projects/Robotics-and-Automation-Labs/lab5/install/moveit_ros_planning_interface:/home/chathura/Documents/git-projects/Robotics-and-Automation-Labs/lab5/install/moveit_resources_prbt_moveit_config:/home/chathura/Documents/git-projects/Robotics-and-Automation-Labs/lab5/install/moveit_ros_move_group:/home/chathura/Documents/git-projects/Robotics-and-Automation-Labs/lab5/install/moveit_ros_warehouse:/home/chathura/Documents/git-projects/Robotics-and-Automation-Labs/lab5/install/moveit_kinematics:/home/chathura/Documents/git-projects/Robotics-and-Automation-Labs/lab5/install/moveit_ros_planning:/home/chathura/Documents/git-projects/Robotics-and-Automation-Labs/lab5/install/pilz_industrial_motion_planner_testutils:/home/chathura/Documents/git-projects/Robotics-and-Automation-Labs/lab5/install/moveit_ros_occupancy_map_monitor:/home/chathura/Documents/git-projects/Robotics-and-Automation-Labs/lab5/install/moveit_resources_prbt_ikfast_manipulator_plugin:/home/chathura/Documents/git-projects/Robotics-and-Automation-Labs/lab5/install/moveit_core:/home/chathura/Documents/git-projects/Robotics-and-Automation-Labs/lab5/install/moveit_resources_panda_moveit_config:/home/chathura/Documents/git-projects/Robotics-and-Automation-Labs/lab5/install/moveit_configs_utils:/home/chathura/Documents/git-projects/Robotics-and-Automation-Labs/lab5/install/srdfdom:/home/chathura/Documents/git-projects/Robotics-and-Automation-Labs/lab5/install/moveit_resources_prbt_support:/home/chathura/Documents/git-projects/Robotics-and-Automation-Labs/lab5/install/moveit_resources_panda_description:/home/chathura/Documents/git-projects/Robotics-and-Automation-Labs/lab5/install/moveit_common:/home/chathura/Documents/git-projects/Robotics-and-Automation-Labs/lab5/install/launch_param_builder:${AMENT_PREFIX_PATH} CMAKE_PREFIX_PATH=/home/chathura/Documents/git-projects/Robotics-and-Automation-Labs/lab5/install/moveit_resources_prbt_pg70_support:/home/chathura/Documents/git-projects/Robotics-and-Automation-Labs/lab5/install/moveit_ros_planning_interface:/home/chathura/Documents/git-projects/Robotics-and-Automation-Labs/lab5/install/moveit_resources_prbt_moveit_config:/home/chathura/Documents/git-projects/Robotics-and-Automation-Labs/lab5/install/moveit_ros_move_group:/home/chathura/Documents/git-projects/Robotics-and-Automation-Labs/lab5/install/moveit_ros_warehouse:/home/chathura/Documents/git-projects/Robotics-and-Automation-Labs/lab5/install/moveit_kinematics:/home/chathura/Documents/git-projects/Robotics-and-Automation-Labs/lab5/install/moveit_ros_planning:/home/chathura/Documents/git-projects/Robotics-and-Automation-Labs/lab5/install/pilz_industrial_motion_planner_testutils:/home/chathura/Documents/git-projects/Robotics-and-Automation-Labs/lab5/install/moveit_ros_occupancy_map_monitor:/home/chathura/Documents/git-projects/Robotics-and-Automation-Labs/lab5/install/moveit_resources_prbt_ikfast_manipulator_plugin:/home/chathura/Documents/git-projects/Robotics-and-Automation-Labs/lab5/install/moveit_core:/home/chathura/Documents/git-projects/Robotics-and-Automation-Labs/lab5/install/moveit_resources_panda_moveit_config:/home/chathura/Documents/git-projects/Robotics-and-Automation-Labs/lab5/install/srdfdom:/home/chathura/Documents/git-projects/Robotics-and-Automation-Labs/lab5/install/moveit_resources_prbt_support:/home/chathura/Documents/git-projects/Robotics-and-Automation-Labs/lab5/install/moveit_resources_panda_description:/home/chathura/Documents/git-projects/Robotics-and-Automation-Labs/lab5/install/moveit_common:/opt/ros/humble LD_LIBRARY_PATH=/home/chathura/Documents/git-projects/Robotics-and-Automation-Labs/lab5/install/moveit_ros_planning_interface/lib:/home/chathura/Documents/git-projects/Robotics-and-Automation-Labs/lab5/install/moveit_ros_move_group/lib:/home/chathura/Documents/git-projects/Robotics-and-Automation-Labs/lab5/install/moveit_ros_warehouse/lib:/home/chathura/Documents/git-projects/Robotics-and-Automation-Labs/lab5/install/moveit_kinematics/lib:/home/chathura/Documents/git-projects/Robotics-and-Automation-Labs/lab5/install/moveit_ros_planning/lib:/home/chathura/Documents/git-projects/Robotics-and-Automation-Labs/lab5/install/pilz_industrial_motion_planner_testutils/lib:/home/chathura/Documents/git-projects/Robotics-and-Automation-Labs/lab5/install/moveit_ros_occupancy_map_monitor/lib:/home/chathura/Documents/git-projects/Robotics-and-Automation-Labs/lab5/install/moveit_resources_prbt_ikfast_manipulator_plugin/lib:/home/chathura/Documents/git-projects/Robotics-and-Automation-Labs/lab5/install/moveit_core/lib:/home/chathura/Documents/git-projects/Robotics-and-Automation-Labs/lab5/install/srdfdom/lib:${LD_LIBRARY_PATH} PATH=/home/chathura/Documents/git-projects/Robotics-and-Automation-Labs/lab5/install/moveit_core/bin:${PATH} PYTHONPATH=/home/chathura/Documents/git-projects/Robotics-and-Automation-Labs/lab5/install/moveit_configs_utils/lib/python3.10/site-packages:/home/chathura/Documents/git-projects/Robotics-and-Automation-Labs/lab5/install/srdfdom/local/lib/python3.10/dist-packages:/home/chathura/Documents/git-projects/Robotics-and-Automation-Labs/lab5/install/launch_param_builder/lib/python3.10/site-packages:${PYTHONPATH} /usr/bin/cmake --build /home/chathura/Documents/git-projects/Robotics-and-Automation-Labs/lab5/build/pilz_industrial_motion_planner -- -j16 -l16
[4.655s] [  1%] [32mBuilding CXX object gmock/CMakeFiles/gmock.dir/opt/ros/humble/src/gtest_vendor/src/gtest-all.cc.o[0m
[4.655s] [  2%] [32mBuilding CXX object CMakeFiles/joint_limits_common.dir/src/limits_container.cpp.o[0m
[4.655s] [  6%] [32mBuilding CXX object gtest/CMakeFiles/gtest_main.dir/src/gtest_main.cc.o[0m
[4.655s] [  6%] [32mBuilding CXX object gtest/CMakeFiles/gtest.dir/src/gtest-all.cc.o[0m
[4.655s] [  8%] [32mBuilding CXX object gmock/CMakeFiles/gmock_main.dir/src/gmock_main.cc.o[0m
[4.656s] [  8%] [32mBuilding CXX object CMakeFiles/joint_limits_common.dir/src/joint_limits_aggregator.cpp.o[0m
[4.656s] [  9%] [32mBuilding CXX object CMakeFiles/trajectory_generation_common.dir/src/trajectory_functions.cpp.o[0m
[4.656s] [  9%] [32mBuilding CXX object CMakeFiles/trajectory_generation_common.dir/src/trajectory_generator.cpp.o[0m
[4.656s] [ 12%] [32mBuilding CXX object CMakeFiles/planning_context_loader_base.dir/src/planning_context_loader.cpp.o[0m
[4.656s] [ 12%] [32mBuilding CXX object CMakeFiles/trajectory_generation_common.dir/src/trajectory_blender_transition_window.cpp.o[0m
[4.656s] [ 14%] [32mBuilding CXX object CMakeFiles/joint_limits_common.dir/src/joint_limits_validator.cpp.o[0m
[4.656s] [ 14%] [32mBuilding CXX object CMakeFiles/joint_limits_common.dir/src/joint_limits_container.cpp.o[0m
[4.656s] [ 15%] [32mBuilding CXX object CMakeFiles/joint_limits_common.dir/src/cartesian_limit.cpp.o[0m
[4.657s] [ 16%] [32mBuilding CXX object CMakeFiles/joint_limits_common.dir/src/cartesian_limits_aggregator.cpp.o[0m
[4.665s] [ 18%] [32mBuilding CXX object gmock/CMakeFiles/gmock.dir/src/gmock-all.cc.o[0m
[5.882s] [ 19%] [32m[1mLinking CXX static library libgtest_main.a[0m
[5.897s] [ 20%] [32m[1mLinking CXX static library libgmock_main.a[0m
[5.926s] [ 20%] Built target gtest_main
[5.941s] [ 20%] Built target gmock_main
[11.632s] [ 21%] [32m[1mLinking CXX static library libgtest.a[0m
[11.651s] [ 22%] [32m[1mLinking CXX static library libgmock.a[0m
[11.687s] [ 22%] Built target gtest
[11.688s] [ 22%] Built target gmock
[12.017s] [ 24%] [32m[1mLinking CXX shared library libplanning_context_loader_base.so[0m
[13.257s] [ 25%] [32m[1mLinking CXX shared library libjoint_limits_common.so[0m
[14.088s] [ 25%] Built target joint_limits_common
[14.114s] [ 30%] [32mBuilding CXX object test/unit_tests/CMakeFiles/unittest_joint_limits_container.dir/src/unittest_joint_limits_container.cpp.o[0m
[14.114s] [ 30%] [32mBuilding CXX object test/unit_tests/CMakeFiles/unittest_joint_limits_validator.dir/src/unittest_joint_limits_validator.cpp.o[0m
[14.114s] [ 30%] [32mBuilding CXX object test/unit_tests/CMakeFiles/unittest_joint_limit.dir/src/unittest_joint_limit.cpp.o[0m
[14.115s] [ 30%] [32mBuilding CXX object test/unit_tests/CMakeFiles/unittest_cartesian_limits_aggregator.dir/src/unittest_cartesian_limits_aggregator.cpp.o[0m
[14.123s] [ 31%] [32mBuilding CXX object test/unit_tests/CMakeFiles/unittest_joint_limits_aggregator.dir/src/unittest_joint_limits_aggregator.cpp.o[0m
[14.743s] [ 32%] [32m[1mLinking CXX shared library libtrajectory_generation_common.so[0m
[14.990s] [ 32%] Built target trajectory_generation_common
[15.017s] [ 34%] [32mBuilding CXX object CMakeFiles/command_list_manager.dir/src/command_list_manager.cpp.o[0m
[15.017s] [ 34%] [32mBuilding CXX object test/CMakeFiles/pilz_industrial_motion_planner_test_utils.dir/test_utils.cpp.o[0m
[15.020s] [ 36%] [32mBuilding CXX object CMakeFiles/command_list_manager.dir/src/plan_components_builder.cpp.o[0m
[15.638s] [ 37%] [32m[1mLinking CXX executable unittest_joint_limits_container[0m
[15.866s] [ 37%] Built target unittest_joint_limits_container
[16.110s] [ 38%] [32m[1mLinking CXX executable unittest_joint_limits_validator[0m
[16.342s] [ 38%] Built target unittest_joint_limits_validator
[17.818s] [ 39%] [32m[1mLinking CXX executable unittest_cartesian_limits_aggregator[0m
[18.085s] [ 39%] Built target unittest_cartesian_limits_aggregator
[18.589s] [ 40%] [32m[1mLinking CXX executable unittest_joint_limit[0m
[18.830s] [ 40%] Built target unittest_joint_limit
[21.129s] [ 42%] [32m[1mLinking CXX executable unittest_joint_limits_aggregator[0m
[21.422s] [ 42%] Built target unittest_joint_limits_aggregator
[22.234s] [ 42%] Built target planning_context_loader_base
[22.260s] [ 44%] [32mBuilding CXX object CMakeFiles/planning_context_loader_lin.dir/src/planning_context_loader_lin.cpp.o[0m
[22.260s] [ 44%] [32mBuilding CXX object CMakeFiles/planning_context_loader_ptp.dir/src/planning_context_loader_ptp.cpp.o[0m
[22.261s] [ 48%] [32mBuilding CXX object CMakeFiles/pilz_industrial_motion_planner.dir/src/pilz_industrial_motion_planner.cpp.o[0m
[22.261s] [ 48%] [32mBuilding CXX object CMakeFiles/planning_context_loader_ptp.dir/src/velocity_profile_atrap.cpp.o[0m
[22.262s] [ 48%] [32mBuilding CXX object CMakeFiles/planning_context_loader_ptp.dir/src/trajectory_generator_ptp.cpp.o[0m
[22.262s] [ 51%] [32mBuilding CXX object CMakeFiles/planning_context_loader_lin.dir/src/trajectory_generator_lin.cpp.o[0m
[22.262s] [ 51%] [32mBuilding CXX object CMakeFiles/planning_context_loader_circ.dir/src/trajectory_generator_circ.cpp.o[0m
[22.262s] [ 51%] [32mBuilding CXX object CMakeFiles/planning_context_loader_circ.dir/src/planning_context_loader_circ.cpp.o[0m
[22.262s] [ 53%] [32mBuilding CXX object CMakeFiles/planning_context_loader_lin.dir/src/velocity_profile_atrap.cpp.o[0m
[22.262s] [ 54%] [32mBuilding CXX object CMakeFiles/planning_context_loader_circ.dir/src/path_circle_generator.cpp.o[0m
[24.357s] [ 55%] [32m[1mLinking CXX shared library libcommand_list_manager.so[0m
[24.568s] [ 55%] Built target command_list_manager
[24.595s] [ 56%] [32mBuilding CXX object CMakeFiles/sequence_capability.dir/src/move_group_sequence_action.cpp.o[0m
[24.597s] [ 57%] [32mBuilding CXX object CMakeFiles/sequence_capability.dir/src/move_group_sequence_service.cpp.o[0m
[28.700s] [ 59%] [32m[1mLinking CXX static library libpilz_industrial_motion_planner_test_utils.a[0m
[28.753s] [ 59%] Built target pilz_industrial_motion_planner_test_utils
[28.782s] [ 60%] [32mBuilding CXX object test/unit_tests/CMakeFiles/unittest_trajectory_functions.dir/src/unittest_trajectory_functions.cpp.o[0m
[31.449s] [ 61%] [32m[1mLinking CXX shared library libplanning_context_loader_circ.so[0m
[31.711s] [ 61%] Built target planning_context_loader_circ
[31.740s] [ 62%] [32mBuilding CXX object test/unit_tests/CMakeFiles/unittest_trajectory_generator_circ.dir/src/unittest_trajectory_generator_circ.cpp.o[0m
[33.333s] [ 63%] [32m[1mLinking CXX shared library libplanning_context_loader_ptp.so[0m
[33.578s] [ 63%] Built target planning_context_loader_ptp
[33.605s] [ 65%] [32mBuilding CXX object test/unit_tests/CMakeFiles/unittest_trajectory_generator_ptp.dir/src/unittest_trajectory_generator_ptp.cpp.o[0m
[34.199s] [ 66%] [32m[1mLinking CXX shared library libplanning_context_loader_lin.so[0m
[34.448s] [ 66%] Built target planning_context_loader_lin
[34.477s] [ 68%] [32mBuilding CXX object test/unit_tests/CMakeFiles/unittest_trajectory_generator_lin.dir/src/unittest_trajectory_generator_lin.cpp.o[0m
[34.477s] [ 68%] [32mBuilding CXX object test/unit_tests/CMakeFiles/unittest_trajectory_generator_common.dir/src/unittest_trajectory_generator_common.cpp.o[0m
[34.485s] [ 71%] [32mBuilding CXX object test/unit_tests/CMakeFiles/unittest_trajectory_blender_transition_window.dir/src/unittest_trajectory_blender_transition_window.cpp.o[0m
[34.485s] [ 71%] [32mBuilding CXX object test/unit_tests/CMakeFiles/unittest_trajectory_blender_transition_window.dir/__/__/src/trajectory_blender_transition_window.cpp.o[0m
[34.869s] [ 72%] [32m[1mLinking CXX shared library libpilz_industrial_motion_planner.so[0m
[35.101s] [ 72%] Built target pilz_industrial_motion_planner
[35.141s] [ 75%] [32mBuilding CXX object test/unit_tests/CMakeFiles/unittest_get_solver_tip_frame.dir/src/unittest_get_solver_tip_frame.cpp.o[0m
[35.141s] [ 75%] [32mBuilding CXX object test/unit_tests/CMakeFiles/unittest_planning_context_loaders.dir/src/unittest_planning_context_loaders.cpp.o[0m
[35.141s] [ 77%] [32mBuilding CXX object test/unit_tests/CMakeFiles/unittest_trajectory_generator.dir/src/unittest_trajectory_generator.cpp.o[0m
[35.141s] [ 77%] [32mBuilding CXX object test/unit_tests/CMakeFiles/unittest_velocity_profile_atrap.dir/src/unittest_velocity_profile_atrap.cpp.o[0m
[35.141s] [ 79%] [32mBuilding CXX object test/unit_tests/CMakeFiles/unittest_pilz_industrial_motion_planner_direct.dir/src/unittest_pilz_industrial_motion_planner_direct.cpp.o[0m
[35.141s] [ 79%] [32mBuilding CXX object test/unit_tests/CMakeFiles/unittest_planning_context.dir/src/unittest_planning_context.cpp.o[0m
[35.143s] [ 80%] [32mBuilding CXX object test/unit_tests/CMakeFiles/unittest_pilz_industrial_motion_planner.dir/src/unittest_pilz_industrial_motion_planner.cpp.o[0m
[41.013s] [ 81%] [32mBuilding CXX object test/unit_tests/CMakeFiles/unittest_velocity_profile_atrap.dir/__/__/src/velocity_profile_atrap.cpp.o[0m
[41.262s] [ 83%] [32mBuilding CXX object test/unit_tests/CMakeFiles/unittest_trajectory_generator.dir/__/__/src/trajectory_generator.cpp.o[0m
[41.336s] [ 84%] [32m[1mLinking CXX shared library libsequence_capability.so[0m
[41.825s] [ 84%] Built target sequence_capability
[42.105s] [ 85%] [32m[1mLinking CXX executable unittest_velocity_profile_atrap[0m
[42.538s] [ 85%] Built target unittest_velocity_profile_atrap
[43.771s] [ 86%] [32m[1mLinking CXX executable unittest_trajectory_functions[0m
[44.345s] [ 86%] Built target unittest_trajectory_functions
[46.580s] [ 87%] [32m[1mLinking CXX executable unittest_get_solver_tip_frame[0m
[46.965s] [ 87%] Built target unittest_get_solver_tip_frame
[51.222s] [ 89%] [32m[1mLinking CXX executable unittest_trajectory_generator_circ[0m
[51.651s] [ 89%] Built target unittest_trajectory_generator_circ
[51.663s] [ 90%] [32m[1mLinking CXX executable unittest_trajectory_generator_ptp[0m
[52.061s] [ 90%] Built target unittest_trajectory_generator_ptp
[52.922s] [ 91%] [32m[1mLinking CXX executable unittest_trajectory_generator_lin[0m
[53.317s] [ 91%] Built target unittest_trajectory_generator_lin
[53.548s] [ 92%] [32m[1mLinking CXX executable unittest_trajectory_generator[0m
[53.925s] [ 92%] Built target unittest_trajectory_generator
[54.035s] [ 93%] [32m[1mLinking CXX executable unittest_pilz_industrial_motion_planner_direct[0m
[54.348s] [ 93%] Built target unittest_pilz_industrial_motion_planner_direct
[54.641s] [ 95%] [32m[1mLinking CXX executable unittest_trajectory_blender_transition_window[0m
[54.893s] [ 96%] [32m[1mLinking CXX executable unittest_planning_context[0m
[55.006s] [ 96%] Built target unittest_trajectory_blender_transition_window
[55.255s] [ 96%] Built target unittest_planning_context
[55.545s] [ 97%] [32m[1mLinking CXX executable unittest_pilz_industrial_motion_planner[0m
[55.786s] [ 98%] [32m[1mLinking CXX executable unittest_planning_context_loaders[0m
[55.834s] [ 98%] Built target unittest_pilz_industrial_motion_planner
[56.097s] [ 98%] Built target unittest_planning_context_loaders
[57.486s] [100%] [32m[1mLinking CXX executable unittest_trajectory_generator_common[0m
[57.797s] [100%] Built target unittest_trajectory_generator_common
[57.813s] Invoked command in '/home/chathura/Documents/git-projects/Robotics-and-Automation-Labs/lab5/build/pilz_industrial_motion_planner' returned '0': AMENT_PREFIX_PATH=/home/chathura/Documents/git-projects/Robotics-and-Automation-Labs/lab5/install/moveit_resources_prbt_pg70_support:/home/chathura/Documents/git-projects/Robotics-and-Automation-Labs/lab5/install/moveit_ros_planning_interface:/home/chathura/Documents/git-projects/Robotics-and-Automation-Labs/lab5/install/moveit_resources_prbt_moveit_config:/home/chathura/Documents/git-projects/Robotics-and-Automation-Labs/lab5/install/moveit_ros_move_group:/home/chathura/Documents/git-projects/Robotics-and-Automation-Labs/lab5/install/moveit_ros_warehouse:/home/chathura/Documents/git-projects/Robotics-and-Automation-Labs/lab5/install/moveit_kinematics:/home/chathura/Documents/git-projects/Robotics-and-Automation-Labs/lab5/install/moveit_ros_planning:/home/chathura/Documents/git-projects/Robotics-and-Automation-Labs/lab5/install/pilz_industrial_motion_planner_testutils:/home/chathura/Documents/git-projects/Robotics-and-Automation-Labs/lab5/install/moveit_ros_occupancy_map_monitor:/home/chathura/Documents/git-projects/Robotics-and-Automation-Labs/lab5/install/moveit_resources_prbt_ikfast_manipulator_plugin:/home/chathura/Documents/git-projects/Robotics-and-Automation-Labs/lab5/install/moveit_core:/home/chathura/Documents/git-projects/Robotics-and-Automation-Labs/lab5/install/moveit_resources_panda_moveit_config:/home/chathura/Documents/git-projects/Robotics-and-Automation-Labs/lab5/install/moveit_configs_utils:/home/chathura/Documents/git-projects/Robotics-and-Automation-Labs/lab5/install/srdfdom:/home/chathura/Documents/git-projects/Robotics-and-Automation-Labs/lab5/install/moveit_resources_prbt_support:/home/chathura/Documents/git-projects/Robotics-and-Automation-Labs/lab5/install/moveit_resources_panda_description:/home/chathura/Documents/git-projects/Robotics-and-Automation-Labs/lab5/install/moveit_common:/home/chathura/Documents/git-projects/Robotics-and-Automation-Labs/lab5/install/launch_param_builder:${AMENT_PREFIX_PATH} CMAKE_PREFIX_PATH=/home/chathura/Documents/git-projects/Robotics-and-Automation-Labs/lab5/install/moveit_resources_prbt_pg70_support:/home/chathura/Documents/git-projects/Robotics-and-Automation-Labs/lab5/install/moveit_ros_planning_interface:/home/chathura/Documents/git-projects/Robotics-and-Automation-Labs/lab5/install/moveit_resources_prbt_moveit_config:/home/chathura/Documents/git-projects/Robotics-and-Automation-Labs/lab5/install/moveit_ros_move_group:/home/chathura/Documents/git-projects/Robotics-and-Automation-Labs/lab5/install/moveit_ros_warehouse:/home/chathura/Documents/git-projects/Robotics-and-Automation-Labs/lab5/install/moveit_kinematics:/home/chathura/Documents/git-projects/Robotics-and-Automation-Labs/lab5/install/moveit_ros_planning:/home/chathura/Documents/git-projects/Robotics-and-Automation-Labs/lab5/install/pilz_industrial_motion_planner_testutils:/home/chathura/Documents/git-projects/Robotics-and-Automation-Labs/lab5/install/moveit_ros_occupancy_map_monitor:/home/chathura/Documents/git-projects/Robotics-and-Automation-Labs/lab5/install/moveit_resources_prbt_ikfast_manipulator_plugin:/home/chathura/Documents/git-projects/Robotics-and-Automation-Labs/lab5/install/moveit_core:/home/chathura/Documents/git-projects/Robotics-and-Automation-Labs/lab5/install/moveit_resources_panda_moveit_config:/home/chathura/Documents/git-projects/Robotics-and-Automation-Labs/lab5/install/srdfdom:/home/chathura/Documents/git-projects/Robotics-and-Automation-Labs/lab5/install/moveit_resources_prbt_support:/home/chathura/Documents/git-projects/Robotics-and-Automation-Labs/lab5/install/moveit_resources_panda_description:/home/chathura/Documents/git-projects/Robotics-and-Automation-Labs/lab5/install/moveit_common:/opt/ros/humble LD_LIBRARY_PATH=/home/chathura/Documents/git-projects/Robotics-and-Automation-Labs/lab5/install/moveit_ros_planning_interface/lib:/home/chathura/Documents/git-projects/Robotics-and-Automation-Labs/lab5/install/moveit_ros_move_group/lib:/home/chathura/Documents/git-projects/Robotics-and-Automation-Labs/lab5/install/moveit_ros_warehouse/lib:/home/chathura/Documents/git-projects/Robotics-and-Automation-Labs/lab5/install/moveit_kinematics/lib:/home/chathura/Documents/git-projects/Robotics-and-Automation-Labs/lab5/install/moveit_ros_planning/lib:/home/chathura/Documents/git-projects/Robotics-and-Automation-Labs/lab5/install/pilz_industrial_motion_planner_testutils/lib:/home/chathura/Documents/git-projects/Robotics-and-Automation-Labs/lab5/install/moveit_ros_occupancy_map_monitor/lib:/home/chathura/Documents/git-projects/Robotics-and-Automation-Labs/lab5/install/moveit_resources_prbt_ikfast_manipulator_plugin/lib:/home/chathura/Documents/git-projects/Robotics-and-Automation-Labs/lab5/install/moveit_core/lib:/home/chathura/Documents/git-projects/Robotics-and-Automation-Labs/lab5/install/srdfdom/lib:${LD_LIBRARY_PATH} PATH=/home/chathura/Documents/git-projects/Robotics-and-Automation-Labs/lab5/install/moveit_core/bin:${PATH} PYTHONPATH=/home/chathura/Documents/git-projects/Robotics-and-Automation-Labs/lab5/install/moveit_configs_utils/lib/python3.10/site-packages:/home/chathura/Documents/git-projects/Robotics-and-Automation-Labs/lab5/install/srdfdom/local/lib/python3.10/dist-packages:/home/chathura/Documents/git-projects/Robotics-and-Automation-Labs/lab5/install/launch_param_builder/lib/python3.10/site-packages:${PYTHONPATH} /usr/bin/cmake --build /home/chathura/Documents/git-projects/Robotics-and-Automation-Labs/lab5/build/pilz_industrial_motion_planner -- -j16 -l16
[57.917s] Invoking command in '/home/chathura/Documents/git-projects/Robotics-and-Automation-Labs/lab5/build/pilz_industrial_motion_planner': AMENT_PREFIX_PATH=/home/chathura/Documents/git-projects/Robotics-and-Automation-Labs/lab5/install/moveit_resources_prbt_pg70_support:/home/chathura/Documents/git-projects/Robotics-and-Automation-Labs/lab5/install/moveit_ros_planning_interface:/home/chathura/Documents/git-projects/Robotics-and-Automation-Labs/lab5/install/moveit_resources_prbt_moveit_config:/home/chathura/Documents/git-projects/Robotics-and-Automation-Labs/lab5/install/moveit_ros_move_group:/home/chathura/Documents/git-projects/Robotics-and-Automation-Labs/lab5/install/moveit_ros_warehouse:/home/chathura/Documents/git-projects/Robotics-and-Automation-Labs/lab5/install/moveit_kinematics:/home/chathura/Documents/git-projects/Robotics-and-Automation-Labs/lab5/install/moveit_ros_planning:/home/chathura/Documents/git-projects/Robotics-and-Automation-Labs/lab5/install/pilz_industrial_motion_planner_testutils:/home/chathura/Documents/git-projects/Robotics-and-Automation-Labs/lab5/install/moveit_ros_occupancy_map_monitor:/home/chathura/Documents/git-projects/Robotics-and-Automation-Labs/lab5/install/moveit_resources_prbt_ikfast_manipulator_plugin:/home/chathura/Documents/git-projects/Robotics-and-Automation-Labs/lab5/install/moveit_core:/home/chathura/Documents/git-projects/Robotics-and-Automation-Labs/lab5/install/moveit_resources_panda_moveit_config:/home/chathura/Documents/git-projects/Robotics-and-Automation-Labs/lab5/install/moveit_configs_utils:/home/chathura/Documents/git-projects/Robotics-and-Automation-Labs/lab5/install/srdfdom:/home/chathura/Documents/git-projects/Robotics-and-Automation-Labs/lab5/install/moveit_resources_prbt_support:/home/chathura/Documents/git-projects/Robotics-and-Automation-Labs/lab5/install/moveit_resources_panda_description:/home/chathura/Documents/git-projects/Robotics-and-Automation-Labs/lab5/install/moveit_common:/home/chathura/Documents/git-projects/Robotics-and-Automation-Labs/lab5/install/launch_param_builder:${AMENT_PREFIX_PATH} CMAKE_PREFIX_PATH=/home/chathura/Documents/git-projects/Robotics-and-Automation-Labs/lab5/install/moveit_resources_prbt_pg70_support:/home/chathura/Documents/git-projects/Robotics-and-Automation-Labs/lab5/install/moveit_ros_planning_interface:/home/chathura/Documents/git-projects/Robotics-and-Automation-Labs/lab5/install/moveit_resources_prbt_moveit_config:/home/chathura/Documents/git-projects/Robotics-and-Automation-Labs/lab5/install/moveit_ros_move_group:/home/chathura/Documents/git-projects/Robotics-and-Automation-Labs/lab5/install/moveit_ros_warehouse:/home/chathura/Documents/git-projects/Robotics-and-Automation-Labs/lab5/install/moveit_kinematics:/home/chathura/Documents/git-projects/Robotics-and-Automation-Labs/lab5/install/moveit_ros_planning:/home/chathura/Documents/git-projects/Robotics-and-Automation-Labs/lab5/install/pilz_industrial_motion_planner_testutils:/home/chathura/Documents/git-projects/Robotics-and-Automation-Labs/lab5/install/moveit_ros_occupancy_map_monitor:/home/chathura/Documents/git-projects/Robotics-and-Automation-Labs/lab5/install/moveit_resources_prbt_ikfast_manipulator_plugin:/home/chathura/Documents/git-projects/Robotics-and-Automation-Labs/lab5/install/moveit_core:/home/chathura/Documents/git-projects/Robotics-and-Automation-Labs/lab5/install/moveit_resources_panda_moveit_config:/home/chathura/Documents/git-projects/Robotics-and-Automation-Labs/lab5/install/srdfdom:/home/chathura/Documents/git-projects/Robotics-and-Automation-Labs/lab5/install/moveit_resources_prbt_support:/home/chathura/Documents/git-projects/Robotics-and-Automation-Labs/lab5/install/moveit_resources_panda_description:/home/chathura/Documents/git-projects/Robotics-and-Automation-Labs/lab5/install/moveit_common:/opt/ros/humble LD_LIBRARY_PATH=/home/chathura/Documents/git-projects/Robotics-and-Automation-Labs/lab5/install/moveit_ros_planning_interface/lib:/home/chathura/Documents/git-projects/Robotics-and-Automation-Labs/lab5/install/moveit_ros_move_group/lib:/home/chathura/Documents/git-projects/Robotics-and-Automation-Labs/lab5/install/moveit_ros_warehouse/lib:/home/chathura/Documents/git-projects/Robotics-and-Automation-Labs/lab5/install/moveit_kinematics/lib:/home/chathura/Documents/git-projects/Robotics-and-Automation-Labs/lab5/install/moveit_ros_planning/lib:/home/chathura/Documents/git-projects/Robotics-and-Automation-Labs/lab5/install/pilz_industrial_motion_planner_testutils/lib:/home/chathura/Documents/git-projects/Robotics-and-Automation-Labs/lab5/install/moveit_ros_occupancy_map_monitor/lib:/home/chathura/Documents/git-projects/Robotics-and-Automation-Labs/lab5/install/moveit_resources_prbt_ikfast_manipulator_plugin/lib:/home/chathura/Documents/git-projects/Robotics-and-Automation-Labs/lab5/install/moveit_core/lib:/home/chathura/Documents/git-projects/Robotics-and-Automation-Labs/lab5/install/srdfdom/lib:${LD_LIBRARY_PATH} PATH=/home/chathura/Documents/git-projects/Robotics-and-Automation-Labs/lab5/install/moveit_core/bin:${PATH} PYTHONPATH=/home/chathura/Documents/git-projects/Robotics-and-Automation-Labs/lab5/install/moveit_configs_utils/lib/python3.10/site-packages:/home/chathura/Documents/git-projects/Robotics-and-Automation-Labs/lab5/install/srdfdom/local/lib/python3.10/dist-packages:/home/chathura/Documents/git-projects/Robotics-and-Automation-Labs/lab5/install/launch_param_builder/lib/python3.10/site-packages:${PYTHONPATH} /usr/bin/cmake --install /home/chathura/Documents/git-projects/Robotics-and-Automation-Labs/lab5/build/pilz_industrial_motion_planner
[57.925s] -- Install configuration: "Release"
[57.925s] -- Installing: /home/chathura/Documents/git-projects/Robotics-and-Automation-Labs/lab5/install/pilz_industrial_motion_planner/share/pilz_industrial_motion_planner/plugins/pilz_industrial_motion_planner_plugin_description.xml
[57.937s] -- Installing: /home/chathura/Documents/git-projects/Robotics-and-Automation-Labs/lab5/install/pilz_industrial_motion_planner/share/pilz_industrial_motion_planner/plugins/sequence_capability_plugin_description.xml
[57.937s] -- Installing: /home/chathura/Documents/git-projects/Robotics-and-Automation-Labs/lab5/install/pilz_industrial_motion_planner/share/pilz_industrial_motion_planner/plugins/planning_context_plugin_description.xml
[57.937s] -- Installing: /home/chathura/Documents/git-projects/Robotics-and-Automation-Labs/lab5/install/pilz_industrial_motion_planner/lib/libpilz_industrial_motion_planner.so
[57.938s] -- Set runtime path of "/home/chathura/Documents/git-projects/Robotics-and-Automation-Labs/lab5/install/pilz_industrial_motion_planner/lib/libpilz_industrial_motion_planner.so" to ""
[57.938s] -- Installing: /home/chathura/Documents/git-projects/Robotics-and-Automation-Labs/lab5/install/pilz_industrial_motion_planner/lib/libjoint_limits_common.so
[57.939s] -- Set runtime path of "/home/chathura/Documents/git-projects/Robotics-and-Automation-Labs/lab5/install/pilz_industrial_motion_planner/lib/libjoint_limits_common.so" to ""
[57.939s] -- Installing: /home/chathura/Documents/git-projects/Robotics-and-Automation-Labs/lab5/install/pilz_industrial_motion_planner/lib/libplanning_context_loader_base.so
[57.939s] -- Set runtime path of "/home/chathura/Documents/git-projects/Robotics-and-Automation-Labs/lab5/install/pilz_industrial_motion_planner/lib/libplanning_context_loader_base.so" to ""
[57.939s] -- Installing: /home/chathura/Documents/git-projects/Robotics-and-Automation-Labs/lab5/install/pilz_industrial_motion_planner/lib/libplanning_context_loader_ptp.so
[57.940s] -- Set runtime path of "/home/chathura/Documents/git-projects/Robotics-and-Automation-Labs/lab5/install/pilz_industrial_motion_planner/lib/libplanning_context_loader_ptp.so" to ""
[57.940s] -- Installing: /home/chathura/Documents/git-projects/Robotics-and-Automation-Labs/lab5/install/pilz_industrial_motion_planner/lib/libplanning_context_loader_lin.so
[57.940s] -- Set runtime path of "/home/chathura/Documents/git-projects/Robotics-and-Automation-Labs/lab5/install/pilz_industrial_motion_planner/lib/libplanning_context_loader_lin.so" to ""
[57.941s] -- Installing: /home/chathura/Documents/git-projects/Robotics-and-Automation-Labs/lab5/install/pilz_industrial_motion_planner/lib/libplanning_context_loader_circ.so
[57.941s] -- Set runtime path of "/home/chathura/Documents/git-projects/Robotics-and-Automation-Labs/lab5/install/pilz_industrial_motion_planner/lib/libplanning_context_loader_circ.so" to ""
[57.941s] -- Installing: /home/chathura/Documents/git-projects/Robotics-and-Automation-Labs/lab5/install/pilz_industrial_motion_planner/lib/libcommand_list_manager.so
[57.942s] -- Set runtime path of "/home/chathura/Documents/git-projects/Robotics-and-Automation-Labs/lab5/install/pilz_industrial_motion_planner/lib/libcommand_list_manager.so" to ""
[57.942s] -- Installing: /home/chathura/Documents/git-projects/Robotics-and-Automation-Labs/lab5/install/pilz_industrial_motion_planner/lib/libsequence_capability.so
[57.943s] -- Set runtime path of "/home/chathura/Documents/git-projects/Robotics-and-Automation-Labs/lab5/install/pilz_industrial_motion_planner/lib/libsequence_capability.so" to ""
[57.943s] -- Installing: /home/chathura/Documents/git-projects/Robotics-and-Automation-Labs/lab5/install/pilz_industrial_motion_planner/lib/libtrajectory_generation_common.so
[57.944s] -- Set runtime path of "/home/chathura/Documents/git-projects/Robotics-and-Automation-Labs/lab5/install/pilz_industrial_motion_planner/lib/libtrajectory_generation_common.so" to ""
[57.944s] -- Installing: /home/chathura/Documents/git-projects/Robotics-and-Automation-Labs/lab5/install/pilz_industrial_motion_planner/include
[57.944s] -- Installing: /home/chathura/Documents/git-projects/Robotics-and-Automation-Labs/lab5/install/pilz_industrial_motion_planner/include/pilz_industrial_motion_planner
[57.944s] -- Installing: /home/chathura/Documents/git-projects/Robotics-and-Automation-Labs/lab5/install/pilz_industrial_motion_planner/include/pilz_industrial_motion_planner/joint_limits_validator.h
[57.944s] -- Installing: /home/chathura/Documents/git-projects/Robotics-and-Automation-Labs/lab5/install/pilz_industrial_motion_planner/include/pilz_industrial_motion_planner/planning_context_loader_lin.h
[57.944s] -- Installing: /home/chathura/Documents/git-projects/Robotics-and-Automation-Labs/lab5/install/pilz_industrial_motion_planner/include/pilz_industrial_motion_planner/planning_context_base.h
[57.944s] -- Installing: /home/chathura/Documents/git-projects/Robotics-and-Automation-Labs/lab5/install/pilz_industrial_motion_planner/include/pilz_industrial_motion_planner/trajectory_generator_ptp.h
[57.944s] -- Installing: /home/chathura/Documents/git-projects/Robotics-and-Automation-Labs/lab5/install/pilz_industrial_motion_planner/include/pilz_industrial_motion_planner/trajectory_generation_exceptions.h
[57.944s] -- Installing: /home/chathura/Documents/git-projects/Robotics-and-Automation-Labs/lab5/install/pilz_industrial_motion_planner/include/pilz_industrial_motion_planner/capability_names.h
[57.945s] -- Installing: /home/chathura/Documents/git-projects/Robotics-and-Automation-Labs/lab5/install/pilz_industrial_motion_planner/include/pilz_industrial_motion_planner/cartesian_limits_aggregator.h
[57.945s] -- Installing: /home/chathura/Documents/git-projects/Robotics-and-Automation-Labs/lab5/install/pilz_industrial_motion_planner/include/pilz_industrial_motion_planner/move_group_sequence_service.h
[57.945s] -- Installing: /home/chathura/Documents/git-projects/Robotics-and-Automation-Labs/lab5/install/pilz_industrial_motion_planner/include/pilz_industrial_motion_planner/joint_limits_extension.h
[57.945s] -- Installing: /home/chathura/Documents/git-projects/Robotics-and-Automation-Labs/lab5/install/pilz_industrial_motion_planner/include/pilz_industrial_motion_planner/velocity_profile_atrap.h
[57.945s] -- Installing: /home/chathura/Documents/git-projects/Robotics-and-Automation-Labs/lab5/install/pilz_industrial_motion_planner/include/pilz_industrial_motion_planner/trajectory_generator_circ.h
[57.945s] -- Installing: /home/chathura/Documents/git-projects/Robotics-and-Automation-Labs/lab5/install/pilz_industrial_motion_planner/include/pilz_industrial_motion_planner/trajectory_functions.h
[57.945s] -- Installing: /home/chathura/Documents/git-projects/Robotics-and-Automation-Labs/lab5/install/pilz_industrial_motion_planner/include/pilz_industrial_motion_planner/joint_limits_aggregator.h
[57.945s] -- Installing: /home/chathura/Documents/git-projects/Robotics-and-Automation-Labs/lab5/install/pilz_industrial_motion_planner/include/pilz_industrial_motion_planner/cartesian_trajectory_point.h
[57.945s] -- Installing: /home/chathura/Documents/git-projects/Robotics-and-Automation-Labs/lab5/install/pilz_industrial_motion_planner/include/pilz_industrial_motion_planner/cartesian_limit.h
[57.946s] -- Installing: /home/chathura/Documents/git-projects/Robotics-and-Automation-Labs/lab5/install/pilz_industrial_motion_planner/include/pilz_industrial_motion_planner/trajectory_generator.h
[57.946s] -- Installing: /home/chathura/Documents/git-projects/Robotics-and-Automation-Labs/lab5/install/pilz_industrial_motion_planner/include/pilz_industrial_motion_planner/command_list_manager.h
[57.946s] -- Installing: /home/chathura/Documents/git-projects/Robotics-and-Automation-Labs/lab5/install/pilz_industrial_motion_planner/include/pilz_industrial_motion_planner/cartesian_trajectory.h
[57.946s] -- Installing: /home/chathura/Documents/git-projects/Robotics-and-Automation-Labs/lab5/install/pilz_industrial_motion_planner/include/pilz_industrial_motion_planner/joint_limits_container.h
[57.946s] -- Installing: /home/chathura/Documents/git-projects/Robotics-and-Automation-Labs/lab5/install/pilz_industrial_motion_planner/include/pilz_industrial_motion_planner/planning_context_circ.h
[57.946s] -- Installing: /home/chathura/Documents/git-projects/Robotics-and-Automation-Labs/lab5/install/pilz_industrial_motion_planner/include/pilz_industrial_motion_planner/tip_frame_getter.h
[57.946s] -- Installing: /home/chathura/Documents/git-projects/Robotics-and-Automation-Labs/lab5/install/pilz_industrial_motion_planner/include/pilz_industrial_motion_planner/trajectory_blender_transition_window.h
[57.946s] -- Installing: /home/chathura/Documents/git-projects/Robotics-and-Automation-Labs/lab5/install/pilz_industrial_motion_planner/include/pilz_industrial_motion_planner/path_circle_generator.h
[57.947s] -- Installing: /home/chathura/Documents/git-projects/Robotics-and-Automation-Labs/lab5/install/pilz_industrial_motion_planner/include/pilz_industrial_motion_planner/pilz_industrial_motion_planner.h
[57.947s] -- Installing: /home/chathura/Documents/git-projects/Robotics-and-Automation-Labs/lab5/install/pilz_industrial_motion_planner/include/pilz_industrial_motion_planner/joint_limits_interface_extension.h
[57.947s] -- Installing: /home/chathura/Documents/git-projects/Robotics-and-Automation-Labs/lab5/install/pilz_industrial_motion_planner/include/pilz_industrial_motion_planner/plan_components_builder.h
[57.947s] -- Installing: /home/chathura/Documents/git-projects/Robotics-and-Automation-Labs/lab5/install/pilz_industrial_motion_planner/include/pilz_industrial_motion_planner/planning_context_loader.h
[57.947s] -- Installing: /home/chathura/Documents/git-projects/Robotics-and-Automation-Labs/lab5/install/pilz_industrial_motion_planner/include/pilz_industrial_motion_planner/trajectory_blend_response.h
[57.947s] -- Installing: /home/chathura/Documents/git-projects/Robotics-and-Automation-Labs/lab5/install/pilz_industrial_motion_planner/include/pilz_industrial_motion_planner/limits_container.h
[57.947s] -- Installing: /home/chathura/Documents/git-projects/Robotics-and-Automation-Labs/lab5/install/pilz_industrial_motion_planner/include/pilz_industrial_motion_planner/trajectory_blender.h
[57.947s] -- Installing: /home/chathura/Documents/git-projects/Robotics-and-Automation-Labs/lab5/install/pilz_industrial_motion_planner/include/pilz_industrial_motion_planner/trajectory_blend_request.h
[57.947s] -- Installing: /home/chathura/Documents/git-projects/Robotics-and-Automation-Labs/lab5/install/pilz_industrial_motion_planner/include/pilz_industrial_motion_planner/planning_context_lin.h
[57.948s] -- Installing: /home/chathura/Documents/git-projects/Robotics-and-Automation-Labs/lab5/install/pilz_industrial_motion_planner/include/pilz_industrial_motion_planner/trajectory_generator_lin.h
[57.948s] -- Installing: /home/chathura/Documents/git-projects/Robotics-and-Automation-Labs/lab5/install/pilz_industrial_motion_planner/include/pilz_industrial_motion_planner/planning_context_loader_circ.h
[57.948s] -- Installing: /home/chathura/Documents/git-projects/Robotics-and-Automation-Labs/lab5/install/pilz_industrial_motion_planner/include/pilz_industrial_motion_planner/planning_exceptions.h
[57.948s] -- Installing: /home/chathura/Documents/git-projects/Robotics-and-Automation-Labs/lab5/install/pilz_industrial_motion_planner/include/pilz_industrial_motion_planner/planning_context_loader_ptp.h
[57.948s] -- Installing: /home/chathura/Documents/git-projects/Robotics-and-Automation-Labs/lab5/install/pilz_industrial_motion_planner/include/pilz_industrial_motion_planner/move_group_sequence_action.h
[57.948s] -- Installing: /home/chathura/Documents/git-projects/Robotics-and-Automation-Labs/lab5/install/pilz_industrial_motion_planner/include/pilz_industrial_motion_planner/planning_context_ptp.h
[57.948s] -- Installing: /home/chathura/Documents/git-projects/Robotics-and-Automation-Labs/lab5/install/pilz_industrial_motion_planner/include/joint_limits_copy
[57.948s] -- Installing: /home/chathura/Documents/git-projects/Robotics-and-Automation-Labs/lab5/install/pilz_industrial_motion_planner/include/joint_limits_copy/joint_limits_rosparam.hpp
[57.949s] -- Installing: /home/chathura/Documents/git-projects/Robotics-and-Automation-Labs/lab5/install/pilz_industrial_motion_planner/include/joint_limits_copy/joint_limits.hpp
[57.949s] -- Installing: /home/chathura/Documents/git-projects/Robotics-and-Automation-Labs/lab5/install/pilz_industrial_motion_planner/share/pilz_industrial_motion_planner/environment/library_path.sh
[57.949s] -- Installing: /home/chathura/Documents/git-projects/Robotics-and-Automation-Labs/lab5/install/pilz_industrial_motion_planner/share/pilz_industrial_motion_planner/environment/library_path.dsv
[57.950s] -- Installing: /home/chathura/Documents/git-projects/Robotics-and-Automation-Labs/lab5/install/pilz_industrial_motion_planner/lib/pilz_industrial_motion_planner/unittest_pilz_industrial_motion_planner_direct
[57.951s] -- Set runtime path of "/home/chathura/Documents/git-projects/Robotics-and-Automation-Labs/lab5/install/pilz_industrial_motion_planner/lib/pilz_industrial_motion_planner/unittest_pilz_industrial_motion_planner_direct" to ""
[57.951s] -- Installing: /home/chathura/Documents/git-projects/Robotics-and-Automation-Labs/lab5/install/pilz_industrial_motion_planner/lib/pilz_industrial_motion_planner/unittest_velocity_profile_atrap
[57.953s] -- Set runtime path of "/home/chathura/Documents/git-projects/Robotics-and-Automation-Labs/lab5/install/pilz_industrial_motion_planner/lib/pilz_industrial_motion_planner/unittest_velocity_profile_atrap" to ""
[57.953s] -- Installing: /home/chathura/Documents/git-projects/Robotics-and-Automation-Labs/lab5/install/pilz_industrial_motion_planner/lib/pilz_industrial_motion_planner/unittest_trajectory_generator
[57.954s] -- Set runtime path of "/home/chathura/Documents/git-projects/Robotics-and-Automation-Labs/lab5/install/pilz_industrial_motion_planner/lib/pilz_industrial_motion_planner/unittest_trajectory_generator" to ""
[57.954s] -- Installing: /home/chathura/Documents/git-projects/Robotics-and-Automation-Labs/lab5/install/pilz_industrial_motion_planner/lib/pilz_industrial_motion_planner/unittest_trajectory_functions
[57.955s] -- Set runtime path of "/home/chathura/Documents/git-projects/Robotics-and-Automation-Labs/lab5/install/pilz_industrial_motion_planner/lib/pilz_industrial_motion_planner/unittest_trajectory_functions" to ""
[57.955s] -- Installing: /home/chathura/Documents/git-projects/Robotics-and-Automation-Labs/lab5/install/pilz_industrial_motion_planner/lib/pilz_industrial_motion_planner/unittest_trajectory_blender_transition_window
[57.957s] -- Set runtime path of "/home/chathura/Documents/git-projects/Robotics-and-Automation-Labs/lab5/install/pilz_industrial_motion_planner/lib/pilz_industrial_motion_planner/unittest_trajectory_blender_transition_window" to ""
[57.957s] -- Installing: /home/chathura/Documents/git-projects/Robotics-and-Automation-Labs/lab5/install/pilz_industrial_motion_planner/lib/pilz_industrial_motion_planner/unittest_trajectory_generator_common
[57.960s] -- Set runtime path of "/home/chathura/Documents/git-projects/Robotics-and-Automation-Labs/lab5/install/pilz_industrial_motion_planner/lib/pilz_industrial_motion_planner/unittest_trajectory_generator_common" to ""
[57.960s] -- Installing: /home/chathura/Documents/git-projects/Robotics-and-Automation-Labs/lab5/install/pilz_industrial_motion_planner/lib/pilz_industrial_motion_planner/unittest_trajectory_generator_circ
[57.961s] -- Set runtime path of "/home/chathura/Documents/git-projects/Robotics-and-Automation-Labs/lab5/install/pilz_industrial_motion_planner/lib/pilz_industrial_motion_planner/unittest_trajectory_generator_circ" to ""
[57.961s] -- Installing: /home/chathura/Documents/git-projects/Robotics-and-Automation-Labs/lab5/install/pilz_industrial_motion_planner/lib/pilz_industrial_motion_planner/unittest_trajectory_generator_lin
[57.963s] -- Set runtime path of "/home/chathura/Documents/git-projects/Robotics-and-Automation-Labs/lab5/install/pilz_industrial_motion_planner/lib/pilz_industrial_motion_planner/unittest_trajectory_generator_lin" to ""
[57.963s] -- Installing: /home/chathura/Documents/git-projects/Robotics-and-Automation-Labs/lab5/install/pilz_industrial_motion_planner/lib/pilz_industrial_motion_planner/unittest_trajectory_generator_ptp
[57.964s] -- Set runtime path of "/home/chathura/Documents/git-projects/Robotics-and-Automation-Labs/lab5/install/pilz_industrial_motion_planner/lib/pilz_industrial_motion_planner/unittest_trajectory_generator_ptp" to ""
[57.964s] -- Installing: /home/chathura/Documents/git-projects/Robotics-and-Automation-Labs/lab5/install/pilz_industrial_motion_planner/lib/pilz_industrial_motion_planner/unittest_pilz_industrial_motion_planner
[57.966s] -- Set runtime path of "/home/chathura/Documents/git-projects/Robotics-and-Automation-Labs/lab5/install/pilz_industrial_motion_planner/lib/pilz_industrial_motion_planner/unittest_pilz_industrial_motion_planner" to ""
[57.966s] -- Installing: /home/chathura/Documents/git-projects/Robotics-and-Automation-Labs/lab5/install/pilz_industrial_motion_planner/lib/pilz_industrial_motion_planner/unittest_joint_limit
[57.967s] -- Set runtime path of "/home/chathura/Documents/git-projects/Robotics-and-Automation-Labs/lab5/install/pilz_industrial_motion_planner/lib/pilz_industrial_motion_planner/unittest_joint_limit" to ""
[57.967s] -- Installing: /home/chathura/Documents/git-projects/Robotics-and-Automation-Labs/lab5/install/pilz_industrial_motion_planner/lib/pilz_industrial_motion_planner/unittest_joint_limits_aggregator
[57.968s] -- Set runtime path of "/home/chathura/Documents/git-projects/Robotics-and-Automation-Labs/lab5/install/pilz_industrial_motion_planner/lib/pilz_industrial_motion_planner/unittest_joint_limits_aggregator" to ""
[57.968s] -- Installing: /home/chathura/Documents/git-projects/Robotics-and-Automation-Labs/lab5/install/pilz_industrial_motion_planner/lib/pilz_industrial_motion_planner/unittest_joint_limits_container
[57.969s] -- Set runtime path of "/home/chathura/Documents/git-projects/Robotics-and-Automation-Labs/lab5/install/pilz_industrial_motion_planner/lib/pilz_industrial_motion_planner/unittest_joint_limits_container" to ""
[57.969s] -- Installing: /home/chathura/Documents/git-projects/Robotics-and-Automation-Labs/lab5/install/pilz_industrial_motion_planner/lib/pilz_industrial_motion_planner/unittest_joint_limits_validator
[57.970s] -- Set runtime path of "/home/chathura/Documents/git-projects/Robotics-and-Automation-Labs/lab5/install/pilz_industrial_motion_planner/lib/pilz_industrial_motion_planner/unittest_joint_limits_validator" to ""
[57.970s] -- Installing: /home/chathura/Documents/git-projects/Robotics-and-Automation-Labs/lab5/install/pilz_industrial_motion_planner/lib/pilz_industrial_motion_planner/unittest_cartesian_limits_aggregator
[57.971s] -- Set runtime path of "/home/chathura/Documents/git-projects/Robotics-and-Automation-Labs/lab5/install/pilz_industrial_motion_planner/lib/pilz_industrial_motion_planner/unittest_cartesian_limits_aggregator" to ""
[57.971s] -- Installing: /home/chathura/Documents/git-projects/Robotics-and-Automation-Labs/lab5/install/pilz_industrial_motion_planner/lib/pilz_industrial_motion_planner/unittest_planning_context_loaders
[57.973s] -- Set runtime path of "/home/chathura/Documents/git-projects/Robotics-and-Automation-Labs/lab5/install/pilz_industrial_motion_planner/lib/pilz_industrial_motion_planner/unittest_planning_context_loaders" to ""
[57.973s] -- Installing: /home/chathura/Documents/git-projects/Robotics-and-Automation-Labs/lab5/install/pilz_industrial_motion_planner/lib/pilz_industrial_motion_planner/unittest_planning_context
[57.975s] -- Set runtime path of "/home/chathura/Documents/git-projects/Robotics-and-Automation-Labs/lab5/install/pilz_industrial_motion_planner/lib/pilz_industrial_motion_planner/unittest_planning_context" to ""
[57.975s] -- Installing: /home/chathura/Documents/git-projects/Robotics-and-Automation-Labs/lab5/install/pilz_industrial_motion_planner/lib/pilz_industrial_motion_planner/unittest_get_solver_tip_frame
[57.976s] -- Set runtime path of "/home/chathura/Documents/git-projects/Robotics-and-Automation-Labs/lab5/install/pilz_industrial_motion_planner/lib/pilz_industrial_motion_planner/unittest_get_solver_tip_frame" to ""
[57.976s] -- Installing: /home/chathura/Documents/git-projects/Robotics-and-Automation-Labs/lab5/install/pilz_industrial_motion_planner/share/pilz_industrial_motion_planner/config
[57.976s] -- Installing: /home/chathura/Documents/git-projects/Robotics-and-Automation-Labs/lab5/install/pilz_industrial_motion_planner/share/pilz_industrial_motion_planner/config/unittest_trajectory_generator_ptp.yaml
[57.977s] -- Installing: /home/chathura/Documents/git-projects/Robotics-and-Automation-Labs/lab5/install/pilz_industrial_motion_planner/share/pilz_industrial_motion_planner/config/unittest_cartesian_limits_aggregator.yaml
[57.977s] -- Installing: /home/chathura/Documents/git-projects/Robotics-and-Automation-Labs/lab5/install/pilz_industrial_motion_planner/share/pilz_industrial_motion_planner/config/unittest_trajectory_generator_lin.yaml
[57.977s] -- Installing: /home/chathura/Documents/git-projects/Robotics-and-Automation-Labs/lab5/install/pilz_industrial_motion_planner/share/pilz_industrial_motion_planner/config/unittest_trajectory_functions.yaml
[57.977s] -- Installing: /home/chathura/Documents/git-projects/Robotics-and-Automation-Labs/lab5/install/pilz_industrial_motion_planner/share/pilz_industrial_motion_planner/config/unittest_trajectory_blender_transition_window.yaml
[57.978s] -- Installing: /home/chathura/Documents/git-projects/Robotics-and-Automation-Labs/lab5/install/pilz_industrial_motion_planner/share/pilz_industrial_motion_planner/config/unittest_trajectory_generator_circ.yaml
[57.978s] -- Installing: /home/chathura/Documents/git-projects/Robotics-and-Automation-Labs/lab5/install/pilz_industrial_motion_planner/share/pilz_industrial_motion_planner/config/unittest_joint_limit_config.yaml
[57.978s] -- Installing: /home/chathura/Documents/git-projects/Robotics-and-Automation-Labs/lab5/install/pilz_industrial_motion_planner/share/pilz_industrial_motion_planner/config/unittest_joint_limits_aggregator.yaml
[57.978s] -- Installing: /home/chathura/Documents/git-projects/Robotics-and-Automation-Labs/lab5/install/pilz_industrial_motion_planner/share/pilz_industrial_motion_planner/config/unittest_trajectory_generator_common.yaml
[57.978s] -- Installing: /home/chathura/Documents/git-projects/Robotics-and-Automation-Labs/lab5/install/pilz_industrial_motion_planner/share/pilz_industrial_motion_planner/launch
[57.978s] -- Installing: /home/chathura/Documents/git-projects/Robotics-and-Automation-Labs/lab5/install/pilz_industrial_motion_planner/share/pilz_industrial_motion_planner/launch/unittest_trajectory_generator_circ.test.py
[57.979s] -- Installing: /home/chathura/Documents/git-projects/Robotics-and-Automation-Labs/lab5/install/pilz_industrial_motion_planner/share/pilz_industrial_motion_planner/launch/unittest_trajectory_functions.test.py
[57.979s] -- Installing: /home/chathura/Documents/git-projects/Robotics-and-Automation-Labs/lab5/install/pilz_industrial_motion_planner/share/pilz_industrial_motion_planner/launch/unittest_cartesian_limits_aggregator.test.py
[57.979s] -- Installing: /home/chathura/Documents/git-projects/Robotics-and-Automation-Labs/lab5/install/pilz_industrial_motion_planner/share/pilz_industrial_motion_planner/launch/unittest_trajectory_blender_transition_window.test.py
[57.979s] -- Installing: /home/chathura/Documents/git-projects/Robotics-and-Automation-Labs/lab5/install/pilz_industrial_motion_planner/share/pilz_industrial_motion_planner/launch/unittest_trajectory_generator_lin.test.py
[57.980s] -- Installing: /home/chathura/Documents/git-projects/Robotics-and-Automation-Labs/lab5/install/pilz_industrial_motion_planner/share/pilz_industrial_motion_planner/launch/unittest_planning_context_loaders.test.py
[57.980s] -- Installing: /home/chathura/Documents/git-projects/Robotics-and-Automation-Labs/lab5/install/pilz_industrial_motion_planner/share/pilz_industrial_motion_planner/launch/unittest_joint_limits_aggregator.test.py
[57.980s] -- Installing: /home/chathura/Documents/git-projects/Robotics-and-Automation-Labs/lab5/install/pilz_industrial_motion_planner/share/pilz_industrial_motion_planner/launch/unittest_pilz_industrial_motion_planner.test.py
[57.980s] -- Installing: /home/chathura/Documents/git-projects/Robotics-and-Automation-Labs/lab5/install/pilz_industrial_motion_planner/share/pilz_industrial_motion_planner/launch/common_parameters.py
[57.980s] -- Installing: /home/chathura/Documents/git-projects/Robotics-and-Automation-Labs/lab5/install/pilz_industrial_motion_planner/share/pilz_industrial_motion_planner/launch/unittest_joint_limit.test.py
[57.981s] -- Installing: /home/chathura/Documents/git-projects/Robotics-and-Automation-Labs/lab5/install/pilz_industrial_motion_planner/share/pilz_industrial_motion_planner/launch/unittest_planning_context.test.py
[57.981s] -- Installing: /home/chathura/Documents/git-projects/Robotics-and-Automation-Labs/lab5/install/pilz_industrial_motion_planner/share/pilz_industrial_motion_planner/launch/unittest_trajectory_generator_common.test.py
[57.981s] -- Installing: /home/chathura/Documents/git-projects/Robotics-and-Automation-Labs/lab5/install/pilz_industrial_motion_planner/share/pilz_industrial_motion_planner/launch/unittest_trajectory_generator_ptp.test.py
[57.981s] -- Installing: /home/chathura/Documents/git-projects/Robotics-and-Automation-Labs/lab5/install/pilz_industrial_motion_planner/share/pilz_industrial_motion_planner/test_data
[57.981s] -- Installing: /home/chathura/Documents/git-projects/Robotics-and-Automation-Labs/lab5/install/pilz_industrial_motion_planner/share/pilz_industrial_motion_planner/test_data/concept_testdata.odp
[57.982s] -- Installing: /home/chathura/Documents/git-projects/Robotics-and-Automation-Labs/lab5/install/pilz_industrial_motion_planner/share/pilz_industrial_motion_planner/test_data/testpoints.py
[57.982s] -- Installing: /home/chathura/Documents/git-projects/Robotics-and-Automation-Labs/lab5/install/pilz_industrial_motion_planner/share/pilz_industrial_motion_planner/test_data/prbt
[57.982s] -- Installing: /home/chathura/Documents/git-projects/Robotics-and-Automation-Labs/lab5/install/pilz_industrial_motion_planner/share/pilz_industrial_motion_planner/test_data/prbt/testdata_deprecated.xml
[57.982s] -- Installing: /home/chathura/Documents/git-projects/Robotics-and-Automation-Labs/lab5/install/pilz_industrial_motion_planner/share/pilz_industrial_motion_planner/test_data/prbt/testdata_with_gripper.xml
[57.983s] -- Installing: /home/chathura/Documents/git-projects/Robotics-and-Automation-Labs/lab5/install/pilz_industrial_motion_planner/share/pilz_industrial_motion_planner/test_data/prbt/testdata_sequence.xml
[57.983s] -- Installing: /home/chathura/Documents/git-projects/Robotics-and-Automation-Labs/lab5/install/pilz_industrial_motion_planner/share/pilz_industrial_motion_planner/test_data/concept_testdata.png
[57.984s] -- Installing: /home/chathura/Documents/git-projects/Robotics-and-Automation-Labs/lab5/install/pilz_industrial_motion_planner/share/pilz_industrial_motion_planner/test_data/frankaemika_panda
[57.984s] -- Installing: /home/chathura/Documents/git-projects/Robotics-and-Automation-Labs/lab5/install/pilz_industrial_motion_planner/share/pilz_industrial_motion_planner/test_data/frankaemika_panda/testdata_sequence.xml
[57.984s] -- Installing: /home/chathura/Documents/git-projects/Robotics-and-Automation-Labs/lab5/install/pilz_industrial_motion_planner/share/ament_index/resource_index/package_run_dependencies/pilz_industrial_motion_planner
[57.984s] -- Installing: /home/chathura/Documents/git-projects/Robotics-and-Automation-Labs/lab5/install/pilz_industrial_motion_planner/share/ament_index/resource_index/parent_prefix_path/pilz_industrial_motion_planner
[57.984s] -- Installing: /home/chathura/Documents/git-projects/Robotics-and-Automation-Labs/lab5/install/pilz_industrial_motion_planner/share/pilz_industrial_motion_planner/environment/ament_prefix_path.sh
[57.985s] -- Installing: /home/chathura/Documents/git-projects/Robotics-and-Automation-Labs/lab5/install/pilz_industrial_motion_planner/share/pilz_industrial_motion_planner/environment/ament_prefix_path.dsv
[57.985s] -- Installing: /home/chathura/Documents/git-projects/Robotics-and-Automation-Labs/lab5/install/pilz_industrial_motion_planner/share/pilz_industrial_motion_planner/environment/path.sh
[57.985s] -- Installing: /home/chathura/Documents/git-projects/Robotics-and-Automation-Labs/lab5/install/pilz_industrial_motion_planner/share/pilz_industrial_motion_planner/environment/path.dsv
[57.985s] -- Installing: /home/chathura/Documents/git-projects/Robotics-and-Automation-Labs/lab5/install/pilz_industrial_motion_planner/share/pilz_industrial_motion_planner/local_setup.bash
[57.985s] -- Installing: /home/chathura/Documents/git-projects/Robotics-and-Automation-Labs/lab5/install/pilz_industrial_motion_planner/share/pilz_industrial_motion_planner/local_setup.sh
[57.985s] -- Installing: /home/chathura/Documents/git-projects/Robotics-and-Automation-Labs/lab5/install/pilz_industrial_motion_planner/share/pilz_industrial_motion_planner/local_setup.zsh
[57.985s] -- Installing: /home/chathura/Documents/git-projects/Robotics-and-Automation-Labs/lab5/install/pilz_industrial_motion_planner/share/pilz_industrial_motion_planner/local_setup.dsv
[57.986s] -- Installing: /home/chathura/Documents/git-projects/Robotics-and-Automation-Labs/lab5/install/pilz_industrial_motion_planner/share/pilz_industrial_motion_planner/package.dsv
[57.986s] -- Installing: /home/chathura/Documents/git-projects/Robotics-and-Automation-Labs/lab5/install/pilz_industrial_motion_planner/share/ament_index/resource_index/packages/pilz_industrial_motion_planner
[57.986s] -- Installing: /home/chathura/Documents/git-projects/Robotics-and-Automation-Labs/lab5/install/pilz_industrial_motion_planner/share/ament_index/resource_index/moveit_core__pluginlib__plugin/pilz_industrial_motion_planner
[57.986s] -- Installing: /home/chathura/Documents/git-projects/Robotics-and-Automation-Labs/lab5/install/pilz_industrial_motion_planner/share/ament_index/resource_index/moveit_ros_move_group__pluginlib__plugin/pilz_industrial_motion_planner
[57.986s] -- Installing: /home/chathura/Documents/git-projects/Robotics-and-Automation-Labs/lab5/install/pilz_industrial_motion_planner/share/ament_index/resource_index/pilz_industrial_motion_planner__pluginlib__plugin/pilz_industrial_motion_planner
[57.987s] -- Installing: /home/chathura/Documents/git-projects/Robotics-and-Automation-Labs/lab5/install/pilz_industrial_motion_planner/share/pilz_industrial_motion_planner/cmake/pilz_industrial_motion_plannerTargetsExport.cmake
[57.987s] -- Installing: /home/chathura/Documents/git-projects/Robotics-and-Automation-Labs/lab5/install/pilz_industrial_motion_planner/share/pilz_industrial_motion_planner/cmake/pilz_industrial_motion_plannerTargetsExport-release.cmake
[57.987s] -- Installing: /home/chathura/Documents/git-projects/Robotics-and-Automation-Labs/lab5/install/pilz_industrial_motion_planner/share/pilz_industrial_motion_planner/cmake/ament_cmake_export_include_directories-extras.cmake
[57.987s] -- Installing: /home/chathura/Documents/git-projects/Robotics-and-Automation-Labs/lab5/install/pilz_industrial_motion_planner/share/pilz_industrial_motion_planner/cmake/ament_cmake_export_targets-extras.cmake
[57.987s] -- Installing: /home/chathura/Documents/git-projects/Robotics-and-Automation-Labs/lab5/install/pilz_industrial_motion_planner/share/pilz_industrial_motion_planner/cmake/ament_cmake_export_dependencies-extras.cmake
[57.987s] -- Installing: /home/chathura/Documents/git-projects/Robotics-and-Automation-Labs/lab5/install/pilz_industrial_motion_planner/share/pilz_industrial_motion_planner/cmake/pilz_industrial_motion_plannerConfig.cmake
[57.988s] -- Installing: /home/chathura/Documents/git-projects/Robotics-and-Automation-Labs/lab5/install/pilz_industrial_motion_planner/share/pilz_industrial_motion_planner/cmake/pilz_industrial_motion_plannerConfig-version.cmake
[57.988s] -- Installing: /home/chathura/Documents/git-projects/Robotics-and-Automation-Labs/lab5/install/pilz_industrial_motion_planner/share/pilz_industrial_motion_planner/package.xml
[57.990s] Invoked command in '/home/chathura/Documents/git-projects/Robotics-and-Automation-Labs/lab5/build/pilz_industrial_motion_planner' returned '0': AMENT_PREFIX_PATH=/home/chathura/Documents/git-projects/Robotics-and-Automation-Labs/lab5/install/moveit_resources_prbt_pg70_support:/home/chathura/Documents/git-projects/Robotics-and-Automation-Labs/lab5/install/moveit_ros_planning_interface:/home/chathura/Documents/git-projects/Robotics-and-Automation-Labs/lab5/install/moveit_resources_prbt_moveit_config:/home/chathura/Documents/git-projects/Robotics-and-Automation-Labs/lab5/install/moveit_ros_move_group:/home/chathura/Documents/git-projects/Robotics-and-Automation-Labs/lab5/install/moveit_ros_warehouse:/home/chathura/Documents/git-projects/Robotics-and-Automation-Labs/lab5/install/moveit_kinematics:/home/chathura/Documents/git-projects/Robotics-and-Automation-Labs/lab5/install/moveit_ros_planning:/home/chathura/Documents/git-projects/Robotics-and-Automation-Labs/lab5/install/pilz_industrial_motion_planner_testutils:/home/chathura/Documents/git-projects/Robotics-and-Automation-Labs/lab5/install/moveit_ros_occupancy_map_monitor:/home/chathura/Documents/git-projects/Robotics-and-Automation-Labs/lab5/install/moveit_resources_prbt_ikfast_manipulator_plugin:/home/chathura/Documents/git-projects/Robotics-and-Automation-Labs/lab5/install/moveit_core:/home/chathura/Documents/git-projects/Robotics-and-Automation-Labs/lab5/install/moveit_resources_panda_moveit_config:/home/chathura/Documents/git-projects/Robotics-and-Automation-Labs/lab5/install/moveit_configs_utils:/home/chathura/Documents/git-projects/Robotics-and-Automation-Labs/lab5/install/srdfdom:/home/chathura/Documents/git-projects/Robotics-and-Automation-Labs/lab5/install/moveit_resources_prbt_support:/home/chathura/Documents/git-projects/Robotics-and-Automation-Labs/lab5/install/moveit_resources_panda_description:/home/chathura/Documents/git-projects/Robotics-and-Automation-Labs/lab5/install/moveit_common:/home/chathura/Documents/git-projects/Robotics-and-Automation-Labs/lab5/install/launch_param_builder:${AMENT_PREFIX_PATH} CMAKE_PREFIX_PATH=/home/chathura/Documents/git-projects/Robotics-and-Automation-Labs/lab5/install/moveit_resources_prbt_pg70_support:/home/chathura/Documents/git-projects/Robotics-and-Automation-Labs/lab5/install/moveit_ros_planning_interface:/home/chathura/Documents/git-projects/Robotics-and-Automation-Labs/lab5/install/moveit_resources_prbt_moveit_config:/home/chathura/Documents/git-projects/Robotics-and-Automation-Labs/lab5/install/moveit_ros_move_group:/home/chathura/Documents/git-projects/Robotics-and-Automation-Labs/lab5/install/moveit_ros_warehouse:/home/chathura/Documents/git-projects/Robotics-and-Automation-Labs/lab5/install/moveit_kinematics:/home/chathura/Documents/git-projects/Robotics-and-Automation-Labs/lab5/install/moveit_ros_planning:/home/chathura/Documents/git-projects/Robotics-and-Automation-Labs/lab5/install/pilz_industrial_motion_planner_testutils:/home/chathura/Documents/git-projects/Robotics-and-Automation-Labs/lab5/install/moveit_ros_occupancy_map_monitor:/home/chathura/Documents/git-projects/Robotics-and-Automation-Labs/lab5/install/moveit_resources_prbt_ikfast_manipulator_plugin:/home/chathura/Documents/git-projects/Robotics-and-Automation-Labs/lab5/install/moveit_core:/home/chathura/Documents/git-projects/Robotics-and-Automation-Labs/lab5/install/moveit_resources_panda_moveit_config:/home/chathura/Documents/git-projects/Robotics-and-Automation-Labs/lab5/install/srdfdom:/home/chathura/Documents/git-projects/Robotics-and-Automation-Labs/lab5/install/moveit_resources_prbt_support:/home/chathura/Documents/git-projects/Robotics-and-Automation-Labs/lab5/install/moveit_resources_panda_description:/home/chathura/Documents/git-projects/Robotics-and-Automation-Labs/lab5/install/moveit_common:/opt/ros/humble LD_LIBRARY_PATH=/home/chathura/Documents/git-projects/Robotics-and-Automation-Labs/lab5/install/moveit_ros_planning_interface/lib:/home/chathura/Documents/git-projects/Robotics-and-Automation-Labs/lab5/install/moveit_ros_move_group/lib:/home/chathura/Documents/git-projects/Robotics-and-Automation-Labs/lab5/install/moveit_ros_warehouse/lib:/home/chathura/Documents/git-projects/Robotics-and-Automation-Labs/lab5/install/moveit_kinematics/lib:/home/chathura/Documents/git-projects/Robotics-and-Automation-Labs/lab5/install/moveit_ros_planning/lib:/home/chathura/Documents/git-projects/Robotics-and-Automation-Labs/lab5/install/pilz_industrial_motion_planner_testutils/lib:/home/chathura/Documents/git-projects/Robotics-and-Automation-Labs/lab5/install/moveit_ros_occupancy_map_monitor/lib:/home/chathura/Documents/git-projects/Robotics-and-Automation-Labs/lab5/install/moveit_resources_prbt_ikfast_manipulator_plugin/lib:/home/chathura/Documents/git-projects/Robotics-and-Automation-Labs/lab5/install/moveit_core/lib:/home/chathura/Documents/git-projects/Robotics-and-Automation-Labs/lab5/install/srdfdom/lib:${LD_LIBRARY_PATH} PATH=/home/chathura/Documents/git-projects/Robotics-and-Automation-Labs/lab5/install/moveit_core/bin:${PATH} PYTHONPATH=/home/chathura/Documents/git-projects/Robotics-and-Automation-Labs/lab5/install/moveit_configs_utils/lib/python3.10/site-packages:/home/chathura/Documents/git-projects/Robotics-and-Automation-Labs/lab5/install/srdfdom/local/lib/python3.10/dist-packages:/home/chathura/Documents/git-projects/Robotics-and-Automation-Labs/lab5/install/launch_param_builder/lib/python3.10/site-packages:${PYTHONPATH} /usr/bin/cmake --install /home/chathura/Documents/git-projects/Robotics-and-Automation-Labs/lab5/build/pilz_industrial_motion_planner
