[0.866s] DEBUG:colcon:Command line arguments: ['/usr/bin/colcon', 'build']
[0.866s] DEBUG:colcon:Parsed command line arguments: Namespace(log_base=None, log_level=None, verb_name='build', build_base='build', install_base='install', merge_install=False, symlink_install=False, test_result_base=None, continue_on_error=False, executor='parallel', parallel_workers=16, event_handlers=None, ignore_user_meta=False, metas=['./colcon.meta'], base_paths=['.'], packages_ignore=None, packages_ignore_regex=None, paths=None, packages_up_to=None, packages_up_to_regex=None, packages_above=None, packages_above_and_dependencies=None, packages_above_depth=None, packages_select_by_dep=None, packages_skip_by_dep=None, packages_skip_up_to=None, packages_select_build_failed=False, packages_skip_build_finished=False, packages_select_test_failures=False, packages_skip_test_passed=False, packages_select=None, packages_skip=None, packages_select_regex=None, packages_skip_regex=None, packages_start=None, packages_end=None, allow_overriding=[], cmake_args=None, cmake_target=None, cmake_target_skip_unavailable=False, cmake_clean_cache=False, cmake_clean_first=False, cmake_force_configure=False, ament_cmake_args=None, catkin_cmake_args=None, catkin_skip_building_tests=False, verb_parser=<colcon_defaults.argument_parser.defaults.DefaultArgumentsDecorator object at 0x7f38091a5a20>, verb_extension=<colcon_core.verb.build.BuildVerb object at 0x7f38095c0910>, main=<bound method BuildVerb.main of <colcon_core.verb.build.BuildVerb object at 0x7f38095c0910>>)
[0.905s] Level 1:colcon.colcon_core.package_discovery:discover_packages(colcon_meta) check parameters
[0.905s] Level 1:colcon.colcon_core.package_discovery:discover_packages(recursive) check parameters
[0.905s] Level 1:colcon.colcon_core.package_discovery:discover_packages(ignore) check parameters
[0.905s] Level 1:colcon.colcon_core.package_discovery:discover_packages(path) check parameters
[0.905s] Level 1:colcon.colcon_core.package_discovery:discover_packages(colcon_meta) discover
[0.905s] Level 1:colcon.colcon_core.package_discovery:discover_packages(recursive) discover
[0.905s] INFO:colcon.colcon_core.package_discovery:Crawling recursively for packages in '/home/chathura/Documents/Git Projects/Robotics-and-Automation-Labs/lab4/timeTravel/part2/src/broadcaster_listener'
[0.905s] Level 1:colcon.colcon_core.package_identification:_identify(.) by extensions ['ignore', 'ignore_ament_install']
[0.905s] Level 1:colcon.colcon_core.package_identification:_identify(.) by extension 'ignore'
[0.905s] Level 1:colcon.colcon_core.package_identification:_identify(.) by extension 'ignore_ament_install'
[0.905s] Level 1:colcon.colcon_core.package_identification:_identify(.) by extensions ['colcon_pkg']
[0.905s] Level 1:colcon.colcon_core.package_identification:_identify(.) by extension 'colcon_pkg'
[0.905s] Level 1:colcon.colcon_core.package_identification:_identify(.) by extensions ['colcon_meta']
[0.905s] Level 1:colcon.colcon_core.package_identification:_identify(.) by extension 'colcon_meta'
[0.905s] Level 1:colcon.colcon_core.package_identification:_identify(.) by extensions ['ros']
[0.905s] Level 1:colcon.colcon_core.package_identification:_identify(.) by extension 'ros'
[0.915s] DEBUG:colcon.colcon_core.package_identification:Package '.' with type 'ros.ament_python' and name 'broadcaster_listener'
[0.915s] Level 1:colcon.colcon_core.package_discovery:discover_packages(recursive) using defaults
[0.915s] Level 1:colcon.colcon_core.package_discovery:discover_packages(ignore) discover
[0.915s] Level 1:colcon.colcon_core.package_discovery:discover_packages(ignore) using defaults
[0.915s] Level 1:colcon.colcon_core.package_discovery:discover_packages(path) discover
[0.915s] Level 1:colcon.colcon_core.package_discovery:discover_packages(path) using defaults
[0.989s] Level 1:colcon.colcon_core.package_discovery:discover_packages(prefix_path) check parameters
[0.989s] Level 1:colcon.colcon_core.package_discovery:discover_packages(prefix_path) discover
[1.014s] DEBUG:colcon.colcon_installed_package_information.package_discovery:Found 296 installed packages in /opt/ros/iron
[1.015s] Level 1:colcon.colcon_core.package_discovery:discover_packages(prefix_path) using defaults
[1.083s] Level 5:colcon.colcon_core.verb:set package 'broadcaster_listener' build argument 'cmake_args' from command line to 'None'
[1.083s] Level 5:colcon.colcon_core.verb:set package 'broadcaster_listener' build argument 'cmake_target' from command line to 'None'
[1.083s] Level 5:colcon.colcon_core.verb:set package 'broadcaster_listener' build argument 'cmake_target_skip_unavailable' from command line to 'False'
[1.083s] Level 5:colcon.colcon_core.verb:set package 'broadcaster_listener' build argument 'cmake_clean_cache' from command line to 'False'
[1.083s] Level 5:colcon.colcon_core.verb:set package 'broadcaster_listener' build argument 'cmake_clean_first' from command line to 'False'
[1.083s] Level 5:colcon.colcon_core.verb:set package 'broadcaster_listener' build argument 'cmake_force_configure' from command line to 'False'
[1.083s] Level 5:colcon.colcon_core.verb:set package 'broadcaster_listener' build argument 'ament_cmake_args' from command line to 'None'
[1.083s] Level 5:colcon.colcon_core.verb:set package 'broadcaster_listener' build argument 'catkin_cmake_args' from command line to 'None'
[1.083s] Level 5:colcon.colcon_core.verb:set package 'broadcaster_listener' build argument 'catkin_skip_building_tests' from command line to 'False'
[1.083s] DEBUG:colcon.colcon_core.verb:Building package 'broadcaster_listener' with the following arguments: {'ament_cmake_args': None, 'build_base': '/home/chathura/Documents/Git Projects/Robotics-and-Automation-Labs/lab4/timeTravel/part2/src/broadcaster_listener/build/broadcaster_listener', 'catkin_cmake_args': None, 'catkin_skip_building_tests': False, 'cmake_args': None, 'cmake_clean_cache': False, 'cmake_clean_first': False, 'cmake_force_configure': False, 'cmake_target': None, 'cmake_target_skip_unavailable': False, 'install_base': '/home/chathura/Documents/Git Projects/Robotics-and-Automation-Labs/lab4/timeTravel/part2/src/broadcaster_listener/install/broadcaster_listener', 'merge_install': False, 'path': '/home/chathura/Documents/Git Projects/Robotics-and-Automation-Labs/lab4/timeTravel/part2/src/broadcaster_listener', 'symlink_install': False, 'test_result_base': None}
[1.095s] INFO:colcon.colcon_core.executor:Executing jobs using 'parallel' executor
[1.107s] DEBUG:colcon.colcon_parallel_executor.executor.parallel:run_until_complete
[1.107s] INFO:colcon.colcon_ros.task.ament_python.build:Building ROS package in '/home/chathura/Documents/Git Projects/Robotics-and-Automation-Labs/lab4/timeTravel/part2/src/broadcaster_listener' with build type 'ament_python'
[1.107s] Level 1:colcon.colcon_core.shell:create_environment_hook('broadcaster_listener', 'ament_prefix_path')
[1.121s] INFO:colcon.colcon_core.plugin_system:Skipping extension 'colcon_core.shell.bat': Not used on non-Windows systems
[1.121s] INFO:colcon.colcon_core.shell:Creating environment hook '/home/chathura/Documents/Git Projects/Robotics-and-Automation-Labs/lab4/timeTravel/part2/src/broadcaster_listener/install/broadcaster_listener/share/broadcaster_listener/hook/ament_prefix_path.ps1'
[1.122s] INFO:colcon.colcon_core.shell:Creating environment descriptor '/home/chathura/Documents/Git Projects/Robotics-and-Automation-Labs/lab4/timeTravel/part2/src/broadcaster_listener/install/broadcaster_listener/share/broadcaster_listener/hook/ament_prefix_path.dsv'
[1.122s] INFO:colcon.colcon_core.shell:Creating environment hook '/home/chathura/Documents/Git Projects/Robotics-and-Automation-Labs/lab4/timeTravel/part2/src/broadcaster_listener/install/broadcaster_listener/share/broadcaster_listener/hook/ament_prefix_path.sh'
[1.134s] INFO:colcon.colcon_core.shell:Skip shell extension 'powershell' for command environment: Not usable outside of PowerShell
[1.134s] DEBUG:colcon.colcon_core.shell:Skip shell extension 'dsv' for command environment
[1.359s] INFO:colcon.colcon_core.task.python.build:Building Python package in '/home/chathura/Documents/Git Projects/Robotics-and-Automation-Labs/lab4/timeTravel/part2/src/broadcaster_listener'
[1.370s] INFO:colcon.colcon_core.shell:Skip shell extension 'powershell' for command environment: Not usable outside of PowerShell
[1.370s] DEBUG:colcon.colcon_core.shell:Skip shell extension 'dsv' for command environment
[1.646s] DEBUG:colcon.colcon_core.event_handler.log_command:Invoking command in '/home/chathura/Documents/Git Projects/Robotics-and-Automation-Labs/lab4/timeTravel/part2/src/broadcaster_listener': PYTHONPATH=/home/chathura/Documents/Git Projects/Robotics-and-Automation-Labs/lab4/timeTravel/part2/src/broadcaster_listener/build/broadcaster_listener/prefix_override:/home/chathura/Documents/Git Projects/Robotics-and-Automation-Labs/lab4/timeTravel/part2/src/broadcaster_listener/install/broadcaster_listener/lib/python3.10/site-packages:${PYTHONPATH} /usr/bin/python3 setup.py egg_info --egg-base build/broadcaster_listener build --build-base /home/chathura/Documents/Git Projects/Robotics-and-Automation-Labs/lab4/timeTravel/part2/src/broadcaster_listener/build/broadcaster_listener/build install --record /home/chathura/Documents/Git Projects/Robotics-and-Automation-Labs/lab4/timeTravel/part2/src/broadcaster_listener/build/broadcaster_listener/install.log --single-version-externally-managed
[1.872s] DEBUG:colcon.colcon_core.event_handler.log_command:Invoked command in '/home/chathura/Documents/Git Projects/Robotics-and-Automation-Labs/lab4/timeTravel/part2/src/broadcaster_listener' returned '0': PYTHONPATH=/home/chathura/Documents/Git Projects/Robotics-and-Automation-Labs/lab4/timeTravel/part2/src/broadcaster_listener/build/broadcaster_listener/prefix_override:/home/chathura/Documents/Git Projects/Robotics-and-Automation-Labs/lab4/timeTravel/part2/src/broadcaster_listener/install/broadcaster_listener/lib/python3.10/site-packages:${PYTHONPATH} /usr/bin/python3 setup.py egg_info --egg-base build/broadcaster_listener build --build-base /home/chathura/Documents/Git Projects/Robotics-and-Automation-Labs/lab4/timeTravel/part2/src/broadcaster_listener/build/broadcaster_listener/build install --record /home/chathura/Documents/Git Projects/Robotics-and-Automation-Labs/lab4/timeTravel/part2/src/broadcaster_listener/build/broadcaster_listener/install.log --single-version-externally-managed
[1.886s] Level 1:colcon.colcon_core.environment:checking '/home/chathura/Documents/Git Projects/Robotics-and-Automation-Labs/lab4/timeTravel/part2/src/broadcaster_listener/install/broadcaster_listener' for CMake module files
[1.887s] Level 1:colcon.colcon_core.environment:checking '/home/chathura/Documents/Git Projects/Robotics-and-Automation-Labs/lab4/timeTravel/part2/src/broadcaster_listener/install/broadcaster_listener' for CMake config files
[1.887s] Level 1:colcon.colcon_core.environment:checking '/home/chathura/Documents/Git Projects/Robotics-and-Automation-Labs/lab4/timeTravel/part2/src/broadcaster_listener/install/broadcaster_listener/lib'
[1.887s] Level 1:colcon.colcon_core.environment:checking '/home/chathura/Documents/Git Projects/Robotics-and-Automation-Labs/lab4/timeTravel/part2/src/broadcaster_listener/install/broadcaster_listener/bin'
[1.887s] Level 1:colcon.colcon_core.environment:checking '/home/chathura/Documents/Git Projects/Robotics-and-Automation-Labs/lab4/timeTravel/part2/src/broadcaster_listener/install/broadcaster_listener/lib/pkgconfig/broadcaster_listener.pc'
[1.888s] Level 1:colcon.colcon_core.environment:checking '/home/chathura/Documents/Git Projects/Robotics-and-Automation-Labs/lab4/timeTravel/part2/src/broadcaster_listener/install/broadcaster_listener/lib/python3.10/site-packages'
[1.888s] Level 1:colcon.colcon_core.shell:create_environment_hook('broadcaster_listener', 'pythonpath')
[1.899s] INFO:colcon.colcon_core.shell:Creating environment hook '/home/chathura/Documents/Git Projects/Robotics-and-Automation-Labs/lab4/timeTravel/part2/src/broadcaster_listener/install/broadcaster_listener/share/broadcaster_listener/hook/pythonpath.ps1'
[1.899s] INFO:colcon.colcon_core.shell:Creating environment descriptor '/home/chathura/Documents/Git Projects/Robotics-and-Automation-Labs/lab4/timeTravel/part2/src/broadcaster_listener/install/broadcaster_listener/share/broadcaster_listener/hook/pythonpath.dsv'
[1.899s] INFO:colcon.colcon_core.shell:Creating environment hook '/home/chathura/Documents/Git Projects/Robotics-and-Automation-Labs/lab4/timeTravel/part2/src/broadcaster_listener/install/broadcaster_listener/share/broadcaster_listener/hook/pythonpath.sh'
[1.900s] Level 1:colcon.colcon_core.environment:checking '/home/chathura/Documents/Git Projects/Robotics-and-Automation-Labs/lab4/timeTravel/part2/src/broadcaster_listener/install/broadcaster_listener/bin'
[1.900s] Level 1:colcon.colcon_core.environment:create_environment_scripts_only(broadcaster_listener)
[1.911s] INFO:colcon.colcon_core.shell:Creating package script '/home/chathura/Documents/Git Projects/Robotics-and-Automation-Labs/lab4/timeTravel/part2/src/broadcaster_listener/install/broadcaster_listener/share/broadcaster_listener/package.ps1'
[1.912s] INFO:colcon.colcon_core.shell:Creating package descriptor '/home/chathura/Documents/Git Projects/Robotics-and-Automation-Labs/lab4/timeTravel/part2/src/broadcaster_listener/install/broadcaster_listener/share/broadcaster_listener/package.dsv'
[1.912s] INFO:colcon.colcon_core.shell:Creating package script '/home/chathura/Documents/Git Projects/Robotics-and-Automation-Labs/lab4/timeTravel/part2/src/broadcaster_listener/install/broadcaster_listener/share/broadcaster_listener/package.sh'
[1.913s] INFO:colcon.colcon_core.shell:Creating package script '/home/chathura/Documents/Git Projects/Robotics-and-Automation-Labs/lab4/timeTravel/part2/src/broadcaster_listener/install/broadcaster_listener/share/broadcaster_listener/package.bash'
[1.913s] INFO:colcon.colcon_core.shell:Creating package script '/home/chathura/Documents/Git Projects/Robotics-and-Automation-Labs/lab4/timeTravel/part2/src/broadcaster_listener/install/broadcaster_listener/share/broadcaster_listener/package.zsh'
[1.914s] Level 1:colcon.colcon_core.environment:create_file_with_runtime_dependencies(/home/chathura/Documents/Git Projects/Robotics-and-Automation-Labs/lab4/timeTravel/part2/src/broadcaster_listener/install/broadcaster_listener/share/colcon-core/packages/broadcaster_listener)
[1.914s] DEBUG:colcon.colcon_parallel_executor.executor.parallel:closing loop
[1.914s] DEBUG:colcon.colcon_parallel_executor.executor.parallel:loop closed
[1.914s] DEBUG:colcon.colcon_parallel_executor.executor.parallel:run_until_complete finished with '0'
[1.914s] DEBUG:colcon.colcon_core.event_reactor:joining thread
[1.930s] INFO:colcon.colcon_core.plugin_system:Skipping extension 'colcon_notification.desktop_notification.terminal_notifier': Not used on non-Darwin systems
[1.930s] INFO:colcon.colcon_core.plugin_system:Skipping extension 'colcon_notification.desktop_notification.win32': Not used on non-Windows systems
[1.930s] INFO:colcon.colcon_notification.desktop_notification:Sending desktop notification using 'notify2'
[1.942s] DEBUG:colcon.colcon_core.event_reactor:joined thread
[1.954s] INFO:colcon.colcon_core.shell:Creating prefix script '/home/chathura/Documents/Git Projects/Robotics-and-Automation-Labs/lab4/timeTravel/part2/src/broadcaster_listener/install/local_setup.ps1'
[1.955s] INFO:colcon.colcon_core.shell:Creating prefix util module '/home/chathura/Documents/Git Projects/Robotics-and-Automation-Labs/lab4/timeTravel/part2/src/broadcaster_listener/install/_local_setup_util_ps1.py'
[1.956s] INFO:colcon.colcon_core.shell:Creating prefix chain script '/home/chathura/Documents/Git Projects/Robotics-and-Automation-Labs/lab4/timeTravel/part2/src/broadcaster_listener/install/setup.ps1'
[1.968s] INFO:colcon.colcon_core.shell:Creating prefix script '/home/chathura/Documents/Git Projects/Robotics-and-Automation-Labs/lab4/timeTravel/part2/src/broadcaster_listener/install/local_setup.sh'
[1.968s] INFO:colcon.colcon_core.shell:Creating prefix util module '/home/chathura/Documents/Git Projects/Robotics-and-Automation-Labs/lab4/timeTravel/part2/src/broadcaster_listener/install/_local_setup_util_sh.py'
[1.969s] INFO:colcon.colcon_core.shell:Creating prefix chain script '/home/chathura/Documents/Git Projects/Robotics-and-Automation-Labs/lab4/timeTravel/part2/src/broadcaster_listener/install/setup.sh'
[1.981s] INFO:colcon.colcon_core.shell:Creating prefix script '/home/chathura/Documents/Git Projects/Robotics-and-Automation-Labs/lab4/timeTravel/part2/src/broadcaster_listener/install/local_setup.bash'
[1.981s] INFO:colcon.colcon_core.shell:Creating prefix chain script '/home/chathura/Documents/Git Projects/Robotics-and-Automation-Labs/lab4/timeTravel/part2/src/broadcaster_listener/install/setup.bash'
[1.993s] INFO:colcon.colcon_core.shell:Creating prefix script '/home/chathura/Documents/Git Projects/Robotics-and-Automation-Labs/lab4/timeTravel/part2/src/broadcaster_listener/install/local_setup.zsh'
[1.994s] INFO:colcon.colcon_core.shell:Creating prefix chain script '/home/chathura/Documents/Git Projects/Robotics-and-Automation-Labs/lab4/timeTravel/part2/src/broadcaster_listener/install/setup.zsh'
