[0.803s] Invoking command in '/home/chathura/Documents/Git Projects/Robotics-and-Automation-Labs/lab1/src/broadcaster_listener': PYTHONPATH=/home/chathura/Documents/Git Projects/Robotics-and-Automation-Labs/lab1/build/broadcaster_listener/prefix_override:/home/chathura/Documents/Git Projects/Robotics-and-Automation-Labs/lab1/install/broadcaster_listener/lib/python3.10/site-packages:${PYTHONPATH} /usr/bin/python3 setup.py egg_info --egg-base ../../build/broadcaster_listener build --build-base /home/chathura/Documents/Git Projects/Robotics-and-Automation-Labs/lab1/build/broadcaster_listener/build install --record /home/chathura/Documents/Git Projects/Robotics-and-Automation-Labs/lab1/build/broadcaster_listener/install.log --single-version-externally-managed
[1.057s] running egg_info
[1.058s] writing ../../build/broadcaster_listener/broadcaster_listener.egg-info/PKG-INFO
[1.058s] writing dependency_links to ../../build/broadcaster_listener/broadcaster_listener.egg-info/dependency_links.txt
[1.058s] writing entry points to ../../build/broadcaster_listener/broadcaster_listener.egg-info/entry_points.txt
[1.059s] writing requirements to ../../build/broadcaster_listener/broadcaster_listener.egg-info/requires.txt
[1.059s] writing top-level names to ../../build/broadcaster_listener/broadcaster_listener.egg-info/top_level.txt
[1.060s] reading manifest file '../../build/broadcaster_listener/broadcaster_listener.egg-info/SOURCES.txt'
[1.061s] adding license file 'LICENSE'
[1.062s] writing manifest file '../../build/broadcaster_listener/broadcaster_listener.egg-info/SOURCES.txt'
[1.062s] running build
[1.062s] running build_py
[1.062s] copying broadcaster_listener/dynamic_frame_tf2_broadcaster.py -> /home/chathura/Documents/Git Projects/Robotics-and-Automation-Labs/lab1/build/broadcaster_listener/build/lib/broadcaster_listener
[1.062s] running install
[1.063s] /usr/lib/python3/dist-packages/setuptools/command/install.py:34: SetuptoolsDeprecationWarning: setup.py install is deprecated. Use build and pip and other standards-based tools.
[1.063s]   warnings.warn(
[1.063s] running install_lib
[1.064s] copying /home/chathura/Documents/Git Projects/Robotics-and-Automation-Labs/lab1/build/broadcaster_listener/build/lib/broadcaster_listener/dynamic_frame_tf2_broadcaster.py -> /home/chathura/Documents/Git Projects/Robotics-and-Automation-Labs/lab1/install/broadcaster_listener/lib/python3.10/site-packages/broadcaster_listener
[1.064s] byte-compiling /home/chathura/Documents/Git Projects/Robotics-and-Automation-Labs/lab1/install/broadcaster_listener/lib/python3.10/site-packages/broadcaster_listener/dynamic_frame_tf2_broadcaster.py to dynamic_frame_tf2_broadcaster.cpython-310.pyc
[1.065s] running install_data
[1.065s] copying launch/urtle_tf2_dynamic_frame_demo.launch.py -> /home/chathura/Documents/Git Projects/Robotics-and-Automation-Labs/lab1/install/broadcaster_listener/share/broadcaster_listener/launch
[1.066s] running install_egg_info
[1.068s] removing '/home/chathura/Documents/Git Projects/Robotics-and-Automation-Labs/lab1/install/broadcaster_listener/lib/python3.10/site-packages/broadcaster_listener-0.0.0-py3.10.egg-info' (and everything under it)
[1.068s] Copying ../../build/broadcaster_listener/broadcaster_listener.egg-info to /home/chathura/Documents/Git Projects/Robotics-and-Automation-Labs/lab1/install/broadcaster_listener/lib/python3.10/site-packages/broadcaster_listener-0.0.0-py3.10.egg-info
[1.069s] running install_scripts
[1.090s] Installing fixed_frame_tf2_broadcaster script to /home/chathura/Documents/Git Projects/Robotics-and-Automation-Labs/lab1/install/broadcaster_listener/lib/broadcaster_listener
[1.090s] Installing turtle_tf2_broadcaster script to /home/chathura/Documents/Git Projects/Robotics-and-Automation-Labs/lab1/install/broadcaster_listener/lib/broadcaster_listener
[1.090s] Installing turtle_tf2_listener script to /home/chathura/Documents/Git Projects/Robotics-and-Automation-Labs/lab1/install/broadcaster_listener/lib/broadcaster_listener
[1.090s] writing list of installed files to '/home/chathura/Documents/Git Projects/Robotics-and-Automation-Labs/lab1/build/broadcaster_listener/install.log'
[1.113s] Invoked command in '/home/chathura/Documents/Git Projects/Robotics-and-Automation-Labs/lab1/src/broadcaster_listener' returned '0': PYTHONPATH=/home/chathura/Documents/Git Projects/Robotics-and-Automation-Labs/lab1/build/broadcaster_listener/prefix_override:/home/chathura/Documents/Git Projects/Robotics-and-Automation-Labs/lab1/install/broadcaster_listener/lib/python3.10/site-packages:${PYTHONPATH} /usr/bin/python3 setup.py egg_info --egg-base ../../build/broadcaster_listener build --build-base /home/chathura/Documents/Git Projects/Robotics-and-Automation-Labs/lab1/build/broadcaster_listener/build install --record /home/chathura/Documents/Git Projects/Robotics-and-Automation-Labs/lab1/build/broadcaster_listener/install.log --single-version-externally-managed
