[0.569s] Invoking command in '/home/chathura/Documents/git-projects/Robotics-and-Automation-Labs/Lab7/basic_sim/sim_robot': PYTHONPATH=/home/chathura/Documents/git-projects/Robotics-and-Automation-Labs/Lab7/basic_sim/build/sim_robot/prefix_override:/home/chathura/Documents/git-projects/Robotics-and-Automation-Labs/Lab7/basic_sim/install/sim_robot/lib/python3.10/site-packages:${PYTHONPATH} /usr/bin/python3 setup.py egg_info --egg-base ../build/sim_robot build --build-base /home/chathura/Documents/git-projects/Robotics-and-Automation-Labs/Lab7/basic_sim/build/sim_robot/build install --record /home/chathura/Documents/git-projects/Robotics-and-Automation-Labs/Lab7/basic_sim/build/sim_robot/install.log --single-version-externally-managed
[0.757s] running egg_info
[0.757s] writing ../build/sim_robot/sim_robot.egg-info/PKG-INFO
[0.758s] writing dependency_links to ../build/sim_robot/sim_robot.egg-info/dependency_links.txt
[0.758s] writing entry points to ../build/sim_robot/sim_robot.egg-info/entry_points.txt
[0.758s] writing requirements to ../build/sim_robot/sim_robot.egg-info/requires.txt
[0.758s] writing top-level names to ../build/sim_robot/sim_robot.egg-info/top_level.txt
[0.759s] reading manifest file '../build/sim_robot/sim_robot.egg-info/SOURCES.txt'
[0.759s] adding license file 'LICENSE'
[0.760s] writing manifest file '../build/sim_robot/sim_robot.egg-info/SOURCES.txt'
[0.760s] running build
[0.760s] running build_py
[0.760s] running install
[0.761s] /usr/lib/python3/dist-packages/setuptools/command/install.py:34: SetuptoolsDeprecationWarning: setup.py install is deprecated. Use build and pip and other standards-based tools.
[0.761s]   warnings.warn(
[0.761s] running install_lib
[0.762s] running install_data
[0.762s] running install_egg_info
[0.764s] removing '/home/chathura/Documents/git-projects/Robotics-and-Automation-Labs/Lab7/basic_sim/install/sim_robot/lib/python3.10/site-packages/sim_robot-0.0.0-py3.10.egg-info' (and everything under it)
[0.764s] Copying ../build/sim_robot/sim_robot.egg-info to /home/chathura/Documents/git-projects/Robotics-and-Automation-Labs/Lab7/basic_sim/install/sim_robot/lib/python3.10/site-packages/sim_robot-0.0.0-py3.10.egg-info
[0.765s] running install_scripts
[0.779s] Installing my_robot_driver script to /home/chathura/Documents/git-projects/Robotics-and-Automation-Labs/Lab7/basic_sim/install/sim_robot/lib/sim_robot
[0.779s] writing list of installed files to '/home/chathura/Documents/git-projects/Robotics-and-Automation-Labs/Lab7/basic_sim/build/sim_robot/install.log'
[0.796s] Invoked command in '/home/chathura/Documents/git-projects/Robotics-and-Automation-Labs/Lab7/basic_sim/sim_robot' returned '0': PYTHONPATH=/home/chathura/Documents/git-projects/Robotics-and-Automation-Labs/Lab7/basic_sim/build/sim_robot/prefix_override:/home/chathura/Documents/git-projects/Robotics-and-Automation-Labs/Lab7/basic_sim/install/sim_robot/lib/python3.10/site-packages:${PYTHONPATH} /usr/bin/python3 setup.py egg_info --egg-base ../build/sim_robot build --build-base /home/chathura/Documents/git-projects/Robotics-and-Automation-Labs/Lab7/basic_sim/build/sim_robot/build install --record /home/chathura/Documents/git-projects/Robotics-and-Automation-Labs/Lab7/basic_sim/build/sim_robot/install.log --single-version-externally-managed
