[0.053s] Invoking command in '/home/chathura/Documents/git-projects/Robotics-and-Automation-Labs/lab5/build/moveit_resources_prbt_support': CMAKE_PREFIX_PATH=/opt/ros/humble /usr/bin/cmake /home/chathura/Documents/git-projects/Robotics-and-Automation-Labs/lab5/src/moveit2/moveit_planners/test_configs/prbt_support -DCMAKE_BUILD_TYPE=Release -DCMAKE_INSTALL_PREFIX=/home/chathura/Documents/git-projects/Robotics-and-Automation-Labs/lab5/install/moveit_resources_prbt_support
[0.098s] -- The C compiler identification is GNU 11.4.0
[0.143s] -- The CXX compiler identification is GNU 11.4.0
[0.148s] -- Detecting C compiler ABI info
[0.206s] -- Detecting C compiler ABI info - done
[0.211s] -- Check for working C compiler: /usr/bin/cc - skipped
[0.211s] -- Detecting C compile features
[0.211s] -- Detecting C compile features - done
[0.213s] -- Detecting CXX compiler ABI info
[0.279s] -- Detecting CXX compiler ABI info - done
[0.284s] -- Check for working CXX compiler: /usr/bin/c++ - skipped
[0.284s] -- Detecting CXX compile features
[0.285s] -- Detecting CXX compile features - done
[0.287s] -- Found ament_cmake: 1.3.8 (/opt/ros/humble/share/ament_cmake/cmake)
[0.399s] -- Found Python3: /usr/bin/python3 (found version "3.10.12") found components: Interpreter 
[0.512s] -- Configuring done
[0.514s] -- Generating done
[0.514s] -- Build files have been written to: /home/chathura/Documents/git-projects/Robotics-and-Automation-Labs/lab5/build/moveit_resources_prbt_support
[0.518s] Invoked command in '/home/chathura/Documents/git-projects/Robotics-and-Automation-Labs/lab5/build/moveit_resources_prbt_support' returned '0': CMAKE_PREFIX_PATH=/opt/ros/humble /usr/bin/cmake /home/chathura/Documents/git-projects/Robotics-and-Automation-Labs/lab5/src/moveit2/moveit_planners/test_configs/prbt_support -DCMAKE_BUILD_TYPE=Release -DCMAKE_INSTALL_PREFIX=/home/chathura/Documents/git-projects/Robotics-and-Automation-Labs/lab5/install/moveit_resources_prbt_support
[0.520s] Invoking command in '/home/chathura/Documents/git-projects/Robotics-and-Automation-Labs/lab5/build/moveit_resources_prbt_support': CMAKE_PREFIX_PATH=/opt/ros/humble /usr/bin/cmake --build /home/chathura/Documents/git-projects/Robotics-and-Automation-Labs/lab5/build/moveit_resources_prbt_support -- -j16 -l16
[0.551s] Invoked command in '/home/chathura/Documents/git-projects/Robotics-and-Automation-Labs/lab5/build/moveit_resources_prbt_support' returned '0': CMAKE_PREFIX_PATH=/opt/ros/humble /usr/bin/cmake --build /home/chathura/Documents/git-projects/Robotics-and-Automation-Labs/lab5/build/moveit_resources_prbt_support -- -j16 -l16
[0.573s] Invoking command in '/home/chathura/Documents/git-projects/Robotics-and-Automation-Labs/lab5/build/moveit_resources_prbt_support': CMAKE_PREFIX_PATH=/opt/ros/humble /usr/bin/cmake --install /home/chathura/Documents/git-projects/Robotics-and-Automation-Labs/lab5/build/moveit_resources_prbt_support
[0.579s] -- Install configuration: "Release"
[0.579s] -- Installing: /home/chathura/Documents/git-projects/Robotics-and-Automation-Labs/lab5/install/moveit_resources_prbt_support/share/ament_index/resource_index/package_run_dependencies/moveit_resources_prbt_support
[0.579s] -- Installing: /home/chathura/Documents/git-projects/Robotics-and-Automation-Labs/lab5/install/moveit_resources_prbt_support/share/ament_index/resource_index/parent_prefix_path/moveit_resources_prbt_support
[0.580s] -- Installing: /home/chathura/Documents/git-projects/Robotics-and-Automation-Labs/lab5/install/moveit_resources_prbt_support/share/moveit_resources_prbt_support/environment/ament_prefix_path.sh
[0.580s] -- Installing: /home/chathura/Documents/git-projects/Robotics-and-Automation-Labs/lab5/install/moveit_resources_prbt_support/share/moveit_resources_prbt_support/environment/ament_prefix_path.dsv
[0.580s] -- Installing: /home/chathura/Documents/git-projects/Robotics-and-Automation-Labs/lab5/install/moveit_resources_prbt_support/share/moveit_resources_prbt_support/environment/path.sh
[0.580s] -- Installing: /home/chathura/Documents/git-projects/Robotics-and-Automation-Labs/lab5/install/moveit_resources_prbt_support/share/moveit_resources_prbt_support/environment/path.dsv
[0.580s] -- Installing: /home/chathura/Documents/git-projects/Robotics-and-Automation-Labs/lab5/install/moveit_resources_prbt_support/share/moveit_resources_prbt_support/local_setup.bash
[0.580s] -- Installing: /home/chathura/Documents/git-projects/Robotics-and-Automation-Labs/lab5/install/moveit_resources_prbt_support/share/moveit_resources_prbt_support/local_setup.sh
[0.581s] -- Installing: /home/chathura/Documents/git-projects/Robotics-and-Automation-Labs/lab5/install/moveit_resources_prbt_support/share/moveit_resources_prbt_support/local_setup.zsh
[0.581s] -- Installing: /home/chathura/Documents/git-projects/Robotics-and-Automation-Labs/lab5/install/moveit_resources_prbt_support/share/moveit_resources_prbt_support/local_setup.dsv
[0.581s] -- Installing: /home/chathura/Documents/git-projects/Robotics-and-Automation-Labs/lab5/install/moveit_resources_prbt_support/share/moveit_resources_prbt_support/package.dsv
[0.581s] -- Installing: /home/chathura/Documents/git-projects/Robotics-and-Automation-Labs/lab5/install/moveit_resources_prbt_support/share/ament_index/resource_index/packages/moveit_resources_prbt_support
[0.581s] -- Installing: /home/chathura/Documents/git-projects/Robotics-and-Automation-Labs/lab5/install/moveit_resources_prbt_support/share/moveit_resources_prbt_support/cmake/moveit_resources_prbt_supportConfig.cmake
[0.581s] -- Installing: /home/chathura/Documents/git-projects/Robotics-and-Automation-Labs/lab5/install/moveit_resources_prbt_support/share/moveit_resources_prbt_support/cmake/moveit_resources_prbt_supportConfig-version.cmake
[0.581s] -- Installing: /home/chathura/Documents/git-projects/Robotics-and-Automation-Labs/lab5/install/moveit_resources_prbt_support/share/moveit_resources_prbt_support/package.xml
[0.582s] -- Installing: /home/chathura/Documents/git-projects/Robotics-and-Automation-Labs/lab5/install/moveit_resources_prbt_support/share/moveit_resources_prbt_support/urdf
[0.582s] -- Installing: /home/chathura/Documents/git-projects/Robotics-and-Automation-Labs/lab5/install/moveit_resources_prbt_support/share/moveit_resources_prbt_support/urdf/prbt.xacro
[0.582s] -- Installing: /home/chathura/Documents/git-projects/Robotics-and-Automation-Labs/lab5/install/moveit_resources_prbt_support/share/moveit_resources_prbt_support/urdf/prbt_macro.xacro
[0.582s] -- Installing: /home/chathura/Documents/git-projects/Robotics-and-Automation-Labs/lab5/install/moveit_resources_prbt_support/share/moveit_resources_prbt_support/urdf/prbt.ros2_control.xacro
[0.583s] -- Installing: /home/chathura/Documents/git-projects/Robotics-and-Automation-Labs/lab5/install/moveit_resources_prbt_support/share/moveit_resources_prbt_support/urdf/simple_gripper_brackets.urdf.xacro
[0.583s] -- Installing: /home/chathura/Documents/git-projects/Robotics-and-Automation-Labs/lab5/install/moveit_resources_prbt_support/share/moveit_resources_prbt_support/meshes
[0.583s] -- Installing: /home/chathura/Documents/git-projects/Robotics-and-Automation-Labs/lab5/install/moveit_resources_prbt_support/share/moveit_resources_prbt_support/meshes/flange.dae
[0.584s] -- Installing: /home/chathura/Documents/git-projects/Robotics-and-Automation-Labs/lab5/install/moveit_resources_prbt_support/share/moveit_resources_prbt_support/meshes/foot.dae
[0.585s] -- Installing: /home/chathura/Documents/git-projects/Robotics-and-Automation-Labs/lab5/install/moveit_resources_prbt_support/share/moveit_resources_prbt_support/meshes/link_3.stl
[0.586s] -- Installing: /home/chathura/Documents/git-projects/Robotics-and-Automation-Labs/lab5/install/moveit_resources_prbt_support/share/moveit_resources_prbt_support/meshes/foot.stl
[0.586s] -- Installing: /home/chathura/Documents/git-projects/Robotics-and-Automation-Labs/lab5/install/moveit_resources_prbt_support/share/moveit_resources_prbt_support/meshes/link_5.stl
[0.586s] -- Installing: /home/chathura/Documents/git-projects/Robotics-and-Automation-Labs/lab5/install/moveit_resources_prbt_support/share/moveit_resources_prbt_support/meshes/link_4.dae
[0.588s] -- Installing: /home/chathura/Documents/git-projects/Robotics-and-Automation-Labs/lab5/install/moveit_resources_prbt_support/share/moveit_resources_prbt_support/meshes/link_4.stl
[0.588s] -- Installing: /home/chathura/Documents/git-projects/Robotics-and-Automation-Labs/lab5/install/moveit_resources_prbt_support/share/moveit_resources_prbt_support/meshes/link_2.stl
[0.589s] -- Installing: /home/chathura/Documents/git-projects/Robotics-and-Automation-Labs/lab5/install/moveit_resources_prbt_support/share/moveit_resources_prbt_support/meshes/link_5.dae
[0.590s] -- Installing: /home/chathura/Documents/git-projects/Robotics-and-Automation-Labs/lab5/install/moveit_resources_prbt_support/share/moveit_resources_prbt_support/meshes/link_1.dae
[0.591s] -- Installing: /home/chathura/Documents/git-projects/Robotics-and-Automation-Labs/lab5/install/moveit_resources_prbt_support/share/moveit_resources_prbt_support/meshes/link_2.dae
[0.594s] -- Installing: /home/chathura/Documents/git-projects/Robotics-and-Automation-Labs/lab5/install/moveit_resources_prbt_support/share/moveit_resources_prbt_support/meshes/flange.stl
[0.594s] -- Installing: /home/chathura/Documents/git-projects/Robotics-and-Automation-Labs/lab5/install/moveit_resources_prbt_support/share/moveit_resources_prbt_support/meshes/link_3.dae
[0.595s] -- Installing: /home/chathura/Documents/git-projects/Robotics-and-Automation-Labs/lab5/install/moveit_resources_prbt_support/share/moveit_resources_prbt_support/meshes/link_1.stl
[0.596s] -- Installing: /home/chathura/Documents/git-projects/Robotics-and-Automation-Labs/lab5/install/moveit_resources_prbt_support/share/moveit_resources_prbt_support/config
[0.596s] -- Installing: /home/chathura/Documents/git-projects/Robotics-and-Automation-Labs/lab5/install/moveit_resources_prbt_support/share/moveit_resources_prbt_support/config/prbt_0_1.dcf
[0.596s] -- Installing: /home/chathura/Documents/git-projects/Robotics-and-Automation-Labs/lab5/install/moveit_resources_prbt_support/share/moveit_resources_prbt_support/config/manipulator_driver.yaml
[0.597s] -- Installing: /home/chathura/Documents/git-projects/Robotics-and-Automation-Labs/lab5/install/moveit_resources_prbt_support/share/moveit_resources_prbt_support/config/manipulator_controller.yaml
[0.599s] Invoked command in '/home/chathura/Documents/git-projects/Robotics-and-Automation-Labs/lab5/build/moveit_resources_prbt_support' returned '0': CMAKE_PREFIX_PATH=/opt/ros/humble /usr/bin/cmake --install /home/chathura/Documents/git-projects/Robotics-and-Automation-Labs/lab5/build/moveit_resources_prbt_support
