[0.028s] Invoking command in '/home/tharusha/Documents/Robotics/lab08/tiago_public_ws/build/play_motion2': AMENT_PREFIX_PATH=/home/tharusha/Documents/Robotics/lab08/tiago_public_ws/install/play_motion2_msgs:/home/tharusha/Documents/Robotics/lab08/tiago_public_ws/install/launch_pal:${AMENT_PREFIX_PATH} CMAKE_PREFIX_PATH=/home/tharusha/Documents/Robotics/lab08/tiago_public_ws/install/play_motion2_msgs:/home/tharusha/lab05/install/pilz_industrial_motion_planner_testutils:/home/tharusha/lab05/install/moveit_runtime:/home/tharusha/lab05/install/moveit2_tutorials:/home/tharusha/lab05/install/moveit:/home/tharusha/lab05/install/moveit_planners:/home/tharusha/lab05/install/pilz_industrial_motion_planner:/home/tharusha/lab05/install/moveit_visual_tools:/home/tharusha/lab05/install/moveit_task_constructor_visualization:/home/tharusha/lab05/install/moveit_task_constructor_demo:/home/tharusha/lab05/install/moveit_task_constructor_capabilities:/home/tharusha/lab05/install/moveit_task_constructor_core:/home/tharusha/lab05/install/moveit_ros_control_interface:/home/tharusha/lab05/install/moveit_plugins:/home/tharusha/lab05/install/moveit_simple_controller_manager:/home/tharusha/lab05/install/moveit_setup_assistant:/home/tharusha/lab05/install/moveit_setup_srdf_plugins:/home/tharusha/lab05/install/moveit_setup_core_plugins:/home/tharusha/lab05/install/moveit_setup_controllers:/home/tharusha/lab05/install/moveit_setup_app_plugins:/home/tharusha/lab05/install/moveit_setup_framework:/home/tharusha/lab05/install/moveit_servo:/home/tharusha/lab05/install/moveit_ros:/home/tharusha/lab05/install/moveit_ros_visualization:/home/tharusha/lab05/install/moveit_hybrid_planning:/home/tharusha/lab05/install/moveit_ros_planning_interface:/home/tharusha/lab05/install/moveit_ros_benchmarks:/home/tharusha/lab05/install/moveit_ros_warehouse:/home/tharusha/lab05/install/moveit_ros_robot_interaction:/home/tharusha/lab05/install/moveit_ros_perception:/home/tharusha/lab05/install/moveit_resources_prbt_pg70_support:/home/tharusha/lab05/install/moveit_resources_prbt_moveit_config:/home/tharusha/lab05/install/moveit_ros_move_group:/home/tharusha/lab05/install/moveit_planners_ompl:/home/tharusha/lab05/install/moveit_ros_planning:/home/tharusha/lab05/install/moveit_ros_occupancy_map_monitor:/home/tharusha/lab05/install/moveit_resources_prbt_ikfast_manipulator_plugin:/home/tharusha/lab05/install/moveit_planners_chomp:/home/tharusha/lab05/install/moveit_kinematics:/home/tharusha/lab05/install/moveit_chomp_optimizer_adapter:/home/tharusha/lab05/install/chomp_motion_planner:/home/tharusha/lab05/install/moveit_core:/home/tharusha/lab05/install/srdfdom:/home/tharusha/lab05/install/rviz_marker_tools:/home/tharusha/lab05/install/rosparam_shortcuts:/home/tharusha/lab05/install/moveit_task_constructor_msgs:/home/tharusha/lab05/install/moveit_resources_prbt_support:/home/tharusha/lab05/install/moveit_resources:/home/tharusha/lab05/install/moveit_resources_pr2_description:/home/tharusha/lab05/install/moveit_resources_panda_moveit_config:/home/tharusha/lab05/install/moveit_resources_panda_description:/home/tharusha/lab05/install/moveit_resources_fanuc_moveit_config:/home/tharusha/lab05/install/moveit_resources_fanuc_description:/home/tharusha/lab05/install/moveit_common:/home/tharusha/robotics/install/launch_param_builder:/home/tharusha/robotics/install/broadcaster_listener:/home/tharusha/lab05/install/moveit_configs_utils:/home/tharusha/lab05/install/launch_param_builder:/opt/ros/humble LD_LIBRARY_PATH=/home/tharusha/Documents/Robotics/lab08/tiago_public_ws/install/play_motion2_msgs/lib:${LD_LIBRARY_PATH} PYTHONPATH=/home/tharusha/Documents/Robotics/lab08/tiago_public_ws/install/play_motion2_msgs/local/lib/python3.10/dist-packages:/home/tharusha/Documents/Robotics/lab08/tiago_public_ws/build/launch_pal:/home/tharusha/Documents/Robotics/lab08/tiago_public_ws/install/launch_pal/lib/python3.10/site-packages:${PYTHONPATH} /usr/bin/cmake /home/tharusha/Documents/Robotics/lab08/tiago_public_ws/src/play_motion2/play_motion2 -DAMENT_CMAKE_SYMLINK_INSTALL=1 -DCMAKE_INSTALL_PREFIX=/home/tharusha/Documents/Robotics/lab08/tiago_public_ws/install/play_motion2
[0.125s] -- The C compiler identification is GNU 11.4.0
[0.209s] -- The CXX compiler identification is GNU 11.4.0
[0.221s] -- Detecting C compiler ABI info
[0.351s] -- Detecting C compiler ABI info - done
[0.360s] -- Check for working C compiler: /usr/bin/cc - skipped
[0.360s] -- Detecting C compile features
[0.360s] -- Detecting C compile features - done
[0.363s] -- Detecting CXX compiler ABI info
[0.510s] -- Detecting CXX compiler ABI info - done
[0.518s] -- Check for working CXX compiler: /usr/bin/c++ - skipped
[0.518s] -- Detecting CXX compile features
[0.519s] -- Detecting CXX compile features - done
[0.530s] -- Found ament_cmake_auto: 1.3.8 (/opt/ros/humble/share/ament_cmake_auto/cmake)
[0.774s] -- Found Python3: /usr/bin/python3 (found version "3.10.12") found components: Interpreter 
[0.852s] -- Override CMake install command with custom implementation using symlinks instead of copying resources
[1.232s] -- Found rosidl_generator_c: 3.1.5 (/opt/ros/humble/share/rosidl_generator_c/cmake)
[1.255s] -- Found rosidl_adapter: 3.1.5 (/opt/ros/humble/share/rosidl_adapter/cmake)
[1.281s] -- Found rosidl_generator_cpp: 3.1.5 (/opt/ros/humble/share/rosidl_generator_cpp/cmake)
[1.315s] -- Using all available rosidl_typesupport_c: rosidl_typesupport_fastrtps_c;rosidl_typesupport_introspection_c
[1.363s] -- Using all available rosidl_typesupport_cpp: rosidl_typesupport_fastrtps_cpp;rosidl_typesupport_introspection_cpp
[2.501s] -- Found Boost: /usr/lib/x86_64-linux-gnu/cmake/Boost-1.74.0/BoostConfig.cmake (found version "1.74.0") found components: date_time filesystem program_options system thread 
[3.195s] -- Found Boost: /usr/lib/x86_64-linux-gnu/cmake/Boost-1.74.0/BoostConfig.cmake (found version "1.74.0") found components: chrono date_time filesystem iostreams program_options regex serialization system thread 
[3.350s] -- Found parameter_traits: 0.3.8 (/opt/ros/humble/share/parameter_traits/cmake)
[3.510s] -- Found rmw_implementation_cmake: 6.1.1 (/opt/ros/humble/share/rmw_implementation_cmake/cmake)
[3.523s] -- Found rmw_fastrtps_cpp: 6.2.6 (/opt/ros/humble/share/rmw_fastrtps_cpp/cmake)
[3.766s] -- Found OpenSSL: /usr/lib/x86_64-linux-gnu/libcrypto.so (found version "3.0.2")  
[3.808s] -- Found FastRTPS: /opt/ros/humble/include  
[3.890s] -- Using RMW implementation 'rmw_fastrtps_cpp' as default
[3.924s] -- Found Threads: TRUE  
[4.119s] -- Found Eigen3: TRUE (found version "3.4.0") 
[4.130s] -- Found rclcpp_lifecycle: 16.0.8 (/opt/ros/humble/share/rclcpp_lifecycle/cmake)
[4.173s] -- Found Boost: /usr/lib/x86_64-linux-gnu/cmake/Boost-1.74.0/BoostConfig.cmake (found version "1.74.0") found components: filesystem 
[4.441s] -- library: /usr/lib/x86_64-linux-gnu/libcurl.so
[4.642s] -- Ensuring Eigen3 include directory is part of orocos-kdl CMake target
[5.366s] -- Found Boost: /usr/lib/x86_64-linux-gnu/cmake/Boost-1.74.0/BoostConfig.cmake (found version "1.74.0") found components: system filesystem date_time program_options thread chrono 
[5.870s] -- Found Boost: /usr/lib/x86_64-linux-gnu/cmake/Boost-1.74.0/BoostConfig.cmake (found version "1.74.0") found components: thread system filesystem regex date_time program_options 
[6.116s] -- Found Boost: /usr/lib/x86_64-linux-gnu/cmake/Boost-1.74.0/BoostConfig.cmake (found version "1.74.0") found components: system filesystem date_time program_options thread 
[7.898s] -- Found python_cmake_module: 0.10.0 (/opt/ros/humble/share/python_cmake_module/cmake)
[7.923s] -- Found PythonInterp: /usr/bin/python3 (found suitable version "3.10.12", minimum required is "3.6") 
[7.931s] -- Found PythonLibs: /usr/lib/x86_64-linux-gnu/libpython3.10.so (found suitable version "3.10.12", minimum required is "3.5") 
[7.931s] -- Using PYTHON_EXECUTABLE: /usr/bin/python3
[7.931s] -- Using PYTHON_INCLUDE_DIRS: /usr/include/python3.10
[7.931s] -- Using PYTHON_LIBRARIES: /usr/lib/x86_64-linux-gnu/libpython3.10.so
[7.958s] -- Found PythonExtra: .so  
[8.250s] -- Found gtest sources under '/opt/ros/humble/src/gtest_vendor': C++ tests using 'Google Test' will be built
[11.824s] -- Added test 'copyright' to check source files copyright and LICENSE
[11.828s] -- Added test 'cppcheck' to perform static code analysis on C / C++ code
[11.830s] -- Configured cppcheck include dirs: /home/tharusha/Documents/Robotics/lab08/tiago_public_ws/src/play_motion2/play_motion2/include
[11.830s] -- Configured cppcheck exclude dirs and/or files: 
[11.833s] -- Added test 'cpplint' to check C / C++ code against the Google style
[11.833s] -- Configured cpplint exclude dirs and/or files: 
[11.835s] -- Added test 'flake8' to check Python code syntax and style conventions
[11.837s] -- Added test 'lint_cmake' to check CMake code style
[11.839s] -- Added test 'pep257' to check Python code against some of the docstring style conventions in PEP 257
[11.841s] -- Added test 'uncrustify' to check C / C++ code style
[11.842s] -- Configured uncrustify additional arguments: 
[11.843s] -- Added test 'xmllint' to check XML markup files
[11.848s] -- Configuring done
[12.053s] -- Generating done
[12.056s] -- Build files have been written to: /home/tharusha/Documents/Robotics/lab08/tiago_public_ws/build/play_motion2
[12.077s] Invoked command in '/home/tharusha/Documents/Robotics/lab08/tiago_public_ws/build/play_motion2' returned '0': AMENT_PREFIX_PATH=/home/tharusha/Documents/Robotics/lab08/tiago_public_ws/install/play_motion2_msgs:/home/tharusha/Documents/Robotics/lab08/tiago_public_ws/install/launch_pal:${AMENT_PREFIX_PATH} CMAKE_PREFIX_PATH=/home/tharusha/Documents/Robotics/lab08/tiago_public_ws/install/play_motion2_msgs:/home/tharusha/lab05/install/pilz_industrial_motion_planner_testutils:/home/tharusha/lab05/install/moveit_runtime:/home/tharusha/lab05/install/moveit2_tutorials:/home/tharusha/lab05/install/moveit:/home/tharusha/lab05/install/moveit_planners:/home/tharusha/lab05/install/pilz_industrial_motion_planner:/home/tharusha/lab05/install/moveit_visual_tools:/home/tharusha/lab05/install/moveit_task_constructor_visualization:/home/tharusha/lab05/install/moveit_task_constructor_demo:/home/tharusha/lab05/install/moveit_task_constructor_capabilities:/home/tharusha/lab05/install/moveit_task_constructor_core:/home/tharusha/lab05/install/moveit_ros_control_interface:/home/tharusha/lab05/install/moveit_plugins:/home/tharusha/lab05/install/moveit_simple_controller_manager:/home/tharusha/lab05/install/moveit_setup_assistant:/home/tharusha/lab05/install/moveit_setup_srdf_plugins:/home/tharusha/lab05/install/moveit_setup_core_plugins:/home/tharusha/lab05/install/moveit_setup_controllers:/home/tharusha/lab05/install/moveit_setup_app_plugins:/home/tharusha/lab05/install/moveit_setup_framework:/home/tharusha/lab05/install/moveit_servo:/home/tharusha/lab05/install/moveit_ros:/home/tharusha/lab05/install/moveit_ros_visualization:/home/tharusha/lab05/install/moveit_hybrid_planning:/home/tharusha/lab05/install/moveit_ros_planning_interface:/home/tharusha/lab05/install/moveit_ros_benchmarks:/home/tharusha/lab05/install/moveit_ros_warehouse:/home/tharusha/lab05/install/moveit_ros_robot_interaction:/home/tharusha/lab05/install/moveit_ros_perception:/home/tharusha/lab05/install/moveit_resources_prbt_pg70_support:/home/tharusha/lab05/install/moveit_resources_prbt_moveit_config:/home/tharusha/lab05/install/moveit_ros_move_group:/home/tharusha/lab05/install/moveit_planners_ompl:/home/tharusha/lab05/install/moveit_ros_planning:/home/tharusha/lab05/install/moveit_ros_occupancy_map_monitor:/home/tharusha/lab05/install/moveit_resources_prbt_ikfast_manipulator_plugin:/home/tharusha/lab05/install/moveit_planners_chomp:/home/tharusha/lab05/install/moveit_kinematics:/home/tharusha/lab05/install/moveit_chomp_optimizer_adapter:/home/tharusha/lab05/install/chomp_motion_planner:/home/tharusha/lab05/install/moveit_core:/home/tharusha/lab05/install/srdfdom:/home/tharusha/lab05/install/rviz_marker_tools:/home/tharusha/lab05/install/rosparam_shortcuts:/home/tharusha/lab05/install/moveit_task_constructor_msgs:/home/tharusha/lab05/install/moveit_resources_prbt_support:/home/tharusha/lab05/install/moveit_resources:/home/tharusha/lab05/install/moveit_resources_pr2_description:/home/tharusha/lab05/install/moveit_resources_panda_moveit_config:/home/tharusha/lab05/install/moveit_resources_panda_description:/home/tharusha/lab05/install/moveit_resources_fanuc_moveit_config:/home/tharusha/lab05/install/moveit_resources_fanuc_description:/home/tharusha/lab05/install/moveit_common:/home/tharusha/robotics/install/launch_param_builder:/home/tharusha/robotics/install/broadcaster_listener:/home/tharusha/lab05/install/moveit_configs_utils:/home/tharusha/lab05/install/launch_param_builder:/opt/ros/humble LD_LIBRARY_PATH=/home/tharusha/Documents/Robotics/lab08/tiago_public_ws/install/play_motion2_msgs/lib:${LD_LIBRARY_PATH} PYTHONPATH=/home/tharusha/Documents/Robotics/lab08/tiago_public_ws/install/play_motion2_msgs/local/lib/python3.10/dist-packages:/home/tharusha/Documents/Robotics/lab08/tiago_public_ws/build/launch_pal:/home/tharusha/Documents/Robotics/lab08/tiago_public_ws/install/launch_pal/lib/python3.10/site-packages:${PYTHONPATH} /usr/bin/cmake /home/tharusha/Documents/Robotics/lab08/tiago_public_ws/src/play_motion2/play_motion2 -DAMENT_CMAKE_SYMLINK_INSTALL=1 -DCMAKE_INSTALL_PREFIX=/home/tharusha/Documents/Robotics/lab08/tiago_public_ws/install/play_motion2
[12.081s] Invoking command in '/home/tharusha/Documents/Robotics/lab08/tiago_public_ws/build/play_motion2': AMENT_PREFIX_PATH=/home/tharusha/Documents/Robotics/lab08/tiago_public_ws/install/play_motion2_msgs:/home/tharusha/Documents/Robotics/lab08/tiago_public_ws/install/launch_pal:${AMENT_PREFIX_PATH} CMAKE_PREFIX_PATH=/home/tharusha/Documents/Robotics/lab08/tiago_public_ws/install/play_motion2_msgs:/home/tharusha/lab05/install/pilz_industrial_motion_planner_testutils:/home/tharusha/lab05/install/moveit_runtime:/home/tharusha/lab05/install/moveit2_tutorials:/home/tharusha/lab05/install/moveit:/home/tharusha/lab05/install/moveit_planners:/home/tharusha/lab05/install/pilz_industrial_motion_planner:/home/tharusha/lab05/install/moveit_visual_tools:/home/tharusha/lab05/install/moveit_task_constructor_visualization:/home/tharusha/lab05/install/moveit_task_constructor_demo:/home/tharusha/lab05/install/moveit_task_constructor_capabilities:/home/tharusha/lab05/install/moveit_task_constructor_core:/home/tharusha/lab05/install/moveit_ros_control_interface:/home/tharusha/lab05/install/moveit_plugins:/home/tharusha/lab05/install/moveit_simple_controller_manager:/home/tharusha/lab05/install/moveit_setup_assistant:/home/tharusha/lab05/install/moveit_setup_srdf_plugins:/home/tharusha/lab05/install/moveit_setup_core_plugins:/home/tharusha/lab05/install/moveit_setup_controllers:/home/tharusha/lab05/install/moveit_setup_app_plugins:/home/tharusha/lab05/install/moveit_setup_framework:/home/tharusha/lab05/install/moveit_servo:/home/tharusha/lab05/install/moveit_ros:/home/tharusha/lab05/install/moveit_ros_visualization:/home/tharusha/lab05/install/moveit_hybrid_planning:/home/tharusha/lab05/install/moveit_ros_planning_interface:/home/tharusha/lab05/install/moveit_ros_benchmarks:/home/tharusha/lab05/install/moveit_ros_warehouse:/home/tharusha/lab05/install/moveit_ros_robot_interaction:/home/tharusha/lab05/install/moveit_ros_perception:/home/tharusha/lab05/install/moveit_resources_prbt_pg70_support:/home/tharusha/lab05/install/moveit_resources_prbt_moveit_config:/home/tharusha/lab05/install/moveit_ros_move_group:/home/tharusha/lab05/install/moveit_planners_ompl:/home/tharusha/lab05/install/moveit_ros_planning:/home/tharusha/lab05/install/moveit_ros_occupancy_map_monitor:/home/tharusha/lab05/install/moveit_resources_prbt_ikfast_manipulator_plugin:/home/tharusha/lab05/install/moveit_planners_chomp:/home/tharusha/lab05/install/moveit_kinematics:/home/tharusha/lab05/install/moveit_chomp_optimizer_adapter:/home/tharusha/lab05/install/chomp_motion_planner:/home/tharusha/lab05/install/moveit_core:/home/tharusha/lab05/install/srdfdom:/home/tharusha/lab05/install/rviz_marker_tools:/home/tharusha/lab05/install/rosparam_shortcuts:/home/tharusha/lab05/install/moveit_task_constructor_msgs:/home/tharusha/lab05/install/moveit_resources_prbt_support:/home/tharusha/lab05/install/moveit_resources:/home/tharusha/lab05/install/moveit_resources_pr2_description:/home/tharusha/lab05/install/moveit_resources_panda_moveit_config:/home/tharusha/lab05/install/moveit_resources_panda_description:/home/tharusha/lab05/install/moveit_resources_fanuc_moveit_config:/home/tharusha/lab05/install/moveit_resources_fanuc_description:/home/tharusha/lab05/install/moveit_common:/home/tharusha/robotics/install/launch_param_builder:/home/tharusha/robotics/install/broadcaster_listener:/home/tharusha/lab05/install/moveit_configs_utils:/home/tharusha/lab05/install/launch_param_builder:/opt/ros/humble LD_LIBRARY_PATH=/home/tharusha/Documents/Robotics/lab08/tiago_public_ws/install/play_motion2_msgs/lib:${LD_LIBRARY_PATH} PYTHONPATH=/home/tharusha/Documents/Robotics/lab08/tiago_public_ws/install/play_motion2_msgs/local/lib/python3.10/dist-packages:/home/tharusha/Documents/Robotics/lab08/tiago_public_ws/build/launch_pal:/home/tharusha/Documents/Robotics/lab08/tiago_public_ws/install/launch_pal/lib/python3.10/site-packages:${PYTHONPATH} /usr/bin/cmake --build /home/tharusha/Documents/Robotics/lab08/tiago_public_ws/build/play_motion2 -- -j12 -l12
[12.178s] [ 11%] [32mBuilding CXX object gtest/CMakeFiles/gtest_main.dir/src/gtest_main.cc.o[0m
[12.178s] [ 11%] [32mBuilding CXX object gtest/CMakeFiles/gtest.dir/src/gtest-all.cc.o[0m
[12.180s] [ 22%] [32mBuilding CXX object CMakeFiles/play_motion2.dir/src/play_motion2/motion_loader.cpp.o[0m
[12.180s] [ 22%] [32mBuilding CXX object CMakeFiles/play_motion2.dir/src/play_motion2/play_motion2.cpp.o[0m
[12.181s] [ 27%] [32mBuilding CXX object CMakeFiles/play_motion2.dir/src/play_motion2/motion_planner.cpp.o[0m
[13.189s] [ 33%] [32m[1mLinking CXX static library libgtest_main.a[0m
[13.278s] [ 33%] Built target gtest_main
[15.664s] [ 38%] [32m[1mLinking CXX static library libgtest.a[0m
[15.775s] [ 38%] Built target gtest
[15.825s] [ 44%] [32mBuilding CXX object CMakeFiles/play_motion2_node_test.dir/test/play_motion2_node_test.cpp.o[0m
[22.014s] [ 50%] [32m[1mLinking CXX executable play_motion2_node_test[0m
[22.552s] [ 50%] Built target play_motion2_node_test
[27.710s] [ 55%] [32m[1mLinking CXX shared library libplay_motion2.so[0m
[29.372s] [ 55%] Built target play_motion2
[29.417s] [ 61%] [32mBuilding CXX object CMakeFiles/rrbot_system.dir/test/rrbot/rrbot_system.cpp.o[0m
[29.419s] [ 66%] [32mBuilding CXX object CMakeFiles/play_motion2_node.dir/src/play_motion2_main.cpp.o[0m
[30.853s] [ 72%] [32m[1mLinking CXX shared library librrbot_system.so[0m
[31.235s] [ 72%] Built target rrbot_system
[31.281s] [ 77%] [32mBuilding CXX object CMakeFiles/play_motion2_test.dir/test/play_motion2_test.cpp.o[0m
[31.284s] [ 83%] [32mBuilding CXX object CMakeFiles/motion_loader_test.dir/test/motion_loader_test.cpp.o[0m
[35.478s] [ 88%] [32m[1mLinking CXX executable motion_loader_test[0m
[37.230s] [ 94%] [32m[1mLinking CXX executable play_motion2_node[0m
[37.664s] [ 94%] Built target motion_loader_test
[38.412s] [ 94%] Built target play_motion2_node
[40.869s] [100%] [32m[1mLinking CXX executable play_motion2_test[0m
[42.546s] [100%] Built target play_motion2_test
[42.566s] Invoked command in '/home/tharusha/Documents/Robotics/lab08/tiago_public_ws/build/play_motion2' returned '0': AMENT_PREFIX_PATH=/home/tharusha/Documents/Robotics/lab08/tiago_public_ws/install/play_motion2_msgs:/home/tharusha/Documents/Robotics/lab08/tiago_public_ws/install/launch_pal:${AMENT_PREFIX_PATH} CMAKE_PREFIX_PATH=/home/tharusha/Documents/Robotics/lab08/tiago_public_ws/install/play_motion2_msgs:/home/tharusha/lab05/install/pilz_industrial_motion_planner_testutils:/home/tharusha/lab05/install/moveit_runtime:/home/tharusha/lab05/install/moveit2_tutorials:/home/tharusha/lab05/install/moveit:/home/tharusha/lab05/install/moveit_planners:/home/tharusha/lab05/install/pilz_industrial_motion_planner:/home/tharusha/lab05/install/moveit_visual_tools:/home/tharusha/lab05/install/moveit_task_constructor_visualization:/home/tharusha/lab05/install/moveit_task_constructor_demo:/home/tharusha/lab05/install/moveit_task_constructor_capabilities:/home/tharusha/lab05/install/moveit_task_constructor_core:/home/tharusha/lab05/install/moveit_ros_control_interface:/home/tharusha/lab05/install/moveit_plugins:/home/tharusha/lab05/install/moveit_simple_controller_manager:/home/tharusha/lab05/install/moveit_setup_assistant:/home/tharusha/lab05/install/moveit_setup_srdf_plugins:/home/tharusha/lab05/install/moveit_setup_core_plugins:/home/tharusha/lab05/install/moveit_setup_controllers:/home/tharusha/lab05/install/moveit_setup_app_plugins:/home/tharusha/lab05/install/moveit_setup_framework:/home/tharusha/lab05/install/moveit_servo:/home/tharusha/lab05/install/moveit_ros:/home/tharusha/lab05/install/moveit_ros_visualization:/home/tharusha/lab05/install/moveit_hybrid_planning:/home/tharusha/lab05/install/moveit_ros_planning_interface:/home/tharusha/lab05/install/moveit_ros_benchmarks:/home/tharusha/lab05/install/moveit_ros_warehouse:/home/tharusha/lab05/install/moveit_ros_robot_interaction:/home/tharusha/lab05/install/moveit_ros_perception:/home/tharusha/lab05/install/moveit_resources_prbt_pg70_support:/home/tharusha/lab05/install/moveit_resources_prbt_moveit_config:/home/tharusha/lab05/install/moveit_ros_move_group:/home/tharusha/lab05/install/moveit_planners_ompl:/home/tharusha/lab05/install/moveit_ros_planning:/home/tharusha/lab05/install/moveit_ros_occupancy_map_monitor:/home/tharusha/lab05/install/moveit_resources_prbt_ikfast_manipulator_plugin:/home/tharusha/lab05/install/moveit_planners_chomp:/home/tharusha/lab05/install/moveit_kinematics:/home/tharusha/lab05/install/moveit_chomp_optimizer_adapter:/home/tharusha/lab05/install/chomp_motion_planner:/home/tharusha/lab05/install/moveit_core:/home/tharusha/lab05/install/srdfdom:/home/tharusha/lab05/install/rviz_marker_tools:/home/tharusha/lab05/install/rosparam_shortcuts:/home/tharusha/lab05/install/moveit_task_constructor_msgs:/home/tharusha/lab05/install/moveit_resources_prbt_support:/home/tharusha/lab05/install/moveit_resources:/home/tharusha/lab05/install/moveit_resources_pr2_description:/home/tharusha/lab05/install/moveit_resources_panda_moveit_config:/home/tharusha/lab05/install/moveit_resources_panda_description:/home/tharusha/lab05/install/moveit_resources_fanuc_moveit_config:/home/tharusha/lab05/install/moveit_resources_fanuc_description:/home/tharusha/lab05/install/moveit_common:/home/tharusha/robotics/install/launch_param_builder:/home/tharusha/robotics/install/broadcaster_listener:/home/tharusha/lab05/install/moveit_configs_utils:/home/tharusha/lab05/install/launch_param_builder:/opt/ros/humble LD_LIBRARY_PATH=/home/tharusha/Documents/Robotics/lab08/tiago_public_ws/install/play_motion2_msgs/lib:${LD_LIBRARY_PATH} PYTHONPATH=/home/tharusha/Documents/Robotics/lab08/tiago_public_ws/install/play_motion2_msgs/local/lib/python3.10/dist-packages:/home/tharusha/Documents/Robotics/lab08/tiago_public_ws/build/launch_pal:/home/tharusha/Documents/Robotics/lab08/tiago_public_ws/install/launch_pal/lib/python3.10/site-packages:${PYTHONPATH} /usr/bin/cmake --build /home/tharusha/Documents/Robotics/lab08/tiago_public_ws/build/play_motion2 -- -j12 -l12
[42.697s] Invoking command in '/home/tharusha/Documents/Robotics/lab08/tiago_public_ws/build/play_motion2': AMENT_PREFIX_PATH=/home/tharusha/Documents/Robotics/lab08/tiago_public_ws/install/play_motion2_msgs:/home/tharusha/Documents/Robotics/lab08/tiago_public_ws/install/launch_pal:${AMENT_PREFIX_PATH} CMAKE_PREFIX_PATH=/home/tharusha/Documents/Robotics/lab08/tiago_public_ws/install/play_motion2_msgs:/home/tharusha/lab05/install/pilz_industrial_motion_planner_testutils:/home/tharusha/lab05/install/moveit_runtime:/home/tharusha/lab05/install/moveit2_tutorials:/home/tharusha/lab05/install/moveit:/home/tharusha/lab05/install/moveit_planners:/home/tharusha/lab05/install/pilz_industrial_motion_planner:/home/tharusha/lab05/install/moveit_visual_tools:/home/tharusha/lab05/install/moveit_task_constructor_visualization:/home/tharusha/lab05/install/moveit_task_constructor_demo:/home/tharusha/lab05/install/moveit_task_constructor_capabilities:/home/tharusha/lab05/install/moveit_task_constructor_core:/home/tharusha/lab05/install/moveit_ros_control_interface:/home/tharusha/lab05/install/moveit_plugins:/home/tharusha/lab05/install/moveit_simple_controller_manager:/home/tharusha/lab05/install/moveit_setup_assistant:/home/tharusha/lab05/install/moveit_setup_srdf_plugins:/home/tharusha/lab05/install/moveit_setup_core_plugins:/home/tharusha/lab05/install/moveit_setup_controllers:/home/tharusha/lab05/install/moveit_setup_app_plugins:/home/tharusha/lab05/install/moveit_setup_framework:/home/tharusha/lab05/install/moveit_servo:/home/tharusha/lab05/install/moveit_ros:/home/tharusha/lab05/install/moveit_ros_visualization:/home/tharusha/lab05/install/moveit_hybrid_planning:/home/tharusha/lab05/install/moveit_ros_planning_interface:/home/tharusha/lab05/install/moveit_ros_benchmarks:/home/tharusha/lab05/install/moveit_ros_warehouse:/home/tharusha/lab05/install/moveit_ros_robot_interaction:/home/tharusha/lab05/install/moveit_ros_perception:/home/tharusha/lab05/install/moveit_resources_prbt_pg70_support:/home/tharusha/lab05/install/moveit_resources_prbt_moveit_config:/home/tharusha/lab05/install/moveit_ros_move_group:/home/tharusha/lab05/install/moveit_planners_ompl:/home/tharusha/lab05/install/moveit_ros_planning:/home/tharusha/lab05/install/moveit_ros_occupancy_map_monitor:/home/tharusha/lab05/install/moveit_resources_prbt_ikfast_manipulator_plugin:/home/tharusha/lab05/install/moveit_planners_chomp:/home/tharusha/lab05/install/moveit_kinematics:/home/tharusha/lab05/install/moveit_chomp_optimizer_adapter:/home/tharusha/lab05/install/chomp_motion_planner:/home/tharusha/lab05/install/moveit_core:/home/tharusha/lab05/install/srdfdom:/home/tharusha/lab05/install/rviz_marker_tools:/home/tharusha/lab05/install/rosparam_shortcuts:/home/tharusha/lab05/install/moveit_task_constructor_msgs:/home/tharusha/lab05/install/moveit_resources_prbt_support:/home/tharusha/lab05/install/moveit_resources:/home/tharusha/lab05/install/moveit_resources_pr2_description:/home/tharusha/lab05/install/moveit_resources_panda_moveit_config:/home/tharusha/lab05/install/moveit_resources_panda_description:/home/tharusha/lab05/install/moveit_resources_fanuc_moveit_config:/home/tharusha/lab05/install/moveit_resources_fanuc_description:/home/tharusha/lab05/install/moveit_common:/home/tharusha/robotics/install/launch_param_builder:/home/tharusha/robotics/install/broadcaster_listener:/home/tharusha/lab05/install/moveit_configs_utils:/home/tharusha/lab05/install/launch_param_builder:/opt/ros/humble LD_LIBRARY_PATH=/home/tharusha/Documents/Robotics/lab08/tiago_public_ws/install/play_motion2_msgs/lib:${LD_LIBRARY_PATH} PYTHONPATH=/home/tharusha/Documents/Robotics/lab08/tiago_public_ws/install/play_motion2_msgs/local/lib/python3.10/dist-packages:/home/tharusha/Documents/Robotics/lab08/tiago_public_ws/build/launch_pal:/home/tharusha/Documents/Robotics/lab08/tiago_public_ws/install/launch_pal/lib/python3.10/site-packages:${PYTHONPATH} /usr/bin/cmake --install /home/tharusha/Documents/Robotics/lab08/tiago_public_ws/build/play_motion2
[42.710s] -- Install configuration: ""
[42.710s] -- Execute custom install script
[42.711s] -- Symlinking: /home/tharusha/Documents/Robotics/lab08/tiago_public_ws/install/play_motion2/share/play_motion2/test/rrbot/rrbot_system.xml
[42.728s] -- Symlinking: /home/tharusha/Documents/Robotics/lab08/tiago_public_ws/install/play_motion2/lib/play_motion2/play_motion2_node_test
[42.745s] -- Symlinking: /home/tharusha/Documents/Robotics/lab08/tiago_public_ws/install/play_motion2/include/play_motion2/motion_loader.hpp
[42.761s] -- Symlinking: /home/tharusha/Documents/Robotics/lab08/tiago_public_ws/install/play_motion2/include/play_motion2/motion_planner.hpp
[42.776s] -- Symlinking: /home/tharusha/Documents/Robotics/lab08/tiago_public_ws/install/play_motion2/include/play_motion2/play_motion2.hpp
[42.792s] -- Symlinking: /home/tharusha/Documents/Robotics/lab08/tiago_public_ws/install/play_motion2/include/play_motion2/types.hpp
[42.809s] -- Symlinking: /home/tharusha/Documents/Robotics/lab08/tiago_public_ws/install/play_motion2/share/play_motion2/environment/library_path.sh
[42.826s] -- Symlinking: /home/tharusha/Documents/Robotics/lab08/tiago_public_ws/install/play_motion2/share/play_motion2/environment/library_path.dsv
[42.841s] -- Symlinking: /home/tharusha/Documents/Robotics/lab08/tiago_public_ws/install/play_motion2/lib/libplay_motion2.so
[42.859s] -- Symlinking: /home/tharusha/Documents/Robotics/lab08/tiago_public_ws/install/play_motion2/lib/librrbot_system.so
[42.875s] -- Symlinking: /home/tharusha/Documents/Robotics/lab08/tiago_public_ws/install/play_motion2/lib/play_motion2/play_motion2_node
[42.891s] -- Symlinking: /home/tharusha/Documents/Robotics/lab08/tiago_public_ws/install/play_motion2/share/play_motion2/config/motion_planner_config.yaml
[42.906s] -- Symlinking: /home/tharusha/Documents/Robotics/lab08/tiago_public_ws/install/play_motion2/share/play_motion2/launch/play_motion2.launch.py
[42.922s] -- Symlinking: /home/tharusha/Documents/Robotics/lab08/tiago_public_ws/install/play_motion2/share/ament_index/resource_index/package_run_dependencies/play_motion2
[42.939s] -- Symlinking: /home/tharusha/Documents/Robotics/lab08/tiago_public_ws/install/play_motion2/share/ament_index/resource_index/parent_prefix_path/play_motion2
[42.956s] -- Symlinking: /home/tharusha/Documents/Robotics/lab08/tiago_public_ws/install/play_motion2/share/play_motion2/environment/ament_prefix_path.sh
[42.972s] -- Symlinking: /home/tharusha/Documents/Robotics/lab08/tiago_public_ws/install/play_motion2/share/play_motion2/environment/ament_prefix_path.dsv
[42.989s] -- Symlinking: /home/tharusha/Documents/Robotics/lab08/tiago_public_ws/install/play_motion2/share/play_motion2/environment/path.sh
[43.006s] -- Symlinking: /home/tharusha/Documents/Robotics/lab08/tiago_public_ws/install/play_motion2/share/play_motion2/environment/path.dsv
[43.022s] -- Symlinking: /home/tharusha/Documents/Robotics/lab08/tiago_public_ws/install/play_motion2/share/play_motion2/local_setup.bash
[43.038s] -- Symlinking: /home/tharusha/Documents/Robotics/lab08/tiago_public_ws/install/play_motion2/share/play_motion2/local_setup.sh
[43.053s] -- Symlinking: /home/tharusha/Documents/Robotics/lab08/tiago_public_ws/install/play_motion2/share/play_motion2/local_setup.zsh
[43.069s] -- Symlinking: /home/tharusha/Documents/Robotics/lab08/tiago_public_ws/install/play_motion2/share/play_motion2/local_setup.dsv
[43.086s] -- Symlinking: /home/tharusha/Documents/Robotics/lab08/tiago_public_ws/install/play_motion2/share/play_motion2/package.dsv
[43.102s] -- Symlinking: /home/tharusha/Documents/Robotics/lab08/tiago_public_ws/install/play_motion2/share/ament_index/resource_index/packages/play_motion2
[43.119s] -- Symlinking: /home/tharusha/Documents/Robotics/lab08/tiago_public_ws/install/play_motion2/share/ament_index/resource_index/hardware_interface__pluginlib__plugin/play_motion2
[43.136s] -- Symlinking: /home/tharusha/Documents/Robotics/lab08/tiago_public_ws/install/play_motion2/share/play_motion2/cmake/ament_cmake_export_dependencies-extras.cmake
[43.152s] -- Symlinking: /home/tharusha/Documents/Robotics/lab08/tiago_public_ws/install/play_motion2/share/play_motion2/cmake/ament_cmake_export_include_directories-extras.cmake
[43.168s] -- Symlinking: /home/tharusha/Documents/Robotics/lab08/tiago_public_ws/install/play_motion2/share/play_motion2/cmake/ament_cmake_export_libraries-extras.cmake
[43.185s] -- Symlinking: /home/tharusha/Documents/Robotics/lab08/tiago_public_ws/install/play_motion2/share/play_motion2/cmake/play_motion2Config.cmake
[43.201s] -- Symlinking: /home/tharusha/Documents/Robotics/lab08/tiago_public_ws/install/play_motion2/share/play_motion2/cmake/play_motion2Config-version.cmake
[43.217s] -- Symlinking: /home/tharusha/Documents/Robotics/lab08/tiago_public_ws/install/play_motion2/share/play_motion2/package.xml
[43.239s] Invoked command in '/home/tharusha/Documents/Robotics/lab08/tiago_public_ws/build/play_motion2' returned '0': AMENT_PREFIX_PATH=/home/tharusha/Documents/Robotics/lab08/tiago_public_ws/install/play_motion2_msgs:/home/tharusha/Documents/Robotics/lab08/tiago_public_ws/install/launch_pal:${AMENT_PREFIX_PATH} CMAKE_PREFIX_PATH=/home/tharusha/Documents/Robotics/lab08/tiago_public_ws/install/play_motion2_msgs:/home/tharusha/lab05/install/pilz_industrial_motion_planner_testutils:/home/tharusha/lab05/install/moveit_runtime:/home/tharusha/lab05/install/moveit2_tutorials:/home/tharusha/lab05/install/moveit:/home/tharusha/lab05/install/moveit_planners:/home/tharusha/lab05/install/pilz_industrial_motion_planner:/home/tharusha/lab05/install/moveit_visual_tools:/home/tharusha/lab05/install/moveit_task_constructor_visualization:/home/tharusha/lab05/install/moveit_task_constructor_demo:/home/tharusha/lab05/install/moveit_task_constructor_capabilities:/home/tharusha/lab05/install/moveit_task_constructor_core:/home/tharusha/lab05/install/moveit_ros_control_interface:/home/tharusha/lab05/install/moveit_plugins:/home/tharusha/lab05/install/moveit_simple_controller_manager:/home/tharusha/lab05/install/moveit_setup_assistant:/home/tharusha/lab05/install/moveit_setup_srdf_plugins:/home/tharusha/lab05/install/moveit_setup_core_plugins:/home/tharusha/lab05/install/moveit_setup_controllers:/home/tharusha/lab05/install/moveit_setup_app_plugins:/home/tharusha/lab05/install/moveit_setup_framework:/home/tharusha/lab05/install/moveit_servo:/home/tharusha/lab05/install/moveit_ros:/home/tharusha/lab05/install/moveit_ros_visualization:/home/tharusha/lab05/install/moveit_hybrid_planning:/home/tharusha/lab05/install/moveit_ros_planning_interface:/home/tharusha/lab05/install/moveit_ros_benchmarks:/home/tharusha/lab05/install/moveit_ros_warehouse:/home/tharusha/lab05/install/moveit_ros_robot_interaction:/home/tharusha/lab05/install/moveit_ros_perception:/home/tharusha/lab05/install/moveit_resources_prbt_pg70_support:/home/tharusha/lab05/install/moveit_resources_prbt_moveit_config:/home/tharusha/lab05/install/moveit_ros_move_group:/home/tharusha/lab05/install/moveit_planners_ompl:/home/tharusha/lab05/install/moveit_ros_planning:/home/tharusha/lab05/install/moveit_ros_occupancy_map_monitor:/home/tharusha/lab05/install/moveit_resources_prbt_ikfast_manipulator_plugin:/home/tharusha/lab05/install/moveit_planners_chomp:/home/tharusha/lab05/install/moveit_kinematics:/home/tharusha/lab05/install/moveit_chomp_optimizer_adapter:/home/tharusha/lab05/install/chomp_motion_planner:/home/tharusha/lab05/install/moveit_core:/home/tharusha/lab05/install/srdfdom:/home/tharusha/lab05/install/rviz_marker_tools:/home/tharusha/lab05/install/rosparam_shortcuts:/home/tharusha/lab05/install/moveit_task_constructor_msgs:/home/tharusha/lab05/install/moveit_resources_prbt_support:/home/tharusha/lab05/install/moveit_resources:/home/tharusha/lab05/install/moveit_resources_pr2_description:/home/tharusha/lab05/install/moveit_resources_panda_moveit_config:/home/tharusha/lab05/install/moveit_resources_panda_description:/home/tharusha/lab05/install/moveit_resources_fanuc_moveit_config:/home/tharusha/lab05/install/moveit_resources_fanuc_description:/home/tharusha/lab05/install/moveit_common:/home/tharusha/robotics/install/launch_param_builder:/home/tharusha/robotics/install/broadcaster_listener:/home/tharusha/lab05/install/moveit_configs_utils:/home/tharusha/lab05/install/launch_param_builder:/opt/ros/humble LD_LIBRARY_PATH=/home/tharusha/Documents/Robotics/lab08/tiago_public_ws/install/play_motion2_msgs/lib:${LD_LIBRARY_PATH} PYTHONPATH=/home/tharusha/Documents/Robotics/lab08/tiago_public_ws/install/play_motion2_msgs/local/lib/python3.10/dist-packages:/home/tharusha/Documents/Robotics/lab08/tiago_public_ws/build/launch_pal:/home/tharusha/Documents/Robotics/lab08/tiago_public_ws/install/launch_pal/lib/python3.10/site-packages:${PYTHONPATH} /usr/bin/cmake --install /home/tharusha/Documents/Robotics/lab08/tiago_public_ws/build/play_motion2
