[0.967s] Invoking command in '/home/tharusha/Documents/Robotics/lab08/tiago_public_ws/build/pal_urdf_utils': CMAKE_PREFIX_PATH=${CMAKE_PREFIX_PATH}:/home/tharusha/robotics/install/launch_param_builder:/home/tharusha/robotics/install/broadcaster_listener:/home/tharusha/lab05/install/moveit_configs_utils:/home/tharusha/lab05/install/launch_param_builder:/opt/ros/humble /usr/bin/cmake /home/tharusha/Documents/Robotics/lab08/tiago_public_ws/src/pal_urdf_utils -DAMENT_CMAKE_SYMLINK_INSTALL=1 -DCMAKE_INSTALL_PREFIX=/home/tharusha/Documents/Robotics/lab08/tiago_public_ws/install/pal_urdf_utils
[1.365s] -- The C compiler identification is GNU 11.4.0
[1.653s] -- The CXX compiler identification is GNU 11.4.0
[1.685s] -- Detecting C compiler ABI info
[2.081s] -- Detecting C compiler ABI info - done
[2.111s] -- Check for working C compiler: /usr/bin/cc - skipped
[2.113s] -- Detecting C compile features
[2.115s] -- Detecting C compile features - done
[2.127s] -- Detecting CXX compiler ABI info
[2.545s] -- Detecting CXX compiler ABI info - done
[2.567s] -- Check for working CXX compiler: /usr/bin/c++ - skipped
[2.568s] -- Detecting CXX compile features
[2.570s] -- Detecting CXX compile features - done
[2.604s] -- Found ament_cmake_auto: 1.3.8 (/opt/ros/humble/share/ament_cmake_auto/cmake)
[3.334s] -- Found Python3: /usr/bin/python3 (found version "3.10.12") found components: Interpreter 
[3.601s] -- Override CMake install command with custom implementation using symlinks instead of copying resources
[4.380s] -- Found ament_lint_auto: 0.12.10 (/opt/ros/humble/share/ament_lint_auto/cmake)
[4.704s] -- Added test 'copyright' to check source files copyright and LICENSE
[4.739s] -- Added test 'lint_cmake' to check CMake code style
[4.763s] -- Added test 'xmllint' to check XML markup files
[4.769s] -- Configuring done
[4.803s] -- Generating done
[4.805s] -- Build files have been written to: /home/tharusha/Documents/Robotics/lab08/tiago_public_ws/build/pal_urdf_utils
[4.899s] Invoked command in '/home/tharusha/Documents/Robotics/lab08/tiago_public_ws/build/pal_urdf_utils' returned '0': CMAKE_PREFIX_PATH=${CMAKE_PREFIX_PATH}:/home/tharusha/robotics/install/launch_param_builder:/home/tharusha/robotics/install/broadcaster_listener:/home/tharusha/lab05/install/moveit_configs_utils:/home/tharusha/lab05/install/launch_param_builder:/opt/ros/humble /usr/bin/cmake /home/tharusha/Documents/Robotics/lab08/tiago_public_ws/src/pal_urdf_utils -DAMENT_CMAKE_SYMLINK_INSTALL=1 -DCMAKE_INSTALL_PREFIX=/home/tharusha/Documents/Robotics/lab08/tiago_public_ws/install/pal_urdf_utils
[4.908s] Invoking command in '/home/tharusha/Documents/Robotics/lab08/tiago_public_ws/build/pal_urdf_utils': CMAKE_PREFIX_PATH=${CMAKE_PREFIX_PATH}:/home/tharusha/robotics/install/launch_param_builder:/home/tharusha/robotics/install/broadcaster_listener:/home/tharusha/lab05/install/moveit_configs_utils:/home/tharusha/lab05/install/launch_param_builder:/opt/ros/humble /usr/bin/cmake --build /home/tharusha/Documents/Robotics/lab08/tiago_public_ws/build/pal_urdf_utils -- -j12 -l12
[5.143s] Invoked command in '/home/tharusha/Documents/Robotics/lab08/tiago_public_ws/build/pal_urdf_utils' returned '0': CMAKE_PREFIX_PATH=${CMAKE_PREFIX_PATH}:/home/tharusha/robotics/install/launch_param_builder:/home/tharusha/robotics/install/broadcaster_listener:/home/tharusha/lab05/install/moveit_configs_utils:/home/tharusha/lab05/install/launch_param_builder:/opt/ros/humble /usr/bin/cmake --build /home/tharusha/Documents/Robotics/lab08/tiago_public_ws/build/pal_urdf_utils -- -j12 -l12
[5.324s] Invoking command in '/home/tharusha/Documents/Robotics/lab08/tiago_public_ws/build/pal_urdf_utils': CMAKE_PREFIX_PATH=${CMAKE_PREFIX_PATH}:/home/tharusha/robotics/install/launch_param_builder:/home/tharusha/robotics/install/broadcaster_listener:/home/tharusha/lab05/install/moveit_configs_utils:/home/tharusha/lab05/install/launch_param_builder:/opt/ros/humble /usr/bin/cmake --install /home/tharusha/Documents/Robotics/lab08/tiago_public_ws/build/pal_urdf_utils
[6.251s] -- Install configuration: ""
[6.252s] -- Execute custom install script
[6.253s] -- Symlinking: /home/tharusha/Documents/Robotics/lab08/tiago_public_ws/install/pal_urdf_utils/share/pal_urdf_utils/urdf/deg_to_rad.urdf.xacro
[6.253s] -- Symlinking: /home/tharusha/Documents/Robotics/lab08/tiago_public_ws/install/pal_urdf_utils/share/pal_urdf_utils/urdf/materials.urdf.xacro
[6.254s] -- Symlinking: /home/tharusha/Documents/Robotics/lab08/tiago_public_ws/install/pal_urdf_utils/share/pal_urdf_utils/urdf/pi.urdf.xacro
[6.254s] -- Symlinking: /home/tharusha/Documents/Robotics/lab08/tiago_public_ws/install/pal_urdf_utils/share/ament_index/resource_index/package_run_dependencies/pal_urdf_utils
[6.254s] -- Symlinking: /home/tharusha/Documents/Robotics/lab08/tiago_public_ws/install/pal_urdf_utils/share/ament_index/resource_index/parent_prefix_path/pal_urdf_utils
[6.257s] -- Symlinking: /home/tharusha/Documents/Robotics/lab08/tiago_public_ws/install/pal_urdf_utils/share/pal_urdf_utils/environment/ament_prefix_path.sh
[6.258s] -- Symlinking: /home/tharusha/Documents/Robotics/lab08/tiago_public_ws/install/pal_urdf_utils/share/pal_urdf_utils/environment/ament_prefix_path.dsv
[6.259s] -- Symlinking: /home/tharusha/Documents/Robotics/lab08/tiago_public_ws/install/pal_urdf_utils/share/pal_urdf_utils/environment/path.sh
[6.259s] -- Symlinking: /home/tharusha/Documents/Robotics/lab08/tiago_public_ws/install/pal_urdf_utils/share/pal_urdf_utils/environment/path.dsv
[6.259s] -- Symlinking: /home/tharusha/Documents/Robotics/lab08/tiago_public_ws/install/pal_urdf_utils/share/pal_urdf_utils/local_setup.bash
[6.260s] -- Symlinking: /home/tharusha/Documents/Robotics/lab08/tiago_public_ws/install/pal_urdf_utils/share/pal_urdf_utils/local_setup.sh
[6.260s] -- Symlinking: /home/tharusha/Documents/Robotics/lab08/tiago_public_ws/install/pal_urdf_utils/share/pal_urdf_utils/local_setup.zsh
[6.260s] -- Symlinking: /home/tharusha/Documents/Robotics/lab08/tiago_public_ws/install/pal_urdf_utils/share/pal_urdf_utils/local_setup.dsv
[6.261s] -- Symlinking: /home/tharusha/Documents/Robotics/lab08/tiago_public_ws/install/pal_urdf_utils/share/pal_urdf_utils/package.dsv
[6.266s] -- Symlinking: /home/tharusha/Documents/Robotics/lab08/tiago_public_ws/install/pal_urdf_utils/share/ament_index/resource_index/packages/pal_urdf_utils
[6.267s] -- Symlinking: /home/tharusha/Documents/Robotics/lab08/tiago_public_ws/install/pal_urdf_utils/share/pal_urdf_utils/cmake/pal_urdf_utilsConfig.cmake
[6.267s] -- Symlinking: /home/tharusha/Documents/Robotics/lab08/tiago_public_ws/install/pal_urdf_utils/share/pal_urdf_utils/cmake/pal_urdf_utilsConfig-version.cmake
[6.270s] -- Symlinking: /home/tharusha/Documents/Robotics/lab08/tiago_public_ws/install/pal_urdf_utils/share/pal_urdf_utils/package.xml
[6.312s] Invoked command in '/home/tharusha/Documents/Robotics/lab08/tiago_public_ws/build/pal_urdf_utils' returned '0': CMAKE_PREFIX_PATH=${CMAKE_PREFIX_PATH}:/home/tharusha/robotics/install/launch_param_builder:/home/tharusha/robotics/install/broadcaster_listener:/home/tharusha/lab05/install/moveit_configs_utils:/home/tharusha/lab05/install/launch_param_builder:/opt/ros/humble /usr/bin/cmake --install /home/tharusha/Documents/Robotics/lab08/tiago_public_ws/build/pal_urdf_utils
